-- The C compiler identification is GNU 11.4.0
-- The CXX compiler identification is GNU 11.4.0
-- Detecting C compiler ABI info
-- Detecting C compiler ABI info - done
-- Check for working C compiler: /usr/bin/cc - skipped
-- Detecting C compile features
-- Detecting C compile features - done
-- Detecting CXX compiler ABI info
-- Detecting CXX compiler ABI info - done
-- Check for working CXX compiler: /usr/bin/c++ - skipped
-- Detecting CXX compile features
-- Detecting CXX compile features - done
-- Found ament_cmake: 1.3.9 (/opt/ros/humble/share/ament_cmake/cmake)
-- Found Python3: /usr/bin/python3 (found version "3.10.12") found components: Interpreter 
-- Found rclcpp: 16.0.9 (/opt/ros/humble/share/rclcpp/cmake)
-- Found rosidl_generator_c: 3.1.5 (/opt/ros/humble/share/rosidl_generator_c/cmake)
-- Found rosidl_adapter: 3.1.5 (/opt/ros/humble/share/rosidl_adapter/cmake)
-- Found rosidl_generator_cpp: 3.1.5 (/opt/ros/humble/share/rosidl_generator_cpp/cmake)
-- Using all available rosidl_typesupport_c: rosidl_typesupport_microxrcedds_c;rosidl_typesupport_fastrtps_c;rosidl_typesupport_introspection_c
-- Using all available rosidl_typesupport_cpp: rosidl_typesupport_microxrcedds_cpp;rosidl_typesupport_fastrtps_cpp;rosidl_typesupport_introspection_cpp
-- Found rmw_implementation_cmake: 6.1.2 (/opt/ros/humble/share/rmw_implementation_cmake/cmake)
-- Found rmw_fastrtps_cpp: 6.2.6 (/opt/ros/humble/share/rmw_fastrtps_cpp/cmake)
-- Found OpenSSL: /usr/lib/x86_64-linux-gnu/libcrypto.so (found version "3.0.2")  
-- Found FastRTPS: /opt/ros/humble/include  
-- Using RMW implementation 'rmw_fastrtps_cpp' as default
-- Looking for pthread.h
-- Looking for pthread.h - found
-- Performing Test CMAKE_HAVE_LIBC_PTHREAD
-- Performing Test CMAKE_HAVE_LIBC_PTHREAD - Success
-- Found Threads: TRUE  
-- Found example_interfaces: 0.9.3 (/home/pboon09/microros_ws/install/example_interfaces/share/example_interfaces/cmake)
-- Configuring done
-- Generating done
-- Build files have been written to: /home/pboon09/ros2_ws/build/try_topic_cpp
[ 50%] [32mBuilding CXX object CMakeFiles/robot_news_station.dir/src/robot_news_station.cpp.o[0m
[ 50%] [32mBuilding CXX object CMakeFiles/smartphone.dir/src/smartphone.cpp.o[0m
[ 75%] [32m[1mLinking CXX executable robot_news_station[0m
[ 75%] Built target robot_news_station
[100%] [32m[1mLinking CXX executable smartphone[0m
[100%] Built target smartphone
-- Install configuration: ""
-- Installing: /home/pboon09/ros2_ws/install/try_topic_cpp/lib/try_topic_cpp/robot_news_station
-- Set runtime path of "/home/pboon09/ros2_ws/install/try_topic_cpp/lib/try_topic_cpp/robot_news_station" to ""
-- Installing: /home/pboon09/ros2_ws/install/try_topic_cpp/lib/try_topic_cpp/smartphone
-- Set runtime path of "/home/pboon09/ros2_ws/install/try_topic_cpp/lib/try_topic_cpp/smartphone" to ""
-- Installing: /home/pboon09/ros2_ws/install/try_topic_cpp/share/ament_index/resource_index/package_run_dependencies/try_topic_cpp
-- Installing: /home/pboon09/ros2_ws/install/try_topic_cpp/share/ament_index/resource_index/parent_prefix_path/try_topic_cpp
-- Installing: /home/pboon09/ros2_ws/install/try_topic_cpp/share/try_topic_cpp/environment/ament_prefix_path.sh
-- Installing: /home/pboon09/ros2_ws/install/try_topic_cpp/share/try_topic_cpp/environment/ament_prefix_path.dsv
-- Installing: /home/pboon09/ros2_ws/install/try_topic_cpp/share/try_topic_cpp/environment/path.sh
-- Installing: /home/pboon09/ros2_ws/install/try_topic_cpp/share/try_topic_cpp/environment/path.dsv
-- Installing: /home/pboon09/ros2_ws/install/try_topic_cpp/share/try_topic_cpp/local_setup.bash
-- Installing: /home/pboon09/ros2_ws/install/try_topic_cpp/share/try_topic_cpp/local_setup.sh
-- Installing: /home/pboon09/ros2_ws/install/try_topic_cpp/share/try_topic_cpp/local_setup.zsh
-- Installing: /home/pboon09/ros2_ws/install/try_topic_cpp/share/try_topic_cpp/local_setup.dsv
-- Installing: /home/pboon09/ros2_ws/install/try_topic_cpp/share/try_topic_cpp/package.dsv
-- Installing: /home/pboon09/ros2_ws/install/try_topic_cpp/share/ament_index/resource_index/packages/try_topic_cpp
-- Installing: /home/pboon09/ros2_ws/install/try_topic_cpp/share/try_topic_cpp/cmake/try_topic_cppConfig.cmake
-- Installing: /home/pboon09/ros2_ws/install/try_topic_cpp/share/try_topic_cpp/cmake/try_topic_cppConfig-version.cmake
-- Installing: /home/pboon09/ros2_ws/install/try_topic_cpp/share/try_topic_cpp/package.xml
