[0.103s] DEBUG:colcon:Command line arguments: ['/usr/bin/colcon', 'build']
[0.103s] DEBUG:colcon:Parsed command line arguments: Namespace(log_base=None, log_level=None, verb_name='build', build_base='build', install_base='install', merge_install=False, symlink_install=False, test_result_base=None, continue_on_error=False, executor='parallel', parallel_workers=12, event_handlers=None, ignore_user_meta=False, metas=['./colcon.meta'], base_paths=['.'], packages_ignore=None, packages_ignore_regex=None, paths=None, packages_up_to=None, packages_up_to_regex=None, packages_above=None, packages_above_and_dependencies=None, packages_above_depth=None, packages_select_by_dep=None, packages_skip_by_dep=None, packages_skip_up_to=None, packages_select_build_failed=False, packages_skip_build_finished=False, packages_select_test_failures=False, packages_skip_test_passed=False, packages_select=None, packages_skip=None, packages_select_regex=None, packages_skip_regex=None, packages_start=None, packages_end=None, allow_overriding=[], cmake_args=None, cmake_target=None, cmake_target_skip_unavailable=False, cmake_clean_cache=False, cmake_clean_first=False, cmake_force_configure=False, ament_cmake_args=None, catkin_cmake_args=None, catkin_skip_building_tests=False, mixin_files=None, mixin=None, verb_parser=<colcon_mixin.mixin.mixin_argument.MixinArgumentDecorator object at 0x7af584bbc970>, verb_extension=<colcon_core.verb.build.BuildVerb object at 0x7af584bbc4f0>, main=<bound method BuildVerb.main of <colcon_core.verb.build.BuildVerb object at 0x7af584bbc4f0>>, mixin_verb=('build',))
[0.283s] Level 1:colcon.colcon_core.package_discovery:discover_packages(colcon_meta) check parameters
[0.283s] Level 1:colcon.colcon_core.package_discovery:discover_packages(recursive) check parameters
[0.283s] Level 1:colcon.colcon_core.package_discovery:discover_packages(ignore) check parameters
[0.283s] Level 1:colcon.colcon_core.package_discovery:discover_packages(path) check parameters
[0.283s] Level 1:colcon.colcon_core.package_discovery:discover_packages(colcon_meta) discover
[0.283s] Level 1:colcon.colcon_core.package_discovery:discover_packages(recursive) discover
[0.284s] INFO:colcon.colcon_core.package_discovery:Crawling recursively for packages in '/home/pboon09/ros2_ws'
[0.284s] Level 1:colcon.colcon_core.package_identification:_identify(.) by extensions ['ignore', 'ignore_ament_install']
[0.284s] Level 1:colcon.colcon_core.package_identification:_identify(.) by extension 'ignore'
[0.284s] Level 1:colcon.colcon_core.package_identification:_identify(.) by extension 'ignore_ament_install'
[0.284s] Level 1:colcon.colcon_core.package_identification:_identify(.) by extensions ['colcon_pkg']
[0.284s] Level 1:colcon.colcon_core.package_identification:_identify(.) by extension 'colcon_pkg'
[0.284s] Level 1:colcon.colcon_core.package_identification:_identify(.) by extensions ['colcon_meta']
[0.284s] Level 1:colcon.colcon_core.package_identification:_identify(.) by extension 'colcon_meta'
[0.284s] Level 1:colcon.colcon_core.package_identification:_identify(.) by extensions ['ros']
[0.284s] Level 1:colcon.colcon_core.package_identification:_identify(.) by extension 'ros'
[0.293s] Level 1:colcon.colcon_core.package_identification:_identify(.) by extensions ['cmake', 'python']
[0.293s] Level 1:colcon.colcon_core.package_identification:_identify(.) by extension 'cmake'
[0.293s] Level 1:colcon.colcon_core.package_identification:_identify(.) by extension 'python'
[0.293s] Level 1:colcon.colcon_core.package_identification:_identify(.) by extensions ['python_setup_py']
[0.294s] Level 1:colcon.colcon_core.package_identification:_identify(.) by extension 'python_setup_py'
[0.294s] Level 1:colcon.colcon_core.package_identification:_identify(build) by extensions ['ignore', 'ignore_ament_install']
[0.294s] Level 1:colcon.colcon_core.package_identification:_identify(build) by extension 'ignore'
[0.294s] Level 1:colcon.colcon_core.package_identification:_identify(build) ignored
[0.294s] Level 1:colcon.colcon_core.package_identification:_identify(install) by extensions ['ignore', 'ignore_ament_install']
[0.294s] Level 1:colcon.colcon_core.package_identification:_identify(install) by extension 'ignore'
[0.294s] Level 1:colcon.colcon_core.package_identification:_identify(install) ignored
[0.294s] Level 1:colcon.colcon_core.package_identification:_identify(log) by extensions ['ignore', 'ignore_ament_install']
[0.294s] Level 1:colcon.colcon_core.package_identification:_identify(log) by extension 'ignore'
[0.294s] Level 1:colcon.colcon_core.package_identification:_identify(log) ignored
[0.294s] Level 1:colcon.colcon_core.package_identification:_identify(src) by extensions ['ignore', 'ignore_ament_install']
[0.294s] Level 1:colcon.colcon_core.package_identification:_identify(src) by extension 'ignore'
[0.294s] Level 1:colcon.colcon_core.package_identification:_identify(src) by extension 'ignore_ament_install'
[0.294s] Level 1:colcon.colcon_core.package_identification:_identify(src) by extensions ['colcon_pkg']
[0.294s] Level 1:colcon.colcon_core.package_identification:_identify(src) by extension 'colcon_pkg'
[0.294s] Level 1:colcon.colcon_core.package_identification:_identify(src) by extensions ['colcon_meta']
[0.294s] Level 1:colcon.colcon_core.package_identification:_identify(src) by extension 'colcon_meta'
[0.294s] Level 1:colcon.colcon_core.package_identification:_identify(src) by extensions ['ros']
[0.295s] Level 1:colcon.colcon_core.package_identification:_identify(src) by extension 'ros'
[0.295s] Level 1:colcon.colcon_core.package_identification:_identify(src) by extensions ['cmake', 'python']
[0.295s] Level 1:colcon.colcon_core.package_identification:_identify(src) by extension 'cmake'
[0.295s] Level 1:colcon.colcon_core.package_identification:_identify(src) by extension 'python'
[0.295s] Level 1:colcon.colcon_core.package_identification:_identify(src) by extensions ['python_setup_py']
[0.295s] Level 1:colcon.colcon_core.package_identification:_identify(src) by extension 'python_setup_py'
[0.295s] Level 1:colcon.colcon_core.package_identification:_identify(src/activity_service) by extensions ['ignore', 'ignore_ament_install']
[0.295s] Level 1:colcon.colcon_core.package_identification:_identify(src/activity_service) by extension 'ignore'
[0.295s] Level 1:colcon.colcon_core.package_identification:_identify(src/activity_service) by extension 'ignore_ament_install'
[0.295s] Level 1:colcon.colcon_core.package_identification:_identify(src/activity_service) by extensions ['colcon_pkg']
[0.295s] Level 1:colcon.colcon_core.package_identification:_identify(src/activity_service) by extension 'colcon_pkg'
[0.295s] Level 1:colcon.colcon_core.package_identification:_identify(src/activity_service) by extensions ['colcon_meta']
[0.295s] Level 1:colcon.colcon_core.package_identification:_identify(src/activity_service) by extension 'colcon_meta'
[0.295s] Level 1:colcon.colcon_core.package_identification:_identify(src/activity_service) by extensions ['ros']
[0.295s] Level 1:colcon.colcon_core.package_identification:_identify(src/activity_service) by extension 'ros'
[0.298s] DEBUG:colcon.colcon_core.package_identification:Package 'src/activity_service' with type 'ros.ament_python' and name 'activity_service'
[0.298s] Level 1:colcon.colcon_core.package_identification:_identify(src/activity_topic_node) by extensions ['ignore', 'ignore_ament_install']
[0.298s] Level 1:colcon.colcon_core.package_identification:_identify(src/activity_topic_node) by extension 'ignore'
[0.298s] Level 1:colcon.colcon_core.package_identification:_identify(src/activity_topic_node) by extension 'ignore_ament_install'
[0.298s] Level 1:colcon.colcon_core.package_identification:_identify(src/activity_topic_node) by extensions ['colcon_pkg']
[0.298s] Level 1:colcon.colcon_core.package_identification:_identify(src/activity_topic_node) by extension 'colcon_pkg'
[0.298s] Level 1:colcon.colcon_core.package_identification:_identify(src/activity_topic_node) by extensions ['colcon_meta']
[0.298s] Level 1:colcon.colcon_core.package_identification:_identify(src/activity_topic_node) by extension 'colcon_meta'
[0.298s] Level 1:colcon.colcon_core.package_identification:_identify(src/activity_topic_node) by extensions ['ros']
[0.298s] Level 1:colcon.colcon_core.package_identification:_identify(src/activity_topic_node) by extension 'ros'
[0.299s] DEBUG:colcon.colcon_core.package_identification:Package 'src/activity_topic_node' with type 'ros.ament_python' and name 'activity_topic_node'
[0.299s] Level 1:colcon.colcon_core.package_identification:_identify(src/my_cpp_pkg) by extensions ['ignore', 'ignore_ament_install']
[0.299s] Level 1:colcon.colcon_core.package_identification:_identify(src/my_cpp_pkg) by extension 'ignore'
[0.299s] Level 1:colcon.colcon_core.package_identification:_identify(src/my_cpp_pkg) by extension 'ignore_ament_install'
[0.299s] Level 1:colcon.colcon_core.package_identification:_identify(src/my_cpp_pkg) by extensions ['colcon_pkg']
[0.299s] Level 1:colcon.colcon_core.package_identification:_identify(src/my_cpp_pkg) by extension 'colcon_pkg'
[0.299s] Level 1:colcon.colcon_core.package_identification:_identify(src/my_cpp_pkg) by extensions ['colcon_meta']
[0.299s] Level 1:colcon.colcon_core.package_identification:_identify(src/my_cpp_pkg) by extension 'colcon_meta'
[0.299s] Level 1:colcon.colcon_core.package_identification:_identify(src/my_cpp_pkg) by extensions ['ros']
[0.299s] Level 1:colcon.colcon_core.package_identification:_identify(src/my_cpp_pkg) by extension 'ros'
[0.300s] DEBUG:colcon.colcon_core.package_identification:Package 'src/my_cpp_pkg' with type 'ros.ament_cmake' and name 'my_cpp_pkg'
[0.300s] Level 1:colcon.colcon_core.package_identification:_identify(src/my_py_pkg) by extensions ['ignore', 'ignore_ament_install']
[0.300s] Level 1:colcon.colcon_core.package_identification:_identify(src/my_py_pkg) by extension 'ignore'
[0.300s] Level 1:colcon.colcon_core.package_identification:_identify(src/my_py_pkg) by extension 'ignore_ament_install'
[0.300s] Level 1:colcon.colcon_core.package_identification:_identify(src/my_py_pkg) by extensions ['colcon_pkg']
[0.300s] Level 1:colcon.colcon_core.package_identification:_identify(src/my_py_pkg) by extension 'colcon_pkg'
[0.300s] Level 1:colcon.colcon_core.package_identification:_identify(src/my_py_pkg) by extensions ['colcon_meta']
[0.300s] Level 1:colcon.colcon_core.package_identification:_identify(src/my_py_pkg) by extension 'colcon_meta'
[0.300s] Level 1:colcon.colcon_core.package_identification:_identify(src/my_py_pkg) by extensions ['ros']
[0.300s] Level 1:colcon.colcon_core.package_identification:_identify(src/my_py_pkg) by extension 'ros'
[0.301s] DEBUG:colcon.colcon_core.package_identification:Package 'src/my_py_pkg' with type 'ros.ament_python' and name 'my_py_pkg'
[0.302s] Level 1:colcon.colcon_core.package_identification:_identify(src/service_cpp) by extensions ['ignore', 'ignore_ament_install']
[0.302s] Level 1:colcon.colcon_core.package_identification:_identify(src/service_cpp) by extension 'ignore'
[0.302s] Level 1:colcon.colcon_core.package_identification:_identify(src/service_cpp) by extension 'ignore_ament_install'
[0.302s] Level 1:colcon.colcon_core.package_identification:_identify(src/service_cpp) by extensions ['colcon_pkg']
[0.302s] Level 1:colcon.colcon_core.package_identification:_identify(src/service_cpp) by extension 'colcon_pkg'
[0.302s] Level 1:colcon.colcon_core.package_identification:_identify(src/service_cpp) by extensions ['colcon_meta']
[0.302s] Level 1:colcon.colcon_core.package_identification:_identify(src/service_cpp) by extension 'colcon_meta'
[0.302s] Level 1:colcon.colcon_core.package_identification:_identify(src/service_cpp) by extensions ['ros']
[0.302s] Level 1:colcon.colcon_core.package_identification:_identify(src/service_cpp) by extension 'ros'
[0.302s] DEBUG:colcon.colcon_core.package_identification:Package 'src/service_cpp' with type 'ros.ament_cmake' and name 'service_cpp'
[0.302s] Level 1:colcon.colcon_core.package_identification:_identify(src/service_py) by extensions ['ignore', 'ignore_ament_install']
[0.302s] Level 1:colcon.colcon_core.package_identification:_identify(src/service_py) by extension 'ignore'
[0.303s] Level 1:colcon.colcon_core.package_identification:_identify(src/service_py) by extension 'ignore_ament_install'
[0.303s] Level 1:colcon.colcon_core.package_identification:_identify(src/service_py) by extensions ['colcon_pkg']
[0.303s] Level 1:colcon.colcon_core.package_identification:_identify(src/service_py) by extension 'colcon_pkg'
[0.303s] Level 1:colcon.colcon_core.package_identification:_identify(src/service_py) by extensions ['colcon_meta']
[0.303s] Level 1:colcon.colcon_core.package_identification:_identify(src/service_py) by extension 'colcon_meta'
[0.303s] Level 1:colcon.colcon_core.package_identification:_identify(src/service_py) by extensions ['ros']
[0.303s] Level 1:colcon.colcon_core.package_identification:_identify(src/service_py) by extension 'ros'
[0.303s] DEBUG:colcon.colcon_core.package_identification:Package 'src/service_py' with type 'ros.ament_python' and name 'service_py'
[0.303s] Level 1:colcon.colcon_core.package_identification:_identify(src/try_topic_cpp) by extensions ['ignore', 'ignore_ament_install']
[0.303s] Level 1:colcon.colcon_core.package_identification:_identify(src/try_topic_cpp) by extension 'ignore'
[0.303s] Level 1:colcon.colcon_core.package_identification:_identify(src/try_topic_cpp) by extension 'ignore_ament_install'
[0.303s] Level 1:colcon.colcon_core.package_identification:_identify(src/try_topic_cpp) by extensions ['colcon_pkg']
[0.303s] Level 1:colcon.colcon_core.package_identification:_identify(src/try_topic_cpp) by extension 'colcon_pkg'
[0.303s] Level 1:colcon.colcon_core.package_identification:_identify(src/try_topic_cpp) by extensions ['colcon_meta']
[0.303s] Level 1:colcon.colcon_core.package_identification:_identify(src/try_topic_cpp) by extension 'colcon_meta'
[0.303s] Level 1:colcon.colcon_core.package_identification:_identify(src/try_topic_cpp) by extensions ['ros']
[0.304s] Level 1:colcon.colcon_core.package_identification:_identify(src/try_topic_cpp) by extension 'ros'
[0.304s] DEBUG:colcon.colcon_core.package_identification:Package 'src/try_topic_cpp' with type 'ros.ament_cmake' and name 'try_topic_cpp'
[0.304s] Level 1:colcon.colcon_core.package_identification:_identify(src/try_topic_py) by extensions ['ignore', 'ignore_ament_install']
[0.304s] Level 1:colcon.colcon_core.package_identification:_identify(src/try_topic_py) by extension 'ignore'
[0.304s] Level 1:colcon.colcon_core.package_identification:_identify(src/try_topic_py) by extension 'ignore_ament_install'
[0.304s] Level 1:colcon.colcon_core.package_identification:_identify(src/try_topic_py) by extensions ['colcon_pkg']
[0.304s] Level 1:colcon.colcon_core.package_identification:_identify(src/try_topic_py) by extension 'colcon_pkg'
[0.304s] Level 1:colcon.colcon_core.package_identification:_identify(src/try_topic_py) by extensions ['colcon_meta']
[0.304s] Level 1:colcon.colcon_core.package_identification:_identify(src/try_topic_py) by extension 'colcon_meta'
[0.304s] Level 1:colcon.colcon_core.package_identification:_identify(src/try_topic_py) by extensions ['ros']
[0.304s] Level 1:colcon.colcon_core.package_identification:_identify(src/try_topic_py) by extension 'ros'
[0.305s] DEBUG:colcon.colcon_core.package_identification:Package 'src/try_topic_py' with type 'ros.ament_python' and name 'try_topic_py'
[0.305s] Level 1:colcon.colcon_core.package_discovery:discover_packages(recursive) using defaults
[0.305s] Level 1:colcon.colcon_core.package_discovery:discover_packages(ignore) discover
[0.305s] Level 1:colcon.colcon_core.package_discovery:discover_packages(ignore) using defaults
[0.305s] Level 1:colcon.colcon_core.package_discovery:discover_packages(path) discover
[0.305s] Level 1:colcon.colcon_core.package_discovery:discover_packages(path) using defaults
[0.339s] Level 1:colcon.colcon_core.package_discovery:discover_packages(prefix_path) check parameters
[0.339s] Level 1:colcon.colcon_core.package_discovery:discover_packages(prefix_path) discover
[0.340s] WARNING:colcon.colcon_ros.prefix_path.ament:The path '/home/pboon09/ros2_ws/install/TryTopic' in the environment variable AMENT_PREFIX_PATH doesn't exist
[0.344s] DEBUG:colcon.colcon_installed_package_information.package_discovery:Found 39 installed packages in /home/pboon09/microros_ws/install
[0.344s] DEBUG:colcon.colcon_installed_package_information.package_discovery:Found 7 installed packages in /home/pboon09/ros2_ws/install
[0.346s] DEBUG:colcon.colcon_installed_package_information.package_discovery:Found 271 installed packages in /opt/ros/humble
[0.348s] Level 1:colcon.colcon_core.package_discovery:discover_packages(prefix_path) using defaults
[0.387s] Level 5:colcon.colcon_core.verb:set package 'activity_service' build argument 'cmake_args' from command line to 'None'
[0.387s] Level 5:colcon.colcon_core.verb:set package 'activity_service' build argument 'cmake_target' from command line to 'None'
[0.387s] Level 5:colcon.colcon_core.verb:set package 'activity_service' build argument 'cmake_target_skip_unavailable' from command line to 'False'
[0.387s] Level 5:colcon.colcon_core.verb:set package 'activity_service' build argument 'cmake_clean_cache' from command line to 'False'
[0.387s] Level 5:colcon.colcon_core.verb:set package 'activity_service' build argument 'cmake_clean_first' from command line to 'False'
[0.387s] Level 5:colcon.colcon_core.verb:set package 'activity_service' build argument 'cmake_force_configure' from command line to 'False'
[0.387s] Level 5:colcon.colcon_core.verb:set package 'activity_service' build argument 'ament_cmake_args' from command line to 'None'
[0.387s] Level 5:colcon.colcon_core.verb:set package 'activity_service' build argument 'catkin_cmake_args' from command line to 'None'
[0.387s] Level 5:colcon.colcon_core.verb:set package 'activity_service' build argument 'catkin_skip_building_tests' from command line to 'False'
[0.387s] DEBUG:colcon.colcon_core.verb:Building package 'activity_service' with the following arguments: {'ament_cmake_args': None, 'build_base': '/home/pboon09/ros2_ws/build/activity_service', 'catkin_cmake_args': None, 'catkin_skip_building_tests': False, 'cmake_args': None, 'cmake_clean_cache': False, 'cmake_clean_first': False, 'cmake_force_configure': False, 'cmake_target': None, 'cmake_target_skip_unavailable': False, 'install_base': '/home/pboon09/ros2_ws/install/activity_service', 'merge_install': False, 'path': '/home/pboon09/ros2_ws/src/activity_service', 'symlink_install': False, 'test_result_base': None}
[0.388s] Level 5:colcon.colcon_core.verb:set package 'activity_topic_node' build argument 'cmake_args' from command line to 'None'
[0.388s] Level 5:colcon.colcon_core.verb:set package 'activity_topic_node' build argument 'cmake_target' from command line to 'None'
[0.388s] Level 5:colcon.colcon_core.verb:set package 'activity_topic_node' build argument 'cmake_target_skip_unavailable' from command line to 'False'
[0.388s] Level 5:colcon.colcon_core.verb:set package 'activity_topic_node' build argument 'cmake_clean_cache' from command line to 'False'
[0.388s] Level 5:colcon.colcon_core.verb:set package 'activity_topic_node' build argument 'cmake_clean_first' from command line to 'False'
[0.388s] Level 5:colcon.colcon_core.verb:set package 'activity_topic_node' build argument 'cmake_force_configure' from command line to 'False'
[0.388s] Level 5:colcon.colcon_core.verb:set package 'activity_topic_node' build argument 'ament_cmake_args' from command line to 'None'
[0.388s] Level 5:colcon.colcon_core.verb:set package 'activity_topic_node' build argument 'catkin_cmake_args' from command line to 'None'
[0.388s] Level 5:colcon.colcon_core.verb:set package 'activity_topic_node' build argument 'catkin_skip_building_tests' from command line to 'False'
[0.388s] DEBUG:colcon.colcon_core.verb:Building package 'activity_topic_node' with the following arguments: {'ament_cmake_args': None, 'build_base': '/home/pboon09/ros2_ws/build/activity_topic_node', 'catkin_cmake_args': None, 'catkin_skip_building_tests': False, 'cmake_args': None, 'cmake_clean_cache': False, 'cmake_clean_first': False, 'cmake_force_configure': False, 'cmake_target': None, 'cmake_target_skip_unavailable': False, 'install_base': '/home/pboon09/ros2_ws/install/activity_topic_node', 'merge_install': False, 'path': '/home/pboon09/ros2_ws/src/activity_topic_node', 'symlink_install': False, 'test_result_base': None}
[0.388s] Level 5:colcon.colcon_core.verb:set package 'my_cpp_pkg' build argument 'cmake_args' from command line to 'None'
[0.388s] Level 5:colcon.colcon_core.verb:set package 'my_cpp_pkg' build argument 'cmake_target' from command line to 'None'
[0.388s] Level 5:colcon.colcon_core.verb:set package 'my_cpp_pkg' build argument 'cmake_target_skip_unavailable' from command line to 'False'
[0.388s] Level 5:colcon.colcon_core.verb:set package 'my_cpp_pkg' build argument 'cmake_clean_cache' from command line to 'False'
[0.388s] Level 5:colcon.colcon_core.verb:set package 'my_cpp_pkg' build argument 'cmake_clean_first' from command line to 'False'
[0.388s] Level 5:colcon.colcon_core.verb:set package 'my_cpp_pkg' build argument 'cmake_force_configure' from command line to 'False'
[0.388s] Level 5:colcon.colcon_core.verb:set package 'my_cpp_pkg' build argument 'ament_cmake_args' from command line to 'None'
[0.388s] Level 5:colcon.colcon_core.verb:set package 'my_cpp_pkg' build argument 'catkin_cmake_args' from command line to 'None'
[0.388s] Level 5:colcon.colcon_core.verb:set package 'my_cpp_pkg' build argument 'catkin_skip_building_tests' from command line to 'False'
[0.388s] DEBUG:colcon.colcon_core.verb:Building package 'my_cpp_pkg' with the following arguments: {'ament_cmake_args': None, 'build_base': '/home/pboon09/ros2_ws/build/my_cpp_pkg', 'catkin_cmake_args': None, 'catkin_skip_building_tests': False, 'cmake_args': None, 'cmake_clean_cache': False, 'cmake_clean_first': False, 'cmake_force_configure': False, 'cmake_target': None, 'cmake_target_skip_unavailable': False, 'install_base': '/home/pboon09/ros2_ws/install/my_cpp_pkg', 'merge_install': False, 'path': '/home/pboon09/ros2_ws/src/my_cpp_pkg', 'symlink_install': False, 'test_result_base': None}
[0.389s] Level 5:colcon.colcon_core.verb:set package 'my_py_pkg' build argument 'cmake_args' from command line to 'None'
[0.389s] Level 5:colcon.colcon_core.verb:set package 'my_py_pkg' build argument 'cmake_target' from command line to 'None'
[0.389s] Level 5:colcon.colcon_core.verb:set package 'my_py_pkg' build argument 'cmake_target_skip_unavailable' from command line to 'False'
[0.389s] Level 5:colcon.colcon_core.verb:set package 'my_py_pkg' build argument 'cmake_clean_cache' from command line to 'False'
[0.389s] Level 5:colcon.colcon_core.verb:set package 'my_py_pkg' build argument 'cmake_clean_first' from command line to 'False'
[0.389s] Level 5:colcon.colcon_core.verb:set package 'my_py_pkg' build argument 'cmake_force_configure' from command line to 'False'
[0.389s] Level 5:colcon.colcon_core.verb:set package 'my_py_pkg' build argument 'ament_cmake_args' from command line to 'None'
[0.389s] Level 5:colcon.colcon_core.verb:set package 'my_py_pkg' build argument 'catkin_cmake_args' from command line to 'None'
[0.389s] Level 5:colcon.colcon_core.verb:set package 'my_py_pkg' build argument 'catkin_skip_building_tests' from command line to 'False'
[0.389s] DEBUG:colcon.colcon_core.verb:Building package 'my_py_pkg' with the following arguments: {'ament_cmake_args': None, 'build_base': '/home/pboon09/ros2_ws/build/my_py_pkg', 'catkin_cmake_args': None, 'catkin_skip_building_tests': False, 'cmake_args': None, 'cmake_clean_cache': False, 'cmake_clean_first': False, 'cmake_force_configure': False, 'cmake_target': None, 'cmake_target_skip_unavailable': False, 'install_base': '/home/pboon09/ros2_ws/install/my_py_pkg', 'merge_install': False, 'path': '/home/pboon09/ros2_ws/src/my_py_pkg', 'symlink_install': False, 'test_result_base': None}
[0.389s] Level 5:colcon.colcon_core.verb:set package 'service_cpp' build argument 'cmake_args' from command line to 'None'
[0.389s] Level 5:colcon.colcon_core.verb:set package 'service_cpp' build argument 'cmake_target' from command line to 'None'
[0.389s] Level 5:colcon.colcon_core.verb:set package 'service_cpp' build argument 'cmake_target_skip_unavailable' from command line to 'False'
[0.389s] Level 5:colcon.colcon_core.verb:set package 'service_cpp' build argument 'cmake_clean_cache' from command line to 'False'
[0.389s] Level 5:colcon.colcon_core.verb:set package 'service_cpp' build argument 'cmake_clean_first' from command line to 'False'
[0.389s] Level 5:colcon.colcon_core.verb:set package 'service_cpp' build argument 'cmake_force_configure' from command line to 'False'
[0.389s] Level 5:colcon.colcon_core.verb:set package 'service_cpp' build argument 'ament_cmake_args' from command line to 'None'
[0.389s] Level 5:colcon.colcon_core.verb:set package 'service_cpp' build argument 'catkin_cmake_args' from command line to 'None'
[0.389s] Level 5:colcon.colcon_core.verb:set package 'service_cpp' build argument 'catkin_skip_building_tests' from command line to 'False'
[0.389s] DEBUG:colcon.colcon_core.verb:Building package 'service_cpp' with the following arguments: {'ament_cmake_args': None, 'build_base': '/home/pboon09/ros2_ws/build/service_cpp', 'catkin_cmake_args': None, 'catkin_skip_building_tests': False, 'cmake_args': None, 'cmake_clean_cache': False, 'cmake_clean_first': False, 'cmake_force_configure': False, 'cmake_target': None, 'cmake_target_skip_unavailable': False, 'install_base': '/home/pboon09/ros2_ws/install/service_cpp', 'merge_install': False, 'path': '/home/pboon09/ros2_ws/src/service_cpp', 'symlink_install': False, 'test_result_base': None}
[0.389s] Level 5:colcon.colcon_core.verb:set package 'service_py' build argument 'cmake_args' from command line to 'None'
[0.389s] Level 5:colcon.colcon_core.verb:set package 'service_py' build argument 'cmake_target' from command line to 'None'
[0.389s] Level 5:colcon.colcon_core.verb:set package 'service_py' build argument 'cmake_target_skip_unavailable' from command line to 'False'
[0.390s] Level 5:colcon.colcon_core.verb:set package 'service_py' build argument 'cmake_clean_cache' from command line to 'False'
[0.390s] Level 5:colcon.colcon_core.verb:set package 'service_py' build argument 'cmake_clean_first' from command line to 'False'
[0.390s] Level 5:colcon.colcon_core.verb:set package 'service_py' build argument 'cmake_force_configure' from command line to 'False'
[0.390s] Level 5:colcon.colcon_core.verb:set package 'service_py' build argument 'ament_cmake_args' from command line to 'None'
[0.390s] Level 5:colcon.colcon_core.verb:set package 'service_py' build argument 'catkin_cmake_args' from command line to 'None'
[0.390s] Level 5:colcon.colcon_core.verb:set package 'service_py' build argument 'catkin_skip_building_tests' from command line to 'False'
[0.390s] DEBUG:colcon.colcon_core.verb:Building package 'service_py' with the following arguments: {'ament_cmake_args': None, 'build_base': '/home/pboon09/ros2_ws/build/service_py', 'catkin_cmake_args': None, 'catkin_skip_building_tests': False, 'cmake_args': None, 'cmake_clean_cache': False, 'cmake_clean_first': False, 'cmake_force_configure': False, 'cmake_target': None, 'cmake_target_skip_unavailable': False, 'install_base': '/home/pboon09/ros2_ws/install/service_py', 'merge_install': False, 'path': '/home/pboon09/ros2_ws/src/service_py', 'symlink_install': False, 'test_result_base': None}
[0.390s] Level 5:colcon.colcon_core.verb:set package 'try_topic_cpp' build argument 'cmake_args' from command line to 'None'
[0.390s] Level 5:colcon.colcon_core.verb:set package 'try_topic_cpp' build argument 'cmake_target' from command line to 'None'
[0.390s] Level 5:colcon.colcon_core.verb:set package 'try_topic_cpp' build argument 'cmake_target_skip_unavailable' from command line to 'False'
[0.390s] Level 5:colcon.colcon_core.verb:set package 'try_topic_cpp' build argument 'cmake_clean_cache' from command line to 'False'
[0.390s] Level 5:colcon.colcon_core.verb:set package 'try_topic_cpp' build argument 'cmake_clean_first' from command line to 'False'
[0.390s] Level 5:colcon.colcon_core.verb:set package 'try_topic_cpp' build argument 'cmake_force_configure' from command line to 'False'
[0.390s] Level 5:colcon.colcon_core.verb:set package 'try_topic_cpp' build argument 'ament_cmake_args' from command line to 'None'
[0.390s] Level 5:colcon.colcon_core.verb:set package 'try_topic_cpp' build argument 'catkin_cmake_args' from command line to 'None'
[0.390s] Level 5:colcon.colcon_core.verb:set package 'try_topic_cpp' build argument 'catkin_skip_building_tests' from command line to 'False'
[0.390s] DEBUG:colcon.colcon_core.verb:Building package 'try_topic_cpp' with the following arguments: {'ament_cmake_args': None, 'build_base': '/home/pboon09/ros2_ws/build/try_topic_cpp', 'catkin_cmake_args': None, 'catkin_skip_building_tests': False, 'cmake_args': None, 'cmake_clean_cache': False, 'cmake_clean_first': False, 'cmake_force_configure': False, 'cmake_target': None, 'cmake_target_skip_unavailable': False, 'install_base': '/home/pboon09/ros2_ws/install/try_topic_cpp', 'merge_install': False, 'path': '/home/pboon09/ros2_ws/src/try_topic_cpp', 'symlink_install': False, 'test_result_base': None}
[0.390s] Level 5:colcon.colcon_core.verb:set package 'try_topic_py' build argument 'cmake_args' from command line to 'None'
[0.390s] Level 5:colcon.colcon_core.verb:set package 'try_topic_py' build argument 'cmake_target' from command line to 'None'
[0.390s] Level 5:colcon.colcon_core.verb:set package 'try_topic_py' build argument 'cmake_target_skip_unavailable' from command line to 'False'
[0.390s] Level 5:colcon.colcon_core.verb:set package 'try_topic_py' build argument 'cmake_clean_cache' from command line to 'False'
[0.390s] Level 5:colcon.colcon_core.verb:set package 'try_topic_py' build argument 'cmake_clean_first' from command line to 'False'
[0.390s] Level 5:colcon.colcon_core.verb:set package 'try_topic_py' build argument 'cmake_force_configure' from command line to 'False'
[0.390s] Level 5:colcon.colcon_core.verb:set package 'try_topic_py' build argument 'ament_cmake_args' from command line to 'None'
[0.390s] Level 5:colcon.colcon_core.verb:set package 'try_topic_py' build argument 'catkin_cmake_args' from command line to 'None'
[0.390s] Level 5:colcon.colcon_core.verb:set package 'try_topic_py' build argument 'catkin_skip_building_tests' from command line to 'False'
[0.390s] DEBUG:colcon.colcon_core.verb:Building package 'try_topic_py' with the following arguments: {'ament_cmake_args': None, 'build_base': '/home/pboon09/ros2_ws/build/try_topic_py', 'catkin_cmake_args': None, 'catkin_skip_building_tests': False, 'cmake_args': None, 'cmake_clean_cache': False, 'cmake_clean_first': False, 'cmake_force_configure': False, 'cmake_target': None, 'cmake_target_skip_unavailable': False, 'install_base': '/home/pboon09/ros2_ws/install/try_topic_py', 'merge_install': False, 'path': '/home/pboon09/ros2_ws/src/try_topic_py', 'symlink_install': False, 'test_result_base': None}
[0.391s] INFO:colcon.colcon_core.executor:Executing jobs using 'parallel' executor
[0.392s] DEBUG:colcon.colcon_parallel_executor.executor.parallel:run_until_complete
[0.392s] INFO:colcon.colcon_ros.task.ament_python.build:Building ROS package in '/home/pboon09/ros2_ws/src/activity_service' with build type 'ament_python'
[0.392s] Level 1:colcon.colcon_core.shell:create_environment_hook('activity_service', 'ament_prefix_path')
[0.395s] INFO:colcon.colcon_core.plugin_system:Skipping extension 'colcon_core.shell.bat': Not used on non-Windows systems
[0.395s] INFO:colcon.colcon_core.shell:Creating environment hook '/home/pboon09/ros2_ws/install/activity_service/share/activity_service/hook/ament_prefix_path.ps1'
[0.396s] INFO:colcon.colcon_core.shell:Creating environment descriptor '/home/pboon09/ros2_ws/install/activity_service/share/activity_service/hook/ament_prefix_path.dsv'
[0.397s] INFO:colcon.colcon_core.shell:Creating environment hook '/home/pboon09/ros2_ws/install/activity_service/share/activity_service/hook/ament_prefix_path.sh'
[0.397s] INFO:colcon.colcon_core.shell:Skip shell extension 'powershell' for command environment: Not usable outside of PowerShell
[0.397s] DEBUG:colcon.colcon_core.shell:Skip shell extension 'dsv' for command environment
[0.403s] INFO:colcon.colcon_ros.task.ament_python.build:Building ROS package in '/home/pboon09/ros2_ws/src/activity_topic_node' with build type 'ament_python'
[0.403s] Level 1:colcon.colcon_core.shell:create_environment_hook('activity_topic_node', 'ament_prefix_path')
[0.404s] INFO:colcon.colcon_core.shell:Creating environment hook '/home/pboon09/ros2_ws/install/activity_topic_node/share/activity_topic_node/hook/ament_prefix_path.ps1'
[0.404s] INFO:colcon.colcon_core.shell:Creating environment descriptor '/home/pboon09/ros2_ws/install/activity_topic_node/share/activity_topic_node/hook/ament_prefix_path.dsv'
[0.405s] INFO:colcon.colcon_core.shell:Creating environment hook '/home/pboon09/ros2_ws/install/activity_topic_node/share/activity_topic_node/hook/ament_prefix_path.sh'
[0.405s] INFO:colcon.colcon_core.shell:Skip shell extension 'powershell' for command environment: Not usable outside of PowerShell
[0.405s] DEBUG:colcon.colcon_core.shell:Skip shell extension 'dsv' for command environment
[0.410s] INFO:colcon.colcon_ros.task.ament_cmake.build:Building ROS package in '/home/pboon09/ros2_ws/src/my_cpp_pkg' with build type 'ament_cmake'
[0.410s] INFO:colcon.colcon_cmake.task.cmake.build:Building CMake package in '/home/pboon09/ros2_ws/src/my_cpp_pkg'
[0.411s] INFO:colcon.colcon_core.shell:Skip shell extension 'powershell' for command environment: Not usable outside of PowerShell
[0.411s] DEBUG:colcon.colcon_core.shell:Skip shell extension 'dsv' for command environment
[0.416s] INFO:colcon.colcon_ros.task.ament_python.build:Building ROS package in '/home/pboon09/ros2_ws/src/my_py_pkg' with build type 'ament_python'
[0.417s] Level 1:colcon.colcon_core.shell:create_environment_hook('my_py_pkg', 'ament_prefix_path')
[0.417s] INFO:colcon.colcon_core.shell:Creating environment hook '/home/pboon09/ros2_ws/install/my_py_pkg/share/my_py_pkg/hook/ament_prefix_path.ps1'
[0.417s] INFO:colcon.colcon_core.shell:Creating environment descriptor '/home/pboon09/ros2_ws/install/my_py_pkg/share/my_py_pkg/hook/ament_prefix_path.dsv'
[0.417s] INFO:colcon.colcon_core.shell:Creating environment hook '/home/pboon09/ros2_ws/install/my_py_pkg/share/my_py_pkg/hook/ament_prefix_path.sh'
[0.418s] INFO:colcon.colcon_core.shell:Skip shell extension 'powershell' for command environment: Not usable outside of PowerShell
[0.418s] DEBUG:colcon.colcon_core.shell:Skip shell extension 'dsv' for command environment
[0.423s] INFO:colcon.colcon_ros.task.ament_cmake.build:Building ROS package in '/home/pboon09/ros2_ws/src/service_cpp' with build type 'ament_cmake'
[0.423s] INFO:colcon.colcon_cmake.task.cmake.build:Building CMake package in '/home/pboon09/ros2_ws/src/service_cpp'
[0.424s] INFO:colcon.colcon_core.shell:Skip shell extension 'powershell' for command environment: Not usable outside of PowerShell
[0.424s] DEBUG:colcon.colcon_core.shell:Skip shell extension 'dsv' for command environment
[0.429s] INFO:colcon.colcon_ros.task.ament_python.build:Building ROS package in '/home/pboon09/ros2_ws/src/service_py' with build type 'ament_python'
[0.430s] Level 1:colcon.colcon_core.shell:create_environment_hook('service_py', 'ament_prefix_path')
[0.430s] INFO:colcon.colcon_core.shell:Creating environment hook '/home/pboon09/ros2_ws/install/service_py/share/service_py/hook/ament_prefix_path.ps1'
[0.431s] INFO:colcon.colcon_core.shell:Creating environment descriptor '/home/pboon09/ros2_ws/install/service_py/share/service_py/hook/ament_prefix_path.dsv'
[0.431s] INFO:colcon.colcon_core.shell:Creating environment hook '/home/pboon09/ros2_ws/install/service_py/share/service_py/hook/ament_prefix_path.sh'
[0.431s] INFO:colcon.colcon_core.shell:Skip shell extension 'powershell' for command environment: Not usable outside of PowerShell
[0.431s] DEBUG:colcon.colcon_core.shell:Skip shell extension 'dsv' for command environment
[0.437s] INFO:colcon.colcon_ros.task.ament_cmake.build:Building ROS package in '/home/pboon09/ros2_ws/src/try_topic_cpp' with build type 'ament_cmake'
[0.437s] INFO:colcon.colcon_cmake.task.cmake.build:Building CMake package in '/home/pboon09/ros2_ws/src/try_topic_cpp'
[0.437s] INFO:colcon.colcon_core.shell:Skip shell extension 'powershell' for command environment: Not usable outside of PowerShell
[0.437s] DEBUG:colcon.colcon_core.shell:Skip shell extension 'dsv' for command environment
[0.443s] INFO:colcon.colcon_ros.task.ament_python.build:Building ROS package in '/home/pboon09/ros2_ws/src/try_topic_py' with build type 'ament_python'
[0.443s] Level 1:colcon.colcon_core.shell:create_environment_hook('try_topic_py', 'ament_prefix_path')
[0.443s] INFO:colcon.colcon_core.shell:Creating environment hook '/home/pboon09/ros2_ws/install/try_topic_py/share/try_topic_py/hook/ament_prefix_path.ps1'
[0.444s] INFO:colcon.colcon_core.shell:Creating environment descriptor '/home/pboon09/ros2_ws/install/try_topic_py/share/try_topic_py/hook/ament_prefix_path.dsv'
[0.444s] INFO:colcon.colcon_core.shell:Creating environment hook '/home/pboon09/ros2_ws/install/try_topic_py/share/try_topic_py/hook/ament_prefix_path.sh'
[0.445s] INFO:colcon.colcon_core.shell:Skip shell extension 'powershell' for command environment: Not usable outside of PowerShell
[0.445s] DEBUG:colcon.colcon_core.shell:Skip shell extension 'dsv' for command environment
[0.722s] INFO:colcon.colcon_core.task.python.build:Building Python package in '/home/pboon09/ros2_ws/src/activity_service'
[0.722s] INFO:colcon.colcon_core.shell:Skip shell extension 'powershell' for command environment: Not usable outside of PowerShell
[0.722s] DEBUG:colcon.colcon_core.shell:Skip shell extension 'dsv' for command environment
[0.990s] INFO:colcon.colcon_core.task.python.build:Building Python package in '/home/pboon09/ros2_ws/src/activity_topic_node'
[0.991s] INFO:colcon.colcon_core.shell:Skip shell extension 'powershell' for command environment: Not usable outside of PowerShell
[0.991s] DEBUG:colcon.colcon_core.shell:Skip shell extension 'dsv' for command environment
[1.000s] DEBUG:colcon.colcon_core.event_handler.log_command:Invoking command in '/home/pboon09/ros2_ws/build/my_cpp_pkg': CMAKE_PREFIX_PATH=${CMAKE_PREFIX_PATH}:/home/pboon09/ros2_ws/install/my_py_pkg:/home/pboon09/ros2_ws/install/TryTopic:/home/pboon09/microros_ws/install/sensor_msgs_py:/opt/ros/humble /usr/bin/cmake --build /home/pboon09/ros2_ws/build/my_cpp_pkg -- -j12 -l12
[1.263s] INFO:colcon.colcon_core.task.python.build:Building Python package in '/home/pboon09/ros2_ws/src/my_py_pkg'
[1.263s] INFO:colcon.colcon_core.shell:Skip shell extension 'powershell' for command environment: Not usable outside of PowerShell
[1.263s] DEBUG:colcon.colcon_core.shell:Skip shell extension 'dsv' for command environment
[1.272s] DEBUG:colcon.colcon_core.event_handler.log_command:Invoking command in '/home/pboon09/ros2_ws/build/service_cpp': CMAKE_PREFIX_PATH=${CMAKE_PREFIX_PATH}:/home/pboon09/ros2_ws/install/my_py_pkg:/home/pboon09/ros2_ws/install/TryTopic:/home/pboon09/microros_ws/install/sensor_msgs_py:/opt/ros/humble /usr/bin/cmake --build /home/pboon09/ros2_ws/build/service_cpp -- -j12 -l12
[1.531s] INFO:colcon.colcon_core.task.python.build:Building Python package in '/home/pboon09/ros2_ws/src/service_py'
[1.531s] INFO:colcon.colcon_core.shell:Skip shell extension 'powershell' for command environment: Not usable outside of PowerShell
[1.531s] DEBUG:colcon.colcon_core.shell:Skip shell extension 'dsv' for command environment
[1.540s] DEBUG:colcon.colcon_core.event_handler.log_command:Invoking command in '/home/pboon09/ros2_ws/build/try_topic_cpp': CMAKE_PREFIX_PATH=${CMAKE_PREFIX_PATH}:/home/pboon09/ros2_ws/install/my_py_pkg:/home/pboon09/ros2_ws/install/TryTopic:/home/pboon09/microros_ws/install/sensor_msgs_py:/opt/ros/humble /usr/bin/cmake --build /home/pboon09/ros2_ws/build/try_topic_cpp -- -j12 -l12
[1.544s] DEBUG:colcon.colcon_core.event_handler.log_command:Invoked command in '/home/pboon09/ros2_ws/build/my_cpp_pkg' returned '0': CMAKE_PREFIX_PATH=${CMAKE_PREFIX_PATH}:/home/pboon09/ros2_ws/install/my_py_pkg:/home/pboon09/ros2_ws/install/TryTopic:/home/pboon09/microros_ws/install/sensor_msgs_py:/opt/ros/humble /usr/bin/cmake --build /home/pboon09/ros2_ws/build/my_cpp_pkg -- -j12 -l12
[1.545s] DEBUG:colcon.colcon_core.event_handler.log_command:Invoked command in '/home/pboon09/ros2_ws/build/service_cpp' returned '0': CMAKE_PREFIX_PATH=${CMAKE_PREFIX_PATH}:/home/pboon09/ros2_ws/install/my_py_pkg:/home/pboon09/ros2_ws/install/TryTopic:/home/pboon09/microros_ws/install/sensor_msgs_py:/opt/ros/humble /usr/bin/cmake --build /home/pboon09/ros2_ws/build/service_cpp -- -j12 -l12
[1.809s] INFO:colcon.colcon_core.task.python.build:Building Python package in '/home/pboon09/ros2_ws/src/try_topic_py'
[1.809s] INFO:colcon.colcon_core.shell:Skip shell extension 'powershell' for command environment: Not usable outside of PowerShell
[1.809s] DEBUG:colcon.colcon_core.shell:Skip shell extension 'dsv' for command environment
[1.834s] DEBUG:colcon.colcon_core.event_handler.log_command:Invoked command in '/home/pboon09/ros2_ws/build/try_topic_cpp' returned '0': CMAKE_PREFIX_PATH=${CMAKE_PREFIX_PATH}:/home/pboon09/ros2_ws/install/my_py_pkg:/home/pboon09/ros2_ws/install/TryTopic:/home/pboon09/microros_ws/install/sensor_msgs_py:/opt/ros/humble /usr/bin/cmake --build /home/pboon09/ros2_ws/build/try_topic_cpp -- -j12 -l12
[1.850s] DEBUG:colcon.colcon_core.event_handler.log_command:Invoking command in '/home/pboon09/ros2_ws/build/my_cpp_pkg': CMAKE_PREFIX_PATH=${CMAKE_PREFIX_PATH}:/home/pboon09/ros2_ws/install/my_py_pkg:/home/pboon09/ros2_ws/install/TryTopic:/home/pboon09/microros_ws/install/sensor_msgs_py:/opt/ros/humble /usr/bin/cmake --install /home/pboon09/ros2_ws/build/my_cpp_pkg
[1.852s] DEBUG:colcon.colcon_core.event_handler.log_command:Invoking command in '/home/pboon09/ros2_ws/build/service_cpp': CMAKE_PREFIX_PATH=${CMAKE_PREFIX_PATH}:/home/pboon09/ros2_ws/install/my_py_pkg:/home/pboon09/ros2_ws/install/TryTopic:/home/pboon09/microros_ws/install/sensor_msgs_py:/opt/ros/humble /usr/bin/cmake --install /home/pboon09/ros2_ws/build/service_cpp
[1.867s] Level 1:colcon.colcon_core.environment:create_environment_scripts_only(my_cpp_pkg)
[1.868s] DEBUG:colcon.colcon_core.event_handler.log_command:Invoked command in '/home/pboon09/ros2_ws/build/my_cpp_pkg' returned '0': CMAKE_PREFIX_PATH=${CMAKE_PREFIX_PATH}:/home/pboon09/ros2_ws/install/my_py_pkg:/home/pboon09/ros2_ws/install/TryTopic:/home/pboon09/microros_ws/install/sensor_msgs_py:/opt/ros/humble /usr/bin/cmake --install /home/pboon09/ros2_ws/build/my_cpp_pkg
[1.874s] Level 1:colcon.colcon_core.environment:checking '/home/pboon09/ros2_ws/install/my_cpp_pkg' for CMake module files
[1.875s] Level 1:colcon.colcon_core.environment:checking '/home/pboon09/ros2_ws/install/my_cpp_pkg' for CMake config files
[1.875s] Level 1:colcon.colcon_core.shell:create_environment_hook('my_cpp_pkg', 'cmake_prefix_path')
[1.875s] INFO:colcon.colcon_core.shell:Creating environment hook '/home/pboon09/ros2_ws/install/my_cpp_pkg/share/my_cpp_pkg/hook/cmake_prefix_path.ps1'
[1.876s] INFO:colcon.colcon_core.shell:Creating environment descriptor '/home/pboon09/ros2_ws/install/my_cpp_pkg/share/my_cpp_pkg/hook/cmake_prefix_path.dsv'
[1.876s] INFO:colcon.colcon_core.shell:Creating environment hook '/home/pboon09/ros2_ws/install/my_cpp_pkg/share/my_cpp_pkg/hook/cmake_prefix_path.sh'
[1.877s] Level 1:colcon.colcon_core.environment:checking '/home/pboon09/ros2_ws/install/my_cpp_pkg/lib'
[1.877s] Level 1:colcon.colcon_core.environment:checking '/home/pboon09/ros2_ws/install/my_cpp_pkg/bin'
[1.878s] Level 1:colcon.colcon_core.environment:checking '/home/pboon09/ros2_ws/install/my_cpp_pkg/lib/pkgconfig/my_cpp_pkg.pc'
[1.878s] Level 1:colcon.colcon_core.environment:checking '/home/pboon09/ros2_ws/install/my_cpp_pkg/lib/python3.10/site-packages'
[1.878s] Level 1:colcon.colcon_core.environment:checking '/home/pboon09/ros2_ws/install/my_cpp_pkg/bin'
[1.878s] INFO:colcon.colcon_core.shell:Creating package script '/home/pboon09/ros2_ws/install/my_cpp_pkg/share/my_cpp_pkg/package.ps1'
[1.880s] INFO:colcon.colcon_core.shell:Creating package descriptor '/home/pboon09/ros2_ws/install/my_cpp_pkg/share/my_cpp_pkg/package.dsv'
[1.881s] INFO:colcon.colcon_core.shell:Creating package script '/home/pboon09/ros2_ws/install/my_cpp_pkg/share/my_cpp_pkg/package.sh'
[1.882s] INFO:colcon.colcon_core.shell:Creating package script '/home/pboon09/ros2_ws/install/my_cpp_pkg/share/my_cpp_pkg/package.bash'
[1.883s] INFO:colcon.colcon_core.shell:Creating package script '/home/pboon09/ros2_ws/install/my_cpp_pkg/share/my_cpp_pkg/package.zsh'
[1.884s] Level 1:colcon.colcon_core.environment:create_file_with_runtime_dependencies(/home/pboon09/ros2_ws/install/my_cpp_pkg/share/colcon-core/packages/my_cpp_pkg)
[1.886s] Level 1:colcon.colcon_core.environment:create_environment_scripts_only(service_cpp)
[1.886s] Level 1:colcon.colcon_core.environment:checking '/home/pboon09/ros2_ws/install/service_cpp' for CMake module files
[1.887s] DEBUG:colcon.colcon_core.event_handler.log_command:Invoked command in '/home/pboon09/ros2_ws/build/service_cpp' returned '0': CMAKE_PREFIX_PATH=${CMAKE_PREFIX_PATH}:/home/pboon09/ros2_ws/install/my_py_pkg:/home/pboon09/ros2_ws/install/TryTopic:/home/pboon09/microros_ws/install/sensor_msgs_py:/opt/ros/humble /usr/bin/cmake --install /home/pboon09/ros2_ws/build/service_cpp
[1.887s] Level 1:colcon.colcon_core.environment:checking '/home/pboon09/ros2_ws/install/service_cpp' for CMake config files
[1.887s] Level 1:colcon.colcon_core.shell:create_environment_hook('service_cpp', 'cmake_prefix_path')
[1.888s] INFO:colcon.colcon_core.shell:Creating environment hook '/home/pboon09/ros2_ws/install/service_cpp/share/service_cpp/hook/cmake_prefix_path.ps1'
[1.888s] INFO:colcon.colcon_core.shell:Creating environment descriptor '/home/pboon09/ros2_ws/install/service_cpp/share/service_cpp/hook/cmake_prefix_path.dsv'
[1.888s] INFO:colcon.colcon_core.shell:Creating environment hook '/home/pboon09/ros2_ws/install/service_cpp/share/service_cpp/hook/cmake_prefix_path.sh'
[1.889s] Level 1:colcon.colcon_core.environment:checking '/home/pboon09/ros2_ws/install/service_cpp/lib'
[1.889s] Level 1:colcon.colcon_core.environment:checking '/home/pboon09/ros2_ws/install/service_cpp/bin'
[1.889s] Level 1:colcon.colcon_core.environment:checking '/home/pboon09/ros2_ws/install/service_cpp/lib/pkgconfig/service_cpp.pc'
[1.889s] Level 1:colcon.colcon_core.environment:checking '/home/pboon09/ros2_ws/install/service_cpp/lib/python3.10/site-packages'
[1.890s] Level 1:colcon.colcon_core.environment:checking '/home/pboon09/ros2_ws/install/service_cpp/bin'
[1.890s] INFO:colcon.colcon_core.shell:Creating package script '/home/pboon09/ros2_ws/install/service_cpp/share/service_cpp/package.ps1'
[1.891s] INFO:colcon.colcon_core.shell:Creating package descriptor '/home/pboon09/ros2_ws/install/service_cpp/share/service_cpp/package.dsv'
[1.891s] INFO:colcon.colcon_core.shell:Creating package script '/home/pboon09/ros2_ws/install/service_cpp/share/service_cpp/package.sh'
[1.891s] INFO:colcon.colcon_core.shell:Creating package script '/home/pboon09/ros2_ws/install/service_cpp/share/service_cpp/package.bash'
[1.892s] INFO:colcon.colcon_core.shell:Creating package script '/home/pboon09/ros2_ws/install/service_cpp/share/service_cpp/package.zsh'
[1.892s] Level 1:colcon.colcon_core.environment:create_file_with_runtime_dependencies(/home/pboon09/ros2_ws/install/service_cpp/share/colcon-core/packages/service_cpp)
[1.906s] DEBUG:colcon.colcon_core.event_handler.log_command:Invoking command in '/home/pboon09/ros2_ws/build/try_topic_cpp': CMAKE_PREFIX_PATH=${CMAKE_PREFIX_PATH}:/home/pboon09/ros2_ws/install/my_py_pkg:/home/pboon09/ros2_ws/install/TryTopic:/home/pboon09/microros_ws/install/sensor_msgs_py:/opt/ros/humble /usr/bin/cmake --install /home/pboon09/ros2_ws/build/try_topic_cpp
[1.924s] Level 1:colcon.colcon_core.environment:create_environment_scripts_only(try_topic_cpp)
[1.924s] Level 1:colcon.colcon_core.environment:checking '/home/pboon09/ros2_ws/install/try_topic_cpp' for CMake module files
[1.924s] DEBUG:colcon.colcon_core.event_handler.log_command:Invoked command in '/home/pboon09/ros2_ws/build/try_topic_cpp' returned '0': CMAKE_PREFIX_PATH=${CMAKE_PREFIX_PATH}:/home/pboon09/ros2_ws/install/my_py_pkg:/home/pboon09/ros2_ws/install/TryTopic:/home/pboon09/microros_ws/install/sensor_msgs_py:/opt/ros/humble /usr/bin/cmake --install /home/pboon09/ros2_ws/build/try_topic_cpp
[1.925s] Level 1:colcon.colcon_core.environment:checking '/home/pboon09/ros2_ws/install/try_topic_cpp' for CMake config files
[1.925s] Level 1:colcon.colcon_core.shell:create_environment_hook('try_topic_cpp', 'cmake_prefix_path')
[1.925s] INFO:colcon.colcon_core.shell:Creating environment hook '/home/pboon09/ros2_ws/install/try_topic_cpp/share/try_topic_cpp/hook/cmake_prefix_path.ps1'
[1.926s] INFO:colcon.colcon_core.shell:Creating environment descriptor '/home/pboon09/ros2_ws/install/try_topic_cpp/share/try_topic_cpp/hook/cmake_prefix_path.dsv'
[1.926s] INFO:colcon.colcon_core.shell:Creating environment hook '/home/pboon09/ros2_ws/install/try_topic_cpp/share/try_topic_cpp/hook/cmake_prefix_path.sh'
[1.927s] Level 1:colcon.colcon_core.environment:checking '/home/pboon09/ros2_ws/install/try_topic_cpp/lib'
[1.927s] Level 1:colcon.colcon_core.environment:checking '/home/pboon09/ros2_ws/install/try_topic_cpp/bin'
[1.927s] Level 1:colcon.colcon_core.environment:checking '/home/pboon09/ros2_ws/install/try_topic_cpp/lib/pkgconfig/try_topic_cpp.pc'
[1.927s] Level 1:colcon.colcon_core.environment:checking '/home/pboon09/ros2_ws/install/try_topic_cpp/lib/python3.10/site-packages'
[1.927s] Level 1:colcon.colcon_core.environment:checking '/home/pboon09/ros2_ws/install/try_topic_cpp/bin'
[1.928s] INFO:colcon.colcon_core.shell:Creating package script '/home/pboon09/ros2_ws/install/try_topic_cpp/share/try_topic_cpp/package.ps1'
[1.928s] INFO:colcon.colcon_core.shell:Creating package descriptor '/home/pboon09/ros2_ws/install/try_topic_cpp/share/try_topic_cpp/package.dsv'
[1.929s] INFO:colcon.colcon_core.shell:Creating package script '/home/pboon09/ros2_ws/install/try_topic_cpp/share/try_topic_cpp/package.sh'
[1.930s] INFO:colcon.colcon_core.shell:Creating package script '/home/pboon09/ros2_ws/install/try_topic_cpp/share/try_topic_cpp/package.bash'
[1.930s] INFO:colcon.colcon_core.shell:Creating package script '/home/pboon09/ros2_ws/install/try_topic_cpp/share/try_topic_cpp/package.zsh'
[1.931s] Level 1:colcon.colcon_core.environment:create_file_with_runtime_dependencies(/home/pboon09/ros2_ws/install/try_topic_cpp/share/colcon-core/packages/try_topic_cpp)
[1.962s] Level 1:colcon.colcon_core.environment:create_environment_scripts_only(my_cpp_pkg)
[1.962s] Level 1:colcon.colcon_core.environment:checking '/home/pboon09/ros2_ws/install/my_cpp_pkg' for CMake module files
[1.963s] Level 1:colcon.colcon_core.environment:checking '/home/pboon09/ros2_ws/install/my_cpp_pkg' for CMake config files
[1.963s] Level 1:colcon.colcon_core.shell:create_environment_hook('my_cpp_pkg', 'cmake_prefix_path')
[1.963s] INFO:colcon.colcon_core.shell:Creating environment hook '/home/pboon09/ros2_ws/install/my_cpp_pkg/share/my_cpp_pkg/hook/cmake_prefix_path.ps1'
[1.963s] INFO:colcon.colcon_core.shell:Creating environment descriptor '/home/pboon09/ros2_ws/install/my_cpp_pkg/share/my_cpp_pkg/hook/cmake_prefix_path.dsv'
[1.964s] INFO:colcon.colcon_core.shell:Creating environment hook '/home/pboon09/ros2_ws/install/my_cpp_pkg/share/my_cpp_pkg/hook/cmake_prefix_path.sh'
[1.964s] Level 1:colcon.colcon_core.environment:checking '/home/pboon09/ros2_ws/install/my_cpp_pkg/lib'
[1.964s] Level 1:colcon.colcon_core.environment:checking '/home/pboon09/ros2_ws/install/my_cpp_pkg/bin'
[1.964s] Level 1:colcon.colcon_core.environment:checking '/home/pboon09/ros2_ws/install/my_cpp_pkg/lib/pkgconfig/my_cpp_pkg.pc'
[1.965s] Level 1:colcon.colcon_core.environment:checking '/home/pboon09/ros2_ws/install/my_cpp_pkg/lib/python3.10/site-packages'
[1.965s] Level 1:colcon.colcon_core.environment:checking '/home/pboon09/ros2_ws/install/my_cpp_pkg/bin'
[1.965s] INFO:colcon.colcon_core.shell:Creating package script '/home/pboon09/ros2_ws/install/my_cpp_pkg/share/my_cpp_pkg/package.ps1'
[1.966s] INFO:colcon.colcon_core.shell:Creating package descriptor '/home/pboon09/ros2_ws/install/my_cpp_pkg/share/my_cpp_pkg/package.dsv'
[1.966s] INFO:colcon.colcon_core.shell:Creating package script '/home/pboon09/ros2_ws/install/my_cpp_pkg/share/my_cpp_pkg/package.sh'
[1.966s] INFO:colcon.colcon_core.shell:Creating package script '/home/pboon09/ros2_ws/install/my_cpp_pkg/share/my_cpp_pkg/package.bash'
[1.967s] INFO:colcon.colcon_core.shell:Creating package script '/home/pboon09/ros2_ws/install/my_cpp_pkg/share/my_cpp_pkg/package.zsh'
[1.967s] Level 1:colcon.colcon_core.environment:create_file_with_runtime_dependencies(/home/pboon09/ros2_ws/install/my_cpp_pkg/share/colcon-core/packages/my_cpp_pkg)
[1.983s] Level 1:colcon.colcon_core.environment:create_environment_scripts_only(service_cpp)
[1.984s] Level 1:colcon.colcon_core.environment:checking '/home/pboon09/ros2_ws/install/service_cpp' for CMake module files
[1.984s] Level 1:colcon.colcon_core.environment:checking '/home/pboon09/ros2_ws/install/service_cpp' for CMake config files
[1.984s] Level 1:colcon.colcon_core.shell:create_environment_hook('service_cpp', 'cmake_prefix_path')
[1.985s] INFO:colcon.colcon_core.shell:Creating environment hook '/home/pboon09/ros2_ws/install/service_cpp/share/service_cpp/hook/cmake_prefix_path.ps1'
[1.985s] INFO:colcon.colcon_core.shell:Creating environment descriptor '/home/pboon09/ros2_ws/install/service_cpp/share/service_cpp/hook/cmake_prefix_path.dsv'
[1.986s] INFO:colcon.colcon_core.shell:Creating environment hook '/home/pboon09/ros2_ws/install/service_cpp/share/service_cpp/hook/cmake_prefix_path.sh'
[1.986s] Level 1:colcon.colcon_core.environment:checking '/home/pboon09/ros2_ws/install/service_cpp/lib'
[1.986s] Level 1:colcon.colcon_core.environment:checking '/home/pboon09/ros2_ws/install/service_cpp/bin'
[1.986s] Level 1:colcon.colcon_core.environment:checking '/home/pboon09/ros2_ws/install/service_cpp/lib/pkgconfig/service_cpp.pc'
[1.986s] Level 1:colcon.colcon_core.environment:checking '/home/pboon09/ros2_ws/install/service_cpp/lib/python3.10/site-packages'
[1.987s] Level 1:colcon.colcon_core.environment:checking '/home/pboon09/ros2_ws/install/service_cpp/bin'
[1.987s] INFO:colcon.colcon_core.shell:Creating package script '/home/pboon09/ros2_ws/install/service_cpp/share/service_cpp/package.ps1'
[1.987s] INFO:colcon.colcon_core.shell:Creating package descriptor '/home/pboon09/ros2_ws/install/service_cpp/share/service_cpp/package.dsv'
[1.988s] INFO:colcon.colcon_core.shell:Creating package script '/home/pboon09/ros2_ws/install/service_cpp/share/service_cpp/package.sh'
[1.988s] INFO:colcon.colcon_core.shell:Creating package script '/home/pboon09/ros2_ws/install/service_cpp/share/service_cpp/package.bash'
[1.989s] INFO:colcon.colcon_core.shell:Creating package script '/home/pboon09/ros2_ws/install/service_cpp/share/service_cpp/package.zsh'
[1.989s] Level 1:colcon.colcon_core.environment:create_file_with_runtime_dependencies(/home/pboon09/ros2_ws/install/service_cpp/share/colcon-core/packages/service_cpp)
[2.004s] Level 1:colcon.colcon_core.environment:create_environment_scripts_only(try_topic_cpp)
[2.004s] Level 1:colcon.colcon_core.environment:checking '/home/pboon09/ros2_ws/install/try_topic_cpp' for CMake module files
[2.004s] Level 1:colcon.colcon_core.environment:checking '/home/pboon09/ros2_ws/install/try_topic_cpp' for CMake config files
[2.005s] Level 1:colcon.colcon_core.shell:create_environment_hook('try_topic_cpp', 'cmake_prefix_path')
[2.005s] INFO:colcon.colcon_core.shell:Creating environment hook '/home/pboon09/ros2_ws/install/try_topic_cpp/share/try_topic_cpp/hook/cmake_prefix_path.ps1'
[2.005s] INFO:colcon.colcon_core.shell:Creating environment descriptor '/home/pboon09/ros2_ws/install/try_topic_cpp/share/try_topic_cpp/hook/cmake_prefix_path.dsv'
[2.005s] INFO:colcon.colcon_core.shell:Creating environment hook '/home/pboon09/ros2_ws/install/try_topic_cpp/share/try_topic_cpp/hook/cmake_prefix_path.sh'
[2.006s] Level 1:colcon.colcon_core.environment:checking '/home/pboon09/ros2_ws/install/try_topic_cpp/lib'
[2.006s] Level 1:colcon.colcon_core.environment:checking '/home/pboon09/ros2_ws/install/try_topic_cpp/bin'
[2.006s] Level 1:colcon.colcon_core.environment:checking '/home/pboon09/ros2_ws/install/try_topic_cpp/lib/pkgconfig/try_topic_cpp.pc'
[2.006s] Level 1:colcon.colcon_core.environment:checking '/home/pboon09/ros2_ws/install/try_topic_cpp/lib/python3.10/site-packages'
[2.006s] Level 1:colcon.colcon_core.environment:checking '/home/pboon09/ros2_ws/install/try_topic_cpp/bin'
[2.007s] INFO:colcon.colcon_core.shell:Creating package script '/home/pboon09/ros2_ws/install/try_topic_cpp/share/try_topic_cpp/package.ps1'
[2.007s] INFO:colcon.colcon_core.shell:Creating package descriptor '/home/pboon09/ros2_ws/install/try_topic_cpp/share/try_topic_cpp/package.dsv'
[2.008s] INFO:colcon.colcon_core.shell:Creating package script '/home/pboon09/ros2_ws/install/try_topic_cpp/share/try_topic_cpp/package.sh'
[2.008s] INFO:colcon.colcon_core.shell:Creating package script '/home/pboon09/ros2_ws/install/try_topic_cpp/share/try_topic_cpp/package.bash'
[2.008s] INFO:colcon.colcon_core.shell:Creating package script '/home/pboon09/ros2_ws/install/try_topic_cpp/share/try_topic_cpp/package.zsh'
[2.009s] Level 1:colcon.colcon_core.environment:create_file_with_runtime_dependencies(/home/pboon09/ros2_ws/install/try_topic_cpp/share/colcon-core/packages/try_topic_cpp)
[2.229s] DEBUG:colcon.colcon_core.event_handler.log_command:Invoking command in '/home/pboon09/ros2_ws/src/activity_service': PYTHONPATH=/home/pboon09/ros2_ws/build/activity_service/prefix_override:/home/pboon09/ros2_ws/install/activity_service/lib/python3.10/site-packages:${PYTHONPATH} /usr/bin/python3 -W ignore:setup.py install is deprecated setup.py egg_info --egg-base ../../build/activity_service build --build-base /home/pboon09/ros2_ws/build/activity_service/build install --record /home/pboon09/ros2_ws/build/activity_service/install.log --single-version-externally-managed install_data
[2.233s] DEBUG:colcon.colcon_core.event_handler.log_command:Invoking command in '/home/pboon09/ros2_ws/src/my_py_pkg': PYTHONPATH=/home/pboon09/ros2_ws/build/my_py_pkg/prefix_override:/home/pboon09/ros2_ws/install/my_py_pkg/lib/python3.10/site-packages:${PYTHONPATH} /usr/bin/python3 -W ignore:setup.py install is deprecated setup.py egg_info --egg-base ../../build/my_py_pkg build --build-base /home/pboon09/ros2_ws/build/my_py_pkg/build install --record /home/pboon09/ros2_ws/build/my_py_pkg/install.log --single-version-externally-managed install_data
[2.234s] DEBUG:colcon.colcon_core.event_handler.log_command:Invoking command in '/home/pboon09/ros2_ws/src/service_py': PYTHONPATH=/home/pboon09/ros2_ws/build/service_py/prefix_override:/home/pboon09/ros2_ws/install/service_py/lib/python3.10/site-packages:${PYTHONPATH} /usr/bin/python3 -W ignore:setup.py install is deprecated setup.py egg_info --egg-base ../../build/service_py build --build-base /home/pboon09/ros2_ws/build/service_py/build install --record /home/pboon09/ros2_ws/build/service_py/install.log --single-version-externally-managed install_data
[2.274s] DEBUG:colcon.colcon_core.event_handler.log_command:Invoking command in '/home/pboon09/ros2_ws/src/activity_topic_node': PYTHONPATH=/home/pboon09/ros2_ws/build/activity_topic_node/prefix_override:/home/pboon09/ros2_ws/install/activity_topic_node/lib/python3.10/site-packages:${PYTHONPATH} /usr/bin/python3 -W ignore:setup.py install is deprecated setup.py egg_info --egg-base ../../build/activity_topic_node build --build-base /home/pboon09/ros2_ws/build/activity_topic_node/build install --record /home/pboon09/ros2_ws/build/activity_topic_node/install.log --single-version-externally-managed install_data
[2.301s] DEBUG:colcon.colcon_core.event_handler.log_command:Invoking command in '/home/pboon09/ros2_ws/src/try_topic_py': PYTHONPATH=/home/pboon09/ros2_ws/build/try_topic_py/prefix_override:/home/pboon09/ros2_ws/install/try_topic_py/lib/python3.10/site-packages:${PYTHONPATH} /usr/bin/python3 -W ignore:setup.py install is deprecated setup.py egg_info --egg-base ../../build/try_topic_py build --build-base /home/pboon09/ros2_ws/build/try_topic_py/build install --record /home/pboon09/ros2_ws/build/try_topic_py/install.log --single-version-externally-managed install_data
[2.562s] Level 1:colcon.colcon_core.environment:checking '/home/pboon09/ros2_ws/install/my_py_pkg' for CMake module files
[2.563s] DEBUG:colcon.colcon_core.event_handler.log_command:Invoked command in '/home/pboon09/ros2_ws/src/my_py_pkg' returned '0': PYTHONPATH=/home/pboon09/ros2_ws/build/my_py_pkg/prefix_override:/home/pboon09/ros2_ws/install/my_py_pkg/lib/python3.10/site-packages:${PYTHONPATH} /usr/bin/python3 -W ignore:setup.py install is deprecated setup.py egg_info --egg-base ../../build/my_py_pkg build --build-base /home/pboon09/ros2_ws/build/my_py_pkg/build install --record /home/pboon09/ros2_ws/build/my_py_pkg/install.log --single-version-externally-managed install_data
[2.563s] Level 1:colcon.colcon_core.environment:checking '/home/pboon09/ros2_ws/install/my_py_pkg' for CMake config files
[2.564s] Level 1:colcon.colcon_core.environment:checking '/home/pboon09/ros2_ws/install/my_py_pkg/lib'
[2.564s] Level 1:colcon.colcon_core.environment:checking '/home/pboon09/ros2_ws/install/my_py_pkg/bin'
[2.564s] Level 1:colcon.colcon_core.environment:checking '/home/pboon09/ros2_ws/install/my_py_pkg/lib/pkgconfig/my_py_pkg.pc'
[2.565s] Level 1:colcon.colcon_core.environment:checking '/home/pboon09/ros2_ws/install/my_py_pkg/lib/python3.10/site-packages'
[2.565s] Level 1:colcon.colcon_core.shell:create_environment_hook('my_py_pkg', 'pythonpath')
[2.565s] INFO:colcon.colcon_core.shell:Creating environment hook '/home/pboon09/ros2_ws/install/my_py_pkg/share/my_py_pkg/hook/pythonpath.ps1'
[2.565s] INFO:colcon.colcon_core.shell:Creating environment descriptor '/home/pboon09/ros2_ws/install/my_py_pkg/share/my_py_pkg/hook/pythonpath.dsv'
[2.566s] INFO:colcon.colcon_core.shell:Creating environment hook '/home/pboon09/ros2_ws/install/my_py_pkg/share/my_py_pkg/hook/pythonpath.sh'
[2.566s] Level 1:colcon.colcon_core.environment:checking '/home/pboon09/ros2_ws/install/my_py_pkg/bin'
[2.567s] Level 1:colcon.colcon_core.environment:create_environment_scripts_only(my_py_pkg)
[2.567s] INFO:colcon.colcon_core.shell:Creating package script '/home/pboon09/ros2_ws/install/my_py_pkg/share/my_py_pkg/package.ps1'
[2.568s] INFO:colcon.colcon_core.shell:Creating package descriptor '/home/pboon09/ros2_ws/install/my_py_pkg/share/my_py_pkg/package.dsv'
[2.568s] INFO:colcon.colcon_core.shell:Creating package script '/home/pboon09/ros2_ws/install/my_py_pkg/share/my_py_pkg/package.sh'
[2.569s] INFO:colcon.colcon_core.shell:Creating package script '/home/pboon09/ros2_ws/install/my_py_pkg/share/my_py_pkg/package.bash'
[2.570s] INFO:colcon.colcon_core.shell:Creating package script '/home/pboon09/ros2_ws/install/my_py_pkg/share/my_py_pkg/package.zsh'
[2.570s] Level 1:colcon.colcon_core.environment:create_file_with_runtime_dependencies(/home/pboon09/ros2_ws/install/my_py_pkg/share/colcon-core/packages/my_py_pkg)
[2.571s] Level 1:colcon.colcon_core.environment:checking '/home/pboon09/ros2_ws/install/activity_service' for CMake module files
[2.572s] Level 1:colcon.colcon_core.environment:checking '/home/pboon09/ros2_ws/install/activity_service' for CMake config files
[2.572s] DEBUG:colcon.colcon_core.event_handler.log_command:Invoked command in '/home/pboon09/ros2_ws/src/activity_service' returned '0': PYTHONPATH=/home/pboon09/ros2_ws/build/activity_service/prefix_override:/home/pboon09/ros2_ws/install/activity_service/lib/python3.10/site-packages:${PYTHONPATH} /usr/bin/python3 -W ignore:setup.py install is deprecated setup.py egg_info --egg-base ../../build/activity_service build --build-base /home/pboon09/ros2_ws/build/activity_service/build install --record /home/pboon09/ros2_ws/build/activity_service/install.log --single-version-externally-managed install_data
[2.573s] Level 1:colcon.colcon_core.environment:checking '/home/pboon09/ros2_ws/install/activity_service/lib'
[2.573s] Level 1:colcon.colcon_core.environment:checking '/home/pboon09/ros2_ws/install/activity_service/bin'
[2.573s] Level 1:colcon.colcon_core.environment:checking '/home/pboon09/ros2_ws/install/activity_service/lib/pkgconfig/activity_service.pc'
[2.573s] Level 1:colcon.colcon_core.environment:checking '/home/pboon09/ros2_ws/install/activity_service/lib/python3.10/site-packages'
[2.573s] Level 1:colcon.colcon_core.shell:create_environment_hook('activity_service', 'pythonpath')
[2.574s] INFO:colcon.colcon_core.shell:Creating environment hook '/home/pboon09/ros2_ws/install/activity_service/share/activity_service/hook/pythonpath.ps1'
[2.574s] INFO:colcon.colcon_core.shell:Creating environment descriptor '/home/pboon09/ros2_ws/install/activity_service/share/activity_service/hook/pythonpath.dsv'
[2.575s] INFO:colcon.colcon_core.shell:Creating environment hook '/home/pboon09/ros2_ws/install/activity_service/share/activity_service/hook/pythonpath.sh'
[2.575s] Level 1:colcon.colcon_core.environment:checking '/home/pboon09/ros2_ws/install/activity_service/bin'
[2.575s] Level 1:colcon.colcon_core.environment:create_environment_scripts_only(activity_service)
[2.576s] INFO:colcon.colcon_core.shell:Creating package script '/home/pboon09/ros2_ws/install/activity_service/share/activity_service/package.ps1'
[2.576s] INFO:colcon.colcon_core.shell:Creating package descriptor '/home/pboon09/ros2_ws/install/activity_service/share/activity_service/package.dsv'
[2.577s] INFO:colcon.colcon_core.shell:Creating package script '/home/pboon09/ros2_ws/install/activity_service/share/activity_service/package.sh'
[2.577s] INFO:colcon.colcon_core.shell:Creating package script '/home/pboon09/ros2_ws/install/activity_service/share/activity_service/package.bash'
[2.577s] INFO:colcon.colcon_core.shell:Creating package script '/home/pboon09/ros2_ws/install/activity_service/share/activity_service/package.zsh'
[2.578s] Level 1:colcon.colcon_core.environment:create_file_with_runtime_dependencies(/home/pboon09/ros2_ws/install/activity_service/share/colcon-core/packages/activity_service)
[2.579s] Level 1:colcon.colcon_core.environment:checking '/home/pboon09/ros2_ws/install/service_py' for CMake module files
[2.580s] DEBUG:colcon.colcon_core.event_handler.log_command:Invoked command in '/home/pboon09/ros2_ws/src/service_py' returned '0': PYTHONPATH=/home/pboon09/ros2_ws/build/service_py/prefix_override:/home/pboon09/ros2_ws/install/service_py/lib/python3.10/site-packages:${PYTHONPATH} /usr/bin/python3 -W ignore:setup.py install is deprecated setup.py egg_info --egg-base ../../build/service_py build --build-base /home/pboon09/ros2_ws/build/service_py/build install --record /home/pboon09/ros2_ws/build/service_py/install.log --single-version-externally-managed install_data
[2.580s] Level 1:colcon.colcon_core.environment:checking '/home/pboon09/ros2_ws/install/service_py' for CMake config files
[2.581s] Level 1:colcon.colcon_core.environment:checking '/home/pboon09/ros2_ws/install/service_py/lib'
[2.581s] Level 1:colcon.colcon_core.environment:checking '/home/pboon09/ros2_ws/install/service_py/bin'
[2.581s] Level 1:colcon.colcon_core.environment:checking '/home/pboon09/ros2_ws/install/service_py/lib/pkgconfig/service_py.pc'
[2.581s] Level 1:colcon.colcon_core.environment:checking '/home/pboon09/ros2_ws/install/service_py/lib/python3.10/site-packages'
[2.582s] Level 1:colcon.colcon_core.shell:create_environment_hook('service_py', 'pythonpath')
[2.582s] INFO:colcon.colcon_core.shell:Creating environment hook '/home/pboon09/ros2_ws/install/service_py/share/service_py/hook/pythonpath.ps1'
[2.582s] INFO:colcon.colcon_core.shell:Creating environment descriptor '/home/pboon09/ros2_ws/install/service_py/share/service_py/hook/pythonpath.dsv'
[2.583s] INFO:colcon.colcon_core.shell:Creating environment hook '/home/pboon09/ros2_ws/install/service_py/share/service_py/hook/pythonpath.sh'
[2.584s] Level 1:colcon.colcon_core.environment:checking '/home/pboon09/ros2_ws/install/service_py/bin'
[2.584s] Level 1:colcon.colcon_core.environment:create_environment_scripts_only(service_py)
[2.584s] INFO:colcon.colcon_core.shell:Creating package script '/home/pboon09/ros2_ws/install/service_py/share/service_py/package.ps1'
[2.585s] INFO:colcon.colcon_core.shell:Creating package descriptor '/home/pboon09/ros2_ws/install/service_py/share/service_py/package.dsv'
[2.586s] INFO:colcon.colcon_core.shell:Creating package script '/home/pboon09/ros2_ws/install/service_py/share/service_py/package.sh'
[2.587s] INFO:colcon.colcon_core.shell:Creating package script '/home/pboon09/ros2_ws/install/service_py/share/service_py/package.bash'
[2.587s] INFO:colcon.colcon_core.shell:Creating package script '/home/pboon09/ros2_ws/install/service_py/share/service_py/package.zsh'
[2.588s] Level 1:colcon.colcon_core.environment:create_file_with_runtime_dependencies(/home/pboon09/ros2_ws/install/service_py/share/colcon-core/packages/service_py)
[2.602s] Level 1:colcon.colcon_core.environment:checking '/home/pboon09/ros2_ws/install/activity_topic_node' for CMake module files
[2.603s] DEBUG:colcon.colcon_core.event_handler.log_command:Invoked command in '/home/pboon09/ros2_ws/src/activity_topic_node' returned '0': PYTHONPATH=/home/pboon09/ros2_ws/build/activity_topic_node/prefix_override:/home/pboon09/ros2_ws/install/activity_topic_node/lib/python3.10/site-packages:${PYTHONPATH} /usr/bin/python3 -W ignore:setup.py install is deprecated setup.py egg_info --egg-base ../../build/activity_topic_node build --build-base /home/pboon09/ros2_ws/build/activity_topic_node/build install --record /home/pboon09/ros2_ws/build/activity_topic_node/install.log --single-version-externally-managed install_data
[2.603s] Level 1:colcon.colcon_core.environment:checking '/home/pboon09/ros2_ws/install/activity_topic_node' for CMake config files
[2.604s] Level 1:colcon.colcon_core.environment:checking '/home/pboon09/ros2_ws/install/activity_topic_node/lib'
[2.604s] Level 1:colcon.colcon_core.environment:checking '/home/pboon09/ros2_ws/install/activity_topic_node/bin'
[2.604s] Level 1:colcon.colcon_core.environment:checking '/home/pboon09/ros2_ws/install/activity_topic_node/lib/pkgconfig/activity_topic_node.pc'
[2.604s] Level 1:colcon.colcon_core.environment:checking '/home/pboon09/ros2_ws/install/activity_topic_node/lib/python3.10/site-packages'
[2.604s] Level 1:colcon.colcon_core.shell:create_environment_hook('activity_topic_node', 'pythonpath')
[2.604s] INFO:colcon.colcon_core.shell:Creating environment hook '/home/pboon09/ros2_ws/install/activity_topic_node/share/activity_topic_node/hook/pythonpath.ps1'
[2.605s] INFO:colcon.colcon_core.shell:Creating environment descriptor '/home/pboon09/ros2_ws/install/activity_topic_node/share/activity_topic_node/hook/pythonpath.dsv'
[2.605s] INFO:colcon.colcon_core.shell:Creating environment hook '/home/pboon09/ros2_ws/install/activity_topic_node/share/activity_topic_node/hook/pythonpath.sh'
[2.605s] Level 1:colcon.colcon_core.environment:checking '/home/pboon09/ros2_ws/install/activity_topic_node/bin'
[2.605s] Level 1:colcon.colcon_core.environment:create_environment_scripts_only(activity_topic_node)
[2.606s] INFO:colcon.colcon_core.shell:Creating package script '/home/pboon09/ros2_ws/install/activity_topic_node/share/activity_topic_node/package.ps1'
[2.606s] INFO:colcon.colcon_core.shell:Creating package descriptor '/home/pboon09/ros2_ws/install/activity_topic_node/share/activity_topic_node/package.dsv'
[2.607s] INFO:colcon.colcon_core.shell:Creating package script '/home/pboon09/ros2_ws/install/activity_topic_node/share/activity_topic_node/package.sh'
[2.607s] INFO:colcon.colcon_core.shell:Creating package script '/home/pboon09/ros2_ws/install/activity_topic_node/share/activity_topic_node/package.bash'
[2.607s] INFO:colcon.colcon_core.shell:Creating package script '/home/pboon09/ros2_ws/install/activity_topic_node/share/activity_topic_node/package.zsh'
[2.608s] Level 1:colcon.colcon_core.environment:create_file_with_runtime_dependencies(/home/pboon09/ros2_ws/install/activity_topic_node/share/colcon-core/packages/activity_topic_node)
[2.622s] Level 1:colcon.colcon_core.environment:checking '/home/pboon09/ros2_ws/install/try_topic_py' for CMake module files
[2.623s] DEBUG:colcon.colcon_core.event_handler.log_command:Invoked command in '/home/pboon09/ros2_ws/src/try_topic_py' returned '0': PYTHONPATH=/home/pboon09/ros2_ws/build/try_topic_py/prefix_override:/home/pboon09/ros2_ws/install/try_topic_py/lib/python3.10/site-packages:${PYTHONPATH} /usr/bin/python3 -W ignore:setup.py install is deprecated setup.py egg_info --egg-base ../../build/try_topic_py build --build-base /home/pboon09/ros2_ws/build/try_topic_py/build install --record /home/pboon09/ros2_ws/build/try_topic_py/install.log --single-version-externally-managed install_data
[2.623s] Level 1:colcon.colcon_core.environment:checking '/home/pboon09/ros2_ws/install/try_topic_py' for CMake config files
[2.623s] Level 1:colcon.colcon_core.environment:checking '/home/pboon09/ros2_ws/install/try_topic_py/lib'
[2.623s] Level 1:colcon.colcon_core.environment:checking '/home/pboon09/ros2_ws/install/try_topic_py/bin'
[2.623s] Level 1:colcon.colcon_core.environment:checking '/home/pboon09/ros2_ws/install/try_topic_py/lib/pkgconfig/try_topic_py.pc'
[2.624s] Level 1:colcon.colcon_core.environment:checking '/home/pboon09/ros2_ws/install/try_topic_py/lib/python3.10/site-packages'
[2.624s] Level 1:colcon.colcon_core.shell:create_environment_hook('try_topic_py', 'pythonpath')
[2.624s] INFO:colcon.colcon_core.shell:Creating environment hook '/home/pboon09/ros2_ws/install/try_topic_py/share/try_topic_py/hook/pythonpath.ps1'
[2.624s] INFO:colcon.colcon_core.shell:Creating environment descriptor '/home/pboon09/ros2_ws/install/try_topic_py/share/try_topic_py/hook/pythonpath.dsv'
[2.624s] INFO:colcon.colcon_core.shell:Creating environment hook '/home/pboon09/ros2_ws/install/try_topic_py/share/try_topic_py/hook/pythonpath.sh'
[2.625s] Level 1:colcon.colcon_core.environment:checking '/home/pboon09/ros2_ws/install/try_topic_py/bin'
[2.625s] Level 1:colcon.colcon_core.environment:create_environment_scripts_only(try_topic_py)
[2.625s] INFO:colcon.colcon_core.shell:Creating package script '/home/pboon09/ros2_ws/install/try_topic_py/share/try_topic_py/package.ps1'
[2.625s] INFO:colcon.colcon_core.shell:Creating package descriptor '/home/pboon09/ros2_ws/install/try_topic_py/share/try_topic_py/package.dsv'
[2.626s] INFO:colcon.colcon_core.shell:Creating package script '/home/pboon09/ros2_ws/install/try_topic_py/share/try_topic_py/package.sh'
[2.626s] INFO:colcon.colcon_core.shell:Creating package script '/home/pboon09/ros2_ws/install/try_topic_py/share/try_topic_py/package.bash'
[2.626s] INFO:colcon.colcon_core.shell:Creating package script '/home/pboon09/ros2_ws/install/try_topic_py/share/try_topic_py/package.zsh'
[2.627s] Level 1:colcon.colcon_core.environment:create_file_with_runtime_dependencies(/home/pboon09/ros2_ws/install/try_topic_py/share/colcon-core/packages/try_topic_py)
[2.627s] DEBUG:colcon.colcon_parallel_executor.executor.parallel:closing loop
[2.627s] DEBUG:colcon.colcon_parallel_executor.executor.parallel:loop closed
[2.627s] DEBUG:colcon.colcon_parallel_executor.executor.parallel:run_until_complete finished with '0'
[2.627s] DEBUG:colcon.colcon_core.event_reactor:joining thread
[2.634s] INFO:colcon.colcon_core.plugin_system:Skipping extension 'colcon_notification.desktop_notification.terminal_notifier': Not used on non-Darwin systems
[2.634s] INFO:colcon.colcon_core.plugin_system:Skipping extension 'colcon_notification.desktop_notification.win32': Not used on non-Windows systems
[2.634s] INFO:colcon.colcon_notification.desktop_notification:Sending desktop notification using 'notify2'
[2.647s] DEBUG:colcon.colcon_core.event_reactor:joined thread
[2.647s] INFO:colcon.colcon_core.shell:Creating prefix script '/home/pboon09/ros2_ws/install/local_setup.ps1'
[2.649s] INFO:colcon.colcon_core.shell:Creating prefix util module '/home/pboon09/ros2_ws/install/_local_setup_util_ps1.py'
[2.650s] INFO:colcon.colcon_core.shell:Creating prefix chain script '/home/pboon09/ros2_ws/install/setup.ps1'
[2.653s] INFO:colcon.colcon_core.shell:Creating prefix script '/home/pboon09/ros2_ws/install/local_setup.sh'
[2.654s] INFO:colcon.colcon_core.shell:Creating prefix util module '/home/pboon09/ros2_ws/install/_local_setup_util_sh.py'
[2.654s] INFO:colcon.colcon_core.shell:Creating prefix chain script '/home/pboon09/ros2_ws/install/setup.sh'
[2.656s] INFO:colcon.colcon_core.shell:Creating prefix script '/home/pboon09/ros2_ws/install/local_setup.bash'
[2.657s] INFO:colcon.colcon_core.shell:Creating prefix chain script '/home/pboon09/ros2_ws/install/setup.bash'
[2.659s] INFO:colcon.colcon_core.shell:Creating prefix script '/home/pboon09/ros2_ws/install/local_setup.zsh'
[2.660s] INFO:colcon.colcon_core.shell:Creating prefix chain script '/home/pboon09/ros2_ws/install/setup.zsh'
