[1.584s] Invoking command in '/home/pboon09/ros2_ws/src/my_py_pkg': PYTHONPATH=/home/pboon09/ros2_ws/build/my_py_pkg/prefix_override:/home/pboon09/ros2_ws/install/my_py_pkg/lib/python3.10/site-packages:${PYTHONPATH} /usr/bin/python3 -W ignore:setup.py install is deprecated setup.py egg_info --egg-base ../../build/my_py_pkg build --build-base /home/pboon09/ros2_ws/build/my_py_pkg/build install --record /home/pboon09/ros2_ws/build/my_py_pkg/install.log --single-version-externally-managed install_data
[1.841s] running egg_info
[1.842s] writing ../../build/my_py_pkg/my_py_pkg.egg-info/PKG-INFO
[1.842s] writing dependency_links to ../../build/my_py_pkg/my_py_pkg.egg-info/dependency_links.txt
[1.842s] writing entry points to ../../build/my_py_pkg/my_py_pkg.egg-info/entry_points.txt
[1.842s] writing requirements to ../../build/my_py_pkg/my_py_pkg.egg-info/requires.txt
[1.843s] writing top-level names to ../../build/my_py_pkg/my_py_pkg.egg-info/top_level.txt
[1.844s] reading manifest file '../../build/my_py_pkg/my_py_pkg.egg-info/SOURCES.txt'
[1.845s] writing manifest file '../../build/my_py_pkg/my_py_pkg.egg-info/SOURCES.txt'
[1.845s] running build
[1.845s] running build_py
[1.846s] running install
[1.846s] running install_lib
[1.848s] running install_data
[1.848s] running install_egg_info
[1.850s] removing '/home/pboon09/ros2_ws/install/my_py_pkg/lib/python3.10/site-packages/my_py_pkg-0.0.0-py3.10.egg-info' (and everything under it)
[1.850s] Copying ../../build/my_py_pkg/my_py_pkg.egg-info to /home/pboon09/ros2_ws/install/my_py_pkg/lib/python3.10/site-packages/my_py_pkg-0.0.0-py3.10.egg-info
[1.851s] running install_scripts
[1.874s] Installing py_node_1 script to /home/pboon09/ros2_ws/install/my_py_pkg/lib/my_py_pkg
[1.874s] Installing py_node_2 script to /home/pboon09/ros2_ws/install/my_py_pkg/lib/my_py_pkg
[1.874s] Installing py_node_3 script to /home/pboon09/ros2_ws/install/my_py_pkg/lib/my_py_pkg
[1.874s] writing list of installed files to '/home/pboon09/ros2_ws/build/my_py_pkg/install.log'
[1.927s] Invoked command in '/home/pboon09/ros2_ws/src/my_py_pkg' returned '0': PYTHONPATH=/home/pboon09/ros2_ws/build/my_py_pkg/prefix_override:/home/pboon09/ros2_ws/install/my_py_pkg/lib/python3.10/site-packages:${PYTHONPATH} /usr/bin/python3 -W ignore:setup.py install is deprecated setup.py egg_info --egg-base ../../build/my_py_pkg build --build-base /home/pboon09/ros2_ws/build/my_py_pkg/build install --record /home/pboon09/ros2_ws/build/my_py_pkg/install.log --single-version-externally-managed install_data
