[2.209s] Invoking command in '/home/pboon09/ros2_ws/src/activity_topic_node': PYTHONPATH=/home/pboon09/ros2_ws/build/activity_topic_node/prefix_override:/home/pboon09/ros2_ws/install/activity_topic_node/lib/python3.10/site-packages:${PYTHONPATH} /usr/bin/python3 -W ignore:setup.py install is deprecated setup.py egg_info --egg-base ../../build/activity_topic_node build --build-base /home/pboon09/ros2_ws/build/activity_topic_node/build install --record /home/pboon09/ros2_ws/build/activity_topic_node/install.log --single-version-externally-managed install_data
[2.490s] running egg_info
[2.491s] writing ../../build/activity_topic_node/activity_topic_node.egg-info/PKG-INFO
[2.491s] writing dependency_links to ../../build/activity_topic_node/activity_topic_node.egg-info/dependency_links.txt
[2.491s] writing entry points to ../../build/activity_topic_node/activity_topic_node.egg-info/entry_points.txt
[2.492s] writing requirements to ../../build/activity_topic_node/activity_topic_node.egg-info/requires.txt
[2.492s] writing top-level names to ../../build/activity_topic_node/activity_topic_node.egg-info/top_level.txt
[2.495s] reading manifest file '../../build/activity_topic_node/activity_topic_node.egg-info/SOURCES.txt'
[2.496s] writing manifest file '../../build/activity_topic_node/activity_topic_node.egg-info/SOURCES.txt'
[2.496s] running build
[2.496s] running build_py
[2.496s] running install
[2.497s] running install_lib
[2.499s] running install_data
[2.499s] running install_egg_info
[2.501s] removing '/home/pboon09/ros2_ws/install/activity_topic_node/lib/python3.10/site-packages/activity_topic_node-0.0.0-py3.10.egg-info' (and everything under it)
[2.502s] Copying ../../build/activity_topic_node/activity_topic_node.egg-info to /home/pboon09/ros2_ws/install/activity_topic_node/lib/python3.10/site-packages/activity_topic_node-0.0.0-py3.10.egg-info
[2.503s] running install_scripts
[2.528s] Installing number_counter script to /home/pboon09/ros2_ws/install/activity_topic_node/lib/activity_topic_node
[2.528s] Installing number_publisher script to /home/pboon09/ros2_ws/install/activity_topic_node/lib/activity_topic_node
[2.528s] writing list of installed files to '/home/pboon09/ros2_ws/build/activity_topic_node/install.log'
[2.586s] Invoked command in '/home/pboon09/ros2_ws/src/activity_topic_node' returned '0': PYTHONPATH=/home/pboon09/ros2_ws/build/activity_topic_node/prefix_override:/home/pboon09/ros2_ws/install/activity_topic_node/lib/python3.10/site-packages:${PYTHONPATH} /usr/bin/python3 -W ignore:setup.py install is deprecated setup.py egg_info --egg-base ../../build/activity_topic_node build --build-base /home/pboon09/ros2_ws/build/activity_topic_node/build install --record /home/pboon09/ros2_ws/build/activity_topic_node/install.log --single-version-externally-managed install_data
