running develop
Removing /home/pboon09/ros2_ws/install/service_py/lib/python3.10/site-packages/service-py.egg-link (link to .)
running egg_info
writing ../../build/service_py/service_py.egg-info/PKG-INFO
writing dependency_links to ../../build/service_py/service_py.egg-info/dependency_links.txt
writing entry points to ../../build/service_py/service_py.egg-info/entry_points.txt
writing requirements to ../../build/service_py/service_py.egg-info/requires.txt
writing top-level names to ../../build/service_py/service_py.egg-info/top_level.txt
reading manifest file '../../build/service_py/service_py.egg-info/SOURCES.txt'
writing manifest file '../../build/service_py/service_py.egg-info/SOURCES.txt'
running build
running build_py
creating /home/pboon09/ros2_ws/build/service_py/build
creating /home/pboon09/ros2_ws/build/service_py/build/lib
creating /home/pboon09/ros2_ws/build/service_py/build/lib/service_py
copying service_py/add_two_ints_server.py -> /home/pboon09/ros2_ws/build/service_py/build/lib/service_py
copying service_py/add_two_ints_client_no_oop.py -> /home/pboon09/ros2_ws/build/service_py/build/lib/service_py
copying service_py/__init__.py -> /home/pboon09/ros2_ws/build/service_py/build/lib/service_py
copying service_py/add_two_ints_client.py -> /home/pboon09/ros2_ws/build/service_py/build/lib/service_py
running install
running install_lib
creating /home/pboon09/ros2_ws/install/service_py/lib/python3.10/site-packages/service_py
copying /home/pboon09/ros2_ws/build/service_py/build/lib/service_py/add_two_ints_server.py -> /home/pboon09/ros2_ws/install/service_py/lib/python3.10/site-packages/service_py
copying /home/pboon09/ros2_ws/build/service_py/build/lib/service_py/add_two_ints_client_no_oop.py -> /home/pboon09/ros2_ws/install/service_py/lib/python3.10/site-packages/service_py
copying /home/pboon09/ros2_ws/build/service_py/build/lib/service_py/__init__.py -> /home/pboon09/ros2_ws/install/service_py/lib/python3.10/site-packages/service_py
copying /home/pboon09/ros2_ws/build/service_py/build/lib/service_py/add_two_ints_client.py -> /home/pboon09/ros2_ws/install/service_py/lib/python3.10/site-packages/service_py
byte-compiling /home/pboon09/ros2_ws/install/service_py/lib/python3.10/site-packages/service_py/add_two_ints_server.py to add_two_ints_server.cpython-310.pyc
byte-compiling /home/pboon09/ros2_ws/install/service_py/lib/python3.10/site-packages/service_py/add_two_ints_client_no_oop.py to add_two_ints_client_no_oop.cpython-310.pyc
byte-compiling /home/pboon09/ros2_ws/install/service_py/lib/python3.10/site-packages/service_py/__init__.py to __init__.cpython-310.pyc
byte-compiling /home/pboon09/ros2_ws/install/service_py/lib/python3.10/site-packages/service_py/add_two_ints_client.py to add_two_ints_client.cpython-310.pyc
running install_data
copying resource/service_py -> /home/pboon09/ros2_ws/install/service_py/share/ament_index/resource_index/packages
copying package.xml -> /home/pboon09/ros2_ws/install/service_py/share/service_py
running install_egg_info
Copying ../../build/service_py/service_py.egg-info to /home/pboon09/ros2_ws/install/service_py/lib/python3.10/site-packages/service_py-0.0.0-py3.10.egg-info
running install_scripts
Installing add_two_ints_client script to /home/pboon09/ros2_ws/install/service_py/lib/service_py
Installing add_two_ints_client_no_oop script to /home/pboon09/ros2_ws/install/service_py/lib/service_py
Installing add_two_ints_server script to /home/pboon09/ros2_ws/install/service_py/lib/service_py
writing list of installed files to '/home/pboon09/ros2_ws/build/service_py/install.log'
