[1.545s] Invoking command in '/home/pboon09/ros2_ws/src/my_py_pkg': PYTHONPATH=/home/pboon09/ros2_ws/build/my_py_pkg/prefix_override:/home/pboon09/ros2_ws/install/my_py_pkg/lib/python3.10/site-packages:${PYTHONPATH} /usr/bin/python3 -W ignore:setup.py install is deprecated setup.py egg_info --egg-base ../../build/my_py_pkg build --build-base /home/pboon09/ros2_ws/build/my_py_pkg/build install --record /home/pboon09/ros2_ws/build/my_py_pkg/install.log --single-version-externally-managed install_data
[1.823s] running egg_info
[1.824s] writing ../../build/my_py_pkg/my_py_pkg.egg-info/PKG-INFO
[1.824s] writing dependency_links to ../../build/my_py_pkg/my_py_pkg.egg-info/dependency_links.txt
[1.824s] writing entry points to ../../build/my_py_pkg/my_py_pkg.egg-info/entry_points.txt
[1.824s] writing requirements to ../../build/my_py_pkg/my_py_pkg.egg-info/requires.txt
[1.824s] writing top-level names to ../../build/my_py_pkg/my_py_pkg.egg-info/top_level.txt
[1.826s] reading manifest file '../../build/my_py_pkg/my_py_pkg.egg-info/SOURCES.txt'
[1.827s] writing manifest file '../../build/my_py_pkg/my_py_pkg.egg-info/SOURCES.txt'
[1.828s] running build
[1.828s] running build_py
[1.828s] running install
[1.828s] running install_lib
[1.830s] running install_data
[1.830s] running install_egg_info
[1.832s] removing '/home/pboon09/ros2_ws/install/my_py_pkg/lib/python3.10/site-packages/my_py_pkg-0.0.0-py3.10.egg-info' (and everything under it)
[1.832s] Copying ../../build/my_py_pkg/my_py_pkg.egg-info to /home/pboon09/ros2_ws/install/my_py_pkg/lib/python3.10/site-packages/my_py_pkg-0.0.0-py3.10.egg-info
[1.833s] running install_scripts
[1.855s] Installing py_node_1 script to /home/pboon09/ros2_ws/install/my_py_pkg/lib/my_py_pkg
[1.855s] Installing py_node_2 script to /home/pboon09/ros2_ws/install/my_py_pkg/lib/my_py_pkg
[1.855s] Installing py_node_3 script to /home/pboon09/ros2_ws/install/my_py_pkg/lib/my_py_pkg
[1.855s] writing list of installed files to '/home/pboon09/ros2_ws/build/my_py_pkg/install.log'
[1.908s] Invoked command in '/home/pboon09/ros2_ws/src/my_py_pkg' returned '0': PYTHONPATH=/home/pboon09/ros2_ws/build/my_py_pkg/prefix_override:/home/pboon09/ros2_ws/install/my_py_pkg/lib/python3.10/site-packages:${PYTHONPATH} /usr/bin/python3 -W ignore:setup.py install is deprecated setup.py egg_info --egg-base ../../build/my_py_pkg build --build-base /home/pboon09/ros2_ws/build/my_py_pkg/build install --record /home/pboon09/ros2_ws/build/my_py_pkg/install.log --single-version-externally-managed install_data
