running egg_info
writing ../../build/try_topic_py/try_topic_py.egg-info/PKG-INFO
writing dependency_links to ../../build/try_topic_py/try_topic_py.egg-info/dependency_links.txt
writing entry points to ../../build/try_topic_py/try_topic_py.egg-info/entry_points.txt
writing requirements to ../../build/try_topic_py/try_topic_py.egg-info/requires.txt
writing top-level names to ../../build/try_topic_py/try_topic_py.egg-info/top_level.txt
reading manifest file '../../build/try_topic_py/try_topic_py.egg-info/SOURCES.txt'
writing manifest file '../../build/try_topic_py/try_topic_py.egg-info/SOURCES.txt'
running build
running build_py
running install
running install_lib
running install_data
running install_egg_info
removing '/home/pboon09/ros2_ws/install/try_topic_py/lib/python3.10/site-packages/try_topic_py-0.0.0-py3.10.egg-info' (and everything under it)
Copying ../../build/try_topic_py/try_topic_py.egg-info to /home/pboon09/ros2_ws/install/try_topic_py/lib/python3.10/site-packages/try_topic_py-0.0.0-py3.10.egg-info
running install_scripts
Installing robot_news_station script to /home/pboon09/ros2_ws/install/try_topic_py/lib/try_topic_py
Installing smartphone script to /home/pboon09/ros2_ws/install/try_topic_py/lib/try_topic_py
writing list of installed files to '/home/pboon09/ros2_ws/build/try_topic_py/install.log'
