[ 33%] Built target add_two_ints_client_no_oop
[ 66%] Built target add_two_ints_server
[ 83%] [32mBuilding CXX object CMakeFiles/add_two_ints_client.dir/src/add_two_ints_client.cpp.o[0m
In file included from [01m[K/opt/ros/humble/include/rclcpp/rclcpp/logging.hpp:24[m[K,
                 from [01m[K/opt/ros/humble/include/rclcpp/rclcpp/client.hpp:40[m[K,
                 from [01m[K/opt/ros/humble/include/rclcpp/rclcpp/callback_group.hpp:24[m[K,
                 from [01m[K/opt/ros/humble/include/rclcpp/rclcpp/any_executable.hpp:20[m[K,
                 from [01m[K/opt/ros/humble/include/rclcpp/rclcpp/memory_strategy.hpp:25[m[K,
                 from [01m[K/opt/ros/humble/include/rclcpp/rclcpp/memory_strategies.hpp:18[m[K,
                 from [01m[K/opt/ros/humble/include/rclcpp/rclcpp/executor_options.hpp:20[m[K,
                 from [01m[K/opt/ros/humble/include/rclcpp/rclcpp/executor.hpp:37[m[K,
                 from [01m[K/opt/ros/humble/include/rclcpp/rclcpp/executors/multi_threaded_executor.hpp:25[m[K,
                 from [01m[K/opt/ros/humble/include/rclcpp/rclcpp/executors.hpp:21[m[K,
                 from [01m[K/opt/ros/humble/include/rclcpp/rclcpp/rclcpp.hpp:155[m[K,
                 from [01m[K/home/pboon09/ros2_ws/src/service_cpp/src/add_two_ints_client.cpp:1[m[K:
[01m[K/home/pboon09/ros2_ws/src/service_cpp/src/add_two_ints_client.cpp:[m[K In member function ‘[01m[Kvoid AddTwoIntsClientNode::callAddTwoIntsService(int, int)[m[K’:
[01m[K/home/pboon09/ros2_ws/src/service_cpp/src/add_two_ints_client.cpp:29:45:[m[K [01;35m[Kwarning: [m[Kformat ‘[01m[K%d[m[K’ expects argument of type ‘[01m[Kint[m[K’, but argument 7 has type ‘[01m[Kexample_interfaces::srv::AddTwoInts_Response_<std::allocator<void> >::_sum_type[m[K’ {aka ‘[01m[Klong int[m[K’} [[01;35m[K]8;;https://gcc.gnu.org/onlinedocs/gcc/Warning-Options.html#index-Wformat=-Wformat=]8;;[m[K]
   29 |             RCLCPP_INFO(this->get_logger(), [01;35m[K"%d + %d = %d"[m[K, a, b, [32m[Kresponse->sum[m[K);
      |                                             [01;35m[K^~~~~~~~~~~~~~[m[K        [32m[K~~~~~~~~~~~~~[m[K
      |                                                                             [32m[K|[m[K
      |                                                                             [32m[Kexample_interfaces::srv::AddTwoInts_Response_<std::allocator<void> >::_sum_type {aka long int}[m[K
[01m[K/home/pboon09/ros2_ws/src/service_cpp/src/add_two_ints_client.cpp:29:57:[m[K [01;36m[Knote: [m[Kformat string is defined here
   29 |             RCLCPP_INFO(this->get_logger(), "%d + %d = [01;36m[K%d[m[K", a, b, response->sum);
      |                                                        [01;36m[K~^[m[K
      |                                                         [01;36m[K|[m[K
      |                                                         [01;36m[Kint[m[K
      |                                                        [32m[K%ld[m[K
[100%] [32m[1mLinking CXX executable add_two_ints_client[0m
[100%] Built target add_two_ints_client
-- Install configuration: ""
-- Up-to-date: /home/pboon09/ros2_ws/install/service_cpp/lib/service_cpp/add_two_ints_server
-- Up-to-date: /home/pboon09/ros2_ws/install/service_cpp/lib/service_cpp/add_two_ints_client_no_oop
-- Installing: /home/pboon09/ros2_ws/install/service_cpp/lib/service_cpp/add_two_ints_client
-- Set runtime path of "/home/pboon09/ros2_ws/install/service_cpp/lib/service_cpp/add_two_ints_client" to ""
-- Up-to-date: /home/pboon09/ros2_ws/install/service_cpp/share/ament_index/resource_index/package_run_dependencies/service_cpp
-- Up-to-date: /home/pboon09/ros2_ws/install/service_cpp/share/ament_index/resource_index/parent_prefix_path/service_cpp
-- Up-to-date: /home/pboon09/ros2_ws/install/service_cpp/share/service_cpp/environment/ament_prefix_path.sh
-- Up-to-date: /home/pboon09/ros2_ws/install/service_cpp/share/service_cpp/environment/ament_prefix_path.dsv
-- Up-to-date: /home/pboon09/ros2_ws/install/service_cpp/share/service_cpp/environment/path.sh
-- Up-to-date: /home/pboon09/ros2_ws/install/service_cpp/share/service_cpp/environment/path.dsv
-- Up-to-date: /home/pboon09/ros2_ws/install/service_cpp/share/service_cpp/local_setup.bash
-- Up-to-date: /home/pboon09/ros2_ws/install/service_cpp/share/service_cpp/local_setup.sh
-- Up-to-date: /home/pboon09/ros2_ws/install/service_cpp/share/service_cpp/local_setup.zsh
-- Up-to-date: /home/pboon09/ros2_ws/install/service_cpp/share/service_cpp/local_setup.dsv
-- Installing: /home/pboon09/ros2_ws/install/service_cpp/share/service_cpp/package.dsv
-- Up-to-date: /home/pboon09/ros2_ws/install/service_cpp/share/ament_index/resource_index/packages/service_cpp
-- Up-to-date: /home/pboon09/ros2_ws/install/service_cpp/share/service_cpp/cmake/service_cppConfig.cmake
-- Up-to-date: /home/pboon09/ros2_ws/install/service_cpp/share/service_cpp/cmake/service_cppConfig-version.cmake
-- Up-to-date: /home/pboon09/ros2_ws/install/service_cpp/share/service_cpp/package.xml
