[0.549s] Invoking command in '/home/pboon09/ros2_ws/build/try_topic_cpp': CMAKE_PREFIX_PATH=${CMAKE_PREFIX_PATH}:/home/pboon09/ros2_ws/install/my_py_pkg:/home/pboon09/ros2_ws/install/TryTopic:/home/pboon09/microros_ws/install/sensor_msgs_py:/opt/ros/humble /usr/bin/cmake /home/pboon09/ros2_ws/src/try_topic_cpp -DCMAKE_INSTALL_PREFIX=/home/pboon09/ros2_ws/install/try_topic_cpp
[0.627s] -- The C compiler identification is GNU 11.4.0
[0.695s] -- The CXX compiler identification is GNU 11.4.0
[0.706s] -- Detecting C compiler ABI info
[0.811s] -- Detecting C compiler ABI info - done
[0.818s] -- Check for working C compiler: /usr/bin/cc - skipped
[0.818s] -- Detecting C compile features
[0.820s] -- Detecting C compile features - done
[0.822s] -- Detecting CXX compiler ABI info
[0.938s] -- Detecting CXX compiler ABI info - done
[0.949s] -- Check for working CXX compiler: /usr/bin/c++ - skipped
[0.949s] -- Detecting CXX compile features
[0.950s] -- Detecting CXX compile features - done
[0.960s] -- Found ament_cmake: 1.3.9 (/opt/ros/humble/share/ament_cmake/cmake)
[1.183s] -- Found Python3: /usr/bin/python3 (found version "3.10.12") found components: Interpreter 
[1.378s] -- Found rclcpp: 16.0.9 (/opt/ros/humble/share/rclcpp/cmake)
[1.484s] -- Found rosidl_generator_c: 3.1.5 (/opt/ros/humble/share/rosidl_generator_c/cmake)
[1.500s] -- Found rosidl_adapter: 3.1.5 (/opt/ros/humble/share/rosidl_adapter/cmake)
[1.524s] -- Found rosidl_generator_cpp: 3.1.5 (/opt/ros/humble/share/rosidl_generator_cpp/cmake)
[1.553s] -- Using all available rosidl_typesupport_c: rosidl_typesupport_microxrcedds_c;rosidl_typesupport_fastrtps_c;rosidl_typesupport_introspection_c
[1.612s] -- Using all available rosidl_typesupport_cpp: rosidl_typesupport_microxrcedds_cpp;rosidl_typesupport_fastrtps_cpp;rosidl_typesupport_introspection_cpp
[1.740s] -- Found rmw_implementation_cmake: 6.1.2 (/opt/ros/humble/share/rmw_implementation_cmake/cmake)
[1.749s] -- Found rmw_fastrtps_cpp: 6.2.6 (/opt/ros/humble/share/rmw_fastrtps_cpp/cmake)
[1.945s] -- Found OpenSSL: /usr/lib/x86_64-linux-gnu/libcrypto.so (found version "3.0.2")  
[1.983s] -- Found FastRTPS: /opt/ros/humble/include  
[2.048s] -- Using RMW implementation 'rmw_fastrtps_cpp' as default
[2.074s] -- Looking for pthread.h
[2.179s] -- Looking for pthread.h - found
[2.179s] -- Performing Test CMAKE_HAVE_LIBC_PTHREAD
[2.289s] -- Performing Test CMAKE_HAVE_LIBC_PTHREAD - Success
[2.289s] -- Found Threads: TRUE  
[2.453s] -- Found example_interfaces: 0.9.3 (/home/pboon09/microros_ws/install/example_interfaces/share/example_interfaces/cmake)
[2.678s] -- Configuring done
[2.694s] -- Generating done
[2.696s] -- Build files have been written to: /home/pboon09/ros2_ws/build/try_topic_cpp
[2.707s] Invoked command in '/home/pboon09/ros2_ws/build/try_topic_cpp' returned '0': CMAKE_PREFIX_PATH=${CMAKE_PREFIX_PATH}:/home/pboon09/ros2_ws/install/my_py_pkg:/home/pboon09/ros2_ws/install/TryTopic:/home/pboon09/microros_ws/install/sensor_msgs_py:/opt/ros/humble /usr/bin/cmake /home/pboon09/ros2_ws/src/try_topic_cpp -DCMAKE_INSTALL_PREFIX=/home/pboon09/ros2_ws/install/try_topic_cpp
[2.710s] Invoking command in '/home/pboon09/ros2_ws/build/try_topic_cpp': CMAKE_PREFIX_PATH=${CMAKE_PREFIX_PATH}:/home/pboon09/ros2_ws/install/my_py_pkg:/home/pboon09/ros2_ws/install/TryTopic:/home/pboon09/microros_ws/install/sensor_msgs_py:/opt/ros/humble /usr/bin/cmake --build /home/pboon09/ros2_ws/build/try_topic_cpp -- -j12 -l12
[2.799s] [ 50%] [32mBuilding CXX object CMakeFiles/robot_news_station.dir/src/robot_news_station.cpp.o[0m
[2.799s] [ 50%] [32mBuilding CXX object CMakeFiles/smartphone.dir/src/smartphone.cpp.o[0m
[6.525s] [ 75%] [32m[1mLinking CXX executable robot_news_station[0m
[6.739s] [ 75%] Built target robot_news_station
[9.545s] [100%] [32m[1mLinking CXX executable smartphone[0m
[9.961s] [100%] Built target smartphone
[9.978s] Invoked command in '/home/pboon09/ros2_ws/build/try_topic_cpp' returned '0': CMAKE_PREFIX_PATH=${CMAKE_PREFIX_PATH}:/home/pboon09/ros2_ws/install/my_py_pkg:/home/pboon09/ros2_ws/install/TryTopic:/home/pboon09/microros_ws/install/sensor_msgs_py:/opt/ros/humble /usr/bin/cmake --build /home/pboon09/ros2_ws/build/try_topic_cpp -- -j12 -l12
[10.045s] Invoking command in '/home/pboon09/ros2_ws/build/try_topic_cpp': CMAKE_PREFIX_PATH=${CMAKE_PREFIX_PATH}:/home/pboon09/ros2_ws/install/my_py_pkg:/home/pboon09/ros2_ws/install/TryTopic:/home/pboon09/microros_ws/install/sensor_msgs_py:/opt/ros/humble /usr/bin/cmake --install /home/pboon09/ros2_ws/build/try_topic_cpp
[10.057s] -- Install configuration: ""
[10.057s] -- Installing: /home/pboon09/ros2_ws/install/try_topic_cpp/lib/try_topic_cpp/robot_news_station
[10.059s] -- Set runtime path of "/home/pboon09/ros2_ws/install/try_topic_cpp/lib/try_topic_cpp/robot_news_station" to ""
[10.059s] -- Installing: /home/pboon09/ros2_ws/install/try_topic_cpp/lib/try_topic_cpp/smartphone
[10.063s] -- Set runtime path of "/home/pboon09/ros2_ws/install/try_topic_cpp/lib/try_topic_cpp/smartphone" to ""
[10.064s] -- Installing: /home/pboon09/ros2_ws/install/try_topic_cpp/share/ament_index/resource_index/package_run_dependencies/try_topic_cpp
[10.064s] -- Installing: /home/pboon09/ros2_ws/install/try_topic_cpp/share/ament_index/resource_index/parent_prefix_path/try_topic_cpp
[10.064s] -- Installing: /home/pboon09/ros2_ws/install/try_topic_cpp/share/try_topic_cpp/environment/ament_prefix_path.sh
[10.064s] -- Installing: /home/pboon09/ros2_ws/install/try_topic_cpp/share/try_topic_cpp/environment/ament_prefix_path.dsv
[10.064s] -- Installing: /home/pboon09/ros2_ws/install/try_topic_cpp/share/try_topic_cpp/environment/path.sh
[10.064s] -- Installing: /home/pboon09/ros2_ws/install/try_topic_cpp/share/try_topic_cpp/environment/path.dsv
[10.065s] -- Installing: /home/pboon09/ros2_ws/install/try_topic_cpp/share/try_topic_cpp/local_setup.bash
[10.065s] -- Installing: /home/pboon09/ros2_ws/install/try_topic_cpp/share/try_topic_cpp/local_setup.sh
[10.065s] -- Installing: /home/pboon09/ros2_ws/install/try_topic_cpp/share/try_topic_cpp/local_setup.zsh
[10.065s] -- Installing: /home/pboon09/ros2_ws/install/try_topic_cpp/share/try_topic_cpp/local_setup.dsv
[10.065s] -- Installing: /home/pboon09/ros2_ws/install/try_topic_cpp/share/try_topic_cpp/package.dsv
[10.065s] -- Installing: /home/pboon09/ros2_ws/install/try_topic_cpp/share/ament_index/resource_index/packages/try_topic_cpp
[10.065s] -- Installing: /home/pboon09/ros2_ws/install/try_topic_cpp/share/try_topic_cpp/cmake/try_topic_cppConfig.cmake
[10.066s] -- Installing: /home/pboon09/ros2_ws/install/try_topic_cpp/share/try_topic_cpp/cmake/try_topic_cppConfig-version.cmake
[10.066s] -- Installing: /home/pboon09/ros2_ws/install/try_topic_cpp/share/try_topic_cpp/package.xml
[10.068s] Invoked command in '/home/pboon09/ros2_ws/build/try_topic_cpp' returned '0': CMAKE_PREFIX_PATH=${CMAKE_PREFIX_PATH}:/home/pboon09/ros2_ws/install/my_py_pkg:/home/pboon09/ros2_ws/install/TryTopic:/home/pboon09/microros_ws/install/sensor_msgs_py:/opt/ros/humble /usr/bin/cmake --install /home/pboon09/ros2_ws/build/try_topic_cpp
