[2.185s] Invoking command in '/home/pboon09/ros2_ws/src/activity_topic_node': PYTHONPATH=/home/pboon09/ros2_ws/build/activity_topic_node/prefix_override:/home/pboon09/ros2_ws/install/activity_topic_node/lib/python3.10/site-packages:${PYTHONPATH} /usr/bin/python3 -W ignore:setup.py install is deprecated setup.py egg_info --egg-base ../../build/activity_topic_node build --build-base /home/pboon09/ros2_ws/build/activity_topic_node/build install --record /home/pboon09/ros2_ws/build/activity_topic_node/install.log --single-version-externally-managed install_data
[2.453s] running egg_info
[2.453s] writing ../../build/activity_topic_node/activity_topic_node.egg-info/PKG-INFO
[2.454s] writing dependency_links to ../../build/activity_topic_node/activity_topic_node.egg-info/dependency_links.txt
[2.454s] writing entry points to ../../build/activity_topic_node/activity_topic_node.egg-info/entry_points.txt
[2.454s] writing requirements to ../../build/activity_topic_node/activity_topic_node.egg-info/requires.txt
[2.454s] writing top-level names to ../../build/activity_topic_node/activity_topic_node.egg-info/top_level.txt
[2.456s] reading manifest file '../../build/activity_topic_node/activity_topic_node.egg-info/SOURCES.txt'
[2.457s] writing manifest file '../../build/activity_topic_node/activity_topic_node.egg-info/SOURCES.txt'
[2.458s] running build
[2.458s] running build_py
[2.458s] running install
[2.458s] running install_lib
[2.460s] running install_data
[2.460s] running install_egg_info
[2.462s] removing '/home/pboon09/ros2_ws/install/activity_topic_node/lib/python3.10/site-packages/activity_topic_node-0.0.0-py3.10.egg-info' (and everything under it)
[2.462s] Copying ../../build/activity_topic_node/activity_topic_node.egg-info to /home/pboon09/ros2_ws/install/activity_topic_node/lib/python3.10/site-packages/activity_topic_node-0.0.0-py3.10.egg-info
[2.463s] running install_scripts
[2.486s] Installing number_counter script to /home/pboon09/ros2_ws/install/activity_topic_node/lib/activity_topic_node
[2.486s] Installing number_publisher script to /home/pboon09/ros2_ws/install/activity_topic_node/lib/activity_topic_node
[2.486s] writing list of installed files to '/home/pboon09/ros2_ws/build/activity_topic_node/install.log'
[2.540s] Invoked command in '/home/pboon09/ros2_ws/src/activity_topic_node' returned '0': PYTHONPATH=/home/pboon09/ros2_ws/build/activity_topic_node/prefix_override:/home/pboon09/ros2_ws/install/activity_topic_node/lib/python3.10/site-packages:${PYTHONPATH} /usr/bin/python3 -W ignore:setup.py install is deprecated setup.py egg_info --egg-base ../../build/activity_topic_node build --build-base /home/pboon09/ros2_ws/build/activity_topic_node/build install --record /home/pboon09/ros2_ws/build/activity_topic_node/install.log --single-version-externally-managed install_data
