[0.839s] Invoking command in '/home/pboon09/ros2_ws/build/my_robot_interfaces': CMAKE_PREFIX_PATH=${CMAKE_PREFIX_PATH}:/home/pboon09/ros2_ws/install/my_py_pkg:/home/pboon09/ros2_ws/install/TryTopic:/home/pboon09/microros_ws/install/sensor_msgs_py:/opt/ros/humble /usr/bin/cmake /home/pboon09/ros2_ws/src/my_robot_interfaces -DCMAKE_INSTALL_PREFIX=/home/pboon09/ros2_ws/install/my_robot_interfaces
[1.116s] -- The C compiler identification is GNU 11.4.0
[1.116s] -- The CXX compiler identification is GNU 11.4.0
[1.117s] -- Detecting C compiler ABI info
[1.117s] -- Detecting C compiler ABI info - done
[1.120s] -- Check for working C compiler: /usr/bin/cc - skipped
[1.121s] -- Detecting C compile features
[1.121s] -- Detecting C compile features - done
[1.125s] -- Detecting CXX compiler ABI info
[1.236s] -- Detecting CXX compiler ABI info - done
[1.243s] -- Check for working CXX compiler: /usr/bin/c++ - skipped
[1.243s] -- Detecting CXX compile features
[1.244s] -- Detecting CXX compile features - done
[1.253s] -- Found ament_cmake: 1.3.9 (/opt/ros/humble/share/ament_cmake/cmake)
[1.479s] -- Found Python3: /usr/bin/python3 (found version "3.10.12") found components: Interpreter 
[1.735s] -- Found rosidl_default_generators: 1.2.0 (/opt/ros/humble/share/rosidl_default_generators/cmake)
[1.758s] -- Using all available rosidl_typesupport_c: rosidl_typesupport_microxrcedds_c;rosidl_typesupport_fastrtps_c;rosidl_typesupport_introspection_c
[1.787s] -- Found rosidl_adapter: 3.1.5 (/opt/ros/humble/share/rosidl_adapter/cmake)
[1.917s] -- Using all available rosidl_typesupport_cpp: rosidl_typesupport_microxrcedds_cpp;rosidl_typesupport_fastrtps_cpp;rosidl_typesupport_introspection_cpp
[1.997s] [31mCMake Error at CMakeLists.txt:16 (rosidl_default_generators):
[1.997s]   Unknown CMake command "rosidl_default_generators".
[1.997s] 
[1.998s] [0m
[1.998s] -- Configuring incomplete, errors occurred!
[1.998s] See also "/home/pboon09/ros2_ws/build/my_robot_interfaces/CMakeFiles/CMakeOutput.log".
[2.003s] Invoked command in '/home/pboon09/ros2_ws/build/my_robot_interfaces' returned '1': CMAKE_PREFIX_PATH=${CMAKE_PREFIX_PATH}:/home/pboon09/ros2_ws/install/my_py_pkg:/home/pboon09/ros2_ws/install/TryTopic:/home/pboon09/microros_ws/install/sensor_msgs_py:/opt/ros/humble /usr/bin/cmake /home/pboon09/ros2_ws/src/my_robot_interfaces -DCMAKE_INSTALL_PREFIX=/home/pboon09/ros2_ws/install/my_robot_interfaces
