[1.823s] Invoking command in '/home/pboon09/ros2_ws/src/my_py_pkg': PYTHONPATH=/home/pboon09/ros2_ws/build/my_py_pkg/prefix_override:/home/pboon09/ros2_ws/install/my_py_pkg/lib/python3.10/site-packages:${PYTHONPATH} /usr/bin/python3 -W ignore:setup.py install is deprecated setup.py egg_info --egg-base ../../build/my_py_pkg build --build-base /home/pboon09/ros2_ws/build/my_py_pkg/build install --record /home/pboon09/ros2_ws/build/my_py_pkg/install.log --single-version-externally-managed install_data
[2.089s] running egg_info
[2.090s] writing ../../build/my_py_pkg/my_py_pkg.egg-info/PKG-INFO
[2.090s] writing dependency_links to ../../build/my_py_pkg/my_py_pkg.egg-info/dependency_links.txt
[2.090s] writing entry points to ../../build/my_py_pkg/my_py_pkg.egg-info/entry_points.txt
[2.090s] writing requirements to ../../build/my_py_pkg/my_py_pkg.egg-info/requires.txt
[2.090s] writing top-level names to ../../build/my_py_pkg/my_py_pkg.egg-info/top_level.txt
[2.092s] reading manifest file '../../build/my_py_pkg/my_py_pkg.egg-info/SOURCES.txt'
[2.093s] writing manifest file '../../build/my_py_pkg/my_py_pkg.egg-info/SOURCES.txt'
[2.093s] running build
[2.093s] running build_py
[2.093s] running install
[2.094s] running install_lib
[2.095s] running install_data
[2.095s] running install_egg_info
[2.097s] removing '/home/pboon09/ros2_ws/install/my_py_pkg/lib/python3.10/site-packages/my_py_pkg-0.0.0-py3.10.egg-info' (and everything under it)
[2.098s] Copying ../../build/my_py_pkg/my_py_pkg.egg-info to /home/pboon09/ros2_ws/install/my_py_pkg/lib/python3.10/site-packages/my_py_pkg-0.0.0-py3.10.egg-info
[2.098s] running install_scripts
[2.120s] Installing py_node_1 script to /home/pboon09/ros2_ws/install/my_py_pkg/lib/my_py_pkg
[2.120s] Installing py_node_2 script to /home/pboon09/ros2_ws/install/my_py_pkg/lib/my_py_pkg
[2.120s] Installing py_node_3 script to /home/pboon09/ros2_ws/install/my_py_pkg/lib/my_py_pkg
[2.121s] writing list of installed files to '/home/pboon09/ros2_ws/build/my_py_pkg/install.log'
[2.168s] Invoked command in '/home/pboon09/ros2_ws/src/my_py_pkg' returned '0': PYTHONPATH=/home/pboon09/ros2_ws/build/my_py_pkg/prefix_override:/home/pboon09/ros2_ws/install/my_py_pkg/lib/python3.10/site-packages:${PYTHONPATH} /usr/bin/python3 -W ignore:setup.py install is deprecated setup.py egg_info --egg-base ../../build/my_py_pkg build --build-base /home/pboon09/ros2_ws/build/my_py_pkg/build install --record /home/pboon09/ros2_ws/build/my_py_pkg/install.log --single-version-externally-managed install_data
