running egg_info
writing ../../build/activity_topic_node/activity_topic_node.egg-info/PKG-INFO
writing dependency_links to ../../build/activity_topic_node/activity_topic_node.egg-info/dependency_links.txt
writing entry points to ../../build/activity_topic_node/activity_topic_node.egg-info/entry_points.txt
writing requirements to ../../build/activity_topic_node/activity_topic_node.egg-info/requires.txt
writing top-level names to ../../build/activity_topic_node/activity_topic_node.egg-info/top_level.txt
reading manifest file '../../build/activity_topic_node/activity_topic_node.egg-info/SOURCES.txt'
writing manifest file '../../build/activity_topic_node/activity_topic_node.egg-info/SOURCES.txt'
running build
running build_py
running install
running install_lib
running install_data
running install_egg_info
removing '/home/pboon09/ros2_ws/install/activity_topic_node/lib/python3.10/site-packages/activity_topic_node-0.0.0-py3.10.egg-info' (and everything under it)
Copying ../../build/activity_topic_node/activity_topic_node.egg-info to /home/pboon09/ros2_ws/install/activity_topic_node/lib/python3.10/site-packages/activity_topic_node-0.0.0-py3.10.egg-info
running install_scripts
Installing number_counter script to /home/pboon09/ros2_ws/install/activity_topic_node/lib/activity_topic_node
Installing number_publisher script to /home/pboon09/ros2_ws/install/activity_topic_node/lib/activity_topic_node
writing list of installed files to '/home/pboon09/ros2_ws/build/activity_topic_node/install.log'
