[100%] Built target robot_news_station
[100%] Built target smartphone
-- Install configuration: ""
-- Up-to-date: /home/pboon09/ros2_ws/install/try_topic_cpp/lib/try_topic_cpp/robot_news_station
-- Up-to-date: /home/pboon09/ros2_ws/install/try_topic_cpp/lib/try_topic_cpp/smartphone
-- Up-to-date: /home/pboon09/ros2_ws/install/try_topic_cpp/share/ament_index/resource_index/package_run_dependencies/try_topic_cpp
-- Up-to-date: /home/pboon09/ros2_ws/install/try_topic_cpp/share/ament_index/resource_index/parent_prefix_path/try_topic_cpp
-- Up-to-date: /home/pboon09/ros2_ws/install/try_topic_cpp/share/try_topic_cpp/environment/ament_prefix_path.sh
-- Up-to-date: /home/pboon09/ros2_ws/install/try_topic_cpp/share/try_topic_cpp/environment/ament_prefix_path.dsv
-- Up-to-date: /home/pboon09/ros2_ws/install/try_topic_cpp/share/try_topic_cpp/environment/path.sh
-- Up-to-date: /home/pboon09/ros2_ws/install/try_topic_cpp/share/try_topic_cpp/environment/path.dsv
-- Up-to-date: /home/pboon09/ros2_ws/install/try_topic_cpp/share/try_topic_cpp/local_setup.bash
-- Up-to-date: /home/pboon09/ros2_ws/install/try_topic_cpp/share/try_topic_cpp/local_setup.sh
-- Up-to-date: /home/pboon09/ros2_ws/install/try_topic_cpp/share/try_topic_cpp/local_setup.zsh
-- Up-to-date: /home/pboon09/ros2_ws/install/try_topic_cpp/share/try_topic_cpp/local_setup.dsv
-- Installing: /home/pboon09/ros2_ws/install/try_topic_cpp/share/try_topic_cpp/package.dsv
-- Up-to-date: /home/pboon09/ros2_ws/install/try_topic_cpp/share/ament_index/resource_index/packages/try_topic_cpp
-- Up-to-date: /home/pboon09/ros2_ws/install/try_topic_cpp/share/try_topic_cpp/cmake/try_topic_cppConfig.cmake
-- Up-to-date: /home/pboon09/ros2_ws/install/try_topic_cpp/share/try_topic_cpp/cmake/try_topic_cppConfig-version.cmake
-- Up-to-date: /home/pboon09/ros2_ws/install/try_topic_cpp/share/try_topic_cpp/package.xml
