[1.836s] Invoking command in '/home/pboon09/ros2_ws/src/activity_service': PYTHONPATH=/home/pboon09/ros2_ws/build/activity_service/prefix_override:/home/pboon09/ros2_ws/install/activity_service/lib/python3.10/site-packages:${PYTHONPATH} /usr/bin/python3 -W ignore:setup.py install is deprecated setup.py egg_info --egg-base ../../build/activity_service build --build-base /home/pboon09/ros2_ws/build/activity_service/build install --record /home/pboon09/ros2_ws/build/activity_service/install.log --single-version-externally-managed install_data
[2.088s] running egg_info
[2.089s] creating ../../build/activity_service/activity_service.egg-info
[2.089s] writing ../../build/activity_service/activity_service.egg-info/PKG-INFO
[2.089s] writing dependency_links to ../../build/activity_service/activity_service.egg-info/dependency_links.txt
[2.089s] writing entry points to ../../build/activity_service/activity_service.egg-info/entry_points.txt
[2.090s] writing requirements to ../../build/activity_service/activity_service.egg-info/requires.txt
[2.090s] writing top-level names to ../../build/activity_service/activity_service.egg-info/top_level.txt
[2.090s] writing manifest file '../../build/activity_service/activity_service.egg-info/SOURCES.txt'
[2.091s] reading manifest file '../../build/activity_service/activity_service.egg-info/SOURCES.txt'
[2.092s] writing manifest file '../../build/activity_service/activity_service.egg-info/SOURCES.txt'
[2.092s] running build
[2.092s] running build_py
[2.092s] creating /home/pboon09/ros2_ws/build/activity_service/build
[2.092s] creating /home/pboon09/ros2_ws/build/activity_service/build/lib
[2.093s] creating /home/pboon09/ros2_ws/build/activity_service/build/lib/activity_service
[2.093s] copying activity_service/number_publisher.py -> /home/pboon09/ros2_ws/build/activity_service/build/lib/activity_service
[2.093s] copying activity_service/number_counter.py -> /home/pboon09/ros2_ws/build/activity_service/build/lib/activity_service
[2.093s] copying activity_service/__init__.py -> /home/pboon09/ros2_ws/build/activity_service/build/lib/activity_service
[2.093s] running install
[2.093s] running install_lib
[2.094s] creating /home/pboon09/ros2_ws/install/activity_service/lib/python3.10/site-packages/activity_service
[2.094s] copying /home/pboon09/ros2_ws/build/activity_service/build/lib/activity_service/number_publisher.py -> /home/pboon09/ros2_ws/install/activity_service/lib/python3.10/site-packages/activity_service
[2.094s] copying /home/pboon09/ros2_ws/build/activity_service/build/lib/activity_service/number_counter.py -> /home/pboon09/ros2_ws/install/activity_service/lib/python3.10/site-packages/activity_service
[2.094s] copying /home/pboon09/ros2_ws/build/activity_service/build/lib/activity_service/__init__.py -> /home/pboon09/ros2_ws/install/activity_service/lib/python3.10/site-packages/activity_service
[2.095s] byte-compiling /home/pboon09/ros2_ws/install/activity_service/lib/python3.10/site-packages/activity_service/number_publisher.py to number_publisher.cpython-310.pyc
[2.095s] byte-compiling /home/pboon09/ros2_ws/install/activity_service/lib/python3.10/site-packages/activity_service/number_counter.py to number_counter.cpython-310.pyc
[2.095s] byte-compiling /home/pboon09/ros2_ws/install/activity_service/lib/python3.10/site-packages/activity_service/__init__.py to __init__.cpython-310.pyc
[2.096s] running install_data
[2.096s] creating /home/pboon09/ros2_ws/install/activity_service/share/ament_index
[2.096s] creating /home/pboon09/ros2_ws/install/activity_service/share/ament_index/resource_index
[2.096s] creating /home/pboon09/ros2_ws/install/activity_service/share/ament_index/resource_index/packages
[2.096s] copying resource/activity_service -> /home/pboon09/ros2_ws/install/activity_service/share/ament_index/resource_index/packages
[2.096s] copying package.xml -> /home/pboon09/ros2_ws/install/activity_service/share/activity_service
[2.096s] running install_egg_info
[2.098s] Copying ../../build/activity_service/activity_service.egg-info to /home/pboon09/ros2_ws/install/activity_service/lib/python3.10/site-packages/activity_service-0.0.0-py3.10.egg-info
[2.099s] running install_scripts
[2.119s] Installing number_counter script to /home/pboon09/ros2_ws/install/activity_service/lib/activity_service
[2.119s] Installing number_publisher script to /home/pboon09/ros2_ws/install/activity_service/lib/activity_service
[2.119s] writing list of installed files to '/home/pboon09/ros2_ws/build/activity_service/install.log'
[2.180s] Invoked command in '/home/pboon09/ros2_ws/src/activity_service' returned '0': PYTHONPATH=/home/pboon09/ros2_ws/build/activity_service/prefix_override:/home/pboon09/ros2_ws/install/activity_service/lib/python3.10/site-packages:${PYTHONPATH} /usr/bin/python3 -W ignore:setup.py install is deprecated setup.py egg_info --egg-base ../../build/activity_service build --build-base /home/pboon09/ros2_ws/build/activity_service/build install --record /home/pboon09/ros2_ws/build/activity_service/install.log --single-version-externally-managed install_data
