running egg_info
creating ../../build/activity_service/activity_service.egg-info
writing ../../build/activity_service/activity_service.egg-info/PKG-INFO
writing dependency_links to ../../build/activity_service/activity_service.egg-info/dependency_links.txt
writing entry points to ../../build/activity_service/activity_service.egg-info/entry_points.txt
writing requirements to ../../build/activity_service/activity_service.egg-info/requires.txt
writing top-level names to ../../build/activity_service/activity_service.egg-info/top_level.txt
writing manifest file '../../build/activity_service/activity_service.egg-info/SOURCES.txt'
reading manifest file '../../build/activity_service/activity_service.egg-info/SOURCES.txt'
writing manifest file '../../build/activity_service/activity_service.egg-info/SOURCES.txt'
running build
running build_py
creating /home/pboon09/ros2_ws/build/activity_service/build
creating /home/pboon09/ros2_ws/build/activity_service/build/lib
creating /home/pboon09/ros2_ws/build/activity_service/build/lib/activity_service
copying activity_service/number_publisher.py -> /home/pboon09/ros2_ws/build/activity_service/build/lib/activity_service
copying activity_service/number_counter.py -> /home/pboon09/ros2_ws/build/activity_service/build/lib/activity_service
copying activity_service/__init__.py -> /home/pboon09/ros2_ws/build/activity_service/build/lib/activity_service
running install
running install_lib
creating /home/pboon09/ros2_ws/install/activity_service/lib/python3.10/site-packages/activity_service
copying /home/pboon09/ros2_ws/build/activity_service/build/lib/activity_service/number_publisher.py -> /home/pboon09/ros2_ws/install/activity_service/lib/python3.10/site-packages/activity_service
copying /home/pboon09/ros2_ws/build/activity_service/build/lib/activity_service/number_counter.py -> /home/pboon09/ros2_ws/install/activity_service/lib/python3.10/site-packages/activity_service
copying /home/pboon09/ros2_ws/build/activity_service/build/lib/activity_service/__init__.py -> /home/pboon09/ros2_ws/install/activity_service/lib/python3.10/site-packages/activity_service
byte-compiling /home/pboon09/ros2_ws/install/activity_service/lib/python3.10/site-packages/activity_service/number_publisher.py to number_publisher.cpython-310.pyc
byte-compiling /home/pboon09/ros2_ws/install/activity_service/lib/python3.10/site-packages/activity_service/number_counter.py to number_counter.cpython-310.pyc
byte-compiling /home/pboon09/ros2_ws/install/activity_service/lib/python3.10/site-packages/activity_service/__init__.py to __init__.cpython-310.pyc
running install_data
creating /home/pboon09/ros2_ws/install/activity_service/share/ament_index
creating /home/pboon09/ros2_ws/install/activity_service/share/ament_index/resource_index
creating /home/pboon09/ros2_ws/install/activity_service/share/ament_index/resource_index/packages
copying resource/activity_service -> /home/pboon09/ros2_ws/install/activity_service/share/ament_index/resource_index/packages
copying package.xml -> /home/pboon09/ros2_ws/install/activity_service/share/activity_service
running install_egg_info
Copying ../../build/activity_service/activity_service.egg-info to /home/pboon09/ros2_ws/install/activity_service/lib/python3.10/site-packages/activity_service-0.0.0-py3.10.egg-info
running install_scripts
Installing number_counter script to /home/pboon09/ros2_ws/install/activity_service/lib/activity_service
Installing number_publisher script to /home/pboon09/ros2_ws/install/activity_service/lib/activity_service
writing list of installed files to '/home/pboon09/ros2_ws/build/activity_service/install.log'
