[1.538s] Invoking command in '/home/pboon09/ros2_ws/src/service_py': PYTHONPATH=/home/pboon09/ros2_ws/build/service_py/prefix_override:/home/pboon09/ros2_ws/install/service_py/lib/python3.10/site-packages:${PYTHONPATH} /usr/bin/python3 -W ignore:setup.py install is deprecated setup.py egg_info --egg-base ../../build/service_py build --build-base /home/pboon09/ros2_ws/build/service_py/build install --record /home/pboon09/ros2_ws/build/service_py/install.log --single-version-externally-managed install_data
[1.794s] running egg_info
[1.795s] writing ../../build/service_py/service_py.egg-info/PKG-INFO
[1.795s] writing dependency_links to ../../build/service_py/service_py.egg-info/dependency_links.txt
[1.795s] writing entry points to ../../build/service_py/service_py.egg-info/entry_points.txt
[1.795s] writing requirements to ../../build/service_py/service_py.egg-info/requires.txt
[1.795s] writing top-level names to ../../build/service_py/service_py.egg-info/top_level.txt
[1.797s] reading manifest file '../../build/service_py/service_py.egg-info/SOURCES.txt'
[1.798s] writing manifest file '../../build/service_py/service_py.egg-info/SOURCES.txt'
[1.799s] running build
[1.799s] running build_py
[1.799s] running install
[1.800s] running install_lib
[1.801s] running install_data
[1.801s] running install_egg_info
[1.803s] removing '/home/pboon09/ros2_ws/install/service_py/lib/python3.10/site-packages/service_py-0.0.0-py3.10.egg-info' (and everything under it)
[1.804s] Copying ../../build/service_py/service_py.egg-info to /home/pboon09/ros2_ws/install/service_py/lib/python3.10/site-packages/service_py-0.0.0-py3.10.egg-info
[1.805s] running install_scripts
[1.827s] Installing add_two_ints_client script to /home/pboon09/ros2_ws/install/service_py/lib/service_py
[1.827s] Installing add_two_ints_client_no_oop script to /home/pboon09/ros2_ws/install/service_py/lib/service_py
[1.827s] Installing add_two_ints_server script to /home/pboon09/ros2_ws/install/service_py/lib/service_py
[1.828s] writing list of installed files to '/home/pboon09/ros2_ws/build/service_py/install.log'
[1.881s] Invoked command in '/home/pboon09/ros2_ws/src/service_py' returned '0': PYTHONPATH=/home/pboon09/ros2_ws/build/service_py/prefix_override:/home/pboon09/ros2_ws/install/service_py/lib/python3.10/site-packages:${PYTHONPATH} /usr/bin/python3 -W ignore:setup.py install is deprecated setup.py egg_info --egg-base ../../build/service_py build --build-base /home/pboon09/ros2_ws/build/service_py/build install --record /home/pboon09/ros2_ws/build/service_py/install.log --single-version-externally-managed install_data
