[0.848s] Invoking command in '/home/pboon09/ros2_ws/build/my_robot_interfaces': CMAKE_PREFIX_PATH=${CMAKE_PREFIX_PATH}:/home/pboon09/ros2_ws/install/my_py_pkg:/home/pboon09/ros2_ws/install/TryTopic:/home/pboon09/microros_ws/install/sensor_msgs_py:/opt/ros/humble /usr/bin/cmake /home/pboon09/ros2_ws/src/my_robot_interfaces -DCMAKE_INSTALL_PREFIX=/home/pboon09/ros2_ws/install/my_robot_interfaces
[1.129s] -- Found ament_cmake: 1.3.9 (/opt/ros/humble/share/ament_cmake/cmake)
[1.129s] -- Found rosidl_default_generators: 1.2.0 (/opt/ros/humble/share/rosidl_default_generators/cmake)
[1.129s] -- Using all available rosidl_typesupport_c: rosidl_typesupport_microxrcedds_c;rosidl_typesupport_fastrtps_c;rosidl_typesupport_introspection_c
[1.129s] -- Found rosidl_adapter: 3.1.5 (/opt/ros/humble/share/rosidl_adapter/cmake)
[1.129s] -- Using all available rosidl_typesupport_cpp: rosidl_typesupport_microxrcedds_cpp;rosidl_typesupport_fastrtps_cpp;rosidl_typesupport_introspection_cpp
[1.373s] -- Found ament_cmake_ros: 0.10.0 (/opt/ros/humble/share/ament_cmake_ros/cmake)
[1.765s] -- Using all available rosidl_typesupport_c: rosidl_typesupport_microxrcedds_c;rosidl_typesupport_fastrtps_c;rosidl_typesupport_introspection_c
[2.186s] -- Using all available rosidl_typesupport_cpp: rosidl_typesupport_microxrcedds_cpp;rosidl_typesupport_fastrtps_cpp;rosidl_typesupport_introspection_cpp
[2.217s] -- Found PythonInterp: /usr/bin/python3 (found suitable version "3.10.12", minimum required is "3.6") 
[2.225s] -- Found python_cmake_module: 0.10.0 (/opt/ros/humble/share/python_cmake_module/cmake)
[2.264s] -- Found PythonLibs: /usr/lib/x86_64-linux-gnu/libpython3.10.so (found suitable version "3.10.12", minimum required is "3.5") 
[2.264s] -- Using PYTHON_EXECUTABLE: /usr/bin/python3
[2.265s] -- Using PYTHON_INCLUDE_DIRS: /usr/include/python3.10
[2.265s] -- Using PYTHON_LIBRARIES: /usr/lib/x86_64-linux-gnu/libpython3.10.so
[2.291s] -- Found PythonExtra: .so  
[2.357s] -- Configuring done
[2.388s] -- Generating done
[2.391s] -- Build files have been written to: /home/pboon09/ros2_ws/build/my_robot_interfaces
[2.398s] Invoked command in '/home/pboon09/ros2_ws/build/my_robot_interfaces' returned '0': CMAKE_PREFIX_PATH=${CMAKE_PREFIX_PATH}:/home/pboon09/ros2_ws/install/my_py_pkg:/home/pboon09/ros2_ws/install/TryTopic:/home/pboon09/microros_ws/install/sensor_msgs_py:/opt/ros/humble /usr/bin/cmake /home/pboon09/ros2_ws/src/my_robot_interfaces -DCMAKE_INSTALL_PREFIX=/home/pboon09/ros2_ws/install/my_robot_interfaces
[2.399s] Invoking command in '/home/pboon09/ros2_ws/build/my_robot_interfaces': CMAKE_PREFIX_PATH=${CMAKE_PREFIX_PATH}:/home/pboon09/ros2_ws/install/my_py_pkg:/home/pboon09/ros2_ws/install/TryTopic:/home/pboon09/microros_ws/install/sensor_msgs_py:/opt/ros/humble /usr/bin/cmake --build /home/pboon09/ros2_ws/build/my_robot_interfaces -- -j12 -l12
[2.467s] [  2%] [34m[1mGenerating C code for ROS interfaces[0m
[2.486s] [  5%] [34m[1mGenerating C++ code for ROS interfaces[0m
[2.499s] [  5%] Built target ament_cmake_python_copy_my_robot_interfaces
[2.723s] [  7%] [32mBuilding C object CMakeFiles/my_robot_interfaces__rosidl_generator_c.dir/rosidl_generator_c/my_robot_interfaces/msg/detail/hardware_status__functions.c.o[0m
[2.730s] [  7%] Built target my_robot_interfaces__cpp
[2.748s] [ 15%] [34m[1mGenerating C++ type support for eProsima Fast-RTPS[0m
[2.748s] [ 15%] [34m[1mGenerating C++ introspection for ROS interfaces[0m
[2.748s] [ 15%] [34m[1mGenerating C++ type support for eProsima Micro XRCE-DDS[0m
[2.750s] [ 17%] [34m[1mGenerating C++ type support dispatch for ROS interfaces[0m
[2.767s] running egg_info
[2.768s] creating my_robot_interfaces.egg-info
[2.768s] writing my_robot_interfaces.egg-info/PKG-INFO
[2.768s] writing dependency_links to my_robot_interfaces.egg-info/dependency_links.txt
[2.768s] writing top-level names to my_robot_interfaces.egg-info/top_level.txt
[2.769s] writing manifest file 'my_robot_interfaces.egg-info/SOURCES.txt'
[2.771s] reading manifest file 'my_robot_interfaces.egg-info/SOURCES.txt'
[2.771s] writing manifest file 'my_robot_interfaces.egg-info/SOURCES.txt'
[2.799s] [ 20%] [32m[1mLinking C shared library libmy_robot_interfaces__rosidl_generator_c.so[0m
[2.816s] [ 20%] Built target ament_cmake_python_build_my_robot_interfaces_egg
[2.855s] [ 20%] Built target my_robot_interfaces__rosidl_generator_c
[2.873s] [ 23%] [34m[1mGenerating C introspection for ROS interfaces[0m
[2.876s] [ 25%] [34m[1mGenerating C type support for eProsima Fast-RTPS[0m
[2.878s] [ 28%] [34m[1mGenerating C type support dispatch for ROS interfaces[0m
[2.878s] [ 30%] [34m[1mGenerating C type support for eProsima Micro XRCE-DDS[0m
[3.019s] [ 33%] [32mBuilding CXX object CMakeFiles/my_robot_interfaces__rosidl_typesupport_introspection_cpp.dir/rosidl_typesupport_introspection_cpp/my_robot_interfaces/msg/detail/hardware_status__type_support.cpp.o[0m
[3.035s] [ 35%] [32mBuilding CXX object CMakeFiles/my_robot_interfaces__rosidl_typesupport_cpp.dir/rosidl_typesupport_cpp/my_robot_interfaces/msg/hardware_status__type_support.cpp.o[0m
[3.064s] [ 38%] [32mBuilding CXX object CMakeFiles/my_robot_interfaces__rosidl_typesupport_fastrtps_cpp.dir/rosidl_typesupport_fastrtps_cpp/my_robot_interfaces/msg/detail/dds_fastrtps/hardware_status__type_support.cpp.o[0m
[3.091s] [ 41%] [32mBuilding CXX object CMakeFiles/my_robot_interfaces__rosidl_typesupport_microxrcedds_cpp.dir/rosidl_typesupport_microxrcedds_cpp/my_robot_interfaces/msg/detail/microxrcedds/hardware_status__type_support_cpp.cpp.o[0m
[3.160s] [ 43%] [32mBuilding C object CMakeFiles/my_robot_interfaces__rosidl_typesupport_introspection_c.dir/rosidl_typesupport_introspection_c/my_robot_interfaces/msg/detail/hardware_status__type_support.c.o[0m
[3.161s] [ 46%] [32mBuilding CXX object CMakeFiles/my_robot_interfaces__rosidl_typesupport_c.dir/rosidl_typesupport_c/my_robot_interfaces/msg/hardware_status__type_support.cpp.o[0m
[3.205s] [ 48%] [32m[1mLinking CXX shared library libmy_robot_interfaces__rosidl_typesupport_c.so[0m
[3.212s] [ 51%] [32m[1mLinking C shared library libmy_robot_interfaces__rosidl_typesupport_introspection_c.so[0m
[3.229s] [ 53%] [32mBuilding CXX object CMakeFiles/my_robot_interfaces__rosidl_typesupport_fastrtps_c.dir/rosidl_typesupport_fastrtps_c/my_robot_interfaces/msg/detail/hardware_status__type_support_c.cpp.o[0m
[3.243s] [ 56%] [32mBuilding C object CMakeFiles/my_robot_interfaces__rosidl_typesupport_microxrcedds_c.dir/rosidl_typesupport_microxrcedds_c/my_robot_interfaces/msg/detail/microxrcedds/hardware_status__type_support_c.c.o[0m
[3.279s] [ 56%] Built target my_robot_interfaces__rosidl_typesupport_introspection_c
[3.280s] [ 56%] Built target my_robot_interfaces__rosidl_typesupport_c
[3.300s] [ 58%] [32m[1mLinking C shared library libmy_robot_interfaces__rosidl_typesupport_microxrcedds_c.so[0m
[3.327s] [ 61%] [32m[1mLinking CXX shared library libmy_robot_interfaces__rosidl_typesupport_cpp.so[0m
[3.360s] [ 61%] Built target my_robot_interfaces__rosidl_typesupport_microxrcedds_c
[3.387s] [ 61%] Built target my_robot_interfaces__rosidl_typesupport_cpp
[3.398s] [ 64%] [32m[1mLinking CXX shared library libmy_robot_interfaces__rosidl_typesupport_microxrcedds_cpp.so[0m
[3.428s] [ 66%] [32m[1mLinking CXX shared library libmy_robot_interfaces__rosidl_typesupport_introspection_cpp.so[0m
[3.461s] [ 69%] [32m[1mLinking CXX shared library libmy_robot_interfaces__rosidl_typesupport_fastrtps_cpp.so[0m
[3.518s] [ 69%] Built target my_robot_interfaces__rosidl_typesupport_microxrcedds_cpp
[3.521s] [ 69%] Built target my_robot_interfaces__rosidl_typesupport_introspection_cpp
[3.542s] [ 71%] [32m[1mLinking CXX shared library libmy_robot_interfaces__rosidl_typesupport_fastrtps_c.so[0m
[3.572s] [ 71%] Built target my_robot_interfaces__rosidl_typesupport_fastrtps_cpp
[3.645s] [ 71%] Built target my_robot_interfaces__rosidl_typesupport_fastrtps_c
[3.681s] [ 71%] Built target my_robot_interfaces
[3.721s] [ 74%] [34m[1mGenerating Python code for ROS interfaces[0m
[4.016s] [ 74%] Built target my_robot_interfaces__py
[4.054s] [ 76%] [32mBuilding C object CMakeFiles/my_robot_interfaces__rosidl_generator_py.dir/rosidl_generator_py/my_robot_interfaces/msg/_hardware_status_s.c.o[0m
[4.173s] [ 79%] [32m[1mLinking C shared library rosidl_generator_py/my_robot_interfaces/libmy_robot_interfaces__rosidl_generator_py.so[0m
[4.231s] [ 79%] Built target my_robot_interfaces__rosidl_generator_py
[4.266s] [ 84%] [32mBuilding C object CMakeFiles/my_robot_interfaces__rosidl_typesupport_microxrcedds_c__pyext.dir/rosidl_generator_py/my_robot_interfaces/_my_robot_interfaces_s.ep.rosidl_typesupport_microxrcedds_c.c.o[0m
[4.266s] [ 84%] [32mBuilding C object CMakeFiles/my_robot_interfaces__rosidl_typesupport_fastrtps_c__pyext.dir/rosidl_generator_py/my_robot_interfaces/_my_robot_interfaces_s.ep.rosidl_typesupport_fastrtps_c.c.o[0m
[4.266s] [ 89%] [32mBuilding C object CMakeFiles/my_robot_interfaces__rosidl_typesupport_introspection_c__pyext.dir/rosidl_generator_py/my_robot_interfaces/_my_robot_interfaces_s.ep.rosidl_typesupport_introspection_c.c.o[0m
[4.267s] [ 89%] [32mBuilding C object CMakeFiles/my_robot_interfaces__rosidl_typesupport_c__pyext.dir/rosidl_generator_py/my_robot_interfaces/_my_robot_interfaces_s.ep.rosidl_typesupport_c.c.o[0m
[4.362s] [ 94%] [32m[1mLinking C shared library rosidl_generator_py/my_robot_interfaces/my_robot_interfaces_s__rosidl_typesupport_c.cpython-310-x86_64-linux-gnu.so[0m
[4.362s] [ 94%] [32m[1mLinking C shared library rosidl_generator_py/my_robot_interfaces/my_robot_interfaces_s__rosidl_typesupport_introspection_c.cpython-310-x86_64-linux-gnu.so[0m
[4.364s] [100%] [32m[1mLinking C shared library rosidl_generator_py/my_robot_interfaces/my_robot_interfaces_s__rosidl_typesupport_fastrtps_c.cpython-310-x86_64-linux-gnu.so[0m
[4.364s] [100%] [32m[1mLinking C shared library rosidl_generator_py/my_robot_interfaces/my_robot_interfaces_s__rosidl_typesupport_microxrcedds_c.cpython-310-x86_64-linux-gnu.so[0m
[4.411s] [100%] Built target my_robot_interfaces__rosidl_typesupport_c__pyext
[4.411s] [100%] Built target my_robot_interfaces__rosidl_typesupport_introspection_c__pyext
[4.413s] [100%] Built target my_robot_interfaces__rosidl_typesupport_microxrcedds_c__pyext
[4.414s] [100%] Built target my_robot_interfaces__rosidl_typesupport_fastrtps_c__pyext
[4.434s] Invoked command in '/home/pboon09/ros2_ws/build/my_robot_interfaces' returned '0': CMAKE_PREFIX_PATH=${CMAKE_PREFIX_PATH}:/home/pboon09/ros2_ws/install/my_py_pkg:/home/pboon09/ros2_ws/install/TryTopic:/home/pboon09/microros_ws/install/sensor_msgs_py:/opt/ros/humble /usr/bin/cmake --build /home/pboon09/ros2_ws/build/my_robot_interfaces -- -j12 -l12
[4.636s] Invoking command in '/home/pboon09/ros2_ws/build/my_robot_interfaces': CMAKE_PREFIX_PATH=${CMAKE_PREFIX_PATH}:/home/pboon09/ros2_ws/install/my_py_pkg:/home/pboon09/ros2_ws/install/TryTopic:/home/pboon09/microros_ws/install/sensor_msgs_py:/opt/ros/humble /usr/bin/cmake --install /home/pboon09/ros2_ws/build/my_robot_interfaces
[4.649s] -- Install configuration: ""
[4.649s] -- Installing: /home/pboon09/ros2_ws/install/my_robot_interfaces/share/ament_index/resource_index/rosidl_interfaces/my_robot_interfaces
[4.649s] -- Installing: /home/pboon09/ros2_ws/install/my_robot_interfaces/include/my_robot_interfaces/my_robot_interfaces
[4.649s] -- Installing: /home/pboon09/ros2_ws/install/my_robot_interfaces/include/my_robot_interfaces/my_robot_interfaces/msg
[4.649s] -- Installing: /home/pboon09/ros2_ws/install/my_robot_interfaces/include/my_robot_interfaces/my_robot_interfaces/msg/detail
[4.650s] -- Installing: /home/pboon09/ros2_ws/install/my_robot_interfaces/include/my_robot_interfaces/my_robot_interfaces/msg/detail/hardware_status__type_support.h
[4.650s] -- Installing: /home/pboon09/ros2_ws/install/my_robot_interfaces/include/my_robot_interfaces/my_robot_interfaces/msg/detail/hardware_status__functions.c
[4.650s] -- Installing: /home/pboon09/ros2_ws/install/my_robot_interfaces/include/my_robot_interfaces/my_robot_interfaces/msg/detail/hardware_status__functions.h
[4.650s] -- Installing: /home/pboon09/ros2_ws/install/my_robot_interfaces/include/my_robot_interfaces/my_robot_interfaces/msg/detail/hardware_status__struct.h
[4.650s] -- Installing: /home/pboon09/ros2_ws/install/my_robot_interfaces/include/my_robot_interfaces/my_robot_interfaces/msg/rosidl_generator_c__visibility_control.h
[4.650s] -- Installing: /home/pboon09/ros2_ws/install/my_robot_interfaces/include/my_robot_interfaces/my_robot_interfaces/msg/hardware_status.h
[4.650s] -- Installing: /home/pboon09/ros2_ws/install/my_robot_interfaces/share/my_robot_interfaces/environment/library_path.sh
[4.650s] -- Installing: /home/pboon09/ros2_ws/install/my_robot_interfaces/share/my_robot_interfaces/environment/library_path.dsv
[4.650s] -- Installing: /home/pboon09/ros2_ws/install/my_robot_interfaces/lib/libmy_robot_interfaces__rosidl_generator_c.so
[4.651s] -- Set runtime path of "/home/pboon09/ros2_ws/install/my_robot_interfaces/lib/libmy_robot_interfaces__rosidl_generator_c.so" to ""
[4.651s] -- Up-to-date: /home/pboon09/ros2_ws/install/my_robot_interfaces/include/my_robot_interfaces
[4.651s] -- Installing: /home/pboon09/ros2_ws/install/my_robot_interfaces/include/my_robot_interfaces/msg
[4.651s] -- Installing: /home/pboon09/ros2_ws/install/my_robot_interfaces/include/my_robot_interfaces/msg/detail
[4.651s] -- Installing: /home/pboon09/ros2_ws/install/my_robot_interfaces/include/my_robot_interfaces/msg/detail/microxrcedds
[4.651s] -- Installing: /home/pboon09/ros2_ws/install/my_robot_interfaces/include/my_robot_interfaces/msg/detail/hardware_status__rosidl_typesupport_microxrcedds_c.h
[4.651s] -- Installing: /home/pboon09/ros2_ws/install/my_robot_interfaces/include/my_robot_interfaces/msg/rosidl_typesupport_microxrcedds_c__visibility_control.h
[4.651s] -- Installing: /home/pboon09/ros2_ws/install/my_robot_interfaces/lib/libmy_robot_interfaces__rosidl_typesupport_microxrcedds_c.so
[4.652s] -- Set runtime path of "/home/pboon09/ros2_ws/install/my_robot_interfaces/lib/libmy_robot_interfaces__rosidl_typesupport_microxrcedds_c.so" to ""
[4.652s] -- Up-to-date: /home/pboon09/ros2_ws/install/my_robot_interfaces/include/my_robot_interfaces/my_robot_interfaces
[4.652s] -- Up-to-date: /home/pboon09/ros2_ws/install/my_robot_interfaces/include/my_robot_interfaces/my_robot_interfaces/msg
[4.652s] -- Installing: /home/pboon09/ros2_ws/install/my_robot_interfaces/include/my_robot_interfaces/my_robot_interfaces/msg/rosidl_typesupport_fastrtps_c__visibility_control.h
[4.652s] -- Up-to-date: /home/pboon09/ros2_ws/install/my_robot_interfaces/include/my_robot_interfaces/my_robot_interfaces/msg/detail
[4.652s] -- Installing: /home/pboon09/ros2_ws/install/my_robot_interfaces/include/my_robot_interfaces/my_robot_interfaces/msg/detail/hardware_status__rosidl_typesupport_fastrtps_c.h
[4.652s] -- Installing: /home/pboon09/ros2_ws/install/my_robot_interfaces/lib/libmy_robot_interfaces__rosidl_typesupport_fastrtps_c.so
[4.652s] -- Set runtime path of "/home/pboon09/ros2_ws/install/my_robot_interfaces/lib/libmy_robot_interfaces__rosidl_typesupport_fastrtps_c.so" to ""
[4.652s] -- Up-to-date: /home/pboon09/ros2_ws/install/my_robot_interfaces/include/my_robot_interfaces/my_robot_interfaces
[4.652s] -- Up-to-date: /home/pboon09/ros2_ws/install/my_robot_interfaces/include/my_robot_interfaces/my_robot_interfaces/msg
[4.653s] -- Installing: /home/pboon09/ros2_ws/install/my_robot_interfaces/include/my_robot_interfaces/my_robot_interfaces/msg/rosidl_typesupport_introspection_c__visibility_control.h
[4.653s] -- Up-to-date: /home/pboon09/ros2_ws/install/my_robot_interfaces/include/my_robot_interfaces/my_robot_interfaces/msg/detail
[4.653s] -- Installing: /home/pboon09/ros2_ws/install/my_robot_interfaces/include/my_robot_interfaces/my_robot_interfaces/msg/detail/hardware_status__rosidl_typesupport_introspection_c.h
[4.653s] -- Installing: /home/pboon09/ros2_ws/install/my_robot_interfaces/include/my_robot_interfaces/my_robot_interfaces/msg/detail/hardware_status__type_support.c
[4.653s] -- Installing: /home/pboon09/ros2_ws/install/my_robot_interfaces/lib/libmy_robot_interfaces__rosidl_typesupport_introspection_c.so
[4.653s] -- Set runtime path of "/home/pboon09/ros2_ws/install/my_robot_interfaces/lib/libmy_robot_interfaces__rosidl_typesupport_introspection_c.so" to ""
[4.654s] -- Installing: /home/pboon09/ros2_ws/install/my_robot_interfaces/lib/libmy_robot_interfaces__rosidl_typesupport_c.so
[4.654s] -- Set runtime path of "/home/pboon09/ros2_ws/install/my_robot_interfaces/lib/libmy_robot_interfaces__rosidl_typesupport_c.so" to ""
[4.654s] -- Up-to-date: /home/pboon09/ros2_ws/install/my_robot_interfaces/include/my_robot_interfaces/my_robot_interfaces
[4.654s] -- Up-to-date: /home/pboon09/ros2_ws/install/my_robot_interfaces/include/my_robot_interfaces/my_robot_interfaces/msg
[4.654s] -- Installing: /home/pboon09/ros2_ws/install/my_robot_interfaces/include/my_robot_interfaces/my_robot_interfaces/msg/hardware_status.hpp
[4.654s] -- Up-to-date: /home/pboon09/ros2_ws/install/my_robot_interfaces/include/my_robot_interfaces/my_robot_interfaces/msg/detail
[4.654s] -- Installing: /home/pboon09/ros2_ws/install/my_robot_interfaces/include/my_robot_interfaces/my_robot_interfaces/msg/detail/hardware_status__struct.hpp
[4.654s] -- Installing: /home/pboon09/ros2_ws/install/my_robot_interfaces/include/my_robot_interfaces/my_robot_interfaces/msg/detail/hardware_status__traits.hpp
[4.654s] -- Installing: /home/pboon09/ros2_ws/install/my_robot_interfaces/include/my_robot_interfaces/my_robot_interfaces/msg/detail/hardware_status__builder.hpp
[4.654s] -- Up-to-date: /home/pboon09/ros2_ws/install/my_robot_interfaces/include/my_robot_interfaces
[4.655s] -- Up-to-date: /home/pboon09/ros2_ws/install/my_robot_interfaces/include/my_robot_interfaces/msg
[4.655s] -- Installing: /home/pboon09/ros2_ws/install/my_robot_interfaces/include/my_robot_interfaces/msg/rosidl_typesupport_microxrcedds_cpp__visibility_control.h
[4.655s] -- Up-to-date: /home/pboon09/ros2_ws/install/my_robot_interfaces/include/my_robot_interfaces/msg/detail
[4.655s] -- Installing: /home/pboon09/ros2_ws/install/my_robot_interfaces/include/my_robot_interfaces/msg/detail/hardware_status__rosidl_typesupport_microxrcedds_cpp.hpp
[4.655s] -- Up-to-date: /home/pboon09/ros2_ws/install/my_robot_interfaces/include/my_robot_interfaces/msg/detail/microxrcedds
[4.655s] -- Installing: /home/pboon09/ros2_ws/install/my_robot_interfaces/include/my_robot_interfaces/msg/detail/microxrcedds/hardware_status__type_support_cpp.cpp
[4.655s] -- Installing: /home/pboon09/ros2_ws/install/my_robot_interfaces/lib/libmy_robot_interfaces__rosidl_typesupport_microxrcedds_cpp.so
[4.655s] -- Set runtime path of "/home/pboon09/ros2_ws/install/my_robot_interfaces/lib/libmy_robot_interfaces__rosidl_typesupport_microxrcedds_cpp.so" to ""
[4.655s] -- Up-to-date: /home/pboon09/ros2_ws/install/my_robot_interfaces/include/my_robot_interfaces/my_robot_interfaces
[4.655s] -- Up-to-date: /home/pboon09/ros2_ws/install/my_robot_interfaces/include/my_robot_interfaces/my_robot_interfaces/msg
[4.656s] -- Installing: /home/pboon09/ros2_ws/install/my_robot_interfaces/include/my_robot_interfaces/my_robot_interfaces/msg/rosidl_typesupport_fastrtps_cpp__visibility_control.h
[4.656s] -- Up-to-date: /home/pboon09/ros2_ws/install/my_robot_interfaces/include/my_robot_interfaces/my_robot_interfaces/msg/detail
[4.656s] -- Installing: /home/pboon09/ros2_ws/install/my_robot_interfaces/include/my_robot_interfaces/my_robot_interfaces/msg/detail/dds_fastrtps
[4.656s] -- Installing: /home/pboon09/ros2_ws/install/my_robot_interfaces/include/my_robot_interfaces/my_robot_interfaces/msg/detail/hardware_status__rosidl_typesupport_fastrtps_cpp.hpp
[4.656s] -- Installing: /home/pboon09/ros2_ws/install/my_robot_interfaces/lib/libmy_robot_interfaces__rosidl_typesupport_fastrtps_cpp.so
[4.656s] -- Set runtime path of "/home/pboon09/ros2_ws/install/my_robot_interfaces/lib/libmy_robot_interfaces__rosidl_typesupport_fastrtps_cpp.so" to ""
[4.656s] -- Up-to-date: /home/pboon09/ros2_ws/install/my_robot_interfaces/include/my_robot_interfaces/my_robot_interfaces
[4.656s] -- Up-to-date: /home/pboon09/ros2_ws/install/my_robot_interfaces/include/my_robot_interfaces/my_robot_interfaces/msg
[4.656s] -- Up-to-date: /home/pboon09/ros2_ws/install/my_robot_interfaces/include/my_robot_interfaces/my_robot_interfaces/msg/detail
[4.656s] -- Installing: /home/pboon09/ros2_ws/install/my_robot_interfaces/include/my_robot_interfaces/my_robot_interfaces/msg/detail/hardware_status__type_support.cpp
[4.657s] -- Installing: /home/pboon09/ros2_ws/install/my_robot_interfaces/include/my_robot_interfaces/my_robot_interfaces/msg/detail/hardware_status__rosidl_typesupport_introspection_cpp.hpp
[4.657s] -- Installing: /home/pboon09/ros2_ws/install/my_robot_interfaces/lib/libmy_robot_interfaces__rosidl_typesupport_introspection_cpp.so
[4.657s] -- Set runtime path of "/home/pboon09/ros2_ws/install/my_robot_interfaces/lib/libmy_robot_interfaces__rosidl_typesupport_introspection_cpp.so" to ""
[4.657s] -- Installing: /home/pboon09/ros2_ws/install/my_robot_interfaces/lib/libmy_robot_interfaces__rosidl_typesupport_cpp.so
[4.657s] -- Set runtime path of "/home/pboon09/ros2_ws/install/my_robot_interfaces/lib/libmy_robot_interfaces__rosidl_typesupport_cpp.so" to ""
[4.657s] -- Installing: /home/pboon09/ros2_ws/install/my_robot_interfaces/share/my_robot_interfaces/environment/pythonpath.sh
[4.658s] -- Installing: /home/pboon09/ros2_ws/install/my_robot_interfaces/share/my_robot_interfaces/environment/pythonpath.dsv
[4.658s] -- Installing: /home/pboon09/ros2_ws/install/my_robot_interfaces/local/lib/python3.10/dist-packages/my_robot_interfaces-0.0.0-py3.10.egg-info
[4.658s] -- Installing: /home/pboon09/ros2_ws/install/my_robot_interfaces/local/lib/python3.10/dist-packages/my_robot_interfaces-0.0.0-py3.10.egg-info/dependency_links.txt
[4.658s] -- Installing: /home/pboon09/ros2_ws/install/my_robot_interfaces/local/lib/python3.10/dist-packages/my_robot_interfaces-0.0.0-py3.10.egg-info/PKG-INFO
[4.658s] -- Installing: /home/pboon09/ros2_ws/install/my_robot_interfaces/local/lib/python3.10/dist-packages/my_robot_interfaces-0.0.0-py3.10.egg-info/top_level.txt
[4.658s] -- Installing: /home/pboon09/ros2_ws/install/my_robot_interfaces/local/lib/python3.10/dist-packages/my_robot_interfaces-0.0.0-py3.10.egg-info/SOURCES.txt
[4.658s] -- Installing: /home/pboon09/ros2_ws/install/my_robot_interfaces/local/lib/python3.10/dist-packages/my_robot_interfaces
[4.658s] -- Installing: /home/pboon09/ros2_ws/install/my_robot_interfaces/local/lib/python3.10/dist-packages/my_robot_interfaces/my_robot_interfaces_s__rosidl_typesupport_fastrtps_c.cpython-310-x86_64-linux-gnu.so
[4.659s] -- Installing: /home/pboon09/ros2_ws/install/my_robot_interfaces/local/lib/python3.10/dist-packages/my_robot_interfaces/_my_robot_interfaces_s.ep.rosidl_typesupport_introspection_c.c
[4.659s] -- Installing: /home/pboon09/ros2_ws/install/my_robot_interfaces/local/lib/python3.10/dist-packages/my_robot_interfaces/msg
[4.659s] -- Installing: /home/pboon09/ros2_ws/install/my_robot_interfaces/local/lib/python3.10/dist-packages/my_robot_interfaces/msg/_hardware_status_s.c
[4.659s] -- Installing: /home/pboon09/ros2_ws/install/my_robot_interfaces/local/lib/python3.10/dist-packages/my_robot_interfaces/msg/__init__.py
[4.659s] -- Installing: /home/pboon09/ros2_ws/install/my_robot_interfaces/local/lib/python3.10/dist-packages/my_robot_interfaces/msg/_hardware_status.py
[4.659s] -- Installing: /home/pboon09/ros2_ws/install/my_robot_interfaces/local/lib/python3.10/dist-packages/my_robot_interfaces/_my_robot_interfaces_s.ep.rosidl_typesupport_microxrcedds_c.c
[4.659s] -- Installing: /home/pboon09/ros2_ws/install/my_robot_interfaces/local/lib/python3.10/dist-packages/my_robot_interfaces/my_robot_interfaces_s__rosidl_typesupport_introspection_c.cpython-310-x86_64-linux-gnu.so
[4.659s] -- Installing: /home/pboon09/ros2_ws/install/my_robot_interfaces/local/lib/python3.10/dist-packages/my_robot_interfaces/_my_robot_interfaces_s.ep.rosidl_typesupport_c.c
[4.660s] -- Installing: /home/pboon09/ros2_ws/install/my_robot_interfaces/local/lib/python3.10/dist-packages/my_robot_interfaces/my_robot_interfaces_s__rosidl_typesupport_c.cpython-310-x86_64-linux-gnu.so
[4.660s] -- Installing: /home/pboon09/ros2_ws/install/my_robot_interfaces/local/lib/python3.10/dist-packages/my_robot_interfaces/__init__.py
[4.660s] -- Installing: /home/pboon09/ros2_ws/install/my_robot_interfaces/local/lib/python3.10/dist-packages/my_robot_interfaces/_my_robot_interfaces_s.ep.rosidl_typesupport_fastrtps_c.c
[4.660s] -- Installing: /home/pboon09/ros2_ws/install/my_robot_interfaces/local/lib/python3.10/dist-packages/my_robot_interfaces/my_robot_interfaces_s__rosidl_typesupport_microxrcedds_c.cpython-310-x86_64-linux-gnu.so
[4.660s] -- Installing: /home/pboon09/ros2_ws/install/my_robot_interfaces/local/lib/python3.10/dist-packages/my_robot_interfaces/libmy_robot_interfaces__rosidl_generator_py.so
[4.712s] Listing '/home/pboon09/ros2_ws/install/my_robot_interfaces/local/lib/python3.10/dist-packages/my_robot_interfaces'...
[4.712s] Compiling '/home/pboon09/ros2_ws/install/my_robot_interfaces/local/lib/python3.10/dist-packages/my_robot_interfaces/__init__.py'...
[4.712s] Listing '/home/pboon09/ros2_ws/install/my_robot_interfaces/local/lib/python3.10/dist-packages/my_robot_interfaces/msg'...
[4.712s] Compiling '/home/pboon09/ros2_ws/install/my_robot_interfaces/local/lib/python3.10/dist-packages/my_robot_interfaces/msg/__init__.py'...
[4.713s] Compiling '/home/pboon09/ros2_ws/install/my_robot_interfaces/local/lib/python3.10/dist-packages/my_robot_interfaces/msg/_hardware_status.py'...
[4.717s] -- Installing: /home/pboon09/ros2_ws/install/my_robot_interfaces/local/lib/python3.10/dist-packages/my_robot_interfaces/my_robot_interfaces_s__rosidl_typesupport_microxrcedds_c.cpython-310-x86_64-linux-gnu.so
[4.718s] -- Set runtime path of "/home/pboon09/ros2_ws/install/my_robot_interfaces/local/lib/python3.10/dist-packages/my_robot_interfaces/my_robot_interfaces_s__rosidl_typesupport_microxrcedds_c.cpython-310-x86_64-linux-gnu.so" to ""
[4.718s] -- Installing: /home/pboon09/ros2_ws/install/my_robot_interfaces/local/lib/python3.10/dist-packages/my_robot_interfaces/my_robot_interfaces_s__rosidl_typesupport_fastrtps_c.cpython-310-x86_64-linux-gnu.so
[4.718s] -- Set runtime path of "/home/pboon09/ros2_ws/install/my_robot_interfaces/local/lib/python3.10/dist-packages/my_robot_interfaces/my_robot_interfaces_s__rosidl_typesupport_fastrtps_c.cpython-310-x86_64-linux-gnu.so" to ""
[4.719s] -- Installing: /home/pboon09/ros2_ws/install/my_robot_interfaces/local/lib/python3.10/dist-packages/my_robot_interfaces/my_robot_interfaces_s__rosidl_typesupport_introspection_c.cpython-310-x86_64-linux-gnu.so
[4.719s] -- Set runtime path of "/home/pboon09/ros2_ws/install/my_robot_interfaces/local/lib/python3.10/dist-packages/my_robot_interfaces/my_robot_interfaces_s__rosidl_typesupport_introspection_c.cpython-310-x86_64-linux-gnu.so" to ""
[4.720s] -- Installing: /home/pboon09/ros2_ws/install/my_robot_interfaces/local/lib/python3.10/dist-packages/my_robot_interfaces/my_robot_interfaces_s__rosidl_typesupport_c.cpython-310-x86_64-linux-gnu.so
[4.720s] -- Set runtime path of "/home/pboon09/ros2_ws/install/my_robot_interfaces/local/lib/python3.10/dist-packages/my_robot_interfaces/my_robot_interfaces_s__rosidl_typesupport_c.cpython-310-x86_64-linux-gnu.so" to ""
[4.720s] -- Installing: /home/pboon09/ros2_ws/install/my_robot_interfaces/lib/libmy_robot_interfaces__rosidl_generator_py.so
[4.721s] -- Set runtime path of "/home/pboon09/ros2_ws/install/my_robot_interfaces/lib/libmy_robot_interfaces__rosidl_generator_py.so" to ""
[4.721s] -- Installing: /home/pboon09/ros2_ws/install/my_robot_interfaces/share/my_robot_interfaces/msg/HardwareStatus.idl
[4.721s] -- Installing: /home/pboon09/ros2_ws/install/my_robot_interfaces/share/my_robot_interfaces/msg/HardwareStatus.msg
[4.721s] -- Installing: /home/pboon09/ros2_ws/install/my_robot_interfaces/share/ament_index/resource_index/package_run_dependencies/my_robot_interfaces
[4.721s] -- Installing: /home/pboon09/ros2_ws/install/my_robot_interfaces/share/ament_index/resource_index/parent_prefix_path/my_robot_interfaces
[4.721s] -- Installing: /home/pboon09/ros2_ws/install/my_robot_interfaces/share/my_robot_interfaces/environment/ament_prefix_path.sh
[4.722s] -- Installing: /home/pboon09/ros2_ws/install/my_robot_interfaces/share/my_robot_interfaces/environment/ament_prefix_path.dsv
[4.722s] -- Installing: /home/pboon09/ros2_ws/install/my_robot_interfaces/share/my_robot_interfaces/environment/path.sh
[4.722s] -- Installing: /home/pboon09/ros2_ws/install/my_robot_interfaces/share/my_robot_interfaces/environment/path.dsv
[4.722s] -- Installing: /home/pboon09/ros2_ws/install/my_robot_interfaces/share/my_robot_interfaces/local_setup.bash
[4.722s] -- Installing: /home/pboon09/ros2_ws/install/my_robot_interfaces/share/my_robot_interfaces/local_setup.sh
[4.722s] -- Installing: /home/pboon09/ros2_ws/install/my_robot_interfaces/share/my_robot_interfaces/local_setup.zsh
[4.722s] -- Installing: /home/pboon09/ros2_ws/install/my_robot_interfaces/share/my_robot_interfaces/local_setup.dsv
[4.723s] -- Installing: /home/pboon09/ros2_ws/install/my_robot_interfaces/share/my_robot_interfaces/package.dsv
[4.723s] -- Installing: /home/pboon09/ros2_ws/install/my_robot_interfaces/share/ament_index/resource_index/packages/my_robot_interfaces
[4.723s] -- Installing: /home/pboon09/ros2_ws/install/my_robot_interfaces/share/my_robot_interfaces/cmake/export_my_robot_interfaces__rosidl_generator_cExport.cmake
[4.723s] -- Installing: /home/pboon09/ros2_ws/install/my_robot_interfaces/share/my_robot_interfaces/cmake/export_my_robot_interfaces__rosidl_generator_cExport-noconfig.cmake
[4.723s] -- Installing: /home/pboon09/ros2_ws/install/my_robot_interfaces/share/my_robot_interfaces/cmake/export_my_robot_interfaces__rosidl_typesupport_fastrtps_cExport.cmake
[4.723s] -- Installing: /home/pboon09/ros2_ws/install/my_robot_interfaces/share/my_robot_interfaces/cmake/export_my_robot_interfaces__rosidl_typesupport_fastrtps_cExport-noconfig.cmake
[4.724s] -- Installing: /home/pboon09/ros2_ws/install/my_robot_interfaces/share/my_robot_interfaces/cmake/my_robot_interfaces__rosidl_typesupport_introspection_cExport.cmake
[4.724s] -- Installing: /home/pboon09/ros2_ws/install/my_robot_interfaces/share/my_robot_interfaces/cmake/my_robot_interfaces__rosidl_typesupport_introspection_cExport-noconfig.cmake
[4.724s] -- Installing: /home/pboon09/ros2_ws/install/my_robot_interfaces/share/my_robot_interfaces/cmake/my_robot_interfaces__rosidl_typesupport_cExport.cmake
[4.724s] -- Installing: /home/pboon09/ros2_ws/install/my_robot_interfaces/share/my_robot_interfaces/cmake/my_robot_interfaces__rosidl_typesupport_cExport-noconfig.cmake
[4.724s] -- Installing: /home/pboon09/ros2_ws/install/my_robot_interfaces/share/my_robot_interfaces/cmake/export_my_robot_interfaces__rosidl_generator_cppExport.cmake
[4.724s] -- Installing: /home/pboon09/ros2_ws/install/my_robot_interfaces/share/my_robot_interfaces/cmake/export_my_robot_interfaces__rosidl_typesupport_fastrtps_cppExport.cmake
[4.724s] -- Installing: /home/pboon09/ros2_ws/install/my_robot_interfaces/share/my_robot_interfaces/cmake/export_my_robot_interfaces__rosidl_typesupport_fastrtps_cppExport-noconfig.cmake
[4.725s] -- Installing: /home/pboon09/ros2_ws/install/my_robot_interfaces/share/my_robot_interfaces/cmake/my_robot_interfaces__rosidl_typesupport_introspection_cppExport.cmake
[4.725s] -- Installing: /home/pboon09/ros2_ws/install/my_robot_interfaces/share/my_robot_interfaces/cmake/my_robot_interfaces__rosidl_typesupport_introspection_cppExport-noconfig.cmake
[4.725s] -- Installing: /home/pboon09/ros2_ws/install/my_robot_interfaces/share/my_robot_interfaces/cmake/my_robot_interfaces__rosidl_typesupport_cppExport.cmake
[4.725s] -- Installing: /home/pboon09/ros2_ws/install/my_robot_interfaces/share/my_robot_interfaces/cmake/my_robot_interfaces__rosidl_typesupport_cppExport-noconfig.cmake
[4.725s] -- Installing: /home/pboon09/ros2_ws/install/my_robot_interfaces/share/my_robot_interfaces/cmake/export_my_robot_interfaces__rosidl_generator_pyExport.cmake
[4.725s] -- Installing: /home/pboon09/ros2_ws/install/my_robot_interfaces/share/my_robot_interfaces/cmake/export_my_robot_interfaces__rosidl_generator_pyExport-noconfig.cmake
[4.726s] -- Installing: /home/pboon09/ros2_ws/install/my_robot_interfaces/share/my_robot_interfaces/cmake/rosidl_cmake-extras.cmake
[4.726s] -- Installing: /home/pboon09/ros2_ws/install/my_robot_interfaces/share/my_robot_interfaces/cmake/ament_cmake_export_include_directories-extras.cmake
[4.726s] -- Installing: /home/pboon09/ros2_ws/install/my_robot_interfaces/share/my_robot_interfaces/cmake/ament_cmake_export_libraries-extras.cmake
[4.726s] -- Installing: /home/pboon09/ros2_ws/install/my_robot_interfaces/share/my_robot_interfaces/cmake/ament_cmake_export_targets-extras.cmake
[4.726s] -- Installing: /home/pboon09/ros2_ws/install/my_robot_interfaces/share/my_robot_interfaces/cmake/rosidl_cmake_export_typesupport_targets-extras.cmake
[4.726s] -- Installing: /home/pboon09/ros2_ws/install/my_robot_interfaces/share/my_robot_interfaces/cmake/ament_cmake_export_dependencies-extras.cmake
[4.726s] -- Installing: /home/pboon09/ros2_ws/install/my_robot_interfaces/share/my_robot_interfaces/cmake/rosidl_cmake_export_typesupport_libraries-extras.cmake
[4.727s] -- Installing: /home/pboon09/ros2_ws/install/my_robot_interfaces/share/my_robot_interfaces/cmake/my_robot_interfacesConfig.cmake
[4.727s] -- Installing: /home/pboon09/ros2_ws/install/my_robot_interfaces/share/my_robot_interfaces/cmake/my_robot_interfacesConfig-version.cmake
[4.727s] -- Installing: /home/pboon09/ros2_ws/install/my_robot_interfaces/share/my_robot_interfaces/package.xml
[4.730s] Invoked command in '/home/pboon09/ros2_ws/build/my_robot_interfaces' returned '0': CMAKE_PREFIX_PATH=${CMAKE_PREFIX_PATH}:/home/pboon09/ros2_ws/install/my_py_pkg:/home/pboon09/ros2_ws/install/TryTopic:/home/pboon09/microros_ws/install/sensor_msgs_py:/opt/ros/humble /usr/bin/cmake --install /home/pboon09/ros2_ws/build/my_robot_interfaces
