[35m[1mConsolidate compiler generated dependencies of target add_two_ints_client_no_oop[0m
[ 50%] Built target add_two_ints_server
[ 75%] [32mBuilding CXX object CMakeFiles/add_two_ints_client_no_oop.dir/src/add_two_ints_client_no_oop.cpp.o[0m
[100%] [32m[1mLinking CXX executable add_two_ints_client_no_oop[0m
[100%] Built target add_two_ints_client_no_oop
-- Install configuration: ""
-- Up-to-date: /home/pboon09/ros2_ws/install/service_cpp/lib/service_cpp/add_two_ints_server
-- Installing: /home/pboon09/ros2_ws/install/service_cpp/lib/service_cpp/add_two_ints_client_no_oop
-- Set runtime path of "/home/pboon09/ros2_ws/install/service_cpp/lib/service_cpp/add_two_ints_client_no_oop" to ""
-- Up-to-date: /home/pboon09/ros2_ws/install/service_cpp/share/ament_index/resource_index/package_run_dependencies/service_cpp
-- Up-to-date: /home/pboon09/ros2_ws/install/service_cpp/share/ament_index/resource_index/parent_prefix_path/service_cpp
-- Up-to-date: /home/pboon09/ros2_ws/install/service_cpp/share/service_cpp/environment/ament_prefix_path.sh
-- Installing: /home/pboon09/ros2_ws/install/service_cpp/share/service_cpp/environment/ament_prefix_path.dsv
-- Up-to-date: /home/pboon09/ros2_ws/install/service_cpp/share/service_cpp/environment/path.sh
-- Installing: /home/pboon09/ros2_ws/install/service_cpp/share/service_cpp/environment/path.dsv
-- Up-to-date: /home/pboon09/ros2_ws/install/service_cpp/share/service_cpp/local_setup.bash
-- Up-to-date: /home/pboon09/ros2_ws/install/service_cpp/share/service_cpp/local_setup.sh
-- Up-to-date: /home/pboon09/ros2_ws/install/service_cpp/share/service_cpp/local_setup.zsh
-- Installing: /home/pboon09/ros2_ws/install/service_cpp/share/service_cpp/local_setup.dsv
-- Installing: /home/pboon09/ros2_ws/install/service_cpp/share/service_cpp/package.dsv
-- Up-to-date: /home/pboon09/ros2_ws/install/service_cpp/share/ament_index/resource_index/packages/service_cpp
-- Up-to-date: /home/pboon09/ros2_ws/install/service_cpp/share/service_cpp/cmake/service_cppConfig.cmake
-- Up-to-date: /home/pboon09/ros2_ws/install/service_cpp/share/service_cpp/cmake/service_cppConfig-version.cmake
-- Up-to-date: /home/pboon09/ros2_ws/install/service_cpp/share/service_cpp/package.xml
