[1.568s] Invoking command in '/home/pboon09/ros2_ws/src/try_topic_py': PYTHONPATH=/home/pboon09/ros2_ws/build/try_topic_py/prefix_override:/home/pboon09/ros2_ws/install/try_topic_py/lib/python3.10/site-packages:${PYTHONPATH} /usr/bin/python3 -W ignore:setup.py install is deprecated setup.py egg_info --egg-base ../../build/try_topic_py build --build-base /home/pboon09/ros2_ws/build/try_topic_py/build install --record /home/pboon09/ros2_ws/build/try_topic_py/install.log --single-version-externally-managed install_data
[1.828s] running egg_info
[1.829s] writing ../../build/try_topic_py/try_topic_py.egg-info/PKG-INFO
[1.829s] writing dependency_links to ../../build/try_topic_py/try_topic_py.egg-info/dependency_links.txt
[1.830s] writing entry points to ../../build/try_topic_py/try_topic_py.egg-info/entry_points.txt
[1.830s] writing requirements to ../../build/try_topic_py/try_topic_py.egg-info/requires.txt
[1.830s] writing top-level names to ../../build/try_topic_py/try_topic_py.egg-info/top_level.txt
[1.832s] reading manifest file '../../build/try_topic_py/try_topic_py.egg-info/SOURCES.txt'
[1.832s] writing manifest file '../../build/try_topic_py/try_topic_py.egg-info/SOURCES.txt'
[1.833s] running build
[1.833s] running build_py
[1.833s] running install
[1.833s] running install_lib
[1.835s] running install_data
[1.836s] running install_egg_info
[1.837s] removing '/home/pboon09/ros2_ws/install/try_topic_py/lib/python3.10/site-packages/try_topic_py-0.0.0-py3.10.egg-info' (and everything under it)
[1.837s] Copying ../../build/try_topic_py/try_topic_py.egg-info to /home/pboon09/ros2_ws/install/try_topic_py/lib/python3.10/site-packages/try_topic_py-0.0.0-py3.10.egg-info
[1.838s] running install_scripts
[1.862s] Installing robot_news_station script to /home/pboon09/ros2_ws/install/try_topic_py/lib/try_topic_py
[1.862s] Installing smartphone script to /home/pboon09/ros2_ws/install/try_topic_py/lib/try_topic_py
[1.862s] writing list of installed files to '/home/pboon09/ros2_ws/build/try_topic_py/install.log'
[1.902s] Invoked command in '/home/pboon09/ros2_ws/src/try_topic_py' returned '0': PYTHONPATH=/home/pboon09/ros2_ws/build/try_topic_py/prefix_override:/home/pboon09/ros2_ws/install/try_topic_py/lib/python3.10/site-packages:${PYTHONPATH} /usr/bin/python3 -W ignore:setup.py install is deprecated setup.py egg_info --egg-base ../../build/try_topic_py build --build-base /home/pboon09/ros2_ws/build/try_topic_py/build install --record /home/pboon09/ros2_ws/build/try_topic_py/install.log --single-version-externally-managed install_data
