[1.592s] Invoking command in '/home/pboon09/ros2_ws/src/try_topic_py': PYTHONPATH=/home/pboon09/ros2_ws/build/try_topic_py/prefix_override:/home/pboon09/ros2_ws/install/try_topic_py/lib/python3.10/site-packages:${PYTHONPATH} /usr/bin/python3 -W ignore:setup.py install is deprecated setup.py egg_info --egg-base ../../build/try_topic_py build --build-base /home/pboon09/ros2_ws/build/try_topic_py/build install --record /home/pboon09/ros2_ws/build/try_topic_py/install.log --single-version-externally-managed install_data
[1.852s] running egg_info
[1.853s] writing ../../build/try_topic_py/try_topic_py.egg-info/PKG-INFO
[1.853s] writing dependency_links to ../../build/try_topic_py/try_topic_py.egg-info/dependency_links.txt
[1.854s] writing entry points to ../../build/try_topic_py/try_topic_py.egg-info/entry_points.txt
[1.854s] writing requirements to ../../build/try_topic_py/try_topic_py.egg-info/requires.txt
[1.854s] writing top-level names to ../../build/try_topic_py/try_topic_py.egg-info/top_level.txt
[1.855s] reading manifest file '../../build/try_topic_py/try_topic_py.egg-info/SOURCES.txt'
[1.856s] writing manifest file '../../build/try_topic_py/try_topic_py.egg-info/SOURCES.txt'
[1.856s] running build
[1.856s] running build_py
[1.856s] running install
[1.857s] running install_lib
[1.858s] running install_data
[1.858s] running install_egg_info
[1.860s] removing '/home/pboon09/ros2_ws/install/try_topic_py/lib/python3.10/site-packages/try_topic_py-0.0.0-py3.10.egg-info' (and everything under it)
[1.860s] Copying ../../build/try_topic_py/try_topic_py.egg-info to /home/pboon09/ros2_ws/install/try_topic_py/lib/python3.10/site-packages/try_topic_py-0.0.0-py3.10.egg-info
[1.861s] running install_scripts
[1.880s] Installing robot_news_station script to /home/pboon09/ros2_ws/install/try_topic_py/lib/try_topic_py
[1.880s] Installing smartphone script to /home/pboon09/ros2_ws/install/try_topic_py/lib/try_topic_py
[1.881s] writing list of installed files to '/home/pboon09/ros2_ws/build/try_topic_py/install.log'
[1.915s] Invoked command in '/home/pboon09/ros2_ws/src/try_topic_py' returned '0': PYTHONPATH=/home/pboon09/ros2_ws/build/try_topic_py/prefix_override:/home/pboon09/ros2_ws/install/try_topic_py/lib/python3.10/site-packages:${PYTHONPATH} /usr/bin/python3 -W ignore:setup.py install is deprecated setup.py egg_info --egg-base ../../build/try_topic_py build --build-base /home/pboon09/ros2_ws/build/try_topic_py/build install --record /home/pboon09/ros2_ws/build/try_topic_py/install.log --single-version-externally-managed install_data
