running develop
running egg_info
creating service_py.egg-info
writing service_py.egg-info/PKG-INFO
writing dependency_links to service_py.egg-info/dependency_links.txt
writing entry points to service_py.egg-info/entry_points.txt
writing requirements to service_py.egg-info/requires.txt
writing top-level names to service_py.egg-info/top_level.txt
writing manifest file 'service_py.egg-info/SOURCES.txt'
reading manifest file 'service_py.egg-info/SOURCES.txt'
writing manifest file 'service_py.egg-info/SOURCES.txt'
running build_ext
Creating /home/pboon09/ros2_ws/install/service_py/lib/python3.10/site-packages/service-py.egg-link (link to .)
Installing add_two_ints_server script to /home/pboon09/ros2_ws/install/service_py/lib/service_py

Installed /home/pboon09/ros2_ws/build/service_py
running symlink_data
creating /home/pboon09/ros2_ws/install/service_py/share/ament_index
creating /home/pboon09/ros2_ws/install/service_py/share/ament_index/resource_index
creating /home/pboon09/ros2_ws/install/service_py/share/ament_index/resource_index/packages
symbolically linking /home/pboon09/ros2_ws/build/service_py/resource/service_py -> /home/pboon09/ros2_ws/install/service_py/share/ament_index/resource_index/packages
symbolically linking /home/pboon09/ros2_ws/build/service_py/package.xml -> /home/pboon09/ros2_ws/install/service_py/share/service_py
