[0.076s] Invoking command in '/home/pboon09/ros2_ws/build/my_robot_interfaces': CMAKE_PREFIX_PATH=${CMAKE_PREFIX_PATH}:/home/pboon09/ros2_ws/install/try_topic_py:/home/pboon09/ros2_ws/install/service_py:/home/pboon09/ros2_ws/install/my_py_pkg:/home/pboon09/ros2_ws/install/activity_topic_node:/home/pboon09/ros2_ws/install/activity_service:/home/pboon09/microros_ws/install/sensor_msgs_py:/opt/ros/humble /usr/bin/cmake --build /home/pboon09/ros2_ws/build/my_robot_interfaces -- -j12 -l12
[1.225s] [  2%] Built target my_robot_interfaces__cpp
[1.226s] [ 10%] Built target my_robot_interfaces__rosidl_generator_c
[1.226s] [ 10%] Built target ament_cmake_python_copy_my_robot_interfaces
[1.226s] [ 17%] Built target my_robot_interfaces__rosidl_typesupport_introspection_cpp
[1.226s] [ 25%] Built target my_robot_interfaces__rosidl_typesupport_microxrcedds_cpp
[1.226s] [ 33%] Built target my_robot_interfaces__rosidl_typesupport_cpp
[1.226s] [ 41%] Built target my_robot_interfaces__rosidl_typesupport_fastrtps_c
[1.226s] [ 48%] Built target my_robot_interfaces__rosidl_typesupport_introspection_c
[1.227s] [ 56%] Built target my_robot_interfaces__rosidl_typesupport_c
[1.227s] [ 64%] Built target my_robot_interfaces__rosidl_typesupport_fastrtps_cpp
[1.227s] [ 71%] Built target my_robot_interfaces__rosidl_typesupport_microxrcedds_c
[1.227s] [ 71%] Built target my_robot_interfaces
[1.228s] [ 74%] Built target my_robot_interfaces__py
[1.228s] [ 79%] Built target my_robot_interfaces__rosidl_generator_py
[1.228s] [ 94%] Built target my_robot_interfaces__rosidl_typesupport_introspection_c__pyext
[1.228s] [ 94%] Built target my_robot_interfaces__rosidl_typesupport_c__pyext
[1.228s] [ 94%] Built target my_robot_interfaces__rosidl_typesupport_fastrtps_c__pyext
[1.229s] [100%] Built target my_robot_interfaces__rosidl_typesupport_microxrcedds_c__pyext
[1.229s] running egg_info
[1.229s] writing my_robot_interfaces.egg-info/PKG-INFO
[1.230s] writing dependency_links to my_robot_interfaces.egg-info/dependency_links.txt
[1.230s] writing top-level names to my_robot_interfaces.egg-info/top_level.txt
[1.231s] reading manifest file 'my_robot_interfaces.egg-info/SOURCES.txt'
[1.231s] writing manifest file 'my_robot_interfaces.egg-info/SOURCES.txt'
[1.232s] [100%] Built target ament_cmake_python_build_my_robot_interfaces_egg
[1.234s] Invoked command in '/home/pboon09/ros2_ws/build/my_robot_interfaces' returned '0': CMAKE_PREFIX_PATH=${CMAKE_PREFIX_PATH}:/home/pboon09/ros2_ws/install/try_topic_py:/home/pboon09/ros2_ws/install/service_py:/home/pboon09/ros2_ws/install/my_py_pkg:/home/pboon09/ros2_ws/install/activity_topic_node:/home/pboon09/ros2_ws/install/activity_service:/home/pboon09/microros_ws/install/sensor_msgs_py:/opt/ros/humble /usr/bin/cmake --build /home/pboon09/ros2_ws/build/my_robot_interfaces -- -j12 -l12
[1.545s] Invoking command in '/home/pboon09/ros2_ws/build/my_robot_interfaces': CMAKE_PREFIX_PATH=${CMAKE_PREFIX_PATH}:/home/pboon09/ros2_ws/install/try_topic_py:/home/pboon09/ros2_ws/install/service_py:/home/pboon09/ros2_ws/install/my_py_pkg:/home/pboon09/ros2_ws/install/activity_topic_node:/home/pboon09/ros2_ws/install/activity_service:/home/pboon09/microros_ws/install/sensor_msgs_py:/opt/ros/humble /usr/bin/cmake --install /home/pboon09/ros2_ws/build/my_robot_interfaces
[1.558s] -- Install configuration: ""
[1.559s] -- Up-to-date: /home/pboon09/ros2_ws/install/my_robot_interfaces/share/ament_index/resource_index/rosidl_interfaces/my_robot_interfaces
[1.559s] -- Up-to-date: /home/pboon09/ros2_ws/install/my_robot_interfaces/include/my_robot_interfaces/my_robot_interfaces
[1.559s] -- Up-to-date: /home/pboon09/ros2_ws/install/my_robot_interfaces/include/my_robot_interfaces/my_robot_interfaces/msg
[1.559s] -- Up-to-date: /home/pboon09/ros2_ws/install/my_robot_interfaces/include/my_robot_interfaces/my_robot_interfaces/msg/detail
[1.560s] -- Up-to-date: /home/pboon09/ros2_ws/install/my_robot_interfaces/include/my_robot_interfaces/my_robot_interfaces/msg/detail/hardware_status__type_support.h
[1.560s] -- Up-to-date: /home/pboon09/ros2_ws/install/my_robot_interfaces/include/my_robot_interfaces/my_robot_interfaces/msg/detail/hardware_status__functions.c
[1.560s] -- Up-to-date: /home/pboon09/ros2_ws/install/my_robot_interfaces/include/my_robot_interfaces/my_robot_interfaces/msg/detail/hardware_status__functions.h
[1.560s] -- Up-to-date: /home/pboon09/ros2_ws/install/my_robot_interfaces/include/my_robot_interfaces/my_robot_interfaces/msg/detail/hardware_status__struct.h
[1.560s] -- Up-to-date: /home/pboon09/ros2_ws/install/my_robot_interfaces/include/my_robot_interfaces/my_robot_interfaces/msg/rosidl_generator_c__visibility_control.h
[1.561s] -- Up-to-date: /home/pboon09/ros2_ws/install/my_robot_interfaces/include/my_robot_interfaces/my_robot_interfaces/msg/hardware_status.h
[1.561s] -- Up-to-date: /home/pboon09/ros2_ws/install/my_robot_interfaces/share/my_robot_interfaces/environment/library_path.sh
[1.561s] -- Up-to-date: /home/pboon09/ros2_ws/install/my_robot_interfaces/share/my_robot_interfaces/environment/library_path.dsv
[1.561s] -- Up-to-date: /home/pboon09/ros2_ws/install/my_robot_interfaces/lib/libmy_robot_interfaces__rosidl_generator_c.so
[1.561s] -- Up-to-date: /home/pboon09/ros2_ws/install/my_robot_interfaces/include/my_robot_interfaces
[1.562s] -- Up-to-date: /home/pboon09/ros2_ws/install/my_robot_interfaces/include/my_robot_interfaces/msg
[1.562s] -- Up-to-date: /home/pboon09/ros2_ws/install/my_robot_interfaces/include/my_robot_interfaces/msg/detail
[1.562s] -- Up-to-date: /home/pboon09/ros2_ws/install/my_robot_interfaces/include/my_robot_interfaces/msg/detail/microxrcedds
[1.566s] -- Up-to-date: /home/pboon09/ros2_ws/install/my_robot_interfaces/include/my_robot_interfaces/msg/detail/hardware_status__rosidl_typesupport_microxrcedds_c.h
[1.566s] -- Up-to-date: /home/pboon09/ros2_ws/install/my_robot_interfaces/include/my_robot_interfaces/msg/rosidl_typesupport_microxrcedds_c__visibility_control.h
[1.566s] -- Up-to-date: /home/pboon09/ros2_ws/install/my_robot_interfaces/lib/libmy_robot_interfaces__rosidl_typesupport_microxrcedds_c.so
[1.567s] -- Up-to-date: /home/pboon09/ros2_ws/install/my_robot_interfaces/include/my_robot_interfaces/my_robot_interfaces
[1.567s] -- Up-to-date: /home/pboon09/ros2_ws/install/my_robot_interfaces/include/my_robot_interfaces/my_robot_interfaces/msg
[1.567s] -- Up-to-date: /home/pboon09/ros2_ws/install/my_robot_interfaces/include/my_robot_interfaces/my_robot_interfaces/msg/rosidl_typesupport_fastrtps_c__visibility_control.h
[1.568s] -- Up-to-date: /home/pboon09/ros2_ws/install/my_robot_interfaces/include/my_robot_interfaces/my_robot_interfaces/msg/detail
[1.568s] -- Up-to-date: /home/pboon09/ros2_ws/install/my_robot_interfaces/include/my_robot_interfaces/my_robot_interfaces/msg/detail/hardware_status__rosidl_typesupport_fastrtps_c.h
[1.568s] -- Up-to-date: /home/pboon09/ros2_ws/install/my_robot_interfaces/lib/libmy_robot_interfaces__rosidl_typesupport_fastrtps_c.so
[1.568s] -- Up-to-date: /home/pboon09/ros2_ws/install/my_robot_interfaces/include/my_robot_interfaces/my_robot_interfaces
[1.568s] -- Up-to-date: /home/pboon09/ros2_ws/install/my_robot_interfaces/include/my_robot_interfaces/my_robot_interfaces/msg
[1.568s] -- Up-to-date: /home/pboon09/ros2_ws/install/my_robot_interfaces/include/my_robot_interfaces/my_robot_interfaces/msg/rosidl_typesupport_introspection_c__visibility_control.h
[1.568s] -- Up-to-date: /home/pboon09/ros2_ws/install/my_robot_interfaces/include/my_robot_interfaces/my_robot_interfaces/msg/detail
[1.568s] -- Up-to-date: /home/pboon09/ros2_ws/install/my_robot_interfaces/include/my_robot_interfaces/my_robot_interfaces/msg/detail/hardware_status__rosidl_typesupport_introspection_c.h
[1.568s] -- Up-to-date: /home/pboon09/ros2_ws/install/my_robot_interfaces/include/my_robot_interfaces/my_robot_interfaces/msg/detail/hardware_status__type_support.c
[1.568s] -- Up-to-date: /home/pboon09/ros2_ws/install/my_robot_interfaces/lib/libmy_robot_interfaces__rosidl_typesupport_introspection_c.so
[1.568s] -- Up-to-date: /home/pboon09/ros2_ws/install/my_robot_interfaces/lib/libmy_robot_interfaces__rosidl_typesupport_c.so
[1.568s] -- Up-to-date: /home/pboon09/ros2_ws/install/my_robot_interfaces/include/my_robot_interfaces/my_robot_interfaces
[1.569s] -- Up-to-date: /home/pboon09/ros2_ws/install/my_robot_interfaces/include/my_robot_interfaces/my_robot_interfaces/msg
[1.569s] -- Up-to-date: /home/pboon09/ros2_ws/install/my_robot_interfaces/include/my_robot_interfaces/my_robot_interfaces/msg/hardware_status.hpp
[1.569s] -- Up-to-date: /home/pboon09/ros2_ws/install/my_robot_interfaces/include/my_robot_interfaces/my_robot_interfaces/msg/detail
[1.569s] -- Up-to-date: /home/pboon09/ros2_ws/install/my_robot_interfaces/include/my_robot_interfaces/my_robot_interfaces/msg/detail/hardware_status__struct.hpp
[1.569s] -- Up-to-date: /home/pboon09/ros2_ws/install/my_robot_interfaces/include/my_robot_interfaces/my_robot_interfaces/msg/detail/hardware_status__traits.hpp
[1.569s] -- Up-to-date: /home/pboon09/ros2_ws/install/my_robot_interfaces/include/my_robot_interfaces/my_robot_interfaces/msg/detail/hardware_status__builder.hpp
[1.569s] -- Up-to-date: /home/pboon09/ros2_ws/install/my_robot_interfaces/include/my_robot_interfaces
[1.569s] -- Up-to-date: /home/pboon09/ros2_ws/install/my_robot_interfaces/include/my_robot_interfaces/msg
[1.569s] -- Up-to-date: /home/pboon09/ros2_ws/install/my_robot_interfaces/include/my_robot_interfaces/msg/rosidl_typesupport_microxrcedds_cpp__visibility_control.h
[1.569s] -- Up-to-date: /home/pboon09/ros2_ws/install/my_robot_interfaces/include/my_robot_interfaces/msg/detail
[1.569s] -- Up-to-date: /home/pboon09/ros2_ws/install/my_robot_interfaces/include/my_robot_interfaces/msg/detail/hardware_status__rosidl_typesupport_microxrcedds_cpp.hpp
[1.569s] -- Up-to-date: /home/pboon09/ros2_ws/install/my_robot_interfaces/include/my_robot_interfaces/msg/detail/microxrcedds
[1.570s] -- Up-to-date: /home/pboon09/ros2_ws/install/my_robot_interfaces/include/my_robot_interfaces/msg/detail/microxrcedds/hardware_status__type_support_cpp.cpp
[1.570s] -- Up-to-date: /home/pboon09/ros2_ws/install/my_robot_interfaces/lib/libmy_robot_interfaces__rosidl_typesupport_microxrcedds_cpp.so
[1.570s] -- Up-to-date: /home/pboon09/ros2_ws/install/my_robot_interfaces/include/my_robot_interfaces/my_robot_interfaces
[1.570s] -- Up-to-date: /home/pboon09/ros2_ws/install/my_robot_interfaces/include/my_robot_interfaces/my_robot_interfaces/msg
[1.570s] -- Up-to-date: /home/pboon09/ros2_ws/install/my_robot_interfaces/include/my_robot_interfaces/my_robot_interfaces/msg/rosidl_typesupport_fastrtps_cpp__visibility_control.h
[1.570s] -- Up-to-date: /home/pboon09/ros2_ws/install/my_robot_interfaces/include/my_robot_interfaces/my_robot_interfaces/msg/detail
[1.570s] -- Up-to-date: /home/pboon09/ros2_ws/install/my_robot_interfaces/include/my_robot_interfaces/my_robot_interfaces/msg/detail/dds_fastrtps
[1.571s] -- Up-to-date: /home/pboon09/ros2_ws/install/my_robot_interfaces/include/my_robot_interfaces/my_robot_interfaces/msg/detail/hardware_status__rosidl_typesupport_fastrtps_cpp.hpp
[1.571s] -- Up-to-date: /home/pboon09/ros2_ws/install/my_robot_interfaces/lib/libmy_robot_interfaces__rosidl_typesupport_fastrtps_cpp.so
[1.571s] -- Up-to-date: /home/pboon09/ros2_ws/install/my_robot_interfaces/include/my_robot_interfaces/my_robot_interfaces
[1.571s] -- Up-to-date: /home/pboon09/ros2_ws/install/my_robot_interfaces/include/my_robot_interfaces/my_robot_interfaces/msg
[1.571s] -- Up-to-date: /home/pboon09/ros2_ws/install/my_robot_interfaces/include/my_robot_interfaces/my_robot_interfaces/msg/detail
[1.571s] -- Up-to-date: /home/pboon09/ros2_ws/install/my_robot_interfaces/include/my_robot_interfaces/my_robot_interfaces/msg/detail/hardware_status__type_support.cpp
[1.571s] -- Up-to-date: /home/pboon09/ros2_ws/install/my_robot_interfaces/include/my_robot_interfaces/my_robot_interfaces/msg/detail/hardware_status__rosidl_typesupport_introspection_cpp.hpp
[1.572s] -- Up-to-date: /home/pboon09/ros2_ws/install/my_robot_interfaces/lib/libmy_robot_interfaces__rosidl_typesupport_introspection_cpp.so
[1.572s] -- Up-to-date: /home/pboon09/ros2_ws/install/my_robot_interfaces/lib/libmy_robot_interfaces__rosidl_typesupport_cpp.so
[1.572s] -- Up-to-date: /home/pboon09/ros2_ws/install/my_robot_interfaces/share/my_robot_interfaces/environment/pythonpath.sh
[1.572s] -- Up-to-date: /home/pboon09/ros2_ws/install/my_robot_interfaces/share/my_robot_interfaces/environment/pythonpath.dsv
[1.572s] -- Up-to-date: /home/pboon09/ros2_ws/install/my_robot_interfaces/local/lib/python3.10/dist-packages/my_robot_interfaces-0.0.0-py3.10.egg-info
[1.572s] -- Installing: /home/pboon09/ros2_ws/install/my_robot_interfaces/local/lib/python3.10/dist-packages/my_robot_interfaces-0.0.0-py3.10.egg-info/dependency_links.txt
[1.572s] -- Installing: /home/pboon09/ros2_ws/install/my_robot_interfaces/local/lib/python3.10/dist-packages/my_robot_interfaces-0.0.0-py3.10.egg-info/PKG-INFO
[1.572s] -- Installing: /home/pboon09/ros2_ws/install/my_robot_interfaces/local/lib/python3.10/dist-packages/my_robot_interfaces-0.0.0-py3.10.egg-info/top_level.txt
[1.572s] -- Installing: /home/pboon09/ros2_ws/install/my_robot_interfaces/local/lib/python3.10/dist-packages/my_robot_interfaces-0.0.0-py3.10.egg-info/SOURCES.txt
[1.573s] -- Up-to-date: /home/pboon09/ros2_ws/install/my_robot_interfaces/local/lib/python3.10/dist-packages/my_robot_interfaces
[1.573s] -- Up-to-date: /home/pboon09/ros2_ws/install/my_robot_interfaces/local/lib/python3.10/dist-packages/my_robot_interfaces/my_robot_interfaces_s__rosidl_typesupport_fastrtps_c.cpython-310-x86_64-linux-gnu.so
[1.573s] -- Up-to-date: /home/pboon09/ros2_ws/install/my_robot_interfaces/local/lib/python3.10/dist-packages/my_robot_interfaces/_my_robot_interfaces_s.ep.rosidl_typesupport_introspection_c.c
[1.573s] -- Up-to-date: /home/pboon09/ros2_ws/install/my_robot_interfaces/local/lib/python3.10/dist-packages/my_robot_interfaces/msg
[1.573s] -- Up-to-date: /home/pboon09/ros2_ws/install/my_robot_interfaces/local/lib/python3.10/dist-packages/my_robot_interfaces/msg/_hardware_status_s.c
[1.573s] -- Up-to-date: /home/pboon09/ros2_ws/install/my_robot_interfaces/local/lib/python3.10/dist-packages/my_robot_interfaces/msg/__init__.py
[1.573s] -- Up-to-date: /home/pboon09/ros2_ws/install/my_robot_interfaces/local/lib/python3.10/dist-packages/my_robot_interfaces/msg/_hardware_status.py
[1.573s] -- Up-to-date: /home/pboon09/ros2_ws/install/my_robot_interfaces/local/lib/python3.10/dist-packages/my_robot_interfaces/_my_robot_interfaces_s.ep.rosidl_typesupport_microxrcedds_c.c
[1.573s] -- Up-to-date: /home/pboon09/ros2_ws/install/my_robot_interfaces/local/lib/python3.10/dist-packages/my_robot_interfaces/my_robot_interfaces_s__rosidl_typesupport_introspection_c.cpython-310-x86_64-linux-gnu.so
[1.573s] -- Up-to-date: /home/pboon09/ros2_ws/install/my_robot_interfaces/local/lib/python3.10/dist-packages/my_robot_interfaces/_my_robot_interfaces_s.ep.rosidl_typesupport_c.c
[1.573s] -- Up-to-date: /home/pboon09/ros2_ws/install/my_robot_interfaces/local/lib/python3.10/dist-packages/my_robot_interfaces/my_robot_interfaces_s__rosidl_typesupport_c.cpython-310-x86_64-linux-gnu.so
[1.573s] -- Up-to-date: /home/pboon09/ros2_ws/install/my_robot_interfaces/local/lib/python3.10/dist-packages/my_robot_interfaces/__init__.py
[1.573s] -- Up-to-date: /home/pboon09/ros2_ws/install/my_robot_interfaces/local/lib/python3.10/dist-packages/my_robot_interfaces/_my_robot_interfaces_s.ep.rosidl_typesupport_fastrtps_c.c
[1.573s] -- Up-to-date: /home/pboon09/ros2_ws/install/my_robot_interfaces/local/lib/python3.10/dist-packages/my_robot_interfaces/my_robot_interfaces_s__rosidl_typesupport_microxrcedds_c.cpython-310-x86_64-linux-gnu.so
[1.573s] -- Up-to-date: /home/pboon09/ros2_ws/install/my_robot_interfaces/local/lib/python3.10/dist-packages/my_robot_interfaces/libmy_robot_interfaces__rosidl_generator_py.so
[1.640s] Listing '/home/pboon09/ros2_ws/install/my_robot_interfaces/local/lib/python3.10/dist-packages/my_robot_interfaces'...
[1.640s] Listing '/home/pboon09/ros2_ws/install/my_robot_interfaces/local/lib/python3.10/dist-packages/my_robot_interfaces/msg'...
[1.649s] -- Up-to-date: /home/pboon09/ros2_ws/install/my_robot_interfaces/local/lib/python3.10/dist-packages/my_robot_interfaces/my_robot_interfaces_s__rosidl_typesupport_microxrcedds_c.cpython-310-x86_64-linux-gnu.so
[1.650s] -- Up-to-date: /home/pboon09/ros2_ws/install/my_robot_interfaces/local/lib/python3.10/dist-packages/my_robot_interfaces/my_robot_interfaces_s__rosidl_typesupport_fastrtps_c.cpython-310-x86_64-linux-gnu.so
[1.650s] -- Up-to-date: /home/pboon09/ros2_ws/install/my_robot_interfaces/local/lib/python3.10/dist-packages/my_robot_interfaces/my_robot_interfaces_s__rosidl_typesupport_introspection_c.cpython-310-x86_64-linux-gnu.so
[1.651s] -- Up-to-date: /home/pboon09/ros2_ws/install/my_robot_interfaces/local/lib/python3.10/dist-packages/my_robot_interfaces/my_robot_interfaces_s__rosidl_typesupport_c.cpython-310-x86_64-linux-gnu.so
[1.651s] -- Up-to-date: /home/pboon09/ros2_ws/install/my_robot_interfaces/lib/libmy_robot_interfaces__rosidl_generator_py.so
[1.652s] -- Up-to-date: /home/pboon09/ros2_ws/install/my_robot_interfaces/share/my_robot_interfaces/msg/HardwareStatus.idl
[1.652s] -- Up-to-date: /home/pboon09/ros2_ws/install/my_robot_interfaces/share/my_robot_interfaces/msg/HardwareStatus.msg
[1.652s] -- Up-to-date: /home/pboon09/ros2_ws/install/my_robot_interfaces/share/ament_index/resource_index/package_run_dependencies/my_robot_interfaces
[1.652s] -- Up-to-date: /home/pboon09/ros2_ws/install/my_robot_interfaces/share/ament_index/resource_index/parent_prefix_path/my_robot_interfaces
[1.652s] -- Up-to-date: /home/pboon09/ros2_ws/install/my_robot_interfaces/share/my_robot_interfaces/environment/ament_prefix_path.sh
[1.653s] -- Up-to-date: /home/pboon09/ros2_ws/install/my_robot_interfaces/share/my_robot_interfaces/environment/ament_prefix_path.dsv
[1.653s] -- Up-to-date: /home/pboon09/ros2_ws/install/my_robot_interfaces/share/my_robot_interfaces/environment/path.sh
[1.653s] -- Up-to-date: /home/pboon09/ros2_ws/install/my_robot_interfaces/share/my_robot_interfaces/environment/path.dsv
[1.654s] -- Up-to-date: /home/pboon09/ros2_ws/install/my_robot_interfaces/share/my_robot_interfaces/local_setup.bash
[1.654s] -- Up-to-date: /home/pboon09/ros2_ws/install/my_robot_interfaces/share/my_robot_interfaces/local_setup.sh
[1.654s] -- Up-to-date: /home/pboon09/ros2_ws/install/my_robot_interfaces/share/my_robot_interfaces/local_setup.zsh
[1.654s] -- Up-to-date: /home/pboon09/ros2_ws/install/my_robot_interfaces/share/my_robot_interfaces/local_setup.dsv
[1.654s] -- Installing: /home/pboon09/ros2_ws/install/my_robot_interfaces/share/my_robot_interfaces/package.dsv
[1.654s] -- Up-to-date: /home/pboon09/ros2_ws/install/my_robot_interfaces/share/ament_index/resource_index/packages/my_robot_interfaces
[1.654s] -- Up-to-date: /home/pboon09/ros2_ws/install/my_robot_interfaces/share/my_robot_interfaces/cmake/export_my_robot_interfaces__rosidl_generator_cExport.cmake
[1.654s] -- Up-to-date: /home/pboon09/ros2_ws/install/my_robot_interfaces/share/my_robot_interfaces/cmake/export_my_robot_interfaces__rosidl_generator_cExport-noconfig.cmake
[1.654s] -- Up-to-date: /home/pboon09/ros2_ws/install/my_robot_interfaces/share/my_robot_interfaces/cmake/export_my_robot_interfaces__rosidl_typesupport_fastrtps_cExport.cmake
[1.655s] -- Up-to-date: /home/pboon09/ros2_ws/install/my_robot_interfaces/share/my_robot_interfaces/cmake/export_my_robot_interfaces__rosidl_typesupport_fastrtps_cExport-noconfig.cmake
[1.655s] -- Up-to-date: /home/pboon09/ros2_ws/install/my_robot_interfaces/share/my_robot_interfaces/cmake/my_robot_interfaces__rosidl_typesupport_introspection_cExport.cmake
[1.655s] -- Up-to-date: /home/pboon09/ros2_ws/install/my_robot_interfaces/share/my_robot_interfaces/cmake/my_robot_interfaces__rosidl_typesupport_introspection_cExport-noconfig.cmake
[1.655s] -- Up-to-date: /home/pboon09/ros2_ws/install/my_robot_interfaces/share/my_robot_interfaces/cmake/my_robot_interfaces__rosidl_typesupport_cExport.cmake
[1.655s] -- Up-to-date: /home/pboon09/ros2_ws/install/my_robot_interfaces/share/my_robot_interfaces/cmake/my_robot_interfaces__rosidl_typesupport_cExport-noconfig.cmake
[1.656s] -- Up-to-date: /home/pboon09/ros2_ws/install/my_robot_interfaces/share/my_robot_interfaces/cmake/export_my_robot_interfaces__rosidl_generator_cppExport.cmake
[1.656s] -- Up-to-date: /home/pboon09/ros2_ws/install/my_robot_interfaces/share/my_robot_interfaces/cmake/export_my_robot_interfaces__rosidl_typesupport_fastrtps_cppExport.cmake
[1.656s] -- Up-to-date: /home/pboon09/ros2_ws/install/my_robot_interfaces/share/my_robot_interfaces/cmake/export_my_robot_interfaces__rosidl_typesupport_fastrtps_cppExport-noconfig.cmake
[1.656s] -- Up-to-date: /home/pboon09/ros2_ws/install/my_robot_interfaces/share/my_robot_interfaces/cmake/my_robot_interfaces__rosidl_typesupport_introspection_cppExport.cmake
[1.656s] -- Up-to-date: /home/pboon09/ros2_ws/install/my_robot_interfaces/share/my_robot_interfaces/cmake/my_robot_interfaces__rosidl_typesupport_introspection_cppExport-noconfig.cmake
[1.656s] -- Up-to-date: /home/pboon09/ros2_ws/install/my_robot_interfaces/share/my_robot_interfaces/cmake/my_robot_interfaces__rosidl_typesupport_cppExport.cmake
[1.656s] -- Up-to-date: /home/pboon09/ros2_ws/install/my_robot_interfaces/share/my_robot_interfaces/cmake/my_robot_interfaces__rosidl_typesupport_cppExport-noconfig.cmake
[1.657s] -- Up-to-date: /home/pboon09/ros2_ws/install/my_robot_interfaces/share/my_robot_interfaces/cmake/export_my_robot_interfaces__rosidl_generator_pyExport.cmake
[1.657s] -- Up-to-date: /home/pboon09/ros2_ws/install/my_robot_interfaces/share/my_robot_interfaces/cmake/export_my_robot_interfaces__rosidl_generator_pyExport-noconfig.cmake
[1.657s] -- Up-to-date: /home/pboon09/ros2_ws/install/my_robot_interfaces/share/my_robot_interfaces/cmake/rosidl_cmake-extras.cmake
[1.657s] -- Up-to-date: /home/pboon09/ros2_ws/install/my_robot_interfaces/share/my_robot_interfaces/cmake/ament_cmake_export_include_directories-extras.cmake
[1.657s] -- Up-to-date: /home/pboon09/ros2_ws/install/my_robot_interfaces/share/my_robot_interfaces/cmake/ament_cmake_export_libraries-extras.cmake
[1.658s] -- Up-to-date: /home/pboon09/ros2_ws/install/my_robot_interfaces/share/my_robot_interfaces/cmake/ament_cmake_export_targets-extras.cmake
[1.658s] -- Up-to-date: /home/pboon09/ros2_ws/install/my_robot_interfaces/share/my_robot_interfaces/cmake/rosidl_cmake_export_typesupport_targets-extras.cmake
[1.658s] -- Up-to-date: /home/pboon09/ros2_ws/install/my_robot_interfaces/share/my_robot_interfaces/cmake/ament_cmake_export_dependencies-extras.cmake
[1.658s] -- Up-to-date: /home/pboon09/ros2_ws/install/my_robot_interfaces/share/my_robot_interfaces/cmake/rosidl_cmake_export_typesupport_libraries-extras.cmake
[1.658s] -- Up-to-date: /home/pboon09/ros2_ws/install/my_robot_interfaces/share/my_robot_interfaces/cmake/my_robot_interfacesConfig.cmake
[1.658s] -- Up-to-date: /home/pboon09/ros2_ws/install/my_robot_interfaces/share/my_robot_interfaces/cmake/my_robot_interfacesConfig-version.cmake
[1.658s] -- Up-to-date: /home/pboon09/ros2_ws/install/my_robot_interfaces/share/my_robot_interfaces/package.xml
[1.663s] Invoked command in '/home/pboon09/ros2_ws/build/my_robot_interfaces' returned '0': CMAKE_PREFIX_PATH=${CMAKE_PREFIX_PATH}:/home/pboon09/ros2_ws/install/try_topic_py:/home/pboon09/ros2_ws/install/service_py:/home/pboon09/ros2_ws/install/my_py_pkg:/home/pboon09/ros2_ws/install/activity_topic_node:/home/pboon09/ros2_ws/install/activity_service:/home/pboon09/microros_ws/install/sensor_msgs_py:/opt/ros/humble /usr/bin/cmake --install /home/pboon09/ros2_ws/build/my_robot_interfaces
