[0.025s] Invoking command in '/home/pboon09/ros2_ws/build/custom_msg_cpp': CMAKE_PREFIX_PATH=/home/pboon09/ros2_ws/install/my_robot_interfaces:/home/pboon09/ros2_ws/install/try_topic_cpp:/home/pboon09/ros2_ws/install/service_cpp:/home/pboon09/ros2_ws/install/my_cpp_pkg:/home/pboon09/microros_ws/install/micro_ros_demos_rclc:/home/pboon09/microros_ws/install/common_interfaces:/home/pboon09/microros_ws/install/visualization_msgs:/home/pboon09/microros_ws/install/test_msgs:/home/pboon09/microros_ws/install/example_interfaces:/home/pboon09/microros_ws/install/action_msgs:/home/pboon09/microros_ws/install/unique_identifier_msgs:/home/pboon09/microros_ws/install/trajectory_msgs:/home/pboon09/microros_ws/install/stereo_msgs:/home/pboon09/microros_ws/install/std_srvs:/home/pboon09/microros_ws/install/shape_msgs:/home/pboon09/microros_ws/install/sensor_msgs:/home/pboon09/microros_ws/install/nav_msgs:/home/pboon09/microros_ws/install/diagnostic_msgs:/home/pboon09/microros_ws/install/geometry_msgs:/home/pboon09/microros_ws/install/actionlib_msgs:/home/pboon09/microros_ws/install/std_msgs:/home/pboon09/microros_ws/install/statistics_msgs:/home/pboon09/microros_ws/install/rosidl_typesupport_microxrcedds_test_msg:/home/pboon09/microros_ws/install/rosidl_typesupport_microxrcedds_cpp_tests:/home/pboon09/microros_ws/install/rmw_microxrcedds:/home/pboon09/microros_ws/install/rosidl_typesupport_microxrcedds_cpp:/home/pboon09/microros_ws/install/rosidl_typesupport_microxrcedds_c_tests:/home/pboon09/microros_ws/install/rosidl_typesupport_microxrcedds_c:/home/pboon09/microros_ws/install/rosgraph_msgs:/home/pboon09/microros_ws/install/rclc_parameter:/home/pboon09/microros_ws/install/rclc:/home/pboon09/microros_ws/install/composition_interfaces:/home/pboon09/microros_ws/install/rcl_interfaces:/home/pboon09/microros_ws/install/microxrcedds_client:/home/pboon09/microros_ws/install/microcdr:/home/pboon09/microros_ws/install/micro_ros_utilities:/home/pboon09/microros_ws/install/micro_ros_setup:/home/pboon09/microros_ws/install/micro_ros_agent:/home/pboon09/microros_ws/install/micro_ros_msgs:/home/pboon09/microros_ws/install/lifecycle_msgs:/home/pboon09/microros_ws/install/complex_msgs:/home/pboon09/microros_ws/install/builtin_interfaces:/home/pboon09/ros2_ws/install/try_topic_py:/home/pboon09/ros2_ws/install/service_py:/home/pboon09/ros2_ws/install/my_py_pkg:/home/pboon09/ros2_ws/install/activity_topic_node:/home/pboon09/ros2_ws/install/activity_service:/home/pboon09/microros_ws/install/sensor_msgs_py:/opt/ros/humble /usr/bin/cmake /home/pboon09/ros2_ws/src/custom_msg_cpp -DCMAKE_INSTALL_PREFIX=/home/pboon09/ros2_ws/install/custom_msg_cpp
[0.109s] -- The C compiler identification is GNU 11.4.0
[0.175s] -- The CXX compiler identification is GNU 11.4.0
[0.184s] -- Detecting C compiler ABI info
[0.289s] -- Detecting C compiler ABI info - done
[0.296s] -- Check for working C compiler: /usr/bin/cc - skipped
[0.296s] -- Detecting C compile features
[0.296s] -- Detecting C compile features - done
[0.299s] -- Detecting CXX compiler ABI info
[0.414s] -- Detecting CXX compiler ABI info - done
[0.421s] -- Check for working CXX compiler: /usr/bin/c++ - skipped
[0.422s] -- Detecting CXX compile features
[0.422s] -- Detecting CXX compile features - done
[0.432s] -- Found ament_cmake: 1.3.9 (/opt/ros/humble/share/ament_cmake/cmake)
[0.676s] -- Found Python3: /usr/bin/python3 (found version "3.10.12") found components: Interpreter 
[0.884s] -- Found rclcpp: 16.0.9 (/opt/ros/humble/share/rclcpp/cmake)
[0.990s] -- Found rosidl_generator_c: 3.1.5 (/opt/ros/humble/share/rosidl_generator_c/cmake)
[1.006s] -- Found rosidl_adapter: 3.1.5 (/opt/ros/humble/share/rosidl_adapter/cmake)
[1.025s] -- Found rosidl_generator_cpp: 3.1.5 (/opt/ros/humble/share/rosidl_generator_cpp/cmake)
[1.052s] -- Using all available rosidl_typesupport_c: rosidl_typesupport_microxrcedds_c;rosidl_typesupport_fastrtps_c;rosidl_typesupport_introspection_c
[1.103s] -- Using all available rosidl_typesupport_cpp: rosidl_typesupport_microxrcedds_cpp;rosidl_typesupport_fastrtps_cpp;rosidl_typesupport_introspection_cpp
[1.238s] -- Found rmw_implementation_cmake: 6.1.2 (/opt/ros/humble/share/rmw_implementation_cmake/cmake)
[1.249s] -- Found rmw_fastrtps_cpp: 6.2.6 (/opt/ros/humble/share/rmw_fastrtps_cpp/cmake)
[1.453s] -- Found OpenSSL: /usr/lib/x86_64-linux-gnu/libcrypto.so (found version "3.0.2")  
[1.491s] -- Found FastRTPS: /opt/ros/humble/include  
[1.558s] -- Using RMW implementation 'rmw_fastrtps_cpp' as default
[1.585s] -- Looking for pthread.h
[1.691s] -- Looking for pthread.h - found
[1.691s] -- Performing Test CMAKE_HAVE_LIBC_PTHREAD
[1.798s] -- Performing Test CMAKE_HAVE_LIBC_PTHREAD - Success
[1.799s] -- Found Threads: TRUE  
[1.962s] -- Found my_robot_interfaces: 0.0.0 (/home/pboon09/ros2_ws/install/my_robot_interfaces/share/my_robot_interfaces/cmake)
[2.058s] -- Configuring done
[2.062s] [31mCMake Error at CMakeLists.txt:22 (add_executable):
[2.062s]   Cannot find source file:
[2.063s] 
[2.063s]     src/hardware_status_publisher.cpp
[2.063s] 
[2.063s]   Tried extensions .c .C .c++ .cc .cpp .cxx .cu .mpp .m .M .mm .ixx .cppm .h
[2.063s]   .hh .h++ .hm .hpp .hxx .in .txx .f .F .for .f77 .f90 .f95 .f03 .hip .ispc
[2.063s] 
[2.063s] [0m
[2.063s] [31mCMake Error at CMakeLists.txt:22 (add_executable):
[2.063s]   No SOURCES given to target: hardware_status_publisher
[2.063s] 
[2.064s] [0m
[2.064s] [0mCMake Generate step failed.  Build files cannot be regenerated correctly.[0m
[2.071s] Invoked command in '/home/pboon09/ros2_ws/build/custom_msg_cpp' returned '1': CMAKE_PREFIX_PATH=/home/pboon09/ros2_ws/install/my_robot_interfaces:/home/pboon09/ros2_ws/install/try_topic_cpp:/home/pboon09/ros2_ws/install/service_cpp:/home/pboon09/ros2_ws/install/my_cpp_pkg:/home/pboon09/microros_ws/install/micro_ros_demos_rclc:/home/pboon09/microros_ws/install/common_interfaces:/home/pboon09/microros_ws/install/visualization_msgs:/home/pboon09/microros_ws/install/test_msgs:/home/pboon09/microros_ws/install/example_interfaces:/home/pboon09/microros_ws/install/action_msgs:/home/pboon09/microros_ws/install/unique_identifier_msgs:/home/pboon09/microros_ws/install/trajectory_msgs:/home/pboon09/microros_ws/install/stereo_msgs:/home/pboon09/microros_ws/install/std_srvs:/home/pboon09/microros_ws/install/shape_msgs:/home/pboon09/microros_ws/install/sensor_msgs:/home/pboon09/microros_ws/install/nav_msgs:/home/pboon09/microros_ws/install/diagnostic_msgs:/home/pboon09/microros_ws/install/geometry_msgs:/home/pboon09/microros_ws/install/actionlib_msgs:/home/pboon09/microros_ws/install/std_msgs:/home/pboon09/microros_ws/install/statistics_msgs:/home/pboon09/microros_ws/install/rosidl_typesupport_microxrcedds_test_msg:/home/pboon09/microros_ws/install/rosidl_typesupport_microxrcedds_cpp_tests:/home/pboon09/microros_ws/install/rmw_microxrcedds:/home/pboon09/microros_ws/install/rosidl_typesupport_microxrcedds_cpp:/home/pboon09/microros_ws/install/rosidl_typesupport_microxrcedds_c_tests:/home/pboon09/microros_ws/install/rosidl_typesupport_microxrcedds_c:/home/pboon09/microros_ws/install/rosgraph_msgs:/home/pboon09/microros_ws/install/rclc_parameter:/home/pboon09/microros_ws/install/rclc:/home/pboon09/microros_ws/install/composition_interfaces:/home/pboon09/microros_ws/install/rcl_interfaces:/home/pboon09/microros_ws/install/microxrcedds_client:/home/pboon09/microros_ws/install/microcdr:/home/pboon09/microros_ws/install/micro_ros_utilities:/home/pboon09/microros_ws/install/micro_ros_setup:/home/pboon09/microros_ws/install/micro_ros_agent:/home/pboon09/microros_ws/install/micro_ros_msgs:/home/pboon09/microros_ws/install/lifecycle_msgs:/home/pboon09/microros_ws/install/complex_msgs:/home/pboon09/microros_ws/install/builtin_interfaces:/home/pboon09/ros2_ws/install/try_topic_py:/home/pboon09/ros2_ws/install/service_py:/home/pboon09/ros2_ws/install/my_py_pkg:/home/pboon09/ros2_ws/install/activity_topic_node:/home/pboon09/ros2_ws/install/activity_service:/home/pboon09/microros_ws/install/sensor_msgs_py:/opt/ros/humble /usr/bin/cmake /home/pboon09/ros2_ws/src/custom_msg_cpp -DCMAKE_INSTALL_PREFIX=/home/pboon09/ros2_ws/install/custom_msg_cpp
