[0.632s] Invoking command in '/home/pboon09/ros2_ws/build/my_cpp_pkg': CMAKE_PREFIX_PATH=${CMAKE_PREFIX_PATH}:/home/pboon09/ros2_ws/install/activity_custom_interface:/home/pboon09/ros2_ws/install/try_topic_py:/home/pboon09/ros2_ws/install/service_py:/home/pboon09/ros2_ws/install/custom_msg_py:/home/pboon09/ros2_ws/install/my_py_pkg:/home/pboon09/ros2_ws/install/activity_topic_node:/home/pboon09/ros2_ws/install/activity_service:/home/pboon09/microros_ws/install/sensor_msgs_py:/opt/ros/humble /usr/bin/cmake --build /home/pboon09/ros2_ws/build/my_cpp_pkg -- -j12 -l12
[1.204s] [ 50%] Built target cpp_node_2
[1.205s] [100%] Built target cpp_node_1
[1.205s] Invoked command in '/home/pboon09/ros2_ws/build/my_cpp_pkg' returned '0': CMAKE_PREFIX_PATH=${CMAKE_PREFIX_PATH}:/home/pboon09/ros2_ws/install/activity_custom_interface:/home/pboon09/ros2_ws/install/try_topic_py:/home/pboon09/ros2_ws/install/service_py:/home/pboon09/ros2_ws/install/custom_msg_py:/home/pboon09/ros2_ws/install/my_py_pkg:/home/pboon09/ros2_ws/install/activity_topic_node:/home/pboon09/ros2_ws/install/activity_service:/home/pboon09/microros_ws/install/sensor_msgs_py:/opt/ros/humble /usr/bin/cmake --build /home/pboon09/ros2_ws/build/my_cpp_pkg -- -j12 -l12
[1.522s] Invoking command in '/home/pboon09/ros2_ws/build/my_cpp_pkg': CMAKE_PREFIX_PATH=${CMAKE_PREFIX_PATH}:/home/pboon09/ros2_ws/install/activity_custom_interface:/home/pboon09/ros2_ws/install/try_topic_py:/home/pboon09/ros2_ws/install/service_py:/home/pboon09/ros2_ws/install/custom_msg_py:/home/pboon09/ros2_ws/install/my_py_pkg:/home/pboon09/ros2_ws/install/activity_topic_node:/home/pboon09/ros2_ws/install/activity_service:/home/pboon09/microros_ws/install/sensor_msgs_py:/opt/ros/humble /usr/bin/cmake --install /home/pboon09/ros2_ws/build/my_cpp_pkg
[1.540s] -- Install configuration: ""
[1.540s] -- Up-to-date: /home/pboon09/ros2_ws/install/my_cpp_pkg/lib/my_cpp_pkg/cpp_node_1
[1.540s] -- Up-to-date: /home/pboon09/ros2_ws/install/my_cpp_pkg/lib/my_cpp_pkg/cpp_node_2
[1.540s] -- Up-to-date: /home/pboon09/ros2_ws/install/my_cpp_pkg/share/ament_index/resource_index/package_run_dependencies/my_cpp_pkg
[1.541s] -- Up-to-date: /home/pboon09/ros2_ws/install/my_cpp_pkg/share/ament_index/resource_index/parent_prefix_path/my_cpp_pkg
[1.541s] -- Up-to-date: /home/pboon09/ros2_ws/install/my_cpp_pkg/share/my_cpp_pkg/environment/ament_prefix_path.sh
[1.541s] -- Up-to-date: /home/pboon09/ros2_ws/install/my_cpp_pkg/share/my_cpp_pkg/environment/ament_prefix_path.dsv
[1.541s] -- Up-to-date: /home/pboon09/ros2_ws/install/my_cpp_pkg/share/my_cpp_pkg/environment/path.sh
[1.542s] -- Up-to-date: /home/pboon09/ros2_ws/install/my_cpp_pkg/share/my_cpp_pkg/environment/path.dsv
[1.542s] -- Up-to-date: /home/pboon09/ros2_ws/install/my_cpp_pkg/share/my_cpp_pkg/local_setup.bash
[1.542s] -- Up-to-date: /home/pboon09/ros2_ws/install/my_cpp_pkg/share/my_cpp_pkg/local_setup.sh
[1.542s] -- Up-to-date: /home/pboon09/ros2_ws/install/my_cpp_pkg/share/my_cpp_pkg/local_setup.zsh
[1.542s] -- Up-to-date: /home/pboon09/ros2_ws/install/my_cpp_pkg/share/my_cpp_pkg/local_setup.dsv
[1.542s] -- Installing: /home/pboon09/ros2_ws/install/my_cpp_pkg/share/my_cpp_pkg/package.dsv
[1.542s] -- Up-to-date: /home/pboon09/ros2_ws/install/my_cpp_pkg/share/ament_index/resource_index/packages/my_cpp_pkg
[1.542s] -- Up-to-date: /home/pboon09/ros2_ws/install/my_cpp_pkg/share/my_cpp_pkg/cmake/my_cpp_pkgConfig.cmake
[1.542s] -- Up-to-date: /home/pboon09/ros2_ws/install/my_cpp_pkg/share/my_cpp_pkg/cmake/my_cpp_pkgConfig-version.cmake
[1.543s] -- Up-to-date: /home/pboon09/ros2_ws/install/my_cpp_pkg/share/my_cpp_pkg/package.xml
[1.546s] Invoked command in '/home/pboon09/ros2_ws/build/my_cpp_pkg' returned '0': CMAKE_PREFIX_PATH=${CMAKE_PREFIX_PATH}:/home/pboon09/ros2_ws/install/activity_custom_interface:/home/pboon09/ros2_ws/install/try_topic_py:/home/pboon09/ros2_ws/install/service_py:/home/pboon09/ros2_ws/install/custom_msg_py:/home/pboon09/ros2_ws/install/my_py_pkg:/home/pboon09/ros2_ws/install/activity_topic_node:/home/pboon09/ros2_ws/install/activity_service:/home/pboon09/microros_ws/install/sensor_msgs_py:/opt/ros/humble /usr/bin/cmake --install /home/pboon09/ros2_ws/build/my_cpp_pkg
