running egg_info
writing ../../build/service_py/service_py.egg-info/PKG-INFO
writing dependency_links to ../../build/service_py/service_py.egg-info/dependency_links.txt
writing entry points to ../../build/service_py/service_py.egg-info/entry_points.txt
writing requirements to ../../build/service_py/service_py.egg-info/requires.txt
writing top-level names to ../../build/service_py/service_py.egg-info/top_level.txt
reading manifest file '../../build/service_py/service_py.egg-info/SOURCES.txt'
writing manifest file '../../build/service_py/service_py.egg-info/SOURCES.txt'
running build
running build_py
running install
running install_lib
running install_data
running install_egg_info
removing '/home/pboon09/ros2_ws/install/service_py/lib/python3.10/site-packages/service_py-0.0.0-py3.10.egg-info' (and everything under it)
Copying ../../build/service_py/service_py.egg-info to /home/pboon09/ros2_ws/install/service_py/lib/python3.10/site-packages/service_py-0.0.0-py3.10.egg-info
running install_scripts
Installing add_two_ints_client script to /home/pboon09/ros2_ws/install/service_py/lib/service_py
Installing add_two_ints_client_no_oop script to /home/pboon09/ros2_ws/install/service_py/lib/service_py
Installing add_two_ints_server script to /home/pboon09/ros2_ws/install/service_py/lib/service_py
writing list of installed files to '/home/pboon09/ros2_ws/build/service_py/install.log'
