[0.587s] Invoking command in '/home/pboon09/ros2_ws/build/service_cpp': CMAKE_PREFIX_PATH=${CMAKE_PREFIX_PATH}:/home/pboon09/ros2_ws/install/my_py_pkg:/home/pboon09/ros2_ws/install/TryTopic:/home/pboon09/microros_ws/install/sensor_msgs_py:/opt/ros/humble /usr/bin/cmake --build /home/pboon09/ros2_ws/build/service_cpp -- -j12 -l12
[0.871s] [35m[1mConsolidate compiler generated dependencies of target add_two_ints_client_no_oop[0m
[0.871s] [ 50%] Built target add_two_ints_server
[0.871s] [ 75%] [32mBuilding CXX object CMakeFiles/add_two_ints_client_no_oop.dir/src/add_two_ints_client_no_oop.cpp.o[0m
[2.826s] [01m[K/home/pboon09/ros2_ws/src/service_cpp/src/add_two_ints_client_no_oop.cpp:[m[K In function ‘[01m[Kint main(int, char**)[m[K’:
[2.826s] [01m[K/home/pboon09/ros2_ws/src/service_cpp/src/add_two_ints_client_no_oop.cpp:20:68:[m[K [01;31m[Kerror: [m[K‘[01m[Krclcpp::executor[m[K’ has not been declared
[2.826s]    20 |     if(rclcpp::spin_until_future_complete(node, future) == rclcpp::[01;31m[Kexecutor[m[K::FutureReturnCode::SUCCESS)
[2.827s]       |                                                                    [01;31m[K^~~~~~~~[m[K
[2.827s] In file included from [01m[K/opt/ros/humble/include/rclcpp/rclcpp/client.hpp:40[m[K,
[2.827s]                  from [01m[K/opt/ros/humble/include/rclcpp/rclcpp/callback_group.hpp:24[m[K,
[2.827s]                  from [01m[K/opt/ros/humble/include/rclcpp/rclcpp/any_executable.hpp:20[m[K,
[2.827s]                  from [01m[K/opt/ros/humble/include/rclcpp/rclcpp/memory_strategy.hpp:25[m[K,
[2.827s]                  from [01m[K/opt/ros/humble/include/rclcpp/rclcpp/memory_strategies.hpp:18[m[K,
[2.827s]                  from [01m[K/opt/ros/humble/include/rclcpp/rclcpp/executor_options.hpp:20[m[K,
[2.827s]                  from [01m[K/opt/ros/humble/include/rclcpp/rclcpp/executor.hpp:37[m[K,
[2.827s]                  from [01m[K/opt/ros/humble/include/rclcpp/rclcpp/executors/multi_threaded_executor.hpp:25[m[K,
[2.827s]                  from [01m[K/opt/ros/humble/include/rclcpp/rclcpp/executors.hpp:21[m[K,
[2.827s]                  from [01m[K/opt/ros/humble/include/rclcpp/rclcpp/rclcpp.hpp:155[m[K,
[2.827s]                  from [01m[K/home/pboon09/ros2_ws/src/service_cpp/src/add_two_ints_client_no_oop.cpp:1[m[K:
[2.827s] [01m[K/home/pboon09/ros2_ws/src/service_cpp/src/add_two_ints_client_no_oop.cpp:22:21:[m[K [01;31m[Kerror: [m[Kinvalid use of ‘[01m[Kthis[m[K’ in non-member function
[2.827s]    22 |         RCLCPP_INFO([01;31m[Kthis[m[K->get_logger(), "%d + %d = %d", request->a, request->b, future.get()->sum);
[2.827s]       |                     [01;31m[K^~~~[m[K
[2.827s] [01m[K/home/pboon09/ros2_ws/src/service_cpp/src/add_two_ints_client_no_oop.cpp:22:21:[m[K [01;31m[Kerror: [m[Kinvalid use of ‘[01m[Kthis[m[K’ in non-member function
[2.827s] [01m[K/home/pboon09/ros2_ws/src/service_cpp/src/add_two_ints_client_no_oop.cpp:22:9:[m[K [01;31m[Kerror: [m[Ktemplate argument 1 is invalid
[2.827s]    22 |         [01;31m[KRCLCPP_INFO[m[K(this->get_logger(), "%d + %d = %d", request->a, request->b, future.get()->sum);
[2.827s]       |         [01;31m[K^~~~~~~~~~~[m[K
[2.827s] [01m[K/home/pboon09/ros2_ws/src/service_cpp/src/add_two_ints_client_no_oop.cpp:22:9:[m[K [01;31m[Kerror: [m[Ktemplate argument 1 is invalid
[2.828s]    22 |         [01;31m[KRCLCPP_INFO[m[K(this->get_logger(), "%d + %d = %d", request->a, request->b, future.get()->sum);
[2.828s]       |         [01;31m[K^~~~~~~~~~~[m[K
[2.828s] [01m[K/home/pboon09/ros2_ws/src/service_cpp/src/add_two_ints_client_no_oop.cpp:22:9:[m[K [01;31m[Kerror: [m[Ktemplate argument 1 is invalid
[2.828s]    22 |         [01;31m[KRCLCPP_INFO[m[K(this->get_logger(), "%d + %d = %d", request->a, request->b, future.get()->sum);
[2.828s]       |         [01;31m[K^~~~~~~~~~~[m[K
[2.828s] In file included from [01m[K/opt/ros/humble/include/rclcpp/rclcpp/logging.hpp:24[m[K,
[2.828s]                  from [01m[K/opt/ros/humble/include/rclcpp/rclcpp/client.hpp:40[m[K,
[2.828s]                  from [01m[K/opt/ros/humble/include/rclcpp/rclcpp/callback_group.hpp:24[m[K,
[2.828s]                  from [01m[K/opt/ros/humble/include/rclcpp/rclcpp/any_executable.hpp:20[m[K,
[2.828s]                  from [01m[K/opt/ros/humble/include/rclcpp/rclcpp/memory_strategy.hpp:25[m[K,
[2.828s]                  from [01m[K/opt/ros/humble/include/rclcpp/rclcpp/memory_strategies.hpp:18[m[K,
[2.828s]                  from [01m[K/opt/ros/humble/include/rclcpp/rclcpp/executor_options.hpp:20[m[K,
[2.828s]                  from [01m[K/opt/ros/humble/include/rclcpp/rclcpp/executor.hpp:37[m[K,
[2.828s]                  from [01m[K/opt/ros/humble/include/rclcpp/rclcpp/executors/multi_threaded_executor.hpp:25[m[K,
[2.828s]                  from [01m[K/opt/ros/humble/include/rclcpp/rclcpp/executors.hpp:21[m[K,
[2.828s]                  from [01m[K/opt/ros/humble/include/rclcpp/rclcpp/rclcpp.hpp:155[m[K,
[2.828s]                  from [01m[K/home/pboon09/ros2_ws/src/service_cpp/src/add_two_ints_client_no_oop.cpp:1[m[K:
[2.828s] [01m[K/home/pboon09/ros2_ws/src/service_cpp/src/add_two_ints_client_no_oop.cpp:22:21:[m[K [01;31m[Kerror: [m[Kinvalid use of ‘[01m[Kthis[m[K’ in non-member function
[2.828s]    22 |         RCLCPP_INFO([01;31m[Kthis[m[K->get_logger(), "%d + %d = %d", request->a, request->b, future.get()->sum);
[2.828s]       |                     [01;31m[K^~~~[m[K
[2.829s] [01m[K/home/pboon09/ros2_ws/src/service_cpp/src/add_two_ints_client_no_oop.cpp:22:21:[m[K [01;31m[Kerror: [m[Kinvalid use of ‘[01m[Kthis[m[K’ in non-member function
[2.829s]    22 |         RCLCPP_INFO([01;31m[Kthis[m[K->get_logger(), "%d + %d = %d", request->a, request->b, future.get()->sum);
[2.829s]       |                     [01;31m[K^~~~[m[K
[2.829s] In file included from [01m[K/opt/ros/humble/include/rclcpp/rclcpp/client.hpp:40[m[K,
[2.829s]                  from [01m[K/opt/ros/humble/include/rclcpp/rclcpp/callback_group.hpp:24[m[K,
[2.829s]                  from [01m[K/opt/ros/humble/include/rclcpp/rclcpp/any_executable.hpp:20[m[K,
[2.829s]                  from [01m[K/opt/ros/humble/include/rclcpp/rclcpp/memory_strategy.hpp:25[m[K,
[2.829s]                  from [01m[K/opt/ros/humble/include/rclcpp/rclcpp/memory_strategies.hpp:18[m[K,
[2.829s]                  from [01m[K/opt/ros/humble/include/rclcpp/rclcpp/executor_options.hpp:20[m[K,
[2.829s]                  from [01m[K/opt/ros/humble/include/rclcpp/rclcpp/executor.hpp:37[m[K,
[2.829s]                  from [01m[K/opt/ros/humble/include/rclcpp/rclcpp/executors/multi_threaded_executor.hpp:25[m[K,
[2.829s]                  from [01m[K/opt/ros/humble/include/rclcpp/rclcpp/executors.hpp:21[m[K,
[2.829s]                  from [01m[K/opt/ros/humble/include/rclcpp/rclcpp/rclcpp.hpp:155[m[K,
[2.829s]                  from [01m[K/home/pboon09/ros2_ws/src/service_cpp/src/add_two_ints_client_no_oop.cpp:1[m[K:
[2.829s] [01m[K/home/pboon09/ros2_ws/src/service_cpp/src/add_two_ints_client_no_oop.cpp:26:22:[m[K [01;31m[Kerror: [m[Kinvalid use of ‘[01m[Kthis[m[K’ in non-member function
[2.829s]    26 |         RCLCPP_ERROR([01;31m[Kthis[m[K->get_logger(), "Error while calling service");
[2.829s]       |                      [01;31m[K^~~~[m[K
[2.829s] [01m[K/home/pboon09/ros2_ws/src/service_cpp/src/add_two_ints_client_no_oop.cpp:26:22:[m[K [01;31m[Kerror: [m[Kinvalid use of ‘[01m[Kthis[m[K’ in non-member function
[2.829s] [01m[K/home/pboon09/ros2_ws/src/service_cpp/src/add_two_ints_client_no_oop.cpp:26:9:[m[K [01;31m[Kerror: [m[Ktemplate argument 1 is invalid
[2.829s]    26 |         [01;31m[KRCLCPP_ERROR[m[K(this->get_logger(), "Error while calling service");
[2.829s]       |         [01;31m[K^~~~~~~~~~~~[m[K
[2.829s] [01m[K/home/pboon09/ros2_ws/src/service_cpp/src/add_two_ints_client_no_oop.cpp:26:9:[m[K [01;31m[Kerror: [m[Ktemplate argument 1 is invalid
[2.830s]    26 |         [01;31m[KRCLCPP_ERROR[m[K(this->get_logger(), "Error while calling service");
[2.830s]       |         [01;31m[K^~~~~~~~~~~~[m[K
[2.830s] [01m[K/home/pboon09/ros2_ws/src/service_cpp/src/add_two_ints_client_no_oop.cpp:26:9:[m[K [01;31m[Kerror: [m[Ktemplate argument 1 is invalid
[2.830s]    26 |         [01;31m[KRCLCPP_ERROR[m[K(this->get_logger(), "Error while calling service");
[2.830s]       |         [01;31m[K^~~~~~~~~~~~[m[K
[2.830s] In file included from [01m[K/opt/ros/humble/include/rclcpp/rclcpp/logging.hpp:24[m[K,
[2.830s]                  from [01m[K/opt/ros/humble/include/rclcpp/rclcpp/client.hpp:40[m[K,
[2.830s]                  from [01m[K/opt/ros/humble/include/rclcpp/rclcpp/callback_group.hpp:24[m[K,
[2.830s]                  from [01m[K/opt/ros/humble/include/rclcpp/rclcpp/any_executable.hpp:20[m[K,
[2.830s]                  from [01m[K/opt/ros/humble/include/rclcpp/rclcpp/memory_strategy.hpp:25[m[K,
[2.830s]                  from [01m[K/opt/ros/humble/include/rclcpp/rclcpp/memory_strategies.hpp:18[m[K,
[2.830s]                  from [01m[K/opt/ros/humble/include/rclcpp/rclcpp/executor_options.hpp:20[m[K,
[2.830s]                  from [01m[K/opt/ros/humble/include/rclcpp/rclcpp/executor.hpp:37[m[K,
[2.830s]                  from [01m[K/opt/ros/humble/include/rclcpp/rclcpp/executors/multi_threaded_executor.hpp:25[m[K,
[2.830s]                  from [01m[K/opt/ros/humble/include/rclcpp/rclcpp/executors.hpp:21[m[K,
[2.830s]                  from [01m[K/opt/ros/humble/include/rclcpp/rclcpp/rclcpp.hpp:155[m[K,
[2.830s]                  from [01m[K/home/pboon09/ros2_ws/src/service_cpp/src/add_two_ints_client_no_oop.cpp:1[m[K:
[2.830s] [01m[K/home/pboon09/ros2_ws/src/service_cpp/src/add_two_ints_client_no_oop.cpp:26:22:[m[K [01;31m[Kerror: [m[Kinvalid use of ‘[01m[Kthis[m[K’ in non-member function
[2.830s]    26 |         RCLCPP_ERROR([01;31m[Kthis[m[K->get_logger(), "Error while calling service");
[2.830s]       |                      [01;31m[K^~~~[m[K
[2.831s] [01m[K/home/pboon09/ros2_ws/src/service_cpp/src/add_two_ints_client_no_oop.cpp:26:22:[m[K [01;31m[Kerror: [m[Kinvalid use of ‘[01m[Kthis[m[K’ in non-member function
[2.831s]    26 |         RCLCPP_ERROR([01;31m[Kthis[m[K->get_logger(), "Error while calling service");
[2.831s]       |                      [01;31m[K^~~~[m[K
[3.329s] gmake[2]: *** [CMakeFiles/add_two_ints_client_no_oop.dir/build.make:76: CMakeFiles/add_two_ints_client_no_oop.dir/src/add_two_ints_client_no_oop.cpp.o] Error 1
[3.330s] gmake[1]: *** [CMakeFiles/Makefile2:165: CMakeFiles/add_two_ints_client_no_oop.dir/all] Error 2
[3.330s] gmake: *** [Makefile:146: all] Error 2
[3.332s] Invoked command in '/home/pboon09/ros2_ws/build/service_cpp' returned '2': CMAKE_PREFIX_PATH=${CMAKE_PREFIX_PATH}:/home/pboon09/ros2_ws/install/my_py_pkg:/home/pboon09/ros2_ws/install/TryTopic:/home/pboon09/microros_ws/install/sensor_msgs_py:/opt/ros/humble /usr/bin/cmake --build /home/pboon09/ros2_ws/build/service_cpp -- -j12 -l12
