running egg_info
writing ../../build/activity_custom_interface/activity_custom_interface.egg-info/PKG-INFO
writing dependency_links to ../../build/activity_custom_interface/activity_custom_interface.egg-info/dependency_links.txt
writing entry points to ../../build/activity_custom_interface/activity_custom_interface.egg-info/entry_points.txt
writing requirements to ../../build/activity_custom_interface/activity_custom_interface.egg-info/requires.txt
writing top-level names to ../../build/activity_custom_interface/activity_custom_interface.egg-info/top_level.txt
reading manifest file '../../build/activity_custom_interface/activity_custom_interface.egg-info/SOURCES.txt'
writing manifest file '../../build/activity_custom_interface/activity_custom_interface.egg-info/SOURCES.txt'
running build
running build_py
running install
running install_lib
running install_data
running install_egg_info
removing '/home/pboon09/ros2_ws/install/activity_custom_interface/lib/python3.10/site-packages/activity_custom_interface-0.0.0-py3.10.egg-info' (and everything under it)
Copying ../../build/activity_custom_interface/activity_custom_interface.egg-info to /home/pboon09/ros2_ws/install/activity_custom_interface/lib/python3.10/site-packages/activity_custom_interface-0.0.0-py3.10.egg-info
running install_scripts
Installing battery script to /home/pboon09/ros2_ws/install/activity_custom_interface/lib/activity_custom_interface
Installing led_panel script to /home/pboon09/ros2_ws/install/activity_custom_interface/lib/activity_custom_interface
writing list of installed files to '/home/pboon09/ros2_ws/build/activity_custom_interface/install.log'
