[0.574s] Invoking command in '/home/pboon09/ros2_ws/build/service_cpp': CMAKE_PREFIX_PATH=${CMAKE_PREFIX_PATH}:/home/pboon09/ros2_ws/install/my_py_pkg:/home/pboon09/ros2_ws/install/TryTopic:/home/pboon09/microros_ws/install/sensor_msgs_py:/opt/ros/humble /usr/bin/cmake /home/pboon09/ros2_ws/src/service_cpp -DCMAKE_INSTALL_PREFIX=/home/pboon09/ros2_ws/install/service_cpp
[0.843s] -- The C compiler identification is GNU 11.4.0
[0.843s] -- The CXX compiler identification is GNU 11.4.0
[0.844s] -- Detecting C compiler ABI info
[0.844s] -- Detecting C compiler ABI info - done
[0.844s] -- Check for working C compiler: /usr/bin/cc - skipped
[0.844s] -- Detecting C compile features
[0.845s] -- Detecting C compile features - done
[0.845s] -- Detecting CXX compiler ABI info
[0.945s] -- Detecting CXX compiler ABI info - done
[0.952s] -- Check for working CXX compiler: /usr/bin/c++ - skipped
[0.952s] -- Detecting CXX compile features
[0.952s] -- Detecting CXX compile features - done
[0.960s] -- Found ament_cmake: 1.3.9 (/opt/ros/humble/share/ament_cmake/cmake)
[1.175s] -- Found Python3: /usr/bin/python3 (found version "3.10.12") found components: Interpreter 
[1.404s] -- Found rclcpp: 16.0.9 (/opt/ros/humble/share/rclcpp/cmake)
[1.507s] -- Found rosidl_generator_c: 3.1.5 (/opt/ros/humble/share/rosidl_generator_c/cmake)
[1.523s] -- Found rosidl_adapter: 3.1.5 (/opt/ros/humble/share/rosidl_adapter/cmake)
[1.542s] -- Found rosidl_generator_cpp: 3.1.5 (/opt/ros/humble/share/rosidl_generator_cpp/cmake)
[1.568s] -- Using all available rosidl_typesupport_c: rosidl_typesupport_microxrcedds_c;rosidl_typesupport_fastrtps_c;rosidl_typesupport_introspection_c
[1.619s] -- Using all available rosidl_typesupport_cpp: rosidl_typesupport_microxrcedds_cpp;rosidl_typesupport_fastrtps_cpp;rosidl_typesupport_introspection_cpp
[1.748s] -- Found rmw_implementation_cmake: 6.1.2 (/opt/ros/humble/share/rmw_implementation_cmake/cmake)
[1.757s] -- Found rmw_fastrtps_cpp: 6.2.6 (/opt/ros/humble/share/rmw_fastrtps_cpp/cmake)
[1.952s] -- Found OpenSSL: /usr/lib/x86_64-linux-gnu/libcrypto.so (found version "3.0.2")  
[1.993s] -- Found FastRTPS: /opt/ros/humble/include  
[2.059s] -- Using RMW implementation 'rmw_fastrtps_cpp' as default
[2.084s] -- Looking for pthread.h
[2.190s] -- Looking for pthread.h - found
[2.190s] -- Performing Test CMAKE_HAVE_LIBC_PTHREAD
[2.296s] -- Performing Test CMAKE_HAVE_LIBC_PTHREAD - Success
[2.297s] -- Found Threads: TRUE  
[2.457s] -- Found example_interfaces: 0.9.3 (/home/pboon09/microros_ws/install/example_interfaces/share/example_interfaces/cmake)
[2.674s] -- Configuring done
[2.685s] -- Generating done
[2.687s] -- Build files have been written to: /home/pboon09/ros2_ws/build/service_cpp
[2.696s] Invoked command in '/home/pboon09/ros2_ws/build/service_cpp' returned '0': CMAKE_PREFIX_PATH=${CMAKE_PREFIX_PATH}:/home/pboon09/ros2_ws/install/my_py_pkg:/home/pboon09/ros2_ws/install/TryTopic:/home/pboon09/microros_ws/install/sensor_msgs_py:/opt/ros/humble /usr/bin/cmake /home/pboon09/ros2_ws/src/service_cpp -DCMAKE_INSTALL_PREFIX=/home/pboon09/ros2_ws/install/service_cpp
[2.698s] Invoking command in '/home/pboon09/ros2_ws/build/service_cpp': CMAKE_PREFIX_PATH=${CMAKE_PREFIX_PATH}:/home/pboon09/ros2_ws/install/my_py_pkg:/home/pboon09/ros2_ws/install/TryTopic:/home/pboon09/microros_ws/install/sensor_msgs_py:/opt/ros/humble /usr/bin/cmake --build /home/pboon09/ros2_ws/build/service_cpp -- -j12 -l12
[2.792s] [ 50%] [32mBuilding CXX object CMakeFiles/add_two_ints_server.dir/src/add_two_ints_server.cpp.o[0m
[4.724s] [01m[K/home/pboon09/ros2_ws/src/service_cpp/src/add_two_ints_server.cpp:4:28:[m[K [01;31m[Kerror: [m[Kexpected ‘[01m[K;[m[K’ before ‘[01m[Kusing[m[K’
[4.724s]     4 | using std::placeholders::_1
[4.724s]       |                            [01;31m[K^[m[K
[4.724s]       |                            [32m[K;[m[K
[4.724s]     5 | [32m[Kusing[m[K std::placeholders::_2
[4.725s]       | [32m[K~~~~~[m[K                       
[4.725s] [01m[K/home/pboon09/ros2_ws/src/service_cpp/src/add_two_ints_server.cpp:5:28:[m[K [01;31m[Kerror: [m[Kexpected ‘[01m[K;[m[K’ before ‘[01m[Kclass[m[K’
[4.725s]     5 | using std::placeholders::_2
[4.725s]       |                            [01;31m[K^[m[K
[4.725s]       |                            [32m[K;[m[K
[4.725s]     6 | 
[4.725s]     7 | [32m[Kclass[m[K AddTwoIntsServerNode : public rclcpp::Node
[4.725s]       | [32m[K~~~~~[m[K                       
[4.726s] [01m[K/home/pboon09/ros2_ws/src/service_cpp/src/add_two_ints_server.cpp:18:35:[m[K [01;31m[Kerror: [m[K‘[01m[Kexample_interface[m[K’ does not name a type
[4.727s]    18 |     void callbackAddTwoInts(const [01;31m[Kexample_interface[m[K::srv::AddTwoInts::Request::SharedPtr request,
[4.727s]       |                                   [01;31m[K^~~~~~~~~~~~~~~~~[m[K
[4.727s] [01m[K/home/pboon09/ros2_ws/src/service_cpp/src/add_two_ints_server.cpp:18:57:[m[K [01;31m[Kerror: [m[Kexpected unqualified-id before ‘[01m[K::[m[K’ token
[4.727s]    18 |     void callbackAddTwoInts(const example_interface::srv[01;31m[K::[m[KAddTwoInts::Request::SharedPtr request,
[4.727s]       |                                                         [01;31m[K^~[m[K
[4.727s] [01m[K/home/pboon09/ros2_ws/src/service_cpp/src/add_two_ints_server.cpp:18:57:[m[K [01;31m[Kerror: [m[Kexpected ‘[01m[K)[m[K’ before ‘[01m[K::[m[K’ token
[4.727s]    18 |     void callbackAddTwoInts[34m[K([m[Kconst example_interface::srv[01;31m[K:[m[K[32m[K:[m[KAddTwoInts::Request::SharedPtr request,
[4.727s]       |                            [34m[K~[m[K                            [01;31m[K^[m[K[32m[K~[m[K
[4.727s]       |                                                         [32m[K)[m[K
[4.727s] [01m[K/home/pboon09/ros2_ws/src/service_cpp/src/add_two_ints_server.cpp:18:54:[m[K [01;31m[Kerror: [m[Kexpected ‘[01m[K;[m[K’ at end of member declaration
[4.727s]    18 |     void callbackAddTwoInts(const example_interface::[01;31m[Ksrv[m[K::AddTwoInts::Request::SharedPtr request,
[4.727s]       |                                                      [01;31m[K^~~[m[K
[4.727s]       |                                                         [32m[K;[m[K
[4.729s] [01m[K/home/pboon09/ros2_ws/src/service_cpp/src/add_two_ints_server.cpp:18:59:[m[K [01;31m[Kerror: [m[K‘[01m[KAddTwoInts[m[K’ in namespace ‘[01m[K::[m[K’ does not name a type
[4.729s]    18 |     void callbackAddTwoInts(const example_interface::srv::[01;31m[KAddTwoInts[m[K::Request::SharedPtr request,
[4.729s]       |                                                           [01;31m[K^~~~~~~~~~[m[K
[4.952s] In file included from [01m[K/opt/ros/humble/include/rclcpp/rclcpp/client.hpp:39[m[K,
[4.952s]                  from [01m[K/opt/ros/humble/include/rclcpp/rclcpp/callback_group.hpp:24[m[K,
[4.952s]                  from [01m[K/opt/ros/humble/include/rclcpp/rclcpp/any_executable.hpp:20[m[K,
[4.952s]                  from [01m[K/opt/ros/humble/include/rclcpp/rclcpp/memory_strategy.hpp:25[m[K,
[4.953s]                  from [01m[K/opt/ros/humble/include/rclcpp/rclcpp/memory_strategies.hpp:18[m[K,
[4.953s]                  from [01m[K/opt/ros/humble/include/rclcpp/rclcpp/executor_options.hpp:20[m[K,
[4.953s]                  from [01m[K/opt/ros/humble/include/rclcpp/rclcpp/executor.hpp:37[m[K,
[4.953s]                  from [01m[K/opt/ros/humble/include/rclcpp/rclcpp/executors/multi_threaded_executor.hpp:25[m[K,
[4.953s]                  from [01m[K/opt/ros/humble/include/rclcpp/rclcpp/executors.hpp:21[m[K,
[4.953s]                  from [01m[K/opt/ros/humble/include/rclcpp/rclcpp/rclcpp.hpp:155[m[K,
[4.953s]                  from [01m[K/home/pboon09/ros2_ws/src/service_cpp/src/add_two_ints_server.cpp:1[m[K:
[4.953s] /opt/ros/humble/include/rclcpp/rclcpp/function_traits.hpp: In instantiation of ‘[01m[Kstruct rclcpp::function_traits::function_traits<std::_Bind<void (AddTwoIntsServerNode::*(AddTwoIntsServerNode*, std::_Placeholder<1>, std::_Placeholder<2>))(...)> >[m[K’:
[4.953s] [01m[K/opt/ros/humble/include/rclcpp/rclcpp/function_traits.hpp:165:8:[m[K   required from ‘[01m[Kstruct rclcpp::function_traits::same_arguments<std::_Bind<void (AddTwoIntsServerNode::*(AddTwoIntsServerNode*, std::_Placeholder<1>, std::_Placeholder<2>))(...)>, std::function<void(std::shared_ptr<example_interfaces::srv::AddTwoInts_Request_<std::allocator<void> > >, std::shared_ptr<example_interfaces::srv::AddTwoInts_Response_<std::allocator<void> > >)> >[m[K’
[4.954s] [01m[K/opt/ros/humble/include/rclcpp/rclcpp/any_service_callback.hpp:76:10:[m[K   required from ‘[01m[Kvoid rclcpp::AnyServiceCallback<ServiceT>::set(CallbackT&&) [with CallbackT = std::_Bind<void (AddTwoIntsServerNode::*(AddTwoIntsServerNode*, std::_Placeholder<1>, std::_Placeholder<2>))(...)>; typename std::enable_if<(! rclcpp::detail::can_be_nullptr<CallbackT>::value), int>::type <anonymous> = 0; ServiceT = example_interfaces::srv::AddTwoInts][m[K’
[4.954s] [01m[K/opt/ros/humble/include/rclcpp/rclcpp/create_service.hpp:43:27:[m[K   required from ‘[01m[Ktypename rclcpp::Service<ServiceT>::SharedPtr rclcpp::create_service(std::shared_ptr<rclcpp::node_interfaces::NodeBaseInterface>, std::shared_ptr<rclcpp::node_interfaces::NodeServicesInterface>, const string&, CallbackT&&, const rmw_qos_profile_t&, rclcpp::CallbackGroup::SharedPtr) [with ServiceT = example_interfaces::srv::AddTwoInts; CallbackT = std::_Bind<void (AddTwoIntsServerNode::*(AddTwoIntsServerNode*, std::_Placeholder<1>, std::_Placeholder<2>))(...)>; typename rclcpp::Service<ServiceT>::SharedPtr = std::shared_ptr<rclcpp::Service<example_interfaces::srv::AddTwoInts> >; std::string = std::__cxx11::basic_string<char>; rmw_qos_profile_t = rmw_qos_profile_s; rclcpp::CallbackGroup::SharedPtr = std::shared_ptr<rclcpp::CallbackGroup>][m[K’
[4.954s] [01m[K/opt/ros/humble/include/rclcpp/rclcpp/node_impl.hpp:147:53:[m[K   required from ‘[01m[Ktypename rclcpp::Service<ServiceT>::SharedPtr rclcpp::Node::create_service(const string&, CallbackT&&, const rmw_qos_profile_t&, rclcpp::CallbackGroup::SharedPtr) [with ServiceT = example_interfaces::srv::AddTwoInts; CallbackT = std::_Bind<void (AddTwoIntsServerNode::*(AddTwoIntsServerNode*, std::_Placeholder<1>, std::_Placeholder<2>))(...)>; typename rclcpp::Service<ServiceT>::SharedPtr = std::shared_ptr<rclcpp::Service<example_interfaces::srv::AddTwoInts> >; std::string = std::__cxx11::basic_string<char>; rmw_qos_profile_t = rmw_qos_profile_s; rclcpp::CallbackGroup::SharedPtr = std::shared_ptr<rclcpp::CallbackGroup>][m[K’
[4.954s] [01m[K/home/pboon09/ros2_ws/src/service_cpp/src/add_two_ints_server.cpp:12:76:[m[K   required from here
[4.954s] [01m[K/opt/ros/humble/include/rclcpp/rclcpp/function_traits.hpp:51:9:[m[K [01;31m[Kerror: [m[K‘[01m[Kdecltype[m[K’ cannot resolve address of overloaded function
[4.954s]    51 |   using [01;31m[Karguments[m[K = typename tuple_tail<
[4.954s]       |         [01;31m[K^~~~~~~~~[m[K
[4.954s] [01m[K/opt/ros/humble/include/rclcpp/rclcpp/function_traits.hpp:57:9:[m[K [01;31m[Kerror: [m[K‘[01m[Kdecltype[m[K’ cannot resolve address of overloaded function
[4.954s]    57 |   using [01;31m[Kargument_type[m[K = typename std::tuple_element<N, arguments>::type;
[4.954s]       |         [01;31m[K^~~~~~~~~~~~~[m[K
[4.954s] [01m[K/opt/ros/humble/include/rclcpp/rclcpp/function_traits.hpp:59:9:[m[K [01;31m[Kerror: [m[K‘[01m[Kdecltype[m[K’ cannot resolve address of overloaded function
[4.954s]    59 |   using [01;31m[Kreturn_type[m[K = typename function_traits<decltype( &FunctionT::operator())>::return_type;
[4.955s]       |         [01;31m[K^~~~~~~~~~~[m[K
[4.955s] In file included from [01m[K/opt/ros/humble/include/rclcpp/rclcpp/service.hpp:36[m[K,
[4.955s]                  from [01m[K/opt/ros/humble/include/rclcpp/rclcpp/callback_group.hpp:28[m[K,
[4.955s]                  from [01m[K/opt/ros/humble/include/rclcpp/rclcpp/any_executable.hpp:20[m[K,
[4.955s]                  from [01m[K/opt/ros/humble/include/rclcpp/rclcpp/memory_strategy.hpp:25[m[K,
[4.955s]                  from [01m[K/opt/ros/humble/include/rclcpp/rclcpp/memory_strategies.hpp:18[m[K,
[4.955s]                  from [01m[K/opt/ros/humble/include/rclcpp/rclcpp/executor_options.hpp:20[m[K,
[4.955s]                  from [01m[K/opt/ros/humble/include/rclcpp/rclcpp/executor.hpp:37[m[K,
[4.955s]                  from [01m[K/opt/ros/humble/include/rclcpp/rclcpp/executors/multi_threaded_executor.hpp:25[m[K,
[4.955s]                  from [01m[K/opt/ros/humble/include/rclcpp/rclcpp/executors.hpp:21[m[K,
[4.955s]                  from [01m[K/opt/ros/humble/include/rclcpp/rclcpp/rclcpp.hpp:155[m[K,
[4.955s]                  from [01m[K/home/pboon09/ros2_ws/src/service_cpp/src/add_two_ints_server.cpp:1[m[K:
[4.955s] /opt/ros/humble/include/rclcpp/rclcpp/any_service_callback.hpp: In instantiation of ‘[01m[Kvoid rclcpp::AnyServiceCallback<ServiceT>::set(CallbackT&&) [with CallbackT = std::_Bind<void (AddTwoIntsServerNode::*(AddTwoIntsServerNode*, std::_Placeholder<1>, std::_Placeholder<2>))(...)>; typename std::enable_if<(! rclcpp::detail::can_be_nullptr<CallbackT>::value), int>::type <anonymous> = 0; ServiceT = example_interfaces::srv::AddTwoInts][m[K’:
[4.955s] [01m[K/opt/ros/humble/include/rclcpp/rclcpp/create_service.hpp:43:27:[m[K   required from ‘[01m[Ktypename rclcpp::Service<ServiceT>::SharedPtr rclcpp::create_service(std::shared_ptr<rclcpp::node_interfaces::NodeBaseInterface>, std::shared_ptr<rclcpp::node_interfaces::NodeServicesInterface>, const string&, CallbackT&&, const rmw_qos_profile_t&, rclcpp::CallbackGroup::SharedPtr) [with ServiceT = example_interfaces::srv::AddTwoInts; CallbackT = std::_Bind<void (AddTwoIntsServerNode::*(AddTwoIntsServerNode*, std::_Placeholder<1>, std::_Placeholder<2>))(...)>; typename rclcpp::Service<ServiceT>::SharedPtr = std::shared_ptr<rclcpp::Service<example_interfaces::srv::AddTwoInts> >; std::string = std::__cxx11::basic_string<char>; rmw_qos_profile_t = rmw_qos_profile_s; rclcpp::CallbackGroup::SharedPtr = std::shared_ptr<rclcpp::CallbackGroup>][m[K’
[4.955s] [01m[K/opt/ros/humble/include/rclcpp/rclcpp/node_impl.hpp:147:53:[m[K   required from ‘[01m[Ktypename rclcpp::Service<ServiceT>::SharedPtr rclcpp::Node::create_service(const string&, CallbackT&&, const rmw_qos_profile_t&, rclcpp::CallbackGroup::SharedPtr) [with ServiceT = example_interfaces::srv::AddTwoInts; CallbackT = std::_Bind<void (AddTwoIntsServerNode::*(AddTwoIntsServerNode*, std::_Placeholder<1>, std::_Placeholder<2>))(...)>; typename rclcpp::Service<ServiceT>::SharedPtr = std::shared_ptr<rclcpp::Service<example_interfaces::srv::AddTwoInts> >; std::string = std::__cxx11::basic_string<char>; rmw_qos_profile_t = rmw_qos_profile_s; rclcpp::CallbackGroup::SharedPtr = std::shared_ptr<rclcpp::CallbackGroup>][m[K’
[4.955s] [01m[K/home/pboon09/ros2_ws/src/service_cpp/src/add_two_ints_server.cpp:12:76:[m[K   required from here
[4.955s] [01m[K/opt/ros/humble/include/rclcpp/rclcpp/any_service_callback.hpp:76:10:[m[K [01;31m[Kerror: [m[K‘[01m[Kvalue[m[K’ is not a member of ‘[01m[Krclcpp::function_traits::same_arguments<std::_Bind<void (AddTwoIntsServerNode::*(AddTwoIntsServerNode*, std::_Placeholder<1>, std::_Placeholder<2>))(...)>, std::function<void(std::shared_ptr<example_interfaces::srv::AddTwoInts_Request_<std::allocator<void> > >, std::shared_ptr<example_interfaces::srv::AddTwoInts_Response_<std::allocator<void> > >)> >[m[K’
[4.955s]    76 |       >::[01;31m[Kvalue[m[K)
[4.955s]       |          [01;31m[K^~~~~[m[K
[4.958s] [01m[K/opt/ros/humble/include/rclcpp/rclcpp/any_service_callback.hpp:83:10:[m[K [01;31m[Kerror: [m[K‘[01m[Kvalue[m[K’ is not a member of ‘[01m[Krclcpp::function_traits::same_arguments<std::_Bind<void (AddTwoIntsServerNode::*(AddTwoIntsServerNode*, std::_Placeholder<1>, std::_Placeholder<2>))(...)>, std::function<void(std::shared_ptr<rmw_request_id_s>, std::shared_ptr<example_interfaces::srv::AddTwoInts_Request_<std::allocator<void> > >, std::shared_ptr<example_interfaces::srv::AddTwoInts_Response_<std::allocator<void> > >)> >[m[K’
[4.958s]    83 |       >::[01;31m[Kvalue[m[K)
[4.958s]       |          [01;31m[K^~~~~[m[K
[4.960s] [01m[K/opt/ros/humble/include/rclcpp/rclcpp/any_service_callback.hpp:90:10:[m[K [01;31m[Kerror: [m[K‘[01m[Kvalue[m[K’ is not a member of ‘[01m[Krclcpp::function_traits::same_arguments<std::_Bind<void (AddTwoIntsServerNode::*(AddTwoIntsServerNode*, std::_Placeholder<1>, std::_Placeholder<2>))(...)>, std::function<void(std::shared_ptr<rmw_request_id_s>, std::shared_ptr<example_interfaces::srv::AddTwoInts_Request_<std::allocator<void> > >)> >[m[K’
[4.960s]    90 |       >::[01;31m[Kvalue[m[K)
[4.960s]       |          [01;31m[K^~~~~[m[K
[4.961s] [01m[K/opt/ros/humble/include/rclcpp/rclcpp/any_service_callback.hpp:97:10:[m[K [01;31m[Kerror: [m[K‘[01m[Kvalue[m[K’ is not a member of ‘[01m[Krclcpp::function_traits::same_arguments<std::_Bind<void (AddTwoIntsServerNode::*(AddTwoIntsServerNode*, std::_Placeholder<1>, std::_Placeholder<2>))(...)>, std::function<void(std::shared_ptr<rclcpp::Service<example_interfaces::srv::AddTwoInts> >, std::shared_ptr<rmw_request_id_s>, std::shared_ptr<example_interfaces::srv::AddTwoInts_Request_<std::allocator<void> > >)> >[m[K’
[4.962s]    97 |       >::[01;31m[Kvalue[m[K)
[4.962s]       |          [01;31m[K^~~~~[m[K
[4.965s] [01m[K/opt/ros/humble/include/rclcpp/rclcpp/any_service_callback.hpp:103:17:[m[K [01;31m[Kerror: [m[Kno match for ‘[01m[Koperator=[m[K’ (operand types are ‘[01m[Kstd::variant<std::monostate, std::function<void(std::shared_ptr<example_interfaces::srv::AddTwoInts_Request_<std::allocator<void> > >, std::shared_ptr<example_interfaces::srv::AddTwoInts_Response_<std::allocator<void> > >)>, std::function<void(std::shared_ptr<rmw_request_id_s>, std::shared_ptr<example_interfaces::srv::AddTwoInts_Request_<std::allocator<void> > >, std::shared_ptr<example_interfaces::srv::AddTwoInts_Response_<std::allocator<void> > >)>, std::function<void(std::shared_ptr<rmw_request_id_s>, std::shared_ptr<example_interfaces::srv::AddTwoInts_Request_<std::allocator<void> > >)>, std::function<void(std::shared_ptr<rclcpp::Service<example_interfaces::srv::AddTwoInts> >, std::shared_ptr<rmw_request_id_s>, std::shared_ptr<example_interfaces::srv::AddTwoInts_Request_<std::allocator<void> > >)> >[m[K’ and ‘[01m[Kstd::_Bind<void (AddTwoIntsServerNode::*(AddTwoIntsServerNode*, std::_Placeholder<1>, std::_Placeholder<2>))(...)>[m[K’)
[4.965s]   103 |       [01;31m[Kcallback_ = std::forward<CallbackT>(callback)[m[K;
[4.965s]       |       [01;31m[K~~~~~~~~~~^~~~~~~~~~~~~~~~~~~~~~~~~~~~~~~~~~~[m[K
[4.965s] In file included from [01m[K/opt/ros/humble/include/rclcpp/rclcpp/client.hpp:28[m[K,
[4.966s]                  from [01m[K/opt/ros/humble/include/rclcpp/rclcpp/callback_group.hpp:24[m[K,
[4.966s]                  from [01m[K/opt/ros/humble/include/rclcpp/rclcpp/any_executable.hpp:20[m[K,
[4.966s]                  from [01m[K/opt/ros/humble/include/rclcpp/rclcpp/memory_strategy.hpp:25[m[K,
[4.966s]                  from [01m[K/opt/ros/humble/include/rclcpp/rclcpp/memory_strategies.hpp:18[m[K,
[4.966s]                  from [01m[K/opt/ros/humble/include/rclcpp/rclcpp/executor_options.hpp:20[m[K,
[4.966s]                  from [01m[K/opt/ros/humble/include/rclcpp/rclcpp/executor.hpp:37[m[K,
[4.966s]                  from [01m[K/opt/ros/humble/include/rclcpp/rclcpp/executors/multi_threaded_executor.hpp:25[m[K,
[4.966s]                  from [01m[K/opt/ros/humble/include/rclcpp/rclcpp/executors.hpp:21[m[K,
[4.966s]                  from [01m[K/opt/ros/humble/include/rclcpp/rclcpp/rclcpp.hpp:155[m[K,
[4.966s]                  from [01m[K/home/pboon09/ros2_ws/src/service_cpp/src/add_two_ints_server.cpp:1[m[K:
[4.966s] [01m[K/usr/include/c++/11/variant:1461:9:[m[K [01;36m[Knote: [m[Kcandidate: ‘[01m[Ktemplate<class _Tp> std::enable_if_t<((__exactly_once<std::variant<_Types>::__accepted_type<_Tp&&, typename std::enable_if<__not_self<_Tp&&>, void>::type> > && is_constructible_v<std::variant<_Types>::__accepted_type<_Tp&&, typename std::enable_if<__not_self<_Tp&&>, void>::type>, _Tp>) && is_assignable_v<std::variant<_Types>::__accepted_type<_Tp&&, typename std::enable_if<__not_self<_Tp&&>, void>::type>&, _Tp>), std::variant<_Types>&> std::variant<_Types>::operator=(_Tp&&) [with _Tp = _Tp; _Types = {std::monostate, std::function<void(std::shared_ptr<example_interfaces::srv::AddTwoInts_Request_<std::allocator<void> > >, std::shared_ptr<example_interfaces::srv::AddTwoInts_Response_<std::allocator<void> > >)>, std::function<void(std::shared_ptr<rmw_request_id_s>, std::shared_ptr<example_interfaces::srv::AddTwoInts_Request_<std::allocator<void> > >, std::shared_ptr<example_interfaces::srv::AddTwoInts_Response_<std::allocator<void> > >)>, std::function<void(std::shared_ptr<rmw_request_id_s>, std::shared_ptr<example_interfaces::srv::AddTwoInts_Request_<std::allocator<void> > >)>, std::function<void(std::shared_ptr<rclcpp::Service<example_interfaces::srv::AddTwoInts> >, std::shared_ptr<rmw_request_id_s>, std::shared_ptr<example_interfaces::srv::AddTwoInts_Request_<std::allocator<void> > >)>}][m[K’
[4.966s]  1461 |         [01;36m[Koperator[m[K=(_Tp&& __rhs)
[4.966s]       |         [01;36m[K^~~~~~~~[m[K
[4.966s] [01m[K/usr/include/c++/11/variant:1461:9:[m[K [01;36m[Knote: [m[K  template argument deduction/substitution failed:
[4.966s] /usr/include/c++/11/variant: In substitution of ‘[01m[Ktemplate<class ... _Types> template<class _Tp, class> using __accepted_type = std::variant<_Types>::__to_type<__accepted_index<_Tp> > [with _Tp = std::_Bind<void (AddTwoIntsServerNode::*(AddTwoIntsServerNode*, std::_Placeholder<1>, std::_Placeholder<2>))(...)>&&; <template-parameter-2-2> = void; _Types = {std::monostate, std::function<void(std::shared_ptr<example_interfaces::srv::AddTwoInts_Request_<std::allocator<void> > >, std::shared_ptr<example_interfaces::srv::AddTwoInts_Response_<std::allocator<void> > >)>, std::function<void(std::shared_ptr<rmw_request_id_s>, std::shared_ptr<example_interfaces::srv::AddTwoInts_Request_<std::allocator<void> > >, std::shared_ptr<example_interfaces::srv::AddTwoInts_Response_<std::allocator<void> > >)>, std::function<void(std::shared_ptr<rmw_request_id_s>, std::shared_ptr<example_interfaces::srv::AddTwoInts_Request_<std::allocator<void> > >)>, std::function<void(std::shared_ptr<rclcpp::Service<example_interfaces::srv::AddTwoInts> >, std::shared_ptr<rmw_request_id_s>, std::shared_ptr<example_interfaces::srv::AddTwoInts_Request_<std::allocator<void> > >)>}][m[K’:
[4.967s] [01m[K/usr/include/c++/11/variant:1457:14:[m[K   required by substitution of ‘[01m[Ktemplate<class _Tp> std::enable_if_t<((__exactly_once<std::variant<std::monostate, std::function<void(std::shared_ptr<example_interfaces::srv::AddTwoInts_Request_<std::allocator<void> > >, std::shared_ptr<example_interfaces::srv::AddTwoInts_Response_<std::allocator<void> > >)>, std::function<void(std::shared_ptr<rmw_request_id_s>, std::shared_ptr<example_interfaces::srv::AddTwoInts_Request_<std::allocator<void> > >, std::shared_ptr<example_interfaces::srv::AddTwoInts_Response_<std::allocator<void> > >)>, std::function<void(std::shared_ptr<rmw_request_id_s>, std::shared_ptr<example_interfaces::srv::AddTwoInts_Request_<std::allocator<void> > >)>, std::function<void(std::shared_ptr<rclcpp::Service<example_interfaces::srv::AddTwoInts> >, std::shared_ptr<rmw_request_id_s>, std::shared_ptr<example_interfaces::srv::AddTwoInts_Request_<std::allocator<void> > >)> >::__accepted_type<_Tp&&, typename std::enable_if<__not_self<_Tp&&>, void>::type> > && is_constructible_v<std::variant<std::monostate, std::function<void(std::shared_ptr<example_interfaces::srv::AddTwoInts_Request_<std::allocator<void> > >, std::shared_ptr<example_interfaces::srv::AddTwoInts_Response_<std::allocator<void> > >)>, std::function<void(std::shared_ptr<rmw_request_id_s>, std::shared_ptr<example_interfaces::srv::AddTwoInts_Request_<std::allocator<void> > >, std::shared_ptr<example_interfaces::srv::AddTwoInts_Response_<std::allocator<void> > >)>, std::function<void(std::shared_ptr<rmw_request_id_s>, std::shared_ptr<example_interfaces::srv::AddTwoInts_Request_<std::allocator<void> > >)>, std::function<void(std::shared_ptr<rclcpp::Service<example_interfaces::srv::AddTwoInts> >, std::shared_ptr<rmw_request_id_s>, std::shared_ptr<example_interfaces::srv::AddTwoInts_Request_<std::allocator<void> > >)> >::__accepted_type<_Tp&&, typename std::enable_if<__not_self<_Tp&&>, void>::type>, _Tp>) && is_assignable_v<std::variant<std::monostate, std::function<void(std::shared_ptr<example_interfaces::srv::AddTwoInts_Request_<std::allocator<void> > >, std::shared_ptr<example_interfaces::srv::AddTwoInts_Response_<std::allocator<void> > >)>, std::function<void(std::shared_ptr<rmw_request_id_s>, std::shared_ptr<example_interfaces::srv::AddTwoInts_Request_<std::allocator<void> > >, std::shared_ptr<example_interfaces::srv::AddTwoInts_Response_<std::allocator<void> > >)>, std::function<void(std::shared_ptr<rmw_request_id_s>, std::shared_ptr<example_interfaces::srv::AddTwoInts_Request_<std::allocator<void> > >)>, std::function<void(std::shared_ptr<rclcpp::Service<example_interfaces::srv::AddTwoInts> >, std::shared_ptr<rmw_request_id_s>, std::shared_ptr<example_interfaces::srv::AddTwoInts_Request_<std::allocator<void> > >)> >::__accepted_type<_Tp&&, typename std::enable_if<__not_self<_Tp&&>, void>::type>&, _Tp>), std::variant<std::monostate, std::function<void(std::shared_ptr<example_interfaces::srv::AddTwoInts_Request_<std::allocator<void> > >, std::shared_ptr<example_interfaces::srv::AddTwoInts_Response_<std::allocator<void> > >)>, std::function<void(std::shared_ptr<rmw_request_id_s>, std::shared_ptr<example_interfaces::srv::AddTwoInts_Request_<std::allocator<void> > >, std::shared_ptr<example_interfaces::srv::AddTwoInts_Response_<std::allocator<void> > >)>, std::function<void(std::shared_ptr<rmw_request_id_s>, std::shared_ptr<example_interfaces::srv::AddTwoInts_Request_<std::allocator<void> > >)>, std::function<void(std::shared_ptr<rclcpp::Service<example_interfaces::srv::AddTwoInts> >, std::shared_ptr<rmw_request_id_s>, std::shared_ptr<example_interfaces::srv::AddTwoInts_Request_<std::allocator<void> > >)> >&> std::variant<std::monostate, std::function<void(std::shared_ptr<example_interfaces::srv::AddTwoInts_Request_<std::allocator<void> > >, std::shared_ptr<example_interfaces::srv::AddTwoInts_Response_<std::allocator<void> > >)>, std::function<void(std::shared_ptr<rmw_request_id_s>, std::shared_ptr<example_interfaces::srv::AddTwoInts_Request_<std::allocator<void> > >, std::shared_ptr<example_interfaces::srv::AddTwoInts_Response_<std::allocator<void> > >)>, std::function<void(std::shared_ptr<rmw_request_id_s>, std::shared_ptr<example_interfaces::srv::AddTwoInts_Request_<std::allocator<void> > >)>, std::function<void(std::shared_ptr<rclcpp::Service<example_interfaces::srv::AddTwoInts> >, std::shared_ptr<rmw_request_id_s>, std::shared_ptr<example_interfaces::srv::AddTwoInts_Request_<std::allocator<void> > >)> >::operator=<_Tp>(_Tp&&) [with _Tp = std::_Bind<void (AddTwoIntsServerNode::*(AddTwoIntsServerNode*, std::_Placeholder<1>, std::_Placeholder<2>))(...)>][m[K’
[4.967s] [01m[K/opt/ros/humble/include/rclcpp/rclcpp/any_service_callback.hpp:103:17:[m[K   required from ‘[01m[Kvoid rclcpp::AnyServiceCallback<ServiceT>::set(CallbackT&&) [with CallbackT = std::_Bind<void (AddTwoIntsServerNode::*(AddTwoIntsServerNode*, std::_Placeholder<1>, std::_Placeholder<2>))(...)>; typename std::enable_if<(! rclcpp::detail::can_be_nullptr<CallbackT>::value), int>::type <anonymous> = 0; ServiceT = example_interfaces::srv::AddTwoInts][m[K’
[4.967s] [01m[K/opt/ros/humble/include/rclcpp/rclcpp/create_service.hpp:43:27:[m[K   required from ‘[01m[Ktypename rclcpp::Service<ServiceT>::SharedPtr rclcpp::create_service(std::shared_ptr<rclcpp::node_interfaces::NodeBaseInterface>, std::shared_ptr<rclcpp::node_interfaces::NodeServicesInterface>, const string&, CallbackT&&, const rmw_qos_profile_t&, rclcpp::CallbackGroup::SharedPtr) [with ServiceT = example_interfaces::srv::AddTwoInts; CallbackT = std::_Bind<void (AddTwoIntsServerNode::*(AddTwoIntsServerNode*, std::_Placeholder<1>, std::_Placeholder<2>))(...)>; typename rclcpp::Service<ServiceT>::SharedPtr = std::shared_ptr<rclcpp::Service<example_interfaces::srv::AddTwoInts> >; std::string = std::__cxx11::basic_string<char>; rmw_qos_profile_t = rmw_qos_profile_s; rclcpp::CallbackGroup::SharedPtr = std::shared_ptr<rclcpp::CallbackGroup>][m[K’
[4.967s] [01m[K/opt/ros/humble/include/rclcpp/rclcpp/node_impl.hpp:147:53:[m[K   required from ‘[01m[Ktypename rclcpp::Service<ServiceT>::SharedPtr rclcpp::Node::create_service(const string&, CallbackT&&, const rmw_qos_profile_t&, rclcpp::CallbackGroup::SharedPtr) [with ServiceT = example_interfaces::srv::AddTwoInts; CallbackT = std::_Bind<void (AddTwoIntsServerNode::*(AddTwoIntsServerNode*, std::_Placeholder<1>, std::_Placeholder<2>))(...)>; typename rclcpp::Service<ServiceT>::SharedPtr = std::shared_ptr<rclcpp::Service<example_interfaces::srv::AddTwoInts> >; std::string = std::__cxx11::basic_string<char>; rmw_qos_profile_t = rmw_qos_profile_s; rclcpp::CallbackGroup::SharedPtr = std::shared_ptr<rclcpp::CallbackGroup>][m[K’
[4.967s] [01m[K/home/pboon09/ros2_ws/src/service_cpp/src/add_two_ints_server.cpp:12:76:[m[K   required from here
[4.967s] [01m[K/usr/include/c++/11/variant:1375:15:[m[K [01;31m[Kerror: [m[Kno type named ‘[01m[Ktype[m[K’ in ‘[01m[Kstruct std::enable_if<false, void>[m[K’
[4.967s]  1375 |         using [01;31m[K__accepted_type[m[K = __to_type<__accepted_index<_Tp>>;
[4.967s]       |               [01;31m[K^~~~~~~~~~~~~~~[m[K
[4.967s] /opt/ros/humble/include/rclcpp/rclcpp/any_service_callback.hpp: In instantiation of ‘[01m[Kvoid rclcpp::AnyServiceCallback<ServiceT>::set(CallbackT&&) [with CallbackT = std::_Bind<void (AddTwoIntsServerNode::*(AddTwoIntsServerNode*, std::_Placeholder<1>, std::_Placeholder<2>))(...)>; typename std::enable_if<(! rclcpp::detail::can_be_nullptr<CallbackT>::value), int>::type <anonymous> = 0; ServiceT = example_interfaces::srv::AddTwoInts][m[K’:
[4.967s] [01m[K/opt/ros/humble/include/rclcpp/rclcpp/create_service.hpp:43:27:[m[K   required from ‘[01m[Ktypename rclcpp::Service<ServiceT>::SharedPtr rclcpp::create_service(std::shared_ptr<rclcpp::node_interfaces::NodeBaseInterface>, std::shared_ptr<rclcpp::node_interfaces::NodeServicesInterface>, const string&, CallbackT&&, const rmw_qos_profile_t&, rclcpp::CallbackGroup::SharedPtr) [with ServiceT = example_interfaces::srv::AddTwoInts; CallbackT = std::_Bind<void (AddTwoIntsServerNode::*(AddTwoIntsServerNode*, std::_Placeholder<1>, std::_Placeholder<2>))(...)>; typename rclcpp::Service<ServiceT>::SharedPtr = std::shared_ptr<rclcpp::Service<example_interfaces::srv::AddTwoInts> >; std::string = std::__cxx11::basic_string<char>; rmw_qos_profile_t = rmw_qos_profile_s; rclcpp::CallbackGroup::SharedPtr = std::shared_ptr<rclcpp::CallbackGroup>][m[K’
[4.967s] [01m[K/opt/ros/humble/include/rclcpp/rclcpp/node_impl.hpp:147:53:[m[K   required from ‘[01m[Ktypename rclcpp::Service<ServiceT>::SharedPtr rclcpp::Node::create_service(const string&, CallbackT&&, const rmw_qos_profile_t&, rclcpp::CallbackGroup::SharedPtr) [with ServiceT = example_interfaces::srv::AddTwoInts; CallbackT = std::_Bind<void (AddTwoIntsServerNode::*(AddTwoIntsServerNode*, std::_Placeholder<1>, std::_Placeholder<2>))(...)>; typename rclcpp::Service<ServiceT>::SharedPtr = std::shared_ptr<rclcpp::Service<example_interfaces::srv::AddTwoInts> >; std::string = std::__cxx11::basic_string<char>; rmw_qos_profile_t = rmw_qos_profile_s; rclcpp::CallbackGroup::SharedPtr = std::shared_ptr<rclcpp::CallbackGroup>][m[K’
[4.967s] [01m[K/home/pboon09/ros2_ws/src/service_cpp/src/add_two_ints_server.cpp:12:76:[m[K   required from here
[4.967s] [01m[K/usr/include/c++/11/variant:1398:16:[m[K [01;36m[Knote: [m[Kcandidate: ‘[01m[Kstd::variant<_Types>& std::variant<_Types>::operator=(const std::variant<_Types>&) [with _Types = {std::monostate, std::function<void(std::shared_ptr<example_interfaces::srv::AddTwoInts_Request_<std::allocator<void> > >, std::shared_ptr<example_interfaces::srv::AddTwoInts_Response_<std::allocator<void> > >)>, std::function<void(std::shared_ptr<rmw_request_id_s>, std::shared_ptr<example_interfaces::srv::AddTwoInts_Request_<std::allocator<void> > >, std::shared_ptr<example_interfaces::srv::AddTwoInts_Response_<std::allocator<void> > >)>, std::function<void(std::shared_ptr<rmw_request_id_s>, std::shared_ptr<example_interfaces::srv::AddTwoInts_Request_<std::allocator<void> > >)>, std::function<void(std::shared_ptr<rclcpp::Service<example_interfaces::srv::AddTwoInts> >, std::shared_ptr<rmw_request_id_s>, std::shared_ptr<example_interfaces::srv::AddTwoInts_Request_<std::allocator<void> > >)>}][m[K’
[4.967s]  1398 |       variant& [01;36m[Koperator[m[K=(const variant&) = default;
[4.967s]       |                [01;36m[K^~~~~~~~[m[K
[4.967s] [01m[K/usr/include/c++/11/variant:1398:26:[m[K [01;36m[Knote: [m[K  no known conversion for argument 1 from ‘[01m[Kstd::_Bind<void (AddTwoIntsServerNode::*(AddTwoIntsServerNode*, std::_Placeholder<1>, std::_Placeholder<2>))(...)>[m[K’ to ‘[01m[Kconst std::variant<std::monostate, std::function<void(std::shared_ptr<example_interfaces::srv::AddTwoInts_Request_<std::allocator<void> > >, std::shared_ptr<example_interfaces::srv::AddTwoInts_Response_<std::allocator<void> > >)>, std::function<void(std::shared_ptr<rmw_request_id_s>, std::shared_ptr<example_interfaces::srv::AddTwoInts_Request_<std::allocator<void> > >, std::shared_ptr<example_interfaces::srv::AddTwoInts_Response_<std::allocator<void> > >)>, std::function<void(std::shared_ptr<rmw_request_id_s>, std::shared_ptr<example_interfaces::srv::AddTwoInts_Request_<std::allocator<void> > >)>, std::function<void(std::shared_ptr<rclcpp::Service<example_interfaces::srv::AddTwoInts> >, std::shared_ptr<rmw_request_id_s>, std::shared_ptr<example_interfaces::srv::AddTwoInts_Request_<std::allocator<void> > >)> >&[m[K’
[4.967s]  1398 |       variant& operator=([01;36m[Kconst variant&[m[K) = default;
[4.967s]       |                          [01;36m[K^~~~~~~~~~~~~~[m[K
[4.968s] [01m[K/usr/include/c++/11/variant:1399:16:[m[K [01;36m[Knote: [m[Kcandidate: ‘[01m[Kstd::variant<_Types>& std::variant<_Types>::operator=(std::variant<_Types>&&) [with _Types = {std::monostate, std::function<void(std::shared_ptr<example_interfaces::srv::AddTwoInts_Request_<std::allocator<void> > >, std::shared_ptr<example_interfaces::srv::AddTwoInts_Response_<std::allocator<void> > >)>, std::function<void(std::shared_ptr<rmw_request_id_s>, std::shared_ptr<example_interfaces::srv::AddTwoInts_Request_<std::allocator<void> > >, std::shared_ptr<example_interfaces::srv::AddTwoInts_Response_<std::allocator<void> > >)>, std::function<void(std::shared_ptr<rmw_request_id_s>, std::shared_ptr<example_interfaces::srv::AddTwoInts_Request_<std::allocator<void> > >)>, std::function<void(std::shared_ptr<rclcpp::Service<example_interfaces::srv::AddTwoInts> >, std::shared_ptr<rmw_request_id_s>, std::shared_ptr<example_interfaces::srv::AddTwoInts_Request_<std::allocator<void> > >)>}][m[K’
[4.968s]  1399 |       variant& [01;36m[Koperator[m[K=(variant&&) = default;
[4.968s]       |                [01;36m[K^~~~~~~~[m[K
[4.968s] [01m[K/usr/include/c++/11/variant:1399:26:[m[K [01;36m[Knote: [m[K  no known conversion for argument 1 from ‘[01m[Kstd::_Bind<void (AddTwoIntsServerNode::*(AddTwoIntsServerNode*, std::_Placeholder<1>, std::_Placeholder<2>))(...)>[m[K’ to ‘[01m[Kstd::variant<std::monostate, std::function<void(std::shared_ptr<example_interfaces::srv::AddTwoInts_Request_<std::allocator<void> > >, std::shared_ptr<example_interfaces::srv::AddTwoInts_Response_<std::allocator<void> > >)>, std::function<void(std::shared_ptr<rmw_request_id_s>, std::shared_ptr<example_interfaces::srv::AddTwoInts_Request_<std::allocator<void> > >, std::shared_ptr<example_interfaces::srv::AddTwoInts_Response_<std::allocator<void> > >)>, std::function<void(std::shared_ptr<rmw_request_id_s>, std::shared_ptr<example_interfaces::srv::AddTwoInts_Request_<std::allocator<void> > >)>, std::function<void(std::shared_ptr<rclcpp::Service<example_interfaces::srv::AddTwoInts> >, std::shared_ptr<rmw_request_id_s>, std::shared_ptr<example_interfaces::srv::AddTwoInts_Request_<std::allocator<void> > >)> >&&[m[K’
[4.968s]  1399 |       variant& operator=([01;36m[Kvariant&&[m[K) = default;
[4.968s]       |                          [01;36m[K^~~~~~~~~[m[K
[5.226s] gmake[2]: *** [CMakeFiles/add_two_ints_server.dir/build.make:76: CMakeFiles/add_two_ints_server.dir/src/add_two_ints_server.cpp.o] Error 1
[5.226s] gmake[1]: *** [CMakeFiles/Makefile2:137: CMakeFiles/add_two_ints_server.dir/all] Error 2
[5.226s] gmake: *** [Makefile:146: all] Error 2
[5.231s] Invoked command in '/home/pboon09/ros2_ws/build/service_cpp' returned '2': CMAKE_PREFIX_PATH=${CMAKE_PREFIX_PATH}:/home/pboon09/ros2_ws/install/my_py_pkg:/home/pboon09/ros2_ws/install/TryTopic:/home/pboon09/microros_ws/install/sensor_msgs_py:/opt/ros/humble /usr/bin/cmake --build /home/pboon09/ros2_ws/build/service_cpp -- -j12 -l12
