[0.669s] Invoking command in '/home/pboon09/ros2_ws/src/activity_service': PYTHONPATH=/home/pboon09/ros2_ws/build/activity_service/prefix_override:/home/pboon09/ros2_ws/install/activity_service/lib/python3.10/site-packages:${PYTHONPATH} /usr/bin/python3 -W ignore:setup.py install is deprecated setup.py egg_info --egg-base ../../build/activity_service build --build-base /home/pboon09/ros2_ws/build/activity_service/build install --record /home/pboon09/ros2_ws/build/activity_service/install.log --single-version-externally-managed install_data
[0.917s] running egg_info
[0.917s] writing ../../build/activity_service/activity_service.egg-info/PKG-INFO
[0.917s] writing dependency_links to ../../build/activity_service/activity_service.egg-info/dependency_links.txt
[0.917s] writing entry points to ../../build/activity_service/activity_service.egg-info/entry_points.txt
[0.918s] writing requirements to ../../build/activity_service/activity_service.egg-info/requires.txt
[0.918s] writing top-level names to ../../build/activity_service/activity_service.egg-info/top_level.txt
[0.919s] reading manifest file '../../build/activity_service/activity_service.egg-info/SOURCES.txt'
[0.920s] writing manifest file '../../build/activity_service/activity_service.egg-info/SOURCES.txt'
[0.920s] running build
[0.920s] running build_py
[0.920s] running install
[0.920s] running install_lib
[0.922s] running install_data
[0.922s] running install_egg_info
[0.923s] removing '/home/pboon09/ros2_ws/install/activity_service/lib/python3.10/site-packages/activity_service-0.0.0-py3.10.egg-info' (and everything under it)
[0.923s] Copying ../../build/activity_service/activity_service.egg-info to /home/pboon09/ros2_ws/install/activity_service/lib/python3.10/site-packages/activity_service-0.0.0-py3.10.egg-info
[0.924s] running install_scripts
[0.944s] Installing number_counter script to /home/pboon09/ros2_ws/install/activity_service/lib/activity_service
[0.944s] Installing number_publisher script to /home/pboon09/ros2_ws/install/activity_service/lib/activity_service
[0.944s] writing list of installed files to '/home/pboon09/ros2_ws/build/activity_service/install.log'
[0.974s] Invoked command in '/home/pboon09/ros2_ws/src/activity_service' returned '0': PYTHONPATH=/home/pboon09/ros2_ws/build/activity_service/prefix_override:/home/pboon09/ros2_ws/install/activity_service/lib/python3.10/site-packages:${PYTHONPATH} /usr/bin/python3 -W ignore:setup.py install is deprecated setup.py egg_info --egg-base ../../build/activity_service build --build-base /home/pboon09/ros2_ws/build/activity_service/build install --record /home/pboon09/ros2_ws/build/activity_service/install.log --single-version-externally-managed install_data
