/home/pboon09/ros2_ws/install/service_py/lib/python3.10/site-packages/service_py/add_two_ints_server.py
/home/pboon09/ros2_ws/install/service_py/lib/python3.10/site-packages/service_py/add_two_ints_client_no_oop.py
/home/pboon09/ros2_ws/install/service_py/lib/python3.10/site-packages/service_py/__init__.py
/home/pboon09/ros2_ws/install/service_py/lib/python3.10/site-packages/service_py/add_two_ints_client.py
/home/pboon09/ros2_ws/install/service_py/lib/python3.10/site-packages/service_py/__pycache__/add_two_ints_server.cpython-310.pyc
/home/pboon09/ros2_ws/install/service_py/lib/python3.10/site-packages/service_py/__pycache__/add_two_ints_client_no_oop.cpython-310.pyc
/home/pboon09/ros2_ws/install/service_py/lib/python3.10/site-packages/service_py/__pycache__/__init__.cpython-310.pyc
/home/pboon09/ros2_ws/install/service_py/lib/python3.10/site-packages/service_py/__pycache__/add_two_ints_client.cpython-310.pyc
/home/pboon09/ros2_ws/install/service_py/share/ament_index/resource_index/packages/service_py
/home/pboon09/ros2_ws/install/service_py/share/service_py/package.xml
/home/pboon09/ros2_ws/install/service_py/lib/python3.10/site-packages/service_py-0.0.0-py3.10.egg-info/dependency_links.txt
/home/pboon09/ros2_ws/install/service_py/lib/python3.10/site-packages/service_py-0.0.0-py3.10.egg-info/requires.txt
/home/pboon09/ros2_ws/install/service_py/lib/python3.10/site-packages/service_py-0.0.0-py3.10.egg-info/entry_points.txt
/home/pboon09/ros2_ws/install/service_py/lib/python3.10/site-packages/service_py-0.0.0-py3.10.egg-info/PKG-INFO
/home/pboon09/ros2_ws/install/service_py/lib/python3.10/site-packages/service_py-0.0.0-py3.10.egg-info/top_level.txt
/home/pboon09/ros2_ws/install/service_py/lib/python3.10/site-packages/service_py-0.0.0-py3.10.egg-info/zip-safe
/home/pboon09/ros2_ws/install/service_py/lib/python3.10/site-packages/service_py-0.0.0-py3.10.egg-info/SOURCES.txt
/home/pboon09/ros2_ws/install/service_py/lib/service_py/add_two_ints_client
/home/pboon09/ros2_ws/install/service_py/lib/service_py/add_two_ints_client_no_oop
/home/pboon09/ros2_ws/install/service_py/lib/service_py/add_two_ints_server
