[0.293s] Invoking command in '/home/pboon09/ros2_ws/build/my_cpp_pkg': CMAKE_PREFIX_PATH=${CMAKE_PREFIX_PATH}:/home/pboon09/ros2_ws/install/my_py_pkg:/home/pboon09/ros2_ws/install/TryTopic:/home/pboon09/microros_ws/install/sensor_msgs_py:/opt/ros/humble /usr/bin/cmake /home/pboon09/ros2_ws/src/my_cpp_pkg -DCMAKE_INSTALL_PREFIX=/home/pboon09/ros2_ws/install/my_cpp_pkg
[0.563s] -- The C compiler identification is GNU 11.4.0
[0.563s] -- The CXX compiler identification is GNU 11.4.0
[0.564s] -- Detecting C compiler ABI info
[0.564s] -- Detecting C compiler ABI info - done
[0.564s] -- Check for working C compiler: /usr/bin/cc - skipped
[0.564s] -- Detecting C compile features
[0.564s] -- Detecting C compile features - done
[0.564s] -- Detecting CXX compiler ABI info
[0.662s] -- Detecting CXX compiler ABI info - done
[0.669s] -- Check for working CXX compiler: /usr/bin/c++ - skipped
[0.669s] -- Detecting CXX compile features
[0.669s] -- Detecting CXX compile features - done
[0.677s] -- Found ament_cmake: 1.3.9 (/opt/ros/humble/share/ament_cmake/cmake)
[0.881s] -- Found Python3: /usr/bin/python3 (found version "3.10.12") found components: Interpreter 
[1.058s] -- Found rclcpp: 16.0.9 (/opt/ros/humble/share/rclcpp/cmake)
[1.158s] -- Found rosidl_generator_c: 3.1.5 (/opt/ros/humble/share/rosidl_generator_c/cmake)
[1.173s] -- Found rosidl_adapter: 3.1.5 (/opt/ros/humble/share/rosidl_adapter/cmake)
[1.192s] -- Found rosidl_generator_cpp: 3.1.5 (/opt/ros/humble/share/rosidl_generator_cpp/cmake)
[1.219s] -- Using all available rosidl_typesupport_c: rosidl_typesupport_microxrcedds_c;rosidl_typesupport_fastrtps_c;rosidl_typesupport_introspection_c
[1.273s] -- Using all available rosidl_typesupport_cpp: rosidl_typesupport_microxrcedds_cpp;rosidl_typesupport_fastrtps_cpp;rosidl_typesupport_introspection_cpp
[1.410s] -- Found rmw_implementation_cmake: 6.1.2 (/opt/ros/humble/share/rmw_implementation_cmake/cmake)
[1.420s] -- Found rmw_fastrtps_cpp: 6.2.6 (/opt/ros/humble/share/rmw_fastrtps_cpp/cmake)
[1.643s] -- Found OpenSSL: /usr/lib/x86_64-linux-gnu/libcrypto.so (found version "3.0.2")  
[1.679s] -- Found FastRTPS: /opt/ros/humble/include  
[1.744s] -- Using RMW implementation 'rmw_fastrtps_cpp' as default
[1.767s] -- Looking for pthread.h
[1.877s] -- Looking for pthread.h - found
[1.878s] -- Performing Test CMAKE_HAVE_LIBC_PTHREAD
[1.990s] -- Performing Test CMAKE_HAVE_LIBC_PTHREAD - Success
[1.991s] -- Found Threads: TRUE  
[2.237s] -- Configuring done
[2.249s] -- Generating done
[2.251s] -- Build files have been written to: /home/pboon09/ros2_ws/build/my_cpp_pkg
[2.264s] Invoked command in '/home/pboon09/ros2_ws/build/my_cpp_pkg' returned '0': CMAKE_PREFIX_PATH=${CMAKE_PREFIX_PATH}:/home/pboon09/ros2_ws/install/my_py_pkg:/home/pboon09/ros2_ws/install/TryTopic:/home/pboon09/microros_ws/install/sensor_msgs_py:/opt/ros/humble /usr/bin/cmake /home/pboon09/ros2_ws/src/my_cpp_pkg -DCMAKE_INSTALL_PREFIX=/home/pboon09/ros2_ws/install/my_cpp_pkg
[2.266s] Invoking command in '/home/pboon09/ros2_ws/build/my_cpp_pkg': CMAKE_PREFIX_PATH=${CMAKE_PREFIX_PATH}:/home/pboon09/ros2_ws/install/my_py_pkg:/home/pboon09/ros2_ws/install/TryTopic:/home/pboon09/microros_ws/install/sensor_msgs_py:/opt/ros/humble /usr/bin/cmake --build /home/pboon09/ros2_ws/build/my_cpp_pkg -- -j12 -l12
[2.353s] [ 25%] [32mBuilding CXX object CMakeFiles/cpp_node_2.dir/src/my_second_node.cpp.o[0m
[2.354s] [ 50%] [32mBuilding CXX object CMakeFiles/cpp_node_1.dir/src/my_first_node.cpp.o[0m
[4.883s] [ 75%] [32m[1mLinking CXX executable cpp_node_1[0m
[5.008s] [100%] [32m[1mLinking CXX executable cpp_node_2[0m
[5.033s] [100%] Built target cpp_node_1
[5.164s] [100%] Built target cpp_node_2
[5.182s] Invoked command in '/home/pboon09/ros2_ws/build/my_cpp_pkg' returned '0': CMAKE_PREFIX_PATH=${CMAKE_PREFIX_PATH}:/home/pboon09/ros2_ws/install/my_py_pkg:/home/pboon09/ros2_ws/install/TryTopic:/home/pboon09/microros_ws/install/sensor_msgs_py:/opt/ros/humble /usr/bin/cmake --build /home/pboon09/ros2_ws/build/my_cpp_pkg -- -j12 -l12
[5.265s] Invoking command in '/home/pboon09/ros2_ws/build/my_cpp_pkg': CMAKE_PREFIX_PATH=${CMAKE_PREFIX_PATH}:/home/pboon09/ros2_ws/install/my_py_pkg:/home/pboon09/ros2_ws/install/TryTopic:/home/pboon09/microros_ws/install/sensor_msgs_py:/opt/ros/humble /usr/bin/cmake --install /home/pboon09/ros2_ws/build/my_cpp_pkg
[5.276s] -- Install configuration: ""
[5.276s] -- Installing: /home/pboon09/ros2_ws/install/my_cpp_pkg/lib/my_cpp_pkg/cpp_node_1
[5.277s] -- Set runtime path of "/home/pboon09/ros2_ws/install/my_cpp_pkg/lib/my_cpp_pkg/cpp_node_1" to ""
[5.277s] -- Installing: /home/pboon09/ros2_ws/install/my_cpp_pkg/lib/my_cpp_pkg/cpp_node_2
[5.278s] -- Set runtime path of "/home/pboon09/ros2_ws/install/my_cpp_pkg/lib/my_cpp_pkg/cpp_node_2" to ""
[5.278s] -- Installing: /home/pboon09/ros2_ws/install/my_cpp_pkg/share/ament_index/resource_index/package_run_dependencies/my_cpp_pkg
[5.278s] -- Installing: /home/pboon09/ros2_ws/install/my_cpp_pkg/share/ament_index/resource_index/parent_prefix_path/my_cpp_pkg
[5.278s] -- Installing: /home/pboon09/ros2_ws/install/my_cpp_pkg/share/my_cpp_pkg/environment/ament_prefix_path.sh
[5.278s] -- Installing: /home/pboon09/ros2_ws/install/my_cpp_pkg/share/my_cpp_pkg/environment/ament_prefix_path.dsv
[5.278s] -- Installing: /home/pboon09/ros2_ws/install/my_cpp_pkg/share/my_cpp_pkg/environment/path.sh
[5.279s] -- Installing: /home/pboon09/ros2_ws/install/my_cpp_pkg/share/my_cpp_pkg/environment/path.dsv
[5.279s] -- Installing: /home/pboon09/ros2_ws/install/my_cpp_pkg/share/my_cpp_pkg/local_setup.bash
[5.279s] -- Installing: /home/pboon09/ros2_ws/install/my_cpp_pkg/share/my_cpp_pkg/local_setup.sh
[5.279s] -- Installing: /home/pboon09/ros2_ws/install/my_cpp_pkg/share/my_cpp_pkg/local_setup.zsh
[5.279s] -- Installing: /home/pboon09/ros2_ws/install/my_cpp_pkg/share/my_cpp_pkg/local_setup.dsv
[5.279s] -- Installing: /home/pboon09/ros2_ws/install/my_cpp_pkg/share/my_cpp_pkg/package.dsv
[5.280s] -- Installing: /home/pboon09/ros2_ws/install/my_cpp_pkg/share/ament_index/resource_index/packages/my_cpp_pkg
[5.280s] -- Installing: /home/pboon09/ros2_ws/install/my_cpp_pkg/share/my_cpp_pkg/cmake/my_cpp_pkgConfig.cmake
[5.280s] -- Installing: /home/pboon09/ros2_ws/install/my_cpp_pkg/share/my_cpp_pkg/cmake/my_cpp_pkgConfig-version.cmake
[5.280s] -- Installing: /home/pboon09/ros2_ws/install/my_cpp_pkg/share/my_cpp_pkg/package.xml
[5.283s] Invoked command in '/home/pboon09/ros2_ws/build/my_cpp_pkg' returned '0': CMAKE_PREFIX_PATH=${CMAKE_PREFIX_PATH}:/home/pboon09/ros2_ws/install/my_py_pkg:/home/pboon09/ros2_ws/install/TryTopic:/home/pboon09/microros_ws/install/sensor_msgs_py:/opt/ros/humble /usr/bin/cmake --install /home/pboon09/ros2_ws/build/my_cpp_pkg
