-- Found ament_cmake: 1.3.9 (/opt/ros/humble/share/ament_cmake/cmake)
-- Found rclcpp: 16.0.9 (/opt/ros/humble/share/rclcpp/cmake)
-- Found rosidl_generator_c: 3.1.5 (/opt/ros/humble/share/rosidl_generator_c/cmake)
-- Found rosidl_adapter: 3.1.5 (/opt/ros/humble/share/rosidl_adapter/cmake)
-- Found rosidl_generator_cpp: 3.1.5 (/opt/ros/humble/share/rosidl_generator_cpp/cmake)
-- Using all available rosidl_typesupport_c: rosidl_typesupport_microxrcedds_c;rosidl_typesupport_fastrtps_c;rosidl_typesupport_introspection_c
-- Using all available rosidl_typesupport_cpp: rosidl_typesupport_microxrcedds_cpp;rosidl_typesupport_fastrtps_cpp;rosidl_typesupport_introspection_cpp
-- Found rmw_implementation_cmake: 6.1.2 (/opt/ros/humble/share/rmw_implementation_cmake/cmake)
-- Found rmw_fastrtps_cpp: 6.2.6 (/opt/ros/humble/share/rmw_fastrtps_cpp/cmake)
-- Using RMW implementation 'rmw_fastrtps_cpp' as default
-- Found example_interfaces: 0.9.3 (/home/pboon09/microros_ws/install/example_interfaces/share/example_interfaces/cmake)
-- Configuring done
-- Generating done
-- Build files have been written to: /home/pboon09/ros2_ws/build/service_cpp
[35m[1mConsolidate compiler generated dependencies of target add_two_ints_server[0m
[ 25%] [32mBuilding CXX object CMakeFiles/add_two_ints_client_no_oop.dir/src/add_two_ints_client_no_oop.cpp.o[0m
[ 75%] Built target add_two_ints_server
[01m[K/home/pboon09/ros2_ws/src/service_cpp/src/add_two_ints_client_no_oop.cpp:[m[K In function ‘[01m[Kint main(int, char**)[m[K’:
[01m[K/home/pboon09/ros2_ws/src/service_cpp/src/add_two_ints_client_no_oop.cpp:10:5:[m[K [01;31m[Kerror: [m[Kexpected ‘[01m[K,[m[K’ or ‘[01m[K;[m[K’ before ‘[01m[Kwhile[m[K’
   10 |     [01;31m[Kwhile[m[K(!client->wait_for_service(std::chrono::seconds(1)))
      |     [01;31m[K^~~~~[m[K
[01m[K/home/pboon09/ros2_ws/src/service_cpp/src/add_two_ints_client_no_oop.cpp:20:68:[m[K [01;31m[Kerror: [m[K‘[01m[Krclcpp::executor[m[K’ has not been declared
   20 |     if(rclcpp::spin_until_future_complete(node, future) == rclcpp::[01;31m[Kexecutor[m[K::FutureReturnCode::SUCCESS)
      |                                                                    [01;31m[K^~~~~~~~[m[K
In file included from [01m[K/opt/ros/humble/include/rclcpp/rclcpp/client.hpp:40[m[K,
                 from [01m[K/opt/ros/humble/include/rclcpp/rclcpp/callback_group.hpp:24[m[K,
                 from [01m[K/opt/ros/humble/include/rclcpp/rclcpp/any_executable.hpp:20[m[K,
                 from [01m[K/opt/ros/humble/include/rclcpp/rclcpp/memory_strategy.hpp:25[m[K,
                 from [01m[K/opt/ros/humble/include/rclcpp/rclcpp/memory_strategies.hpp:18[m[K,
                 from [01m[K/opt/ros/humble/include/rclcpp/rclcpp/executor_options.hpp:20[m[K,
                 from [01m[K/opt/ros/humble/include/rclcpp/rclcpp/executor.hpp:37[m[K,
                 from [01m[K/opt/ros/humble/include/rclcpp/rclcpp/executors/multi_threaded_executor.hpp:25[m[K,
                 from [01m[K/opt/ros/humble/include/rclcpp/rclcpp/executors.hpp:21[m[K,
                 from [01m[K/opt/ros/humble/include/rclcpp/rclcpp/rclcpp.hpp:155[m[K,
                 from [01m[K/home/pboon09/ros2_ws/src/service_cpp/src/add_two_ints_client_no_oop.cpp:1[m[K:
[01m[K/home/pboon09/ros2_ws/src/service_cpp/src/add_two_ints_client_no_oop.cpp:22:21:[m[K [01;31m[Kerror: [m[Kinvalid use of ‘[01m[Kthis[m[K’ in non-member function
   22 |         RCLCPP_INFO([01;31m[Kthis[m[K->get_logger(), "%d + %d = %d", request->a, request->b, future.get()->sum);
      |                     [01;31m[K^~~~[m[K
[01m[K/home/pboon09/ros2_ws/src/service_cpp/src/add_two_ints_client_no_oop.cpp:22:21:[m[K [01;31m[Kerror: [m[Kinvalid use of ‘[01m[Kthis[m[K’ in non-member function
[01m[K/home/pboon09/ros2_ws/src/service_cpp/src/add_two_ints_client_no_oop.cpp:22:9:[m[K [01;31m[Kerror: [m[Ktemplate argument 1 is invalid
   22 |         [01;31m[KRCLCPP_INFO[m[K(this->get_logger(), "%d + %d = %d", request->a, request->b, future.get()->sum);
      |         [01;31m[K^~~~~~~~~~~[m[K
[01m[K/home/pboon09/ros2_ws/src/service_cpp/src/add_two_ints_client_no_oop.cpp:22:9:[m[K [01;31m[Kerror: [m[Ktemplate argument 1 is invalid
   22 |         [01;31m[KRCLCPP_INFO[m[K(this->get_logger(), "%d + %d = %d", request->a, request->b, future.get()->sum);
      |         [01;31m[K^~~~~~~~~~~[m[K
[01m[K/home/pboon09/ros2_ws/src/service_cpp/src/add_two_ints_client_no_oop.cpp:22:9:[m[K [01;31m[Kerror: [m[Ktemplate argument 1 is invalid
   22 |         [01;31m[KRCLCPP_INFO[m[K(this->get_logger(), "%d + %d = %d", request->a, request->b, future.get()->sum);
      |         [01;31m[K^~~~~~~~~~~[m[K
In file included from [01m[K/opt/ros/humble/include/rclcpp/rclcpp/logging.hpp:24[m[K,
                 from [01m[K/opt/ros/humble/include/rclcpp/rclcpp/client.hpp:40[m[K,
                 from [01m[K/opt/ros/humble/include/rclcpp/rclcpp/callback_group.hpp:24[m[K,
                 from [01m[K/opt/ros/humble/include/rclcpp/rclcpp/any_executable.hpp:20[m[K,
                 from [01m[K/opt/ros/humble/include/rclcpp/rclcpp/memory_strategy.hpp:25[m[K,
                 from [01m[K/opt/ros/humble/include/rclcpp/rclcpp/memory_strategies.hpp:18[m[K,
                 from [01m[K/opt/ros/humble/include/rclcpp/rclcpp/executor_options.hpp:20[m[K,
                 from [01m[K/opt/ros/humble/include/rclcpp/rclcpp/executor.hpp:37[m[K,
                 from [01m[K/opt/ros/humble/include/rclcpp/rclcpp/executors/multi_threaded_executor.hpp:25[m[K,
                 from [01m[K/opt/ros/humble/include/rclcpp/rclcpp/executors.hpp:21[m[K,
                 from [01m[K/opt/ros/humble/include/rclcpp/rclcpp/rclcpp.hpp:155[m[K,
                 from [01m[K/home/pboon09/ros2_ws/src/service_cpp/src/add_two_ints_client_no_oop.cpp:1[m[K:
[01m[K/home/pboon09/ros2_ws/src/service_cpp/src/add_two_ints_client_no_oop.cpp:22:21:[m[K [01;31m[Kerror: [m[Kinvalid use of ‘[01m[Kthis[m[K’ in non-member function
   22 |         RCLCPP_INFO([01;31m[Kthis[m[K->get_logger(), "%d + %d = %d", request->a, request->b, future.get()->sum);
      |                     [01;31m[K^~~~[m[K
[01m[K/home/pboon09/ros2_ws/src/service_cpp/src/add_two_ints_client_no_oop.cpp:22:21:[m[K [01;31m[Kerror: [m[Kinvalid use of ‘[01m[Kthis[m[K’ in non-member function
   22 |         RCLCPP_INFO([01;31m[Kthis[m[K->get_logger(), "%d + %d = %d", request->a, request->b, future.get()->sum);
      |                     [01;31m[K^~~~[m[K
In file included from [01m[K/opt/ros/humble/include/rclcpp/rclcpp/client.hpp:40[m[K,
                 from [01m[K/opt/ros/humble/include/rclcpp/rclcpp/callback_group.hpp:24[m[K,
                 from [01m[K/opt/ros/humble/include/rclcpp/rclcpp/any_executable.hpp:20[m[K,
                 from [01m[K/opt/ros/humble/include/rclcpp/rclcpp/memory_strategy.hpp:25[m[K,
                 from [01m[K/opt/ros/humble/include/rclcpp/rclcpp/memory_strategies.hpp:18[m[K,
                 from [01m[K/opt/ros/humble/include/rclcpp/rclcpp/executor_options.hpp:20[m[K,
                 from [01m[K/opt/ros/humble/include/rclcpp/rclcpp/executor.hpp:37[m[K,
                 from [01m[K/opt/ros/humble/include/rclcpp/rclcpp/executors/multi_threaded_executor.hpp:25[m[K,
                 from [01m[K/opt/ros/humble/include/rclcpp/rclcpp/executors.hpp:21[m[K,
                 from [01m[K/opt/ros/humble/include/rclcpp/rclcpp/rclcpp.hpp:155[m[K,
                 from [01m[K/home/pboon09/ros2_ws/src/service_cpp/src/add_two_ints_client_no_oop.cpp:1[m[K:
[01m[K/home/pboon09/ros2_ws/src/service_cpp/src/add_two_ints_client_no_oop.cpp:26:22:[m[K [01;31m[Kerror: [m[Kinvalid use of ‘[01m[Kthis[m[K’ in non-member function
   26 |         RCLCPP_ERROR([01;31m[Kthis[m[K->get_logger(), "Error while calling service")
      |                      [01;31m[K^~~~[m[K
[01m[K/home/pboon09/ros2_ws/src/service_cpp/src/add_two_ints_client_no_oop.cpp:26:22:[m[K [01;31m[Kerror: [m[Kinvalid use of ‘[01m[Kthis[m[K’ in non-member function
[01m[K/home/pboon09/ros2_ws/src/service_cpp/src/add_two_ints_client_no_oop.cpp:26:9:[m[K [01;31m[Kerror: [m[Ktemplate argument 1 is invalid
   26 |         [01;31m[KRCLCPP_ERROR[m[K(this->get_logger(), "Error while calling service")
      |         [01;31m[K^~~~~~~~~~~~[m[K
[01m[K/home/pboon09/ros2_ws/src/service_cpp/src/add_two_ints_client_no_oop.cpp:26:9:[m[K [01;31m[Kerror: [m[Ktemplate argument 1 is invalid
   26 |         [01;31m[KRCLCPP_ERROR[m[K(this->get_logger(), "Error while calling service")
      |         [01;31m[K^~~~~~~~~~~~[m[K
[01m[K/home/pboon09/ros2_ws/src/service_cpp/src/add_two_ints_client_no_oop.cpp:26:9:[m[K [01;31m[Kerror: [m[Ktemplate argument 1 is invalid
   26 |         [01;31m[KRCLCPP_ERROR[m[K(this->get_logger(), "Error while calling service")
      |         [01;31m[K^~~~~~~~~~~~[m[K
In file included from [01m[K/opt/ros/humble/include/rclcpp/rclcpp/logging.hpp:24[m[K,
                 from [01m[K/opt/ros/humble/include/rclcpp/rclcpp/client.hpp:40[m[K,
                 from [01m[K/opt/ros/humble/include/rclcpp/rclcpp/callback_group.hpp:24[m[K,
                 from [01m[K/opt/ros/humble/include/rclcpp/rclcpp/any_executable.hpp:20[m[K,
                 from [01m[K/opt/ros/humble/include/rclcpp/rclcpp/memory_strategy.hpp:25[m[K,
                 from [01m[K/opt/ros/humble/include/rclcpp/rclcpp/memory_strategies.hpp:18[m[K,
                 from [01m[K/opt/ros/humble/include/rclcpp/rclcpp/executor_options.hpp:20[m[K,
                 from [01m[K/opt/ros/humble/include/rclcpp/rclcpp/executor.hpp:37[m[K,
                 from [01m[K/opt/ros/humble/include/rclcpp/rclcpp/executors/multi_threaded_executor.hpp:25[m[K,
                 from [01m[K/opt/ros/humble/include/rclcpp/rclcpp/executors.hpp:21[m[K,
                 from [01m[K/opt/ros/humble/include/rclcpp/rclcpp/rclcpp.hpp:155[m[K,
                 from [01m[K/home/pboon09/ros2_ws/src/service_cpp/src/add_two_ints_client_no_oop.cpp:1[m[K:
[01m[K/home/pboon09/ros2_ws/src/service_cpp/src/add_two_ints_client_no_oop.cpp:26:22:[m[K [01;31m[Kerror: [m[Kinvalid use of ‘[01m[Kthis[m[K’ in non-member function
   26 |         RCLCPP_ERROR([01;31m[Kthis[m[K->get_logger(), "Error while calling service")
      |                      [01;31m[K^~~~[m[K
[01m[K/home/pboon09/ros2_ws/src/service_cpp/src/add_two_ints_client_no_oop.cpp:26:22:[m[K [01;31m[Kerror: [m[Kinvalid use of ‘[01m[Kthis[m[K’ in non-member function
   26 |         RCLCPP_ERROR([01;31m[Kthis[m[K->get_logger(), "Error while calling service")
      |                      [01;31m[K^~~~[m[K
[01m[K/home/pboon09/ros2_ws/src/service_cpp/src/add_two_ints_client_no_oop.cpp:27:5:[m[K [01;31m[Kerror: [m[Kexpected ‘[01m[K;[m[K’ before ‘[01m[K}[m[K’ token
   27 |     [01;31m[K}[m[K
      |     [01;31m[K^[m[K
gmake[2]: *** [CMakeFiles/add_two_ints_client_no_oop.dir/build.make:76: CMakeFiles/add_two_ints_client_no_oop.dir/src/add_two_ints_client_no_oop.cpp.o] Error 1
gmake[1]: *** [CMakeFiles/Makefile2:165: CMakeFiles/add_two_ints_client_no_oop.dir/all] Error 2
gmake: *** [Makefile:146: all] Error 2
