[1.608s] Invoking command in '/home/pboon09/ros2_ws/src/service_py': PYTHONPATH=/home/pboon09/ros2_ws/build/service_py/prefix_override:/home/pboon09/ros2_ws/install/service_py/lib/python3.10/site-packages:${PYTHONPATH} /usr/bin/python3 -W ignore:setup.py install is deprecated setup.py egg_info --egg-base ../../build/service_py build --build-base /home/pboon09/ros2_ws/build/service_py/build install --record /home/pboon09/ros2_ws/build/service_py/install.log --single-version-externally-managed install_data
[1.875s] running egg_info
[1.876s] writing ../../build/service_py/service_py.egg-info/PKG-INFO
[1.876s] writing dependency_links to ../../build/service_py/service_py.egg-info/dependency_links.txt
[1.876s] writing entry points to ../../build/service_py/service_py.egg-info/entry_points.txt
[1.876s] writing requirements to ../../build/service_py/service_py.egg-info/requires.txt
[1.876s] writing top-level names to ../../build/service_py/service_py.egg-info/top_level.txt
[1.878s] reading manifest file '../../build/service_py/service_py.egg-info/SOURCES.txt'
[1.879s] writing manifest file '../../build/service_py/service_py.egg-info/SOURCES.txt'
[1.879s] running build
[1.879s] running build_py
[1.879s] copying service_py/add_two_ints_client.py -> /home/pboon09/ros2_ws/build/service_py/build/lib/service_py
[1.880s] running install
[1.880s] running install_lib
[1.881s] copying /home/pboon09/ros2_ws/build/service_py/build/lib/service_py/add_two_ints_client.py -> /home/pboon09/ros2_ws/install/service_py/lib/python3.10/site-packages/service_py
[1.883s] byte-compiling /home/pboon09/ros2_ws/install/service_py/lib/python3.10/site-packages/service_py/add_two_ints_client.py to add_two_ints_client.cpython-310.pyc
[1.884s] running install_data
[1.884s] running install_egg_info
[1.886s] removing '/home/pboon09/ros2_ws/install/service_py/lib/python3.10/site-packages/service_py-0.0.0-py3.10.egg-info' (and everything under it)
[1.886s] Copying ../../build/service_py/service_py.egg-info to /home/pboon09/ros2_ws/install/service_py/lib/python3.10/site-packages/service_py-0.0.0-py3.10.egg-info
[1.887s] running install_scripts
[1.911s] Installing add_two_ints_client script to /home/pboon09/ros2_ws/install/service_py/lib/service_py
[1.911s] Installing add_two_ints_client_no_oop script to /home/pboon09/ros2_ws/install/service_py/lib/service_py
[1.911s] Installing add_two_ints_server script to /home/pboon09/ros2_ws/install/service_py/lib/service_py
[1.911s] writing list of installed files to '/home/pboon09/ros2_ws/build/service_py/install.log'
[1.966s] Invoked command in '/home/pboon09/ros2_ws/src/service_py' returned '0': PYTHONPATH=/home/pboon09/ros2_ws/build/service_py/prefix_override:/home/pboon09/ros2_ws/install/service_py/lib/python3.10/site-packages:${PYTHONPATH} /usr/bin/python3 -W ignore:setup.py install is deprecated setup.py egg_info --egg-base ../../build/service_py build --build-base /home/pboon09/ros2_ws/build/service_py/build install --record /home/pboon09/ros2_ws/build/service_py/install.log --single-version-externally-managed install_data
