running egg_info
creating ../../build/activity_topic_node/activity_topic_node.egg-info
writing ../../build/activity_topic_node/activity_topic_node.egg-info/PKG-INFO
writing dependency_links to ../../build/activity_topic_node/activity_topic_node.egg-info/dependency_links.txt
writing entry points to ../../build/activity_topic_node/activity_topic_node.egg-info/entry_points.txt
writing requirements to ../../build/activity_topic_node/activity_topic_node.egg-info/requires.txt
writing top-level names to ../../build/activity_topic_node/activity_topic_node.egg-info/top_level.txt
writing manifest file '../../build/activity_topic_node/activity_topic_node.egg-info/SOURCES.txt'
reading manifest file '../../build/activity_topic_node/activity_topic_node.egg-info/SOURCES.txt'
writing manifest file '../../build/activity_topic_node/activity_topic_node.egg-info/SOURCES.txt'
running build
running build_py
creating /home/pboon09/ros2_ws/build/activity_topic_node/build
creating /home/pboon09/ros2_ws/build/activity_topic_node/build/lib
creating /home/pboon09/ros2_ws/build/activity_topic_node/build/lib/activity_topic_node
copying activity_topic_node/number_publisher.py -> /home/pboon09/ros2_ws/build/activity_topic_node/build/lib/activity_topic_node
copying activity_topic_node/number_counter.py -> /home/pboon09/ros2_ws/build/activity_topic_node/build/lib/activity_topic_node
copying activity_topic_node/__init__.py -> /home/pboon09/ros2_ws/build/activity_topic_node/build/lib/activity_topic_node
running install
running install_lib
creating /home/pboon09/ros2_ws/install/activity_topic_node/lib/python3.10/site-packages/activity_topic_node
copying /home/pboon09/ros2_ws/build/activity_topic_node/build/lib/activity_topic_node/number_publisher.py -> /home/pboon09/ros2_ws/install/activity_topic_node/lib/python3.10/site-packages/activity_topic_node
copying /home/pboon09/ros2_ws/build/activity_topic_node/build/lib/activity_topic_node/number_counter.py -> /home/pboon09/ros2_ws/install/activity_topic_node/lib/python3.10/site-packages/activity_topic_node
copying /home/pboon09/ros2_ws/build/activity_topic_node/build/lib/activity_topic_node/__init__.py -> /home/pboon09/ros2_ws/install/activity_topic_node/lib/python3.10/site-packages/activity_topic_node
byte-compiling /home/pboon09/ros2_ws/install/activity_topic_node/lib/python3.10/site-packages/activity_topic_node/number_publisher.py to number_publisher.cpython-310.pyc
byte-compiling /home/pboon09/ros2_ws/install/activity_topic_node/lib/python3.10/site-packages/activity_topic_node/number_counter.py to number_counter.cpython-310.pyc
byte-compiling /home/pboon09/ros2_ws/install/activity_topic_node/lib/python3.10/site-packages/activity_topic_node/__init__.py to __init__.cpython-310.pyc
running install_data
creating /home/pboon09/ros2_ws/install/activity_topic_node/share/ament_index
creating /home/pboon09/ros2_ws/install/activity_topic_node/share/ament_index/resource_index
creating /home/pboon09/ros2_ws/install/activity_topic_node/share/ament_index/resource_index/packages
copying resource/activity_topic_node -> /home/pboon09/ros2_ws/install/activity_topic_node/share/ament_index/resource_index/packages
copying package.xml -> /home/pboon09/ros2_ws/install/activity_topic_node/share/activity_topic_node
running install_egg_info
Copying ../../build/activity_topic_node/activity_topic_node.egg-info to /home/pboon09/ros2_ws/install/activity_topic_node/lib/python3.10/site-packages/activity_topic_node-0.0.0-py3.10.egg-info
running install_scripts
Installing number_counter script to /home/pboon09/ros2_ws/install/activity_topic_node/lib/activity_topic_node
Installing number_publisher script to /home/pboon09/ros2_ws/install/activity_topic_node/lib/activity_topic_node
writing list of installed files to '/home/pboon09/ros2_ws/build/activity_topic_node/install.log'
