[1.215s] Invoking command in '/home/pboon09/ros2_ws/src/activity_topic_node': PYTHONPATH=/home/pboon09/ros2_ws/build/activity_topic_node/prefix_override:/home/pboon09/ros2_ws/install/activity_topic_node/lib/python3.10/site-packages:${PYTHONPATH} /usr/bin/python3 -W ignore:setup.py install is deprecated setup.py egg_info --egg-base ../../build/activity_topic_node build --build-base /home/pboon09/ros2_ws/build/activity_topic_node/build install --record /home/pboon09/ros2_ws/build/activity_topic_node/install.log --single-version-externally-managed install_data
[1.537s] running egg_info
[1.538s] creating ../../build/activity_topic_node/activity_topic_node.egg-info
[1.538s] writing ../../build/activity_topic_node/activity_topic_node.egg-info/PKG-INFO
[1.539s] writing dependency_links to ../../build/activity_topic_node/activity_topic_node.egg-info/dependency_links.txt
[1.539s] writing entry points to ../../build/activity_topic_node/activity_topic_node.egg-info/entry_points.txt
[1.539s] writing requirements to ../../build/activity_topic_node/activity_topic_node.egg-info/requires.txt
[1.539s] writing top-level names to ../../build/activity_topic_node/activity_topic_node.egg-info/top_level.txt
[1.539s] writing manifest file '../../build/activity_topic_node/activity_topic_node.egg-info/SOURCES.txt'
[1.541s] reading manifest file '../../build/activity_topic_node/activity_topic_node.egg-info/SOURCES.txt'
[1.543s] writing manifest file '../../build/activity_topic_node/activity_topic_node.egg-info/SOURCES.txt'
[1.543s] running build
[1.543s] running build_py
[1.544s] creating /home/pboon09/ros2_ws/build/activity_topic_node/build
[1.544s] creating /home/pboon09/ros2_ws/build/activity_topic_node/build/lib
[1.544s] creating /home/pboon09/ros2_ws/build/activity_topic_node/build/lib/activity_topic_node
[1.544s] copying activity_topic_node/number_publisher.py -> /home/pboon09/ros2_ws/build/activity_topic_node/build/lib/activity_topic_node
[1.544s] copying activity_topic_node/number_counter.py -> /home/pboon09/ros2_ws/build/activity_topic_node/build/lib/activity_topic_node
[1.545s] copying activity_topic_node/__init__.py -> /home/pboon09/ros2_ws/build/activity_topic_node/build/lib/activity_topic_node
[1.545s] running install
[1.545s] running install_lib
[1.545s] creating /home/pboon09/ros2_ws/install/activity_topic_node/lib/python3.10/site-packages/activity_topic_node
[1.545s] copying /home/pboon09/ros2_ws/build/activity_topic_node/build/lib/activity_topic_node/number_publisher.py -> /home/pboon09/ros2_ws/install/activity_topic_node/lib/python3.10/site-packages/activity_topic_node
[1.545s] copying /home/pboon09/ros2_ws/build/activity_topic_node/build/lib/activity_topic_node/number_counter.py -> /home/pboon09/ros2_ws/install/activity_topic_node/lib/python3.10/site-packages/activity_topic_node
[1.546s] copying /home/pboon09/ros2_ws/build/activity_topic_node/build/lib/activity_topic_node/__init__.py -> /home/pboon09/ros2_ws/install/activity_topic_node/lib/python3.10/site-packages/activity_topic_node
[1.546s] byte-compiling /home/pboon09/ros2_ws/install/activity_topic_node/lib/python3.10/site-packages/activity_topic_node/number_publisher.py to number_publisher.cpython-310.pyc
[1.546s] byte-compiling /home/pboon09/ros2_ws/install/activity_topic_node/lib/python3.10/site-packages/activity_topic_node/number_counter.py to number_counter.cpython-310.pyc
[1.547s] byte-compiling /home/pboon09/ros2_ws/install/activity_topic_node/lib/python3.10/site-packages/activity_topic_node/__init__.py to __init__.cpython-310.pyc
[1.547s] running install_data
[1.548s] creating /home/pboon09/ros2_ws/install/activity_topic_node/share/ament_index
[1.548s] creating /home/pboon09/ros2_ws/install/activity_topic_node/share/ament_index/resource_index
[1.548s] creating /home/pboon09/ros2_ws/install/activity_topic_node/share/ament_index/resource_index/packages
[1.548s] copying resource/activity_topic_node -> /home/pboon09/ros2_ws/install/activity_topic_node/share/ament_index/resource_index/packages
[1.548s] copying package.xml -> /home/pboon09/ros2_ws/install/activity_topic_node/share/activity_topic_node
[1.548s] running install_egg_info
[1.550s] Copying ../../build/activity_topic_node/activity_topic_node.egg-info to /home/pboon09/ros2_ws/install/activity_topic_node/lib/python3.10/site-packages/activity_topic_node-0.0.0-py3.10.egg-info
[1.551s] running install_scripts
[1.572s] Installing number_counter script to /home/pboon09/ros2_ws/install/activity_topic_node/lib/activity_topic_node
[1.573s] Installing number_publisher script to /home/pboon09/ros2_ws/install/activity_topic_node/lib/activity_topic_node
[1.573s] writing list of installed files to '/home/pboon09/ros2_ws/build/activity_topic_node/install.log'
[1.636s] Invoked command in '/home/pboon09/ros2_ws/src/activity_topic_node' returned '0': PYTHONPATH=/home/pboon09/ros2_ws/build/activity_topic_node/prefix_override:/home/pboon09/ros2_ws/install/activity_topic_node/lib/python3.10/site-packages:${PYTHONPATH} /usr/bin/python3 -W ignore:setup.py install is deprecated setup.py egg_info --egg-base ../../build/activity_topic_node build --build-base /home/pboon09/ros2_ws/build/activity_topic_node/build install --record /home/pboon09/ros2_ws/build/activity_topic_node/install.log --single-version-externally-managed install_data
