[1.818s] Invoking command in '/home/pboon09/ros2_ws/src/activity_topic_node': PYTHONPATH=/home/pboon09/ros2_ws/build/activity_topic_node/prefix_override:/home/pboon09/ros2_ws/install/activity_topic_node/lib/python3.10/site-packages:${PYTHONPATH} /usr/bin/python3 -W ignore:setup.py install is deprecated setup.py egg_info --egg-base ../../build/activity_topic_node build --build-base /home/pboon09/ros2_ws/build/activity_topic_node/build install --record /home/pboon09/ros2_ws/build/activity_topic_node/install.log --single-version-externally-managed install_data
[2.069s] running egg_info
[2.070s] writing ../../build/activity_topic_node/activity_topic_node.egg-info/PKG-INFO
[2.070s] writing dependency_links to ../../build/activity_topic_node/activity_topic_node.egg-info/dependency_links.txt
[2.070s] writing entry points to ../../build/activity_topic_node/activity_topic_node.egg-info/entry_points.txt
[2.070s] writing requirements to ../../build/activity_topic_node/activity_topic_node.egg-info/requires.txt
[2.070s] writing top-level names to ../../build/activity_topic_node/activity_topic_node.egg-info/top_level.txt
[2.072s] reading manifest file '../../build/activity_topic_node/activity_topic_node.egg-info/SOURCES.txt'
[2.072s] writing manifest file '../../build/activity_topic_node/activity_topic_node.egg-info/SOURCES.txt'
[2.073s] running build
[2.073s] running build_py
[2.073s] running install
[2.073s] running install_lib
[2.075s] running install_data
[2.075s] running install_egg_info
[2.076s] removing '/home/pboon09/ros2_ws/install/activity_topic_node/lib/python3.10/site-packages/activity_topic_node-0.0.0-py3.10.egg-info' (and everything under it)
[2.077s] Copying ../../build/activity_topic_node/activity_topic_node.egg-info to /home/pboon09/ros2_ws/install/activity_topic_node/lib/python3.10/site-packages/activity_topic_node-0.0.0-py3.10.egg-info
[2.077s] running install_scripts
[2.097s] Installing number_counter script to /home/pboon09/ros2_ws/install/activity_topic_node/lib/activity_topic_node
[2.098s] Installing number_publisher script to /home/pboon09/ros2_ws/install/activity_topic_node/lib/activity_topic_node
[2.098s] writing list of installed files to '/home/pboon09/ros2_ws/build/activity_topic_node/install.log'
[2.150s] Invoked command in '/home/pboon09/ros2_ws/src/activity_topic_node' returned '0': PYTHONPATH=/home/pboon09/ros2_ws/build/activity_topic_node/prefix_override:/home/pboon09/ros2_ws/install/activity_topic_node/lib/python3.10/site-packages:${PYTHONPATH} /usr/bin/python3 -W ignore:setup.py install is deprecated setup.py egg_info --egg-base ../../build/activity_topic_node build --build-base /home/pboon09/ros2_ws/build/activity_topic_node/build install --record /home/pboon09/ros2_ws/build/activity_topic_node/install.log --single-version-externally-managed install_data
