-- Found ament_cmake: 1.3.9 (/opt/ros/humble/share/ament_cmake/cmake)
-- Found rclcpp: 16.0.9 (/opt/ros/humble/share/rclcpp/cmake)
-- Found rosidl_generator_c: 3.1.5 (/opt/ros/humble/share/rosidl_generator_c/cmake)
-- Found rosidl_adapter: 3.1.5 (/opt/ros/humble/share/rosidl_adapter/cmake)
-- Found rosidl_generator_cpp: 3.1.5 (/opt/ros/humble/share/rosidl_generator_cpp/cmake)
-- Using all available rosidl_typesupport_c: rosidl_typesupport_microxrcedds_c;rosidl_typesupport_fastrtps_c;rosidl_typesupport_introspection_c
-- Using all available rosidl_typesupport_cpp: rosidl_typesupport_microxrcedds_cpp;rosidl_typesupport_fastrtps_cpp;rosidl_typesupport_introspection_cpp
-- Found rmw_implementation_cmake: 6.1.2 (/opt/ros/humble/share/rmw_implementation_cmake/cmake)
-- Found rmw_fastrtps_cpp: 6.2.6 (/opt/ros/humble/share/rmw_fastrtps_cpp/cmake)
-- Using RMW implementation 'rmw_fastrtps_cpp' as default
-- Found my_robot_interfaces: 0.0.0 (/home/pboon09/ros2_ws/install/my_robot_interfaces/share/my_robot_interfaces/cmake)
-- Configuring done
-- Generating done
-- Build files have been written to: /home/pboon09/ros2_ws/build/custom_msg_cpp
[ 50%] [32mBuilding CXX object CMakeFiles/hardware_status_publisher.dir/src/hw_status_publisher.cpp.o[0m
[100%] [32m[1mLinking CXX executable hardware_status_publisher[0m
[100%] Built target hardware_status_publisher
-- Install configuration: ""
-- Installing: /home/pboon09/ros2_ws/install/custom_msg_cpp/lib/custom_msg_cpp/hardware_status_publisher
-- Set runtime path of "/home/pboon09/ros2_ws/install/custom_msg_cpp/lib/custom_msg_cpp/hardware_status_publisher" to ""
-- Installing: /home/pboon09/ros2_ws/install/custom_msg_cpp/share/ament_index/resource_index/package_run_dependencies/custom_msg_cpp
-- Installing: /home/pboon09/ros2_ws/install/custom_msg_cpp/share/ament_index/resource_index/parent_prefix_path/custom_msg_cpp
-- Installing: /home/pboon09/ros2_ws/install/custom_msg_cpp/share/custom_msg_cpp/environment/ament_prefix_path.sh
-- Installing: /home/pboon09/ros2_ws/install/custom_msg_cpp/share/custom_msg_cpp/environment/ament_prefix_path.dsv
-- Installing: /home/pboon09/ros2_ws/install/custom_msg_cpp/share/custom_msg_cpp/environment/path.sh
-- Installing: /home/pboon09/ros2_ws/install/custom_msg_cpp/share/custom_msg_cpp/environment/path.dsv
-- Installing: /home/pboon09/ros2_ws/install/custom_msg_cpp/share/custom_msg_cpp/local_setup.bash
-- Installing: /home/pboon09/ros2_ws/install/custom_msg_cpp/share/custom_msg_cpp/local_setup.sh
-- Installing: /home/pboon09/ros2_ws/install/custom_msg_cpp/share/custom_msg_cpp/local_setup.zsh
-- Installing: /home/pboon09/ros2_ws/install/custom_msg_cpp/share/custom_msg_cpp/local_setup.dsv
-- Installing: /home/pboon09/ros2_ws/install/custom_msg_cpp/share/custom_msg_cpp/package.dsv
-- Installing: /home/pboon09/ros2_ws/install/custom_msg_cpp/share/ament_index/resource_index/packages/custom_msg_cpp
-- Installing: /home/pboon09/ros2_ws/install/custom_msg_cpp/share/custom_msg_cpp/cmake/custom_msg_cppConfig.cmake
-- Installing: /home/pboon09/ros2_ws/install/custom_msg_cpp/share/custom_msg_cpp/cmake/custom_msg_cppConfig-version.cmake
-- Installing: /home/pboon09/ros2_ws/install/custom_msg_cpp/share/custom_msg_cpp/package.xml
