[1.924s] Invoking command in '/home/pboon09/ros2_ws/src/service_py': PYTHONPATH=/home/pboon09/ros2_ws/build/service_py/prefix_override:/home/pboon09/ros2_ws/install/service_py/lib/python3.10/site-packages:${PYTHONPATH} /usr/bin/python3 -W ignore:setup.py install is deprecated setup.py egg_info --egg-base ../../build/service_py build --build-base /home/pboon09/ros2_ws/build/service_py/build install --record /home/pboon09/ros2_ws/build/service_py/install.log --single-version-externally-managed install_data
[2.395s] running egg_info
[2.396s] writing ../../build/service_py/service_py.egg-info/PKG-INFO
[2.397s] writing dependency_links to ../../build/service_py/service_py.egg-info/dependency_links.txt
[2.397s] writing entry points to ../../build/service_py/service_py.egg-info/entry_points.txt
[2.398s] writing requirements to ../../build/service_py/service_py.egg-info/requires.txt
[2.398s] writing top-level names to ../../build/service_py/service_py.egg-info/top_level.txt
[2.401s] reading manifest file '../../build/service_py/service_py.egg-info/SOURCES.txt'
[2.403s] writing manifest file '../../build/service_py/service_py.egg-info/SOURCES.txt'
[2.403s] running build
[2.403s] running build_py
[2.404s] running install
[2.405s] running install_lib
[2.407s] running install_data
[2.408s] running install_egg_info
[2.411s] removing '/home/pboon09/ros2_ws/install/service_py/lib/python3.10/site-packages/service_py-0.0.0-py3.10.egg-info' (and everything under it)
[2.412s] Copying ../../build/service_py/service_py.egg-info to /home/pboon09/ros2_ws/install/service_py/lib/python3.10/site-packages/service_py-0.0.0-py3.10.egg-info
[2.414s] running install_scripts
[2.448s] Installing add_two_ints_client script to /home/pboon09/ros2_ws/install/service_py/lib/service_py
[2.448s] Installing add_two_ints_client_no_oop script to /home/pboon09/ros2_ws/install/service_py/lib/service_py
[2.449s] Installing add_two_ints_server script to /home/pboon09/ros2_ws/install/service_py/lib/service_py
[2.449s] writing list of installed files to '/home/pboon09/ros2_ws/build/service_py/install.log'
[2.510s] Invoked command in '/home/pboon09/ros2_ws/src/service_py' returned '0': PYTHONPATH=/home/pboon09/ros2_ws/build/service_py/prefix_override:/home/pboon09/ros2_ws/install/service_py/lib/python3.10/site-packages:${PYTHONPATH} /usr/bin/python3 -W ignore:setup.py install is deprecated setup.py egg_info --egg-base ../../build/service_py build --build-base /home/pboon09/ros2_ws/build/service_py/build install --record /home/pboon09/ros2_ws/build/service_py/install.log --single-version-externally-managed install_data
