[100%] Built target add_two_ints_server
[100%] Built target add_two_ints_client_no_oop
[100%] Built target add_two_ints_client
-- Install configuration: ""
-- Up-to-date: /home/pboon09/ros2_ws/install/service_cpp/lib/service_cpp/add_two_ints_server
-- Up-to-date: /home/pboon09/ros2_ws/install/service_cpp/lib/service_cpp/add_two_ints_client_no_oop
-- Up-to-date: /home/pboon09/ros2_ws/install/service_cpp/lib/service_cpp/add_two_ints_client
-- Up-to-date: /home/pboon09/ros2_ws/install/service_cpp/share/ament_index/resource_index/package_run_dependencies/service_cpp
-- Up-to-date: /home/pboon09/ros2_ws/install/service_cpp/share/ament_index/resource_index/parent_prefix_path/service_cpp
-- Up-to-date: /home/pboon09/ros2_ws/install/service_cpp/share/service_cpp/environment/ament_prefix_path.sh
-- Up-to-date: /home/pboon09/ros2_ws/install/service_cpp/share/service_cpp/environment/ament_prefix_path.dsv
-- Up-to-date: /home/pboon09/ros2_ws/install/service_cpp/share/service_cpp/environment/path.sh
-- Up-to-date: /home/pboon09/ros2_ws/install/service_cpp/share/service_cpp/environment/path.dsv
-- Up-to-date: /home/pboon09/ros2_ws/install/service_cpp/share/service_cpp/local_setup.bash
-- Up-to-date: /home/pboon09/ros2_ws/install/service_cpp/share/service_cpp/local_setup.sh
-- Up-to-date: /home/pboon09/ros2_ws/install/service_cpp/share/service_cpp/local_setup.zsh
-- Up-to-date: /home/pboon09/ros2_ws/install/service_cpp/share/service_cpp/local_setup.dsv
-- Installing: /home/pboon09/ros2_ws/install/service_cpp/share/service_cpp/package.dsv
-- Up-to-date: /home/pboon09/ros2_ws/install/service_cpp/share/ament_index/resource_index/packages/service_cpp
-- Up-to-date: /home/pboon09/ros2_ws/install/service_cpp/share/service_cpp/cmake/service_cppConfig.cmake
-- Up-to-date: /home/pboon09/ros2_ws/install/service_cpp/share/service_cpp/cmake/service_cppConfig-version.cmake
-- Up-to-date: /home/pboon09/ros2_ws/install/service_cpp/share/service_cpp/package.xml
