[0.016s] Invoking command in '/home/pboon09/ros2_ws/build/my_robot_interfaces': CMAKE_PREFIX_PATH=${CMAKE_PREFIX_PATH}:/home/pboon09/ros2_ws/install/my_py_pkg:/home/pboon09/ros2_ws/install/TryTopic:/home/pboon09/microros_ws/install/sensor_msgs_py:/opt/ros/humble /usr/bin/cmake --build /home/pboon09/ros2_ws/build/my_robot_interfaces -- -j12 -l12
[0.086s] [35m[1mConsolidate compiler generated dependencies of target my_robot_interfaces__rosidl_generator_c[0m
[0.104s] [  7%] Built target my_robot_interfaces__rosidl_generator_c
[0.104s] [ 10%] Built target my_robot_interfaces__cpp
[0.119s] [ 10%] Built target ament_cmake_python_copy_my_robot_interfaces
[0.122s] [35m[1mConsolidate compiler generated dependencies of target my_robot_interfaces__rosidl_typesupport_microxrcedds_c[0m
[0.122s] [35m[1mConsolidate compiler generated dependencies of target my_robot_interfaces__rosidl_typesupport_fastrtps_c[0m
[0.123s] [35m[1mConsolidate compiler generated dependencies of target my_robot_interfaces__rosidl_typesupport_introspection_c[0m
[0.123s] [35m[1mConsolidate compiler generated dependencies of target my_robot_interfaces__rosidl_typesupport_c[0m
[0.139s] [35m[1mConsolidate compiler generated dependencies of target my_robot_interfaces__rosidl_typesupport_introspection_cpp[0m
[0.139s] [35m[1mConsolidate compiler generated dependencies of target my_robot_interfaces__rosidl_typesupport_microxrcedds_cpp[0m
[0.140s] [35m[1mConsolidate compiler generated dependencies of target my_robot_interfaces__rosidl_typesupport_cpp[0m
[0.142s] [35m[1mConsolidate compiler generated dependencies of target my_robot_interfaces__rosidl_typesupport_fastrtps_cpp[0m
[0.145s] [ 17%] Built target my_robot_interfaces__rosidl_typesupport_microxrcedds_c
[0.146s] [ 25%] Built target my_robot_interfaces__rosidl_typesupport_introspection_c
[0.146s] [ 33%] Built target my_robot_interfaces__rosidl_typesupport_c
[0.149s] [ 41%] Built target my_robot_interfaces__rosidl_typesupport_fastrtps_c
[0.161s] [ 53%] Built target my_robot_interfaces__rosidl_typesupport_introspection_cpp
[0.161s] [ 56%] Built target my_robot_interfaces__rosidl_typesupport_cpp
[0.163s] [ 64%] Built target my_robot_interfaces__rosidl_typesupport_microxrcedds_cpp
[0.165s] [ 71%] Built target my_robot_interfaces__rosidl_typesupport_fastrtps_cpp
[0.202s] [ 71%] Built target my_robot_interfaces
[0.241s] [ 74%] Built target my_robot_interfaces__py
[0.259s] [35m[1mConsolidate compiler generated dependencies of target my_robot_interfaces__rosidl_generator_py[0m
[0.281s] [ 79%] Built target my_robot_interfaces__rosidl_generator_py
[0.299s] [35m[1mConsolidate compiler generated dependencies of target my_robot_interfaces__rosidl_typesupport_microxrcedds_c__pyext[0m
[0.300s] [35m[1mConsolidate compiler generated dependencies of target my_robot_interfaces__rosidl_typesupport_c__pyext[0m
[0.300s] [35m[1mConsolidate compiler generated dependencies of target my_robot_interfaces__rosidl_typesupport_introspection_c__pyext[0m
[0.300s] [35m[1mConsolidate compiler generated dependencies of target my_robot_interfaces__rosidl_typesupport_fastrtps_c__pyext[0m
[0.321s] [100%] Built target my_robot_interfaces__rosidl_typesupport_introspection_c__pyext
[0.322s] [100%] Built target my_robot_interfaces__rosidl_typesupport_c__pyext
[0.322s] [100%] Built target my_robot_interfaces__rosidl_typesupport_microxrcedds_c__pyext
[0.322s] [100%] Built target my_robot_interfaces__rosidl_typesupport_fastrtps_c__pyext
[0.391s] running egg_info
[0.392s] writing my_robot_interfaces.egg-info/PKG-INFO
[0.392s] writing dependency_links to my_robot_interfaces.egg-info/dependency_links.txt
[0.392s] writing top-level names to my_robot_interfaces.egg-info/top_level.txt
[0.394s] reading manifest file 'my_robot_interfaces.egg-info/SOURCES.txt'
[0.395s] writing manifest file 'my_robot_interfaces.egg-info/SOURCES.txt'
[0.432s] [100%] Built target ament_cmake_python_build_my_robot_interfaces_egg
[0.451s] Invoked command in '/home/pboon09/ros2_ws/build/my_robot_interfaces' returned '0': CMAKE_PREFIX_PATH=${CMAKE_PREFIX_PATH}:/home/pboon09/ros2_ws/install/my_py_pkg:/home/pboon09/ros2_ws/install/TryTopic:/home/pboon09/microros_ws/install/sensor_msgs_py:/opt/ros/humble /usr/bin/cmake --build /home/pboon09/ros2_ws/build/my_robot_interfaces -- -j12 -l12
[0.646s] Invoking command in '/home/pboon09/ros2_ws/build/my_robot_interfaces': CMAKE_PREFIX_PATH=${CMAKE_PREFIX_PATH}:/home/pboon09/ros2_ws/install/my_py_pkg:/home/pboon09/ros2_ws/install/TryTopic:/home/pboon09/microros_ws/install/sensor_msgs_py:/opt/ros/humble /usr/bin/cmake --install /home/pboon09/ros2_ws/build/my_robot_interfaces
[0.659s] -- Install configuration: ""
[0.659s] -- Up-to-date: /home/pboon09/ros2_ws/install/my_robot_interfaces/share/ament_index/resource_index/rosidl_interfaces/my_robot_interfaces
[0.659s] -- Up-to-date: /home/pboon09/ros2_ws/install/my_robot_interfaces/include/my_robot_interfaces/my_robot_interfaces
[0.659s] -- Up-to-date: /home/pboon09/ros2_ws/install/my_robot_interfaces/include/my_robot_interfaces/my_robot_interfaces/msg
[0.659s] -- Up-to-date: /home/pboon09/ros2_ws/install/my_robot_interfaces/include/my_robot_interfaces/my_robot_interfaces/msg/detail
[0.659s] -- Up-to-date: /home/pboon09/ros2_ws/install/my_robot_interfaces/include/my_robot_interfaces/my_robot_interfaces/msg/detail/hardware_status__type_support.h
[0.660s] -- Up-to-date: /home/pboon09/ros2_ws/install/my_robot_interfaces/include/my_robot_interfaces/my_robot_interfaces/msg/detail/hardware_status__functions.c
[0.660s] -- Up-to-date: /home/pboon09/ros2_ws/install/my_robot_interfaces/include/my_robot_interfaces/my_robot_interfaces/msg/detail/hardware_status__functions.h
[0.660s] -- Up-to-date: /home/pboon09/ros2_ws/install/my_robot_interfaces/include/my_robot_interfaces/my_robot_interfaces/msg/detail/hardware_status__struct.h
[0.660s] -- Up-to-date: /home/pboon09/ros2_ws/install/my_robot_interfaces/include/my_robot_interfaces/my_robot_interfaces/msg/rosidl_generator_c__visibility_control.h
[0.660s] -- Up-to-date: /home/pboon09/ros2_ws/install/my_robot_interfaces/include/my_robot_interfaces/my_robot_interfaces/msg/hardware_status.h
[0.660s] -- Up-to-date: /home/pboon09/ros2_ws/install/my_robot_interfaces/share/my_robot_interfaces/environment/library_path.sh
[0.660s] -- Up-to-date: /home/pboon09/ros2_ws/install/my_robot_interfaces/share/my_robot_interfaces/environment/library_path.dsv
[0.660s] -- Up-to-date: /home/pboon09/ros2_ws/install/my_robot_interfaces/lib/libmy_robot_interfaces__rosidl_generator_c.so
[0.660s] -- Up-to-date: /home/pboon09/ros2_ws/install/my_robot_interfaces/include/my_robot_interfaces
[0.660s] -- Up-to-date: /home/pboon09/ros2_ws/install/my_robot_interfaces/include/my_robot_interfaces/msg
[0.661s] -- Up-to-date: /home/pboon09/ros2_ws/install/my_robot_interfaces/include/my_robot_interfaces/msg/detail
[0.661s] -- Up-to-date: /home/pboon09/ros2_ws/install/my_robot_interfaces/include/my_robot_interfaces/msg/detail/microxrcedds
[0.661s] -- Up-to-date: /home/pboon09/ros2_ws/install/my_robot_interfaces/include/my_robot_interfaces/msg/detail/hardware_status__rosidl_typesupport_microxrcedds_c.h
[0.661s] -- Up-to-date: /home/pboon09/ros2_ws/install/my_robot_interfaces/include/my_robot_interfaces/msg/rosidl_typesupport_microxrcedds_c__visibility_control.h
[0.661s] -- Up-to-date: /home/pboon09/ros2_ws/install/my_robot_interfaces/lib/libmy_robot_interfaces__rosidl_typesupport_microxrcedds_c.so
[0.661s] -- Up-to-date: /home/pboon09/ros2_ws/install/my_robot_interfaces/include/my_robot_interfaces/my_robot_interfaces
[0.661s] -- Up-to-date: /home/pboon09/ros2_ws/install/my_robot_interfaces/include/my_robot_interfaces/my_robot_interfaces/msg
[0.661s] -- Up-to-date: /home/pboon09/ros2_ws/install/my_robot_interfaces/include/my_robot_interfaces/my_robot_interfaces/msg/rosidl_typesupport_fastrtps_c__visibility_control.h
[0.661s] -- Up-to-date: /home/pboon09/ros2_ws/install/my_robot_interfaces/include/my_robot_interfaces/my_robot_interfaces/msg/detail
[0.661s] -- Up-to-date: /home/pboon09/ros2_ws/install/my_robot_interfaces/include/my_robot_interfaces/my_robot_interfaces/msg/detail/hardware_status__rosidl_typesupport_fastrtps_c.h
[0.661s] -- Up-to-date: /home/pboon09/ros2_ws/install/my_robot_interfaces/lib/libmy_robot_interfaces__rosidl_typesupport_fastrtps_c.so
[0.661s] -- Up-to-date: /home/pboon09/ros2_ws/install/my_robot_interfaces/include/my_robot_interfaces/my_robot_interfaces
[0.661s] -- Up-to-date: /home/pboon09/ros2_ws/install/my_robot_interfaces/include/my_robot_interfaces/my_robot_interfaces/msg
[0.661s] -- Up-to-date: /home/pboon09/ros2_ws/install/my_robot_interfaces/include/my_robot_interfaces/my_robot_interfaces/msg/rosidl_typesupport_introspection_c__visibility_control.h
[0.661s] -- Up-to-date: /home/pboon09/ros2_ws/install/my_robot_interfaces/include/my_robot_interfaces/my_robot_interfaces/msg/detail
[0.661s] -- Up-to-date: /home/pboon09/ros2_ws/install/my_robot_interfaces/include/my_robot_interfaces/my_robot_interfaces/msg/detail/hardware_status__rosidl_typesupport_introspection_c.h
[0.661s] -- Up-to-date: /home/pboon09/ros2_ws/install/my_robot_interfaces/include/my_robot_interfaces/my_robot_interfaces/msg/detail/hardware_status__type_support.c
[0.662s] -- Up-to-date: /home/pboon09/ros2_ws/install/my_robot_interfaces/lib/libmy_robot_interfaces__rosidl_typesupport_introspection_c.so
[0.662s] -- Up-to-date: /home/pboon09/ros2_ws/install/my_robot_interfaces/lib/libmy_robot_interfaces__rosidl_typesupport_c.so
[0.662s] -- Up-to-date: /home/pboon09/ros2_ws/install/my_robot_interfaces/include/my_robot_interfaces/my_robot_interfaces
[0.662s] -- Up-to-date: /home/pboon09/ros2_ws/install/my_robot_interfaces/include/my_robot_interfaces/my_robot_interfaces/msg
[0.662s] -- Up-to-date: /home/pboon09/ros2_ws/install/my_robot_interfaces/include/my_robot_interfaces/my_robot_interfaces/msg/hardware_status.hpp
[0.662s] -- Up-to-date: /home/pboon09/ros2_ws/install/my_robot_interfaces/include/my_robot_interfaces/my_robot_interfaces/msg/detail
[0.662s] -- Up-to-date: /home/pboon09/ros2_ws/install/my_robot_interfaces/include/my_robot_interfaces/my_robot_interfaces/msg/detail/hardware_status__struct.hpp
[0.662s] -- Up-to-date: /home/pboon09/ros2_ws/install/my_robot_interfaces/include/my_robot_interfaces/my_robot_interfaces/msg/detail/hardware_status__traits.hpp
[0.662s] -- Up-to-date: /home/pboon09/ros2_ws/install/my_robot_interfaces/include/my_robot_interfaces/my_robot_interfaces/msg/detail/hardware_status__builder.hpp
[0.662s] -- Up-to-date: /home/pboon09/ros2_ws/install/my_robot_interfaces/include/my_robot_interfaces
[0.662s] -- Up-to-date: /home/pboon09/ros2_ws/install/my_robot_interfaces/include/my_robot_interfaces/msg
[0.662s] -- Up-to-date: /home/pboon09/ros2_ws/install/my_robot_interfaces/include/my_robot_interfaces/msg/rosidl_typesupport_microxrcedds_cpp__visibility_control.h
[0.662s] -- Up-to-date: /home/pboon09/ros2_ws/install/my_robot_interfaces/include/my_robot_interfaces/msg/detail
[0.662s] -- Up-to-date: /home/pboon09/ros2_ws/install/my_robot_interfaces/include/my_robot_interfaces/msg/detail/hardware_status__rosidl_typesupport_microxrcedds_cpp.hpp
[0.662s] -- Up-to-date: /home/pboon09/ros2_ws/install/my_robot_interfaces/include/my_robot_interfaces/msg/detail/microxrcedds
[0.662s] -- Up-to-date: /home/pboon09/ros2_ws/install/my_robot_interfaces/include/my_robot_interfaces/msg/detail/microxrcedds/hardware_status__type_support_cpp.cpp
[0.662s] -- Up-to-date: /home/pboon09/ros2_ws/install/my_robot_interfaces/lib/libmy_robot_interfaces__rosidl_typesupport_microxrcedds_cpp.so
[0.662s] -- Up-to-date: /home/pboon09/ros2_ws/install/my_robot_interfaces/include/my_robot_interfaces/my_robot_interfaces
[0.663s] -- Up-to-date: /home/pboon09/ros2_ws/install/my_robot_interfaces/include/my_robot_interfaces/my_robot_interfaces/msg
[0.663s] -- Up-to-date: /home/pboon09/ros2_ws/install/my_robot_interfaces/include/my_robot_interfaces/my_robot_interfaces/msg/rosidl_typesupport_fastrtps_cpp__visibility_control.h
[0.663s] -- Up-to-date: /home/pboon09/ros2_ws/install/my_robot_interfaces/include/my_robot_interfaces/my_robot_interfaces/msg/detail
[0.663s] -- Up-to-date: /home/pboon09/ros2_ws/install/my_robot_interfaces/include/my_robot_interfaces/my_robot_interfaces/msg/detail/dds_fastrtps
[0.663s] -- Up-to-date: /home/pboon09/ros2_ws/install/my_robot_interfaces/include/my_robot_interfaces/my_robot_interfaces/msg/detail/hardware_status__rosidl_typesupport_fastrtps_cpp.hpp
[0.663s] -- Up-to-date: /home/pboon09/ros2_ws/install/my_robot_interfaces/lib/libmy_robot_interfaces__rosidl_typesupport_fastrtps_cpp.so
[0.663s] -- Up-to-date: /home/pboon09/ros2_ws/install/my_robot_interfaces/include/my_robot_interfaces/my_robot_interfaces
[0.663s] -- Up-to-date: /home/pboon09/ros2_ws/install/my_robot_interfaces/include/my_robot_interfaces/my_robot_interfaces/msg
[0.663s] -- Up-to-date: /home/pboon09/ros2_ws/install/my_robot_interfaces/include/my_robot_interfaces/my_robot_interfaces/msg/detail
[0.663s] -- Up-to-date: /home/pboon09/ros2_ws/install/my_robot_interfaces/include/my_robot_interfaces/my_robot_interfaces/msg/detail/hardware_status__type_support.cpp
[0.663s] -- Up-to-date: /home/pboon09/ros2_ws/install/my_robot_interfaces/include/my_robot_interfaces/my_robot_interfaces/msg/detail/hardware_status__rosidl_typesupport_introspection_cpp.hpp
[0.663s] -- Up-to-date: /home/pboon09/ros2_ws/install/my_robot_interfaces/lib/libmy_robot_interfaces__rosidl_typesupport_introspection_cpp.so
[0.663s] -- Up-to-date: /home/pboon09/ros2_ws/install/my_robot_interfaces/lib/libmy_robot_interfaces__rosidl_typesupport_cpp.so
[0.663s] -- Up-to-date: /home/pboon09/ros2_ws/install/my_robot_interfaces/share/my_robot_interfaces/environment/pythonpath.sh
[0.663s] -- Up-to-date: /home/pboon09/ros2_ws/install/my_robot_interfaces/share/my_robot_interfaces/environment/pythonpath.dsv
[0.663s] -- Up-to-date: /home/pboon09/ros2_ws/install/my_robot_interfaces/local/lib/python3.10/dist-packages/my_robot_interfaces-0.0.0-py3.10.egg-info
[0.663s] -- Installing: /home/pboon09/ros2_ws/install/my_robot_interfaces/local/lib/python3.10/dist-packages/my_robot_interfaces-0.0.0-py3.10.egg-info/dependency_links.txt
[0.664s] -- Installing: /home/pboon09/ros2_ws/install/my_robot_interfaces/local/lib/python3.10/dist-packages/my_robot_interfaces-0.0.0-py3.10.egg-info/PKG-INFO
[0.664s] -- Installing: /home/pboon09/ros2_ws/install/my_robot_interfaces/local/lib/python3.10/dist-packages/my_robot_interfaces-0.0.0-py3.10.egg-info/top_level.txt
[0.664s] -- Installing: /home/pboon09/ros2_ws/install/my_robot_interfaces/local/lib/python3.10/dist-packages/my_robot_interfaces-0.0.0-py3.10.egg-info/SOURCES.txt
[0.664s] -- Up-to-date: /home/pboon09/ros2_ws/install/my_robot_interfaces/local/lib/python3.10/dist-packages/my_robot_interfaces
[0.664s] -- Up-to-date: /home/pboon09/ros2_ws/install/my_robot_interfaces/local/lib/python3.10/dist-packages/my_robot_interfaces/my_robot_interfaces_s__rosidl_typesupport_fastrtps_c.cpython-310-x86_64-linux-gnu.so
[0.664s] -- Up-to-date: /home/pboon09/ros2_ws/install/my_robot_interfaces/local/lib/python3.10/dist-packages/my_robot_interfaces/_my_robot_interfaces_s.ep.rosidl_typesupport_introspection_c.c
[0.664s] -- Up-to-date: /home/pboon09/ros2_ws/install/my_robot_interfaces/local/lib/python3.10/dist-packages/my_robot_interfaces/msg
[0.664s] -- Up-to-date: /home/pboon09/ros2_ws/install/my_robot_interfaces/local/lib/python3.10/dist-packages/my_robot_interfaces/msg/_hardware_status_s.c
[0.664s] -- Up-to-date: /home/pboon09/ros2_ws/install/my_robot_interfaces/local/lib/python3.10/dist-packages/my_robot_interfaces/msg/__init__.py
[0.664s] -- Up-to-date: /home/pboon09/ros2_ws/install/my_robot_interfaces/local/lib/python3.10/dist-packages/my_robot_interfaces/msg/_hardware_status.py
[0.664s] -- Up-to-date: /home/pboon09/ros2_ws/install/my_robot_interfaces/local/lib/python3.10/dist-packages/my_robot_interfaces/_my_robot_interfaces_s.ep.rosidl_typesupport_microxrcedds_c.c
[0.665s] -- Up-to-date: /home/pboon09/ros2_ws/install/my_robot_interfaces/local/lib/python3.10/dist-packages/my_robot_interfaces/my_robot_interfaces_s__rosidl_typesupport_introspection_c.cpython-310-x86_64-linux-gnu.so
[0.665s] -- Up-to-date: /home/pboon09/ros2_ws/install/my_robot_interfaces/local/lib/python3.10/dist-packages/my_robot_interfaces/_my_robot_interfaces_s.ep.rosidl_typesupport_c.c
[0.665s] -- Up-to-date: /home/pboon09/ros2_ws/install/my_robot_interfaces/local/lib/python3.10/dist-packages/my_robot_interfaces/my_robot_interfaces_s__rosidl_typesupport_c.cpython-310-x86_64-linux-gnu.so
[0.665s] -- Up-to-date: /home/pboon09/ros2_ws/install/my_robot_interfaces/local/lib/python3.10/dist-packages/my_robot_interfaces/__init__.py
[0.665s] -- Up-to-date: /home/pboon09/ros2_ws/install/my_robot_interfaces/local/lib/python3.10/dist-packages/my_robot_interfaces/_my_robot_interfaces_s.ep.rosidl_typesupport_fastrtps_c.c
[0.665s] -- Up-to-date: /home/pboon09/ros2_ws/install/my_robot_interfaces/local/lib/python3.10/dist-packages/my_robot_interfaces/my_robot_interfaces_s__rosidl_typesupport_microxrcedds_c.cpython-310-x86_64-linux-gnu.so
[0.665s] -- Up-to-date: /home/pboon09/ros2_ws/install/my_robot_interfaces/local/lib/python3.10/dist-packages/my_robot_interfaces/libmy_robot_interfaces__rosidl_generator_py.so
[0.703s] Listing '/home/pboon09/ros2_ws/install/my_robot_interfaces/local/lib/python3.10/dist-packages/my_robot_interfaces'...
[0.703s] Listing '/home/pboon09/ros2_ws/install/my_robot_interfaces/local/lib/python3.10/dist-packages/my_robot_interfaces/msg'...
[0.707s] -- Up-to-date: /home/pboon09/ros2_ws/install/my_robot_interfaces/local/lib/python3.10/dist-packages/my_robot_interfaces/my_robot_interfaces_s__rosidl_typesupport_microxrcedds_c.cpython-310-x86_64-linux-gnu.so
[0.707s] -- Up-to-date: /home/pboon09/ros2_ws/install/my_robot_interfaces/local/lib/python3.10/dist-packages/my_robot_interfaces/my_robot_interfaces_s__rosidl_typesupport_fastrtps_c.cpython-310-x86_64-linux-gnu.so
[0.708s] -- Up-to-date: /home/pboon09/ros2_ws/install/my_robot_interfaces/local/lib/python3.10/dist-packages/my_robot_interfaces/my_robot_interfaces_s__rosidl_typesupport_introspection_c.cpython-310-x86_64-linux-gnu.so
[0.708s] -- Up-to-date: /home/pboon09/ros2_ws/install/my_robot_interfaces/local/lib/python3.10/dist-packages/my_robot_interfaces/my_robot_interfaces_s__rosidl_typesupport_c.cpython-310-x86_64-linux-gnu.so
[0.708s] -- Up-to-date: /home/pboon09/ros2_ws/install/my_robot_interfaces/lib/libmy_robot_interfaces__rosidl_generator_py.so
[0.709s] -- Up-to-date: /home/pboon09/ros2_ws/install/my_robot_interfaces/share/my_robot_interfaces/msg/HardwareStatus.idl
[0.709s] -- Up-to-date: /home/pboon09/ros2_ws/install/my_robot_interfaces/share/my_robot_interfaces/msg/HardwareStatus.msg
[0.709s] -- Up-to-date: /home/pboon09/ros2_ws/install/my_robot_interfaces/share/ament_index/resource_index/package_run_dependencies/my_robot_interfaces
[0.709s] -- Up-to-date: /home/pboon09/ros2_ws/install/my_robot_interfaces/share/ament_index/resource_index/parent_prefix_path/my_robot_interfaces
[0.709s] -- Up-to-date: /home/pboon09/ros2_ws/install/my_robot_interfaces/share/my_robot_interfaces/environment/ament_prefix_path.sh
[0.709s] -- Up-to-date: /home/pboon09/ros2_ws/install/my_robot_interfaces/share/my_robot_interfaces/environment/ament_prefix_path.dsv
[0.709s] -- Up-to-date: /home/pboon09/ros2_ws/install/my_robot_interfaces/share/my_robot_interfaces/environment/path.sh
[0.709s] -- Up-to-date: /home/pboon09/ros2_ws/install/my_robot_interfaces/share/my_robot_interfaces/environment/path.dsv
[0.709s] -- Up-to-date: /home/pboon09/ros2_ws/install/my_robot_interfaces/share/my_robot_interfaces/local_setup.bash
[0.709s] -- Up-to-date: /home/pboon09/ros2_ws/install/my_robot_interfaces/share/my_robot_interfaces/local_setup.sh
[0.709s] -- Up-to-date: /home/pboon09/ros2_ws/install/my_robot_interfaces/share/my_robot_interfaces/local_setup.zsh
[0.709s] -- Up-to-date: /home/pboon09/ros2_ws/install/my_robot_interfaces/share/my_robot_interfaces/local_setup.dsv
[0.709s] -- Installing: /home/pboon09/ros2_ws/install/my_robot_interfaces/share/my_robot_interfaces/package.dsv
[0.709s] -- Up-to-date: /home/pboon09/ros2_ws/install/my_robot_interfaces/share/ament_index/resource_index/packages/my_robot_interfaces
[0.710s] -- Up-to-date: /home/pboon09/ros2_ws/install/my_robot_interfaces/share/my_robot_interfaces/cmake/export_my_robot_interfaces__rosidl_generator_cExport.cmake
[0.710s] -- Up-to-date: /home/pboon09/ros2_ws/install/my_robot_interfaces/share/my_robot_interfaces/cmake/export_my_robot_interfaces__rosidl_generator_cExport-noconfig.cmake
[0.710s] -- Up-to-date: /home/pboon09/ros2_ws/install/my_robot_interfaces/share/my_robot_interfaces/cmake/export_my_robot_interfaces__rosidl_typesupport_fastrtps_cExport.cmake
[0.710s] -- Up-to-date: /home/pboon09/ros2_ws/install/my_robot_interfaces/share/my_robot_interfaces/cmake/export_my_robot_interfaces__rosidl_typesupport_fastrtps_cExport-noconfig.cmake
[0.710s] -- Up-to-date: /home/pboon09/ros2_ws/install/my_robot_interfaces/share/my_robot_interfaces/cmake/my_robot_interfaces__rosidl_typesupport_introspection_cExport.cmake
[0.710s] -- Up-to-date: /home/pboon09/ros2_ws/install/my_robot_interfaces/share/my_robot_interfaces/cmake/my_robot_interfaces__rosidl_typesupport_introspection_cExport-noconfig.cmake
[0.710s] -- Up-to-date: /home/pboon09/ros2_ws/install/my_robot_interfaces/share/my_robot_interfaces/cmake/my_robot_interfaces__rosidl_typesupport_cExport.cmake
[0.710s] -- Up-to-date: /home/pboon09/ros2_ws/install/my_robot_interfaces/share/my_robot_interfaces/cmake/my_robot_interfaces__rosidl_typesupport_cExport-noconfig.cmake
[0.710s] -- Up-to-date: /home/pboon09/ros2_ws/install/my_robot_interfaces/share/my_robot_interfaces/cmake/export_my_robot_interfaces__rosidl_generator_cppExport.cmake
[0.710s] -- Up-to-date: /home/pboon09/ros2_ws/install/my_robot_interfaces/share/my_robot_interfaces/cmake/export_my_robot_interfaces__rosidl_typesupport_fastrtps_cppExport.cmake
[0.710s] -- Up-to-date: /home/pboon09/ros2_ws/install/my_robot_interfaces/share/my_robot_interfaces/cmake/export_my_robot_interfaces__rosidl_typesupport_fastrtps_cppExport-noconfig.cmake
[0.710s] -- Up-to-date: /home/pboon09/ros2_ws/install/my_robot_interfaces/share/my_robot_interfaces/cmake/my_robot_interfaces__rosidl_typesupport_introspection_cppExport.cmake
[0.710s] -- Up-to-date: /home/pboon09/ros2_ws/install/my_robot_interfaces/share/my_robot_interfaces/cmake/my_robot_interfaces__rosidl_typesupport_introspection_cppExport-noconfig.cmake
[0.710s] -- Up-to-date: /home/pboon09/ros2_ws/install/my_robot_interfaces/share/my_robot_interfaces/cmake/my_robot_interfaces__rosidl_typesupport_cppExport.cmake
[0.711s] -- Up-to-date: /home/pboon09/ros2_ws/install/my_robot_interfaces/share/my_robot_interfaces/cmake/my_robot_interfaces__rosidl_typesupport_cppExport-noconfig.cmake
[0.711s] -- Up-to-date: /home/pboon09/ros2_ws/install/my_robot_interfaces/share/my_robot_interfaces/cmake/export_my_robot_interfaces__rosidl_generator_pyExport.cmake
[0.711s] -- Up-to-date: /home/pboon09/ros2_ws/install/my_robot_interfaces/share/my_robot_interfaces/cmake/export_my_robot_interfaces__rosidl_generator_pyExport-noconfig.cmake
[0.711s] -- Up-to-date: /home/pboon09/ros2_ws/install/my_robot_interfaces/share/my_robot_interfaces/cmake/rosidl_cmake-extras.cmake
[0.711s] -- Up-to-date: /home/pboon09/ros2_ws/install/my_robot_interfaces/share/my_robot_interfaces/cmake/ament_cmake_export_include_directories-extras.cmake
[0.711s] -- Up-to-date: /home/pboon09/ros2_ws/install/my_robot_interfaces/share/my_robot_interfaces/cmake/ament_cmake_export_libraries-extras.cmake
[0.711s] -- Up-to-date: /home/pboon09/ros2_ws/install/my_robot_interfaces/share/my_robot_interfaces/cmake/ament_cmake_export_targets-extras.cmake
[0.711s] -- Up-to-date: /home/pboon09/ros2_ws/install/my_robot_interfaces/share/my_robot_interfaces/cmake/rosidl_cmake_export_typesupport_targets-extras.cmake
[0.711s] -- Up-to-date: /home/pboon09/ros2_ws/install/my_robot_interfaces/share/my_robot_interfaces/cmake/ament_cmake_export_dependencies-extras.cmake
[0.711s] -- Up-to-date: /home/pboon09/ros2_ws/install/my_robot_interfaces/share/my_robot_interfaces/cmake/rosidl_cmake_export_typesupport_libraries-extras.cmake
[0.711s] -- Up-to-date: /home/pboon09/ros2_ws/install/my_robot_interfaces/share/my_robot_interfaces/cmake/my_robot_interfacesConfig.cmake
[0.711s] -- Up-to-date: /home/pboon09/ros2_ws/install/my_robot_interfaces/share/my_robot_interfaces/cmake/my_robot_interfacesConfig-version.cmake
[0.711s] -- Up-to-date: /home/pboon09/ros2_ws/install/my_robot_interfaces/share/my_robot_interfaces/package.xml
[0.714s] Invoked command in '/home/pboon09/ros2_ws/build/my_robot_interfaces' returned '0': CMAKE_PREFIX_PATH=${CMAKE_PREFIX_PATH}:/home/pboon09/ros2_ws/install/my_py_pkg:/home/pboon09/ros2_ws/install/TryTopic:/home/pboon09/microros_ws/install/sensor_msgs_py:/opt/ros/humble /usr/bin/cmake --install /home/pboon09/ros2_ws/build/my_robot_interfaces
