[0.070s] Invoking command in '/home/pboon09/ros2_ws/build/my_robot_interfaces': CMAKE_PREFIX_PATH=${CMAKE_PREFIX_PATH}:/home/pboon09/ros2_ws/install/activity_custom_interface:/home/pboon09/ros2_ws/install/try_topic_py:/home/pboon09/ros2_ws/install/service_py:/home/pboon09/ros2_ws/install/custom_msg_py:/home/pboon09/ros2_ws/install/my_py_pkg:/home/pboon09/ros2_ws/install/activity_topic_node:/home/pboon09/ros2_ws/install/activity_service:/home/pboon09/microros_ws/install/sensor_msgs_py:/opt/ros/humble /usr/bin/cmake --build /home/pboon09/ros2_ws/build/my_robot_interfaces -- -j12 -l12
[1.229s] [  8%] Built target my_robot_interfaces__rosidl_generator_c
[1.229s] [ 10%] Built target my_robot_interfaces__cpp
[1.229s] [ 10%] Built target ament_cmake_python_copy_my_robot_interfaces
[1.229s] [ 23%] Built target my_robot_interfaces__rosidl_typesupport_microxrcedds_c
[1.229s] [ 30%] Built target my_robot_interfaces__rosidl_typesupport_introspection_c
[1.229s] [ 36%] Built target my_robot_interfaces__rosidl_typesupport_c
[1.229s] [ 47%] Built target my_robot_interfaces__rosidl_typesupport_fastrtps_cpp
[1.229s] [ 53%] Built target my_robot_interfaces__rosidl_typesupport_microxrcedds_cpp
[1.229s] [ 63%] Built target my_robot_interfaces__rosidl_typesupport_cpp
[1.230s] [ 71%] Built target my_robot_interfaces__rosidl_typesupport_fastrtps_c
[1.230s] [ 79%] Built target my_robot_interfaces__rosidl_typesupport_introspection_cpp
[1.230s] [ 79%] Built target my_robot_interfaces
[1.230s] [ 81%] Built target my_robot_interfaces__py
[1.231s] [ 88%] Built target my_robot_interfaces__rosidl_generator_py
[1.231s] [ 92%] Built target my_robot_interfaces__rosidl_typesupport_c__pyext
[1.232s] [ 94%] Built target my_robot_interfaces__rosidl_typesupport_introspection_c__pyext
[1.232s] [100%] Built target my_robot_interfaces__rosidl_typesupport_microxrcedds_c__pyext
[1.232s] [100%] Built target my_robot_interfaces__rosidl_typesupport_fastrtps_c__pyext
[1.232s] running egg_info
[1.232s] writing my_robot_interfaces.egg-info/PKG-INFO
[1.232s] writing dependency_links to my_robot_interfaces.egg-info/dependency_links.txt
[1.232s] writing top-level names to my_robot_interfaces.egg-info/top_level.txt
[1.233s] reading manifest file 'my_robot_interfaces.egg-info/SOURCES.txt'
[1.233s] writing manifest file 'my_robot_interfaces.egg-info/SOURCES.txt'
[1.233s] [100%] Built target ament_cmake_python_build_my_robot_interfaces_egg
[1.234s] Invoked command in '/home/pboon09/ros2_ws/build/my_robot_interfaces' returned '0': CMAKE_PREFIX_PATH=${CMAKE_PREFIX_PATH}:/home/pboon09/ros2_ws/install/activity_custom_interface:/home/pboon09/ros2_ws/install/try_topic_py:/home/pboon09/ros2_ws/install/service_py:/home/pboon09/ros2_ws/install/custom_msg_py:/home/pboon09/ros2_ws/install/my_py_pkg:/home/pboon09/ros2_ws/install/activity_topic_node:/home/pboon09/ros2_ws/install/activity_service:/home/pboon09/microros_ws/install/sensor_msgs_py:/opt/ros/humble /usr/bin/cmake --build /home/pboon09/ros2_ws/build/my_robot_interfaces -- -j12 -l12
[1.631s] Invoking command in '/home/pboon09/ros2_ws/build/my_robot_interfaces': CMAKE_PREFIX_PATH=${CMAKE_PREFIX_PATH}:/home/pboon09/ros2_ws/install/activity_custom_interface:/home/pboon09/ros2_ws/install/try_topic_py:/home/pboon09/ros2_ws/install/service_py:/home/pboon09/ros2_ws/install/custom_msg_py:/home/pboon09/ros2_ws/install/my_py_pkg:/home/pboon09/ros2_ws/install/activity_topic_node:/home/pboon09/ros2_ws/install/activity_service:/home/pboon09/microros_ws/install/sensor_msgs_py:/opt/ros/humble /usr/bin/cmake --install /home/pboon09/ros2_ws/build/my_robot_interfaces
[1.649s] -- Install configuration: ""
[1.651s] -- Up-to-date: /home/pboon09/ros2_ws/install/my_robot_interfaces/share/ament_index/resource_index/rosidl_interfaces/my_robot_interfaces
[1.652s] -- Up-to-date: /home/pboon09/ros2_ws/install/my_robot_interfaces/include/my_robot_interfaces/my_robot_interfaces
[1.652s] -- Up-to-date: /home/pboon09/ros2_ws/install/my_robot_interfaces/include/my_robot_interfaces/my_robot_interfaces/msg
[1.653s] -- Up-to-date: /home/pboon09/ros2_ws/install/my_robot_interfaces/include/my_robot_interfaces/my_robot_interfaces/msg/led_state_array.h
[1.653s] -- Up-to-date: /home/pboon09/ros2_ws/install/my_robot_interfaces/include/my_robot_interfaces/my_robot_interfaces/msg/detail
[1.654s] -- Up-to-date: /home/pboon09/ros2_ws/install/my_robot_interfaces/include/my_robot_interfaces/my_robot_interfaces/msg/detail/led_state_array__functions.h
[1.654s] -- Up-to-date: /home/pboon09/ros2_ws/install/my_robot_interfaces/include/my_robot_interfaces/my_robot_interfaces/msg/detail/hardware_status__type_support.h
[1.654s] -- Up-to-date: /home/pboon09/ros2_ws/install/my_robot_interfaces/include/my_robot_interfaces/my_robot_interfaces/msg/detail/hardware_status__functions.c
[1.654s] -- Up-to-date: /home/pboon09/ros2_ws/install/my_robot_interfaces/include/my_robot_interfaces/my_robot_interfaces/msg/detail/led_state_array__struct.h
[1.654s] -- Up-to-date: /home/pboon09/ros2_ws/install/my_robot_interfaces/include/my_robot_interfaces/my_robot_interfaces/msg/detail/led_state_array__functions.c
[1.654s] -- Up-to-date: /home/pboon09/ros2_ws/install/my_robot_interfaces/include/my_robot_interfaces/my_robot_interfaces/msg/detail/led_state_array__type_support.h
[1.654s] -- Up-to-date: /home/pboon09/ros2_ws/install/my_robot_interfaces/include/my_robot_interfaces/my_robot_interfaces/msg/detail/hardware_status__functions.h
[1.654s] -- Up-to-date: /home/pboon09/ros2_ws/install/my_robot_interfaces/include/my_robot_interfaces/my_robot_interfaces/msg/detail/hardware_status__struct.h
[1.655s] -- Up-to-date: /home/pboon09/ros2_ws/install/my_robot_interfaces/include/my_robot_interfaces/my_robot_interfaces/msg/rosidl_generator_c__visibility_control.h
[1.656s] -- Up-to-date: /home/pboon09/ros2_ws/install/my_robot_interfaces/include/my_robot_interfaces/my_robot_interfaces/msg/hardware_status.h
[1.656s] -- Up-to-date: /home/pboon09/ros2_ws/install/my_robot_interfaces/include/my_robot_interfaces/my_robot_interfaces/srv
[1.656s] -- Up-to-date: /home/pboon09/ros2_ws/install/my_robot_interfaces/include/my_robot_interfaces/my_robot_interfaces/srv/compute_rectangle_area.h
[1.657s] -- Up-to-date: /home/pboon09/ros2_ws/install/my_robot_interfaces/include/my_robot_interfaces/my_robot_interfaces/srv/set_led.h
[1.657s] -- Up-to-date: /home/pboon09/ros2_ws/install/my_robot_interfaces/include/my_robot_interfaces/my_robot_interfaces/srv/detail
[1.657s] -- Up-to-date: /home/pboon09/ros2_ws/install/my_robot_interfaces/include/my_robot_interfaces/my_robot_interfaces/srv/detail/set_led__functions.c
[1.657s] -- Up-to-date: /home/pboon09/ros2_ws/install/my_robot_interfaces/include/my_robot_interfaces/my_robot_interfaces/srv/detail/set_led__type_support.h
[1.657s] -- Up-to-date: /home/pboon09/ros2_ws/install/my_robot_interfaces/include/my_robot_interfaces/my_robot_interfaces/srv/detail/set_led__functions.h
[1.657s] -- Up-to-date: /home/pboon09/ros2_ws/install/my_robot_interfaces/include/my_robot_interfaces/my_robot_interfaces/srv/detail/compute_rectangle_area__struct.h
[1.657s] -- Up-to-date: /home/pboon09/ros2_ws/install/my_robot_interfaces/include/my_robot_interfaces/my_robot_interfaces/srv/detail/set_led__struct.h
[1.658s] -- Up-to-date: /home/pboon09/ros2_ws/install/my_robot_interfaces/include/my_robot_interfaces/my_robot_interfaces/srv/detail/compute_rectangle_area__functions.h
[1.658s] -- Up-to-date: /home/pboon09/ros2_ws/install/my_robot_interfaces/include/my_robot_interfaces/my_robot_interfaces/srv/detail/compute_rectangle_area__type_support.h
[1.658s] -- Up-to-date: /home/pboon09/ros2_ws/install/my_robot_interfaces/include/my_robot_interfaces/my_robot_interfaces/srv/detail/compute_rectangle_area__functions.c
[1.661s] -- Up-to-date: /home/pboon09/ros2_ws/install/my_robot_interfaces/share/my_robot_interfaces/environment/library_path.sh
[1.661s] -- Up-to-date: /home/pboon09/ros2_ws/install/my_robot_interfaces/share/my_robot_interfaces/environment/library_path.dsv
[1.661s] -- Up-to-date: /home/pboon09/ros2_ws/install/my_robot_interfaces/lib/libmy_robot_interfaces__rosidl_generator_c.so
[1.661s] -- Up-to-date: /home/pboon09/ros2_ws/install/my_robot_interfaces/include/my_robot_interfaces
[1.661s] -- Up-to-date: /home/pboon09/ros2_ws/install/my_robot_interfaces/include/my_robot_interfaces/msg
[1.661s] -- Up-to-date: /home/pboon09/ros2_ws/install/my_robot_interfaces/include/my_robot_interfaces/msg/detail
[1.661s] -- Up-to-date: /home/pboon09/ros2_ws/install/my_robot_interfaces/include/my_robot_interfaces/msg/detail/microxrcedds
[1.662s] -- Up-to-date: /home/pboon09/ros2_ws/install/my_robot_interfaces/include/my_robot_interfaces/msg/detail/led_state_array__rosidl_typesupport_microxrcedds_c.h
[1.662s] -- Up-to-date: /home/pboon09/ros2_ws/install/my_robot_interfaces/include/my_robot_interfaces/msg/detail/hardware_status__rosidl_typesupport_microxrcedds_c.h
[1.662s] -- Up-to-date: /home/pboon09/ros2_ws/install/my_robot_interfaces/include/my_robot_interfaces/msg/rosidl_typesupport_microxrcedds_c__visibility_control.h
[1.662s] -- Up-to-date: /home/pboon09/ros2_ws/install/my_robot_interfaces/include/my_robot_interfaces/srv
[1.662s] -- Up-to-date: /home/pboon09/ros2_ws/install/my_robot_interfaces/include/my_robot_interfaces/srv/detail
[1.662s] -- Up-to-date: /home/pboon09/ros2_ws/install/my_robot_interfaces/include/my_robot_interfaces/srv/detail/microxrcedds
[1.663s] -- Up-to-date: /home/pboon09/ros2_ws/install/my_robot_interfaces/include/my_robot_interfaces/srv/detail/set_led__rosidl_typesupport_microxrcedds_c.h
[1.663s] -- Up-to-date: /home/pboon09/ros2_ws/install/my_robot_interfaces/include/my_robot_interfaces/srv/detail/compute_rectangle_area__rosidl_typesupport_microxrcedds_c.h
[1.663s] -- Up-to-date: /home/pboon09/ros2_ws/install/my_robot_interfaces/lib/libmy_robot_interfaces__rosidl_typesupport_microxrcedds_c.so
[1.663s] -- Up-to-date: /home/pboon09/ros2_ws/install/my_robot_interfaces/include/my_robot_interfaces/my_robot_interfaces
[1.663s] -- Up-to-date: /home/pboon09/ros2_ws/install/my_robot_interfaces/include/my_robot_interfaces/my_robot_interfaces/msg
[1.665s] -- Up-to-date: /home/pboon09/ros2_ws/install/my_robot_interfaces/include/my_robot_interfaces/my_robot_interfaces/msg/rosidl_typesupport_fastrtps_c__visibility_control.h
[1.665s] -- Up-to-date: /home/pboon09/ros2_ws/install/my_robot_interfaces/include/my_robot_interfaces/my_robot_interfaces/msg/detail
[1.666s] -- Up-to-date: /home/pboon09/ros2_ws/install/my_robot_interfaces/include/my_robot_interfaces/my_robot_interfaces/msg/detail/hardware_status__rosidl_typesupport_fastrtps_c.h
[1.667s] -- Up-to-date: /home/pboon09/ros2_ws/install/my_robot_interfaces/include/my_robot_interfaces/my_robot_interfaces/msg/detail/led_state_array__rosidl_typesupport_fastrtps_c.h
[1.667s] -- Up-to-date: /home/pboon09/ros2_ws/install/my_robot_interfaces/include/my_robot_interfaces/my_robot_interfaces/srv
[1.667s] -- Up-to-date: /home/pboon09/ros2_ws/install/my_robot_interfaces/include/my_robot_interfaces/my_robot_interfaces/srv/detail
[1.667s] -- Up-to-date: /home/pboon09/ros2_ws/install/my_robot_interfaces/include/my_robot_interfaces/my_robot_interfaces/srv/detail/compute_rectangle_area__rosidl_typesupport_fastrtps_c.h
[1.667s] -- Up-to-date: /home/pboon09/ros2_ws/install/my_robot_interfaces/include/my_robot_interfaces/my_robot_interfaces/srv/detail/set_led__rosidl_typesupport_fastrtps_c.h
[1.668s] -- Up-to-date: /home/pboon09/ros2_ws/install/my_robot_interfaces/lib/libmy_robot_interfaces__rosidl_typesupport_fastrtps_c.so
[1.668s] -- Up-to-date: /home/pboon09/ros2_ws/install/my_robot_interfaces/include/my_robot_interfaces/my_robot_interfaces
[1.668s] -- Up-to-date: /home/pboon09/ros2_ws/install/my_robot_interfaces/include/my_robot_interfaces/my_robot_interfaces/msg
[1.668s] -- Up-to-date: /home/pboon09/ros2_ws/install/my_robot_interfaces/include/my_robot_interfaces/my_robot_interfaces/msg/rosidl_typesupport_introspection_c__visibility_control.h
[1.668s] -- Up-to-date: /home/pboon09/ros2_ws/install/my_robot_interfaces/include/my_robot_interfaces/my_robot_interfaces/msg/detail
[1.669s] -- Up-to-date: /home/pboon09/ros2_ws/install/my_robot_interfaces/include/my_robot_interfaces/my_robot_interfaces/msg/detail/hardware_status__rosidl_typesupport_introspection_c.h
[1.669s] -- Up-to-date: /home/pboon09/ros2_ws/install/my_robot_interfaces/include/my_robot_interfaces/my_robot_interfaces/msg/detail/led_state_array__rosidl_typesupport_introspection_c.h
[1.669s] -- Up-to-date: /home/pboon09/ros2_ws/install/my_robot_interfaces/include/my_robot_interfaces/my_robot_interfaces/msg/detail/led_state_array__type_support.c
[1.669s] -- Up-to-date: /home/pboon09/ros2_ws/install/my_robot_interfaces/include/my_robot_interfaces/my_robot_interfaces/msg/detail/hardware_status__type_support.c
[1.670s] -- Up-to-date: /home/pboon09/ros2_ws/install/my_robot_interfaces/include/my_robot_interfaces/my_robot_interfaces/srv
[1.670s] -- Up-to-date: /home/pboon09/ros2_ws/install/my_robot_interfaces/include/my_robot_interfaces/my_robot_interfaces/srv/detail
[1.670s] -- Up-to-date: /home/pboon09/ros2_ws/install/my_robot_interfaces/include/my_robot_interfaces/my_robot_interfaces/srv/detail/compute_rectangle_area__type_support.c
[1.670s] -- Up-to-date: /home/pboon09/ros2_ws/install/my_robot_interfaces/include/my_robot_interfaces/my_robot_interfaces/srv/detail/compute_rectangle_area__rosidl_typesupport_introspection_c.h
[1.671s] -- Up-to-date: /home/pboon09/ros2_ws/install/my_robot_interfaces/include/my_robot_interfaces/my_robot_interfaces/srv/detail/set_led__type_support.c
[1.671s] -- Up-to-date: /home/pboon09/ros2_ws/install/my_robot_interfaces/include/my_robot_interfaces/my_robot_interfaces/srv/detail/set_led__rosidl_typesupport_introspection_c.h
[1.671s] -- Up-to-date: /home/pboon09/ros2_ws/install/my_robot_interfaces/lib/libmy_robot_interfaces__rosidl_typesupport_introspection_c.so
[1.671s] -- Up-to-date: /home/pboon09/ros2_ws/install/my_robot_interfaces/lib/libmy_robot_interfaces__rosidl_typesupport_c.so
[1.671s] -- Up-to-date: /home/pboon09/ros2_ws/install/my_robot_interfaces/include/my_robot_interfaces/my_robot_interfaces
[1.672s] -- Up-to-date: /home/pboon09/ros2_ws/install/my_robot_interfaces/include/my_robot_interfaces/my_robot_interfaces/msg
[1.672s] -- Up-to-date: /home/pboon09/ros2_ws/install/my_robot_interfaces/include/my_robot_interfaces/my_robot_interfaces/msg/hardware_status.hpp
[1.672s] -- Up-to-date: /home/pboon09/ros2_ws/install/my_robot_interfaces/include/my_robot_interfaces/my_robot_interfaces/msg/detail
[1.672s] -- Up-to-date: /home/pboon09/ros2_ws/install/my_robot_interfaces/include/my_robot_interfaces/my_robot_interfaces/msg/detail/led_state_array__builder.hpp
[1.673s] -- Up-to-date: /home/pboon09/ros2_ws/install/my_robot_interfaces/include/my_robot_interfaces/my_robot_interfaces/msg/detail/hardware_status__struct.hpp
[1.673s] -- Up-to-date: /home/pboon09/ros2_ws/install/my_robot_interfaces/include/my_robot_interfaces/my_robot_interfaces/msg/detail/hardware_status__traits.hpp
[1.673s] -- Up-to-date: /home/pboon09/ros2_ws/install/my_robot_interfaces/include/my_robot_interfaces/my_robot_interfaces/msg/detail/led_state_array__traits.hpp
[1.673s] -- Up-to-date: /home/pboon09/ros2_ws/install/my_robot_interfaces/include/my_robot_interfaces/my_robot_interfaces/msg/detail/led_state_array__struct.hpp
[1.673s] -- Up-to-date: /home/pboon09/ros2_ws/install/my_robot_interfaces/include/my_robot_interfaces/my_robot_interfaces/msg/detail/hardware_status__builder.hpp
[1.673s] -- Up-to-date: /home/pboon09/ros2_ws/install/my_robot_interfaces/include/my_robot_interfaces/my_robot_interfaces/msg/led_state_array.hpp
[1.673s] -- Up-to-date: /home/pboon09/ros2_ws/install/my_robot_interfaces/include/my_robot_interfaces/my_robot_interfaces/srv
[1.673s] -- Up-to-date: /home/pboon09/ros2_ws/install/my_robot_interfaces/include/my_robot_interfaces/my_robot_interfaces/srv/compute_rectangle_area.hpp
[1.673s] -- Up-to-date: /home/pboon09/ros2_ws/install/my_robot_interfaces/include/my_robot_interfaces/my_robot_interfaces/srv/detail
[1.673s] -- Up-to-date: /home/pboon09/ros2_ws/install/my_robot_interfaces/include/my_robot_interfaces/my_robot_interfaces/srv/detail/compute_rectangle_area__traits.hpp
[1.674s] -- Up-to-date: /home/pboon09/ros2_ws/install/my_robot_interfaces/include/my_robot_interfaces/my_robot_interfaces/srv/detail/compute_rectangle_area__builder.hpp
[1.674s] -- Up-to-date: /home/pboon09/ros2_ws/install/my_robot_interfaces/include/my_robot_interfaces/my_robot_interfaces/srv/detail/set_led__builder.hpp
[1.674s] -- Up-to-date: /home/pboon09/ros2_ws/install/my_robot_interfaces/include/my_robot_interfaces/my_robot_interfaces/srv/detail/set_led__struct.hpp
[1.674s] -- Up-to-date: /home/pboon09/ros2_ws/install/my_robot_interfaces/include/my_robot_interfaces/my_robot_interfaces/srv/detail/set_led__traits.hpp
[1.674s] -- Up-to-date: /home/pboon09/ros2_ws/install/my_robot_interfaces/include/my_robot_interfaces/my_robot_interfaces/srv/detail/compute_rectangle_area__struct.hpp
[1.674s] -- Up-to-date: /home/pboon09/ros2_ws/install/my_robot_interfaces/include/my_robot_interfaces/my_robot_interfaces/srv/set_led.hpp
[1.674s] -- Up-to-date: /home/pboon09/ros2_ws/install/my_robot_interfaces/include/my_robot_interfaces
[1.674s] -- Up-to-date: /home/pboon09/ros2_ws/install/my_robot_interfaces/include/my_robot_interfaces/msg
[1.674s] -- Up-to-date: /home/pboon09/ros2_ws/install/my_robot_interfaces/include/my_robot_interfaces/msg/rosidl_typesupport_microxrcedds_cpp__visibility_control.h
[1.674s] -- Up-to-date: /home/pboon09/ros2_ws/install/my_robot_interfaces/include/my_robot_interfaces/msg/detail
[1.674s] -- Up-to-date: /home/pboon09/ros2_ws/install/my_robot_interfaces/include/my_robot_interfaces/msg/detail/hardware_status__rosidl_typesupport_microxrcedds_cpp.hpp
[1.675s] -- Up-to-date: /home/pboon09/ros2_ws/install/my_robot_interfaces/include/my_robot_interfaces/msg/detail/microxrcedds
[1.675s] -- Up-to-date: /home/pboon09/ros2_ws/install/my_robot_interfaces/include/my_robot_interfaces/msg/detail/microxrcedds/hardware_status__type_support_cpp.cpp
[1.675s] -- Up-to-date: /home/pboon09/ros2_ws/install/my_robot_interfaces/include/my_robot_interfaces/msg/detail/microxrcedds/led_state_array__type_support_cpp.cpp
[1.675s] -- Up-to-date: /home/pboon09/ros2_ws/install/my_robot_interfaces/include/my_robot_interfaces/msg/detail/led_state_array__rosidl_typesupport_microxrcedds_cpp.hpp
[1.675s] -- Up-to-date: /home/pboon09/ros2_ws/install/my_robot_interfaces/include/my_robot_interfaces/srv
[1.675s] -- Up-to-date: /home/pboon09/ros2_ws/install/my_robot_interfaces/include/my_robot_interfaces/srv/detail
[1.675s] -- Up-to-date: /home/pboon09/ros2_ws/install/my_robot_interfaces/include/my_robot_interfaces/srv/detail/microxrcedds
[1.675s] -- Up-to-date: /home/pboon09/ros2_ws/install/my_robot_interfaces/include/my_robot_interfaces/srv/detail/microxrcedds/set_led__type_support_cpp.cpp
[1.675s] -- Up-to-date: /home/pboon09/ros2_ws/install/my_robot_interfaces/include/my_robot_interfaces/srv/detail/microxrcedds/compute_rectangle_area__type_support_cpp.cpp
[1.676s] -- Up-to-date: /home/pboon09/ros2_ws/install/my_robot_interfaces/include/my_robot_interfaces/srv/detail/compute_rectangle_area__rosidl_typesupport_microxrcedds_cpp.hpp
[1.676s] -- Up-to-date: /home/pboon09/ros2_ws/install/my_robot_interfaces/include/my_robot_interfaces/srv/detail/set_led__rosidl_typesupport_microxrcedds_cpp.hpp
[1.676s] -- Up-to-date: /home/pboon09/ros2_ws/install/my_robot_interfaces/lib/libmy_robot_interfaces__rosidl_typesupport_microxrcedds_cpp.so
[1.676s] -- Up-to-date: /home/pboon09/ros2_ws/install/my_robot_interfaces/include/my_robot_interfaces/my_robot_interfaces
[1.676s] -- Up-to-date: /home/pboon09/ros2_ws/install/my_robot_interfaces/include/my_robot_interfaces/my_robot_interfaces/msg
[1.677s] -- Up-to-date: /home/pboon09/ros2_ws/install/my_robot_interfaces/include/my_robot_interfaces/my_robot_interfaces/msg/rosidl_typesupport_fastrtps_cpp__visibility_control.h
[1.677s] -- Up-to-date: /home/pboon09/ros2_ws/install/my_robot_interfaces/include/my_robot_interfaces/my_robot_interfaces/msg/detail
[1.677s] -- Up-to-date: /home/pboon09/ros2_ws/install/my_robot_interfaces/include/my_robot_interfaces/my_robot_interfaces/msg/detail/dds_fastrtps
[1.677s] -- Up-to-date: /home/pboon09/ros2_ws/install/my_robot_interfaces/include/my_robot_interfaces/my_robot_interfaces/msg/detail/led_state_array__rosidl_typesupport_fastrtps_cpp.hpp
[1.677s] -- Up-to-date: /home/pboon09/ros2_ws/install/my_robot_interfaces/include/my_robot_interfaces/my_robot_interfaces/msg/detail/hardware_status__rosidl_typesupport_fastrtps_cpp.hpp
[1.677s] -- Up-to-date: /home/pboon09/ros2_ws/install/my_robot_interfaces/include/my_robot_interfaces/my_robot_interfaces/srv
[1.677s] -- Up-to-date: /home/pboon09/ros2_ws/install/my_robot_interfaces/include/my_robot_interfaces/my_robot_interfaces/srv/detail
[1.677s] -- Up-to-date: /home/pboon09/ros2_ws/install/my_robot_interfaces/include/my_robot_interfaces/my_robot_interfaces/srv/detail/dds_fastrtps
[1.677s] -- Up-to-date: /home/pboon09/ros2_ws/install/my_robot_interfaces/include/my_robot_interfaces/my_robot_interfaces/srv/detail/compute_rectangle_area__rosidl_typesupport_fastrtps_cpp.hpp
[1.677s] -- Up-to-date: /home/pboon09/ros2_ws/install/my_robot_interfaces/include/my_robot_interfaces/my_robot_interfaces/srv/detail/set_led__rosidl_typesupport_fastrtps_cpp.hpp
[1.677s] -- Up-to-date: /home/pboon09/ros2_ws/install/my_robot_interfaces/lib/libmy_robot_interfaces__rosidl_typesupport_fastrtps_cpp.so
[1.678s] -- Up-to-date: /home/pboon09/ros2_ws/install/my_robot_interfaces/include/my_robot_interfaces/my_robot_interfaces
[1.678s] -- Up-to-date: /home/pboon09/ros2_ws/install/my_robot_interfaces/include/my_robot_interfaces/my_robot_interfaces/msg
[1.678s] -- Up-to-date: /home/pboon09/ros2_ws/install/my_robot_interfaces/include/my_robot_interfaces/my_robot_interfaces/msg/detail
[1.678s] -- Up-to-date: /home/pboon09/ros2_ws/install/my_robot_interfaces/include/my_robot_interfaces/my_robot_interfaces/msg/detail/led_state_array__rosidl_typesupport_introspection_cpp.hpp
[1.678s] -- Up-to-date: /home/pboon09/ros2_ws/install/my_robot_interfaces/include/my_robot_interfaces/my_robot_interfaces/msg/detail/hardware_status__type_support.cpp
[1.678s] -- Up-to-date: /home/pboon09/ros2_ws/install/my_robot_interfaces/include/my_robot_interfaces/my_robot_interfaces/msg/detail/hardware_status__rosidl_typesupport_introspection_cpp.hpp
[1.678s] -- Up-to-date: /home/pboon09/ros2_ws/install/my_robot_interfaces/include/my_robot_interfaces/my_robot_interfaces/msg/detail/led_state_array__type_support.cpp
[1.678s] -- Up-to-date: /home/pboon09/ros2_ws/install/my_robot_interfaces/include/my_robot_interfaces/my_robot_interfaces/srv
[1.678s] -- Up-to-date: /home/pboon09/ros2_ws/install/my_robot_interfaces/include/my_robot_interfaces/my_robot_interfaces/srv/detail
[1.678s] -- Up-to-date: /home/pboon09/ros2_ws/install/my_robot_interfaces/include/my_robot_interfaces/my_robot_interfaces/srv/detail/compute_rectangle_area__type_support.cpp
[1.679s] -- Up-to-date: /home/pboon09/ros2_ws/install/my_robot_interfaces/include/my_robot_interfaces/my_robot_interfaces/srv/detail/set_led__rosidl_typesupport_introspection_cpp.hpp
[1.679s] -- Up-to-date: /home/pboon09/ros2_ws/install/my_robot_interfaces/include/my_robot_interfaces/my_robot_interfaces/srv/detail/set_led__type_support.cpp
[1.679s] -- Up-to-date: /home/pboon09/ros2_ws/install/my_robot_interfaces/include/my_robot_interfaces/my_robot_interfaces/srv/detail/compute_rectangle_area__rosidl_typesupport_introspection_cpp.hpp
[1.679s] -- Up-to-date: /home/pboon09/ros2_ws/install/my_robot_interfaces/lib/libmy_robot_interfaces__rosidl_typesupport_introspection_cpp.so
[1.680s] -- Up-to-date: /home/pboon09/ros2_ws/install/my_robot_interfaces/lib/libmy_robot_interfaces__rosidl_typesupport_cpp.so
[1.680s] -- Up-to-date: /home/pboon09/ros2_ws/install/my_robot_interfaces/share/my_robot_interfaces/environment/pythonpath.sh
[1.680s] -- Up-to-date: /home/pboon09/ros2_ws/install/my_robot_interfaces/share/my_robot_interfaces/environment/pythonpath.dsv
[1.680s] -- Up-to-date: /home/pboon09/ros2_ws/install/my_robot_interfaces/local/lib/python3.10/dist-packages/my_robot_interfaces-0.0.0-py3.10.egg-info
[1.680s] -- Installing: /home/pboon09/ros2_ws/install/my_robot_interfaces/local/lib/python3.10/dist-packages/my_robot_interfaces-0.0.0-py3.10.egg-info/dependency_links.txt
[1.680s] -- Installing: /home/pboon09/ros2_ws/install/my_robot_interfaces/local/lib/python3.10/dist-packages/my_robot_interfaces-0.0.0-py3.10.egg-info/PKG-INFO
[1.681s] -- Installing: /home/pboon09/ros2_ws/install/my_robot_interfaces/local/lib/python3.10/dist-packages/my_robot_interfaces-0.0.0-py3.10.egg-info/top_level.txt
[1.681s] -- Installing: /home/pboon09/ros2_ws/install/my_robot_interfaces/local/lib/python3.10/dist-packages/my_robot_interfaces-0.0.0-py3.10.egg-info/SOURCES.txt
[1.681s] -- Up-to-date: /home/pboon09/ros2_ws/install/my_robot_interfaces/local/lib/python3.10/dist-packages/my_robot_interfaces
[1.681s] -- Up-to-date: /home/pboon09/ros2_ws/install/my_robot_interfaces/local/lib/python3.10/dist-packages/my_robot_interfaces/my_robot_interfaces_s__rosidl_typesupport_fastrtps_c.cpython-310-x86_64-linux-gnu.so
[1.681s] -- Up-to-date: /home/pboon09/ros2_ws/install/my_robot_interfaces/local/lib/python3.10/dist-packages/my_robot_interfaces/_my_robot_interfaces_s.ep.rosidl_typesupport_introspection_c.c
[1.681s] -- Up-to-date: /home/pboon09/ros2_ws/install/my_robot_interfaces/local/lib/python3.10/dist-packages/my_robot_interfaces/msg
[1.681s] -- Up-to-date: /home/pboon09/ros2_ws/install/my_robot_interfaces/local/lib/python3.10/dist-packages/my_robot_interfaces/msg/_led_state_array.py
[1.682s] -- Up-to-date: /home/pboon09/ros2_ws/install/my_robot_interfaces/local/lib/python3.10/dist-packages/my_robot_interfaces/msg/_hardware_status_s.c
[1.682s] -- Up-to-date: /home/pboon09/ros2_ws/install/my_robot_interfaces/local/lib/python3.10/dist-packages/my_robot_interfaces/msg/_led_state_array_s.c
[1.682s] -- Up-to-date: /home/pboon09/ros2_ws/install/my_robot_interfaces/local/lib/python3.10/dist-packages/my_robot_interfaces/msg/__init__.py
[1.682s] -- Up-to-date: /home/pboon09/ros2_ws/install/my_robot_interfaces/local/lib/python3.10/dist-packages/my_robot_interfaces/msg/_hardware_status.py
[1.682s] -- Up-to-date: /home/pboon09/ros2_ws/install/my_robot_interfaces/local/lib/python3.10/dist-packages/my_robot_interfaces/_my_robot_interfaces_s.ep.rosidl_typesupport_microxrcedds_c.c
[1.682s] -- Up-to-date: /home/pboon09/ros2_ws/install/my_robot_interfaces/local/lib/python3.10/dist-packages/my_robot_interfaces/my_robot_interfaces_s__rosidl_typesupport_introspection_c.cpython-310-x86_64-linux-gnu.so
[1.682s] -- Up-to-date: /home/pboon09/ros2_ws/install/my_robot_interfaces/local/lib/python3.10/dist-packages/my_robot_interfaces/srv
[1.683s] -- Up-to-date: /home/pboon09/ros2_ws/install/my_robot_interfaces/local/lib/python3.10/dist-packages/my_robot_interfaces/srv/_set_led.py
[1.683s] -- Up-to-date: /home/pboon09/ros2_ws/install/my_robot_interfaces/local/lib/python3.10/dist-packages/my_robot_interfaces/srv/_compute_rectangle_area.py
[1.683s] -- Up-to-date: /home/pboon09/ros2_ws/install/my_robot_interfaces/local/lib/python3.10/dist-packages/my_robot_interfaces/srv/_set_led_s.c
[1.683s] -- Up-to-date: /home/pboon09/ros2_ws/install/my_robot_interfaces/local/lib/python3.10/dist-packages/my_robot_interfaces/srv/__init__.py
[1.683s] -- Up-to-date: /home/pboon09/ros2_ws/install/my_robot_interfaces/local/lib/python3.10/dist-packages/my_robot_interfaces/srv/_compute_rectangle_area_s.c
[1.683s] -- Up-to-date: /home/pboon09/ros2_ws/install/my_robot_interfaces/local/lib/python3.10/dist-packages/my_robot_interfaces/_my_robot_interfaces_s.ep.rosidl_typesupport_c.c
[1.683s] -- Up-to-date: /home/pboon09/ros2_ws/install/my_robot_interfaces/local/lib/python3.10/dist-packages/my_robot_interfaces/my_robot_interfaces_s__rosidl_typesupport_c.cpython-310-x86_64-linux-gnu.so
[1.683s] -- Up-to-date: /home/pboon09/ros2_ws/install/my_robot_interfaces/local/lib/python3.10/dist-packages/my_robot_interfaces/__init__.py
[1.683s] -- Up-to-date: /home/pboon09/ros2_ws/install/my_robot_interfaces/local/lib/python3.10/dist-packages/my_robot_interfaces/_my_robot_interfaces_s.ep.rosidl_typesupport_fastrtps_c.c
[1.683s] -- Up-to-date: /home/pboon09/ros2_ws/install/my_robot_interfaces/local/lib/python3.10/dist-packages/my_robot_interfaces/my_robot_interfaces_s__rosidl_typesupport_microxrcedds_c.cpython-310-x86_64-linux-gnu.so
[1.683s] -- Up-to-date: /home/pboon09/ros2_ws/install/my_robot_interfaces/local/lib/python3.10/dist-packages/my_robot_interfaces/libmy_robot_interfaces__rosidl_generator_py.so
[1.721s] Listing '/home/pboon09/ros2_ws/install/my_robot_interfaces/local/lib/python3.10/dist-packages/my_robot_interfaces'...
[1.721s] Listing '/home/pboon09/ros2_ws/install/my_robot_interfaces/local/lib/python3.10/dist-packages/my_robot_interfaces/msg'...
[1.721s] Listing '/home/pboon09/ros2_ws/install/my_robot_interfaces/local/lib/python3.10/dist-packages/my_robot_interfaces/srv'...
[1.727s] -- Up-to-date: /home/pboon09/ros2_ws/install/my_robot_interfaces/local/lib/python3.10/dist-packages/my_robot_interfaces/my_robot_interfaces_s__rosidl_typesupport_microxrcedds_c.cpython-310-x86_64-linux-gnu.so
[1.727s] -- Up-to-date: /home/pboon09/ros2_ws/install/my_robot_interfaces/local/lib/python3.10/dist-packages/my_robot_interfaces/my_robot_interfaces_s__rosidl_typesupport_fastrtps_c.cpython-310-x86_64-linux-gnu.so
[1.728s] -- Up-to-date: /home/pboon09/ros2_ws/install/my_robot_interfaces/local/lib/python3.10/dist-packages/my_robot_interfaces/my_robot_interfaces_s__rosidl_typesupport_introspection_c.cpython-310-x86_64-linux-gnu.so
[1.728s] -- Up-to-date: /home/pboon09/ros2_ws/install/my_robot_interfaces/local/lib/python3.10/dist-packages/my_robot_interfaces/my_robot_interfaces_s__rosidl_typesupport_c.cpython-310-x86_64-linux-gnu.so
[1.729s] -- Up-to-date: /home/pboon09/ros2_ws/install/my_robot_interfaces/lib/libmy_robot_interfaces__rosidl_generator_py.so
[1.729s] -- Up-to-date: /home/pboon09/ros2_ws/install/my_robot_interfaces/share/my_robot_interfaces/msg/HardwareStatus.idl
[1.729s] -- Up-to-date: /home/pboon09/ros2_ws/install/my_robot_interfaces/share/my_robot_interfaces/srv/ComputeRectangleArea.idl
[1.729s] -- Up-to-date: /home/pboon09/ros2_ws/install/my_robot_interfaces/share/my_robot_interfaces/msg/LedStateArray.idl
[1.729s] -- Up-to-date: /home/pboon09/ros2_ws/install/my_robot_interfaces/share/my_robot_interfaces/srv/SetLed.idl
[1.729s] -- Up-to-date: /home/pboon09/ros2_ws/install/my_robot_interfaces/share/my_robot_interfaces/msg/HardwareStatus.msg
[1.729s] -- Up-to-date: /home/pboon09/ros2_ws/install/my_robot_interfaces/share/my_robot_interfaces/srv/ComputeRectangleArea.srv
[1.729s] -- Up-to-date: /home/pboon09/ros2_ws/install/my_robot_interfaces/share/my_robot_interfaces/srv/ComputeRectangleArea_Request.msg
[1.729s] -- Up-to-date: /home/pboon09/ros2_ws/install/my_robot_interfaces/share/my_robot_interfaces/srv/ComputeRectangleArea_Response.msg
[1.730s] -- Up-to-date: /home/pboon09/ros2_ws/install/my_robot_interfaces/share/my_robot_interfaces/msg/LedStateArray.msg
[1.730s] -- Up-to-date: /home/pboon09/ros2_ws/install/my_robot_interfaces/share/my_robot_interfaces/srv/SetLed.srv
[1.730s] -- Up-to-date: /home/pboon09/ros2_ws/install/my_robot_interfaces/share/my_robot_interfaces/srv/SetLed_Request.msg
[1.730s] -- Up-to-date: /home/pboon09/ros2_ws/install/my_robot_interfaces/share/my_robot_interfaces/srv/SetLed_Response.msg
[1.730s] -- Up-to-date: /home/pboon09/ros2_ws/install/my_robot_interfaces/share/ament_index/resource_index/package_run_dependencies/my_robot_interfaces
[1.730s] -- Up-to-date: /home/pboon09/ros2_ws/install/my_robot_interfaces/share/ament_index/resource_index/parent_prefix_path/my_robot_interfaces
[1.730s] -- Up-to-date: /home/pboon09/ros2_ws/install/my_robot_interfaces/share/my_robot_interfaces/environment/ament_prefix_path.sh
[1.730s] -- Up-to-date: /home/pboon09/ros2_ws/install/my_robot_interfaces/share/my_robot_interfaces/environment/ament_prefix_path.dsv
[1.730s] -- Up-to-date: /home/pboon09/ros2_ws/install/my_robot_interfaces/share/my_robot_interfaces/environment/path.sh
[1.731s] -- Up-to-date: /home/pboon09/ros2_ws/install/my_robot_interfaces/share/my_robot_interfaces/environment/path.dsv
[1.731s] -- Up-to-date: /home/pboon09/ros2_ws/install/my_robot_interfaces/share/my_robot_interfaces/local_setup.bash
[1.731s] -- Up-to-date: /home/pboon09/ros2_ws/install/my_robot_interfaces/share/my_robot_interfaces/local_setup.sh
[1.731s] -- Up-to-date: /home/pboon09/ros2_ws/install/my_robot_interfaces/share/my_robot_interfaces/local_setup.zsh
[1.731s] -- Up-to-date: /home/pboon09/ros2_ws/install/my_robot_interfaces/share/my_robot_interfaces/local_setup.dsv
[1.731s] -- Installing: /home/pboon09/ros2_ws/install/my_robot_interfaces/share/my_robot_interfaces/package.dsv
[1.731s] -- Up-to-date: /home/pboon09/ros2_ws/install/my_robot_interfaces/share/ament_index/resource_index/packages/my_robot_interfaces
[1.731s] -- Up-to-date: /home/pboon09/ros2_ws/install/my_robot_interfaces/share/my_robot_interfaces/cmake/export_my_robot_interfaces__rosidl_generator_cExport.cmake
[1.731s] -- Up-to-date: /home/pboon09/ros2_ws/install/my_robot_interfaces/share/my_robot_interfaces/cmake/export_my_robot_interfaces__rosidl_generator_cExport-noconfig.cmake
[1.731s] -- Up-to-date: /home/pboon09/ros2_ws/install/my_robot_interfaces/share/my_robot_interfaces/cmake/export_my_robot_interfaces__rosidl_typesupport_fastrtps_cExport.cmake
[1.731s] -- Up-to-date: /home/pboon09/ros2_ws/install/my_robot_interfaces/share/my_robot_interfaces/cmake/export_my_robot_interfaces__rosidl_typesupport_fastrtps_cExport-noconfig.cmake
[1.731s] -- Up-to-date: /home/pboon09/ros2_ws/install/my_robot_interfaces/share/my_robot_interfaces/cmake/my_robot_interfaces__rosidl_typesupport_introspection_cExport.cmake
[1.731s] -- Up-to-date: /home/pboon09/ros2_ws/install/my_robot_interfaces/share/my_robot_interfaces/cmake/my_robot_interfaces__rosidl_typesupport_introspection_cExport-noconfig.cmake
[1.732s] -- Up-to-date: /home/pboon09/ros2_ws/install/my_robot_interfaces/share/my_robot_interfaces/cmake/my_robot_interfaces__rosidl_typesupport_cExport.cmake
[1.732s] -- Up-to-date: /home/pboon09/ros2_ws/install/my_robot_interfaces/share/my_robot_interfaces/cmake/my_robot_interfaces__rosidl_typesupport_cExport-noconfig.cmake
[1.732s] -- Up-to-date: /home/pboon09/ros2_ws/install/my_robot_interfaces/share/my_robot_interfaces/cmake/export_my_robot_interfaces__rosidl_generator_cppExport.cmake
[1.732s] -- Up-to-date: /home/pboon09/ros2_ws/install/my_robot_interfaces/share/my_robot_interfaces/cmake/export_my_robot_interfaces__rosidl_typesupport_fastrtps_cppExport.cmake
[1.732s] -- Up-to-date: /home/pboon09/ros2_ws/install/my_robot_interfaces/share/my_robot_interfaces/cmake/export_my_robot_interfaces__rosidl_typesupport_fastrtps_cppExport-noconfig.cmake
[1.732s] -- Up-to-date: /home/pboon09/ros2_ws/install/my_robot_interfaces/share/my_robot_interfaces/cmake/my_robot_interfaces__rosidl_typesupport_introspection_cppExport.cmake
[1.732s] -- Up-to-date: /home/pboon09/ros2_ws/install/my_robot_interfaces/share/my_robot_interfaces/cmake/my_robot_interfaces__rosidl_typesupport_introspection_cppExport-noconfig.cmake
[1.733s] -- Up-to-date: /home/pboon09/ros2_ws/install/my_robot_interfaces/share/my_robot_interfaces/cmake/my_robot_interfaces__rosidl_typesupport_cppExport.cmake
[1.733s] -- Up-to-date: /home/pboon09/ros2_ws/install/my_robot_interfaces/share/my_robot_interfaces/cmake/my_robot_interfaces__rosidl_typesupport_cppExport-noconfig.cmake
[1.733s] -- Up-to-date: /home/pboon09/ros2_ws/install/my_robot_interfaces/share/my_robot_interfaces/cmake/export_my_robot_interfaces__rosidl_generator_pyExport.cmake
[1.733s] -- Up-to-date: /home/pboon09/ros2_ws/install/my_robot_interfaces/share/my_robot_interfaces/cmake/export_my_robot_interfaces__rosidl_generator_pyExport-noconfig.cmake
[1.733s] -- Up-to-date: /home/pboon09/ros2_ws/install/my_robot_interfaces/share/my_robot_interfaces/cmake/rosidl_cmake-extras.cmake
[1.733s] -- Up-to-date: /home/pboon09/ros2_ws/install/my_robot_interfaces/share/my_robot_interfaces/cmake/ament_cmake_export_include_directories-extras.cmake
[1.733s] -- Up-to-date: /home/pboon09/ros2_ws/install/my_robot_interfaces/share/my_robot_interfaces/cmake/ament_cmake_export_libraries-extras.cmake
[1.735s] -- Up-to-date: /home/pboon09/ros2_ws/install/my_robot_interfaces/share/my_robot_interfaces/cmake/ament_cmake_export_targets-extras.cmake
[1.735s] -- Up-to-date: /home/pboon09/ros2_ws/install/my_robot_interfaces/share/my_robot_interfaces/cmake/rosidl_cmake_export_typesupport_targets-extras.cmake
[1.735s] -- Up-to-date: /home/pboon09/ros2_ws/install/my_robot_interfaces/share/my_robot_interfaces/cmake/ament_cmake_export_dependencies-extras.cmake
[1.735s] -- Up-to-date: /home/pboon09/ros2_ws/install/my_robot_interfaces/share/my_robot_interfaces/cmake/rosidl_cmake_export_typesupport_libraries-extras.cmake
[1.736s] -- Up-to-date: /home/pboon09/ros2_ws/install/my_robot_interfaces/share/my_robot_interfaces/cmake/my_robot_interfacesConfig.cmake
[1.736s] -- Up-to-date: /home/pboon09/ros2_ws/install/my_robot_interfaces/share/my_robot_interfaces/cmake/my_robot_interfacesConfig-version.cmake
[1.736s] -- Up-to-date: /home/pboon09/ros2_ws/install/my_robot_interfaces/share/my_robot_interfaces/package.xml
[1.738s] Invoked command in '/home/pboon09/ros2_ws/build/my_robot_interfaces' returned '0': CMAKE_PREFIX_PATH=${CMAKE_PREFIX_PATH}:/home/pboon09/ros2_ws/install/activity_custom_interface:/home/pboon09/ros2_ws/install/try_topic_py:/home/pboon09/ros2_ws/install/service_py:/home/pboon09/ros2_ws/install/custom_msg_py:/home/pboon09/ros2_ws/install/my_py_pkg:/home/pboon09/ros2_ws/install/activity_topic_node:/home/pboon09/ros2_ws/install/activity_service:/home/pboon09/microros_ws/install/sensor_msgs_py:/opt/ros/humble /usr/bin/cmake --install /home/pboon09/ros2_ws/build/my_robot_interfaces
